[0mCMake Deprecation Warning at CMakeLists.txt:1 (cmake_minimum_required):
  Compatibility with CMake < 3.10 will be removed from a future version of
  CMake.

  Update the VERSION argument <min> value.  Or, use the <min>...<max> syntax
  to tell CMake that the project requires at least <min> but has been updated
  to work with policies introduced by <max> or earlier.

[0m
-- The C compiler identification is GNU 14.3.0
-- The CXX compiler identification is GNU 14.3.0
-- Detecting C compiler ABI info
-- Detecting C compiler ABI info - done
-- Check for working C compiler: /home/iit.local/gturrisi/miniforge3/envs/basic_locomotion_dls_isaaclab_ros2_env/bin/x86_64-conda-linux-gnu-cc - skipped
-- Detecting C compile features
-- Detecting C compile features - done
-- Detecting CXX compiler ABI info
-- Detecting CXX compiler ABI info - done
-- Check for working CXX compiler: /home/iit.local/gturrisi/miniforge3/envs/basic_locomotion_dls_isaaclab_ros2_env/bin/x86_64-conda-linux-gnu-c++ - skipped
-- Detecting CXX compile features
-- Detecting CXX compile features - done
-- Found ament_cmake: 1.3.12 (/home/iit.local/gturrisi/miniforge3/envs/basic_locomotion_dls_isaaclab_ros2_env/share/ament_cmake/cmake)
-- Found Python3: /home/iit.local/gturrisi/miniforge3/envs/basic_locomotion_dls_isaaclab_ros2_env/bin/python3 (found version "3.11.13") found components: Interpreter
-- Found ament_lint_auto: 0.12.12 (/home/iit.local/gturrisi/miniforge3/envs/basic_locomotion_dls_isaaclab_ros2_env/share/ament_lint_auto/cmake)
-- Found rosidl_default_generators: 1.2.0 (/home/iit.local/gturrisi/miniforge3/envs/basic_locomotion_dls_isaaclab_ros2_env/share/rosidl_default_generators/cmake)
-- Using all available rosidl_typesupport_c: rosidl_typesupport_fastrtps_c;rosidl_typesupport_introspection_c
-- Found rosidl_adapter: 3.1.6 (/home/iit.local/gturrisi/miniforge3/envs/basic_locomotion_dls_isaaclab_ros2_env/share/rosidl_adapter/cmake)
-- Using all available rosidl_typesupport_cpp: rosidl_typesupport_fastrtps_cpp;rosidl_typesupport_introspection_cpp
-- Found ament_cmake_ros: 0.10.0 (/home/iit.local/gturrisi/miniforge3/envs/basic_locomotion_dls_isaaclab_ros2_env/share/ament_cmake_ros/cmake)
-- Using all available rosidl_typesupport_c: rosidl_typesupport_fastrtps_c;rosidl_typesupport_introspection_c
-- Using all available rosidl_typesupport_cpp: rosidl_typesupport_fastrtps_cpp;rosidl_typesupport_introspection_cpp
-- Found python_cmake_module: 0.10.0 (/home/iit.local/gturrisi/miniforge3/envs/basic_locomotion_dls_isaaclab_ros2_env/share/python_cmake_module/cmake)
[33mCMake Warning (dev) at /home/iit.local/gturrisi/miniforge3/envs/basic_locomotion_dls_isaaclab_ros2_env/share/python_cmake_module/cmake/Modules/FindPythonExtra.cmake:52 (find_package):
  Policy CMP0148 is not set: The FindPythonInterp and FindPythonLibs modules
  are removed.  Run "cmake --help-policy CMP0148" for policy details.  Use
  the cmake_policy command to set the policy and suppress this warning.

Call Stack (most recent call first):
  /home/iit.local/gturrisi/miniforge3/envs/basic_locomotion_dls_isaaclab_ros2_env/share/rosidl_generator_py/cmake/rosidl_generator_py_generate_interfaces.cmake:33 (find_package)
  /home/iit.local/gturrisi/miniforge3/envs/basic_locomotion_dls_isaaclab_ros2_env/share/ament_cmake_core/cmake/core/ament_execute_extensions.cmake:48 (include)
  /home/iit.local/gturrisi/miniforge3/envs/basic_locomotion_dls_isaaclab_ros2_env/share/rosidl_cmake/cmake/rosidl_generate_interfaces.cmake:286 (ament_execute_extensions)
  CMakeLists.txt:28 (rosidl_generate_interfaces)
This warning is for project developers.  Use -Wno-dev to suppress it.
[0m
-- Found PythonInterp: /home/iit.local/gturrisi/miniforge3/envs/basic_locomotion_dls_isaaclab_ros2_env/bin/python3 (found suitable version "3.11.13", minimum required is "3.6")
[33mCMake Warning (dev) at /home/iit.local/gturrisi/miniforge3/envs/basic_locomotion_dls_isaaclab_ros2_env/share/python_cmake_module/cmake/Modules/FindPythonExtra.cmake:140 (find_package):
  Policy CMP0148 is not set: The FindPythonInterp and FindPythonLibs modules
  are removed.  Run "cmake --help-policy CMP0148" for policy details.  Use
  the cmake_policy command to set the policy and suppress this warning.

Call Stack (most recent call first):
  /home/iit.local/gturrisi/miniforge3/envs/basic_locomotion_dls_isaaclab_ros2_env/share/rosidl_generator_py/cmake/rosidl_generator_py_generate_interfaces.cmake:33 (find_package)
  /home/iit.local/gturrisi/miniforge3/envs/basic_locomotion_dls_isaaclab_ros2_env/share/ament_cmake_core/cmake/core/ament_execute_extensions.cmake:48 (include)
  /home/iit.local/gturrisi/miniforge3/envs/basic_locomotion_dls_isaaclab_ros2_env/share/rosidl_cmake/cmake/rosidl_generate_interfaces.cmake:286 (ament_execute_extensions)
  CMakeLists.txt:28 (rosidl_generate_interfaces)
This warning is for project developers.  Use -Wno-dev to suppress it.
[0m
-- Found PythonLibs: /home/iit.local/gturrisi/miniforge3/envs/basic_locomotion_dls_isaaclab_ros2_env/lib/libpython3.11.so (found suitable version "3.11.13", minimum required is "3.5")
-- Using PYTHON_EXECUTABLE: /home/iit.local/gturrisi/miniforge3/envs/basic_locomotion_dls_isaaclab_ros2_env/bin/python3
-- Using PYTHON_INCLUDE_DIRS: /home/iit.local/gturrisi/miniforge3/envs/basic_locomotion_dls_isaaclab_ros2_env/include/python3.11
-- Using PYTHON_LIBRARIES: /home/iit.local/gturrisi/miniforge3/envs/basic_locomotion_dls_isaaclab_ros2_env/lib/libpython3.11.so
-- Found PythonExtra: .so
-- Found Python: /home/iit.local/gturrisi/miniforge3/envs/basic_locomotion_dls_isaaclab_ros2_env/bin/python3.11 (found version "3.11.13") found components: Interpreter Development NumPy Development.Module Development.Embed
-- Added test 'lint_cmake' to check CMake code style
-- Added test 'xmllint' to check XML markup files
-- Configuring done (4.0s)
-- Generating done (0.0s)
-- Build files have been written to: /home/iit.local/gturrisi/isaaclab_ws_home/basic-locomotion-dls-isaaclab/deploy/ros2_ws/build/dls2_msgs
[  1%] [1m[34mGenerating C code for ROS interfaces[0m
[  3%] [1m[34mGenerating C++ code for ROS interfaces[0m
[  3%] Built target ament_cmake_python_copy_dls2_msgs
running egg_info
creating dls2_msgs.egg-info
writing dls2_msgs.egg-info/PKG-INFO
writing dependency_links to dls2_msgs.egg-info/dependency_links.txt
writing top-level names to dls2_msgs.egg-info/top_level.txt
writing manifest file 'dls2_msgs.egg-info/SOURCES.txt'
reading manifest file 'dls2_msgs.egg-info/SOURCES.txt'
writing manifest file 'dls2_msgs.egg-info/SOURCES.txt'
[  3%] Built target ament_cmake_python_build_dls2_msgs_egg
[  4%] [32mBuilding C object CMakeFiles/dls2_msgs__rosidl_generator_c.dir/rosidl_generator_c/dls2_msgs/msg/detail/base_state_msg__functions.c.o[0m
[  6%] [32mBuilding C object CMakeFiles/dls2_msgs__rosidl_generator_c.dir/rosidl_generator_c/dls2_msgs/msg/detail/control_signal_msg__functions.c.o[0m
[  7%] [32mBuilding C object CMakeFiles/dls2_msgs__rosidl_generator_c.dir/rosidl_generator_c/dls2_msgs/msg/detail/trajectory_generator_msg__functions.c.o[0m
[  9%] [32mBuilding C object CMakeFiles/dls2_msgs__rosidl_generator_c.dir/rosidl_generator_c/dls2_msgs/msg/detail/blind_state_msg__functions.c.o[0m
[ 11%] [32mBuilding C object CMakeFiles/dls2_msgs__rosidl_generator_c.dir/rosidl_generator_c/dls2_msgs/msg/detail/imu_msg__functions.c.o[0m
[ 11%] Built target dls2_msgs__cpp
[ 12%] [1m[34mGenerating C++ type support for eProsima Fast-RTPS[0m
[ 14%] [1m[34mGenerating C++ type support dispatch for ROS interfaces[0m
[ 15%] [1m[34mGenerating C++ introspection for ROS interfaces[0m
[ 17%] [1m[32mLinking C shared library libdls2_msgs__rosidl_generator_c.so[0m
[ 17%] Built target dls2_msgs__rosidl_generator_c
[ 19%] [1m[34mGenerating C introspection for ROS interfaces[0m
[ 22%] [1m[34mGenerating C type support dispatch for ROS interfaces[0m
[ 22%] [1m[34mGenerating C type support for eProsima Fast-RTPS[0m
[ 28%] [32mBuilding CXX object CMakeFiles/dls2_msgs__rosidl_typesupport_cpp.dir/rosidl_typesupport_cpp/dls2_msgs/msg/blind_state_msg__type_support.cpp.o[0m
[ 28%] [32mBuilding CXX object CMakeFiles/dls2_msgs__rosidl_typesupport_cpp.dir/rosidl_typesupport_cpp/dls2_msgs/msg/base_state_msg__type_support.cpp.o[0m
[ 28%] [32mBuilding CXX object CMakeFiles/dls2_msgs__rosidl_typesupport_cpp.dir/rosidl_typesupport_cpp/dls2_msgs/msg/trajectory_generator_msg__type_support.cpp.o[0m
[ 28%] [32mBuilding CXX object CMakeFiles/dls2_msgs__rosidl_typesupport_cpp.dir/rosidl_typesupport_cpp/dls2_msgs/msg/imu_msg__type_support.cpp.o[0m
[ 30%] [32mBuilding CXX object CMakeFiles/dls2_msgs__rosidl_typesupport_cpp.dir/rosidl_typesupport_cpp/dls2_msgs/msg/control_signal_msg__type_support.cpp.o[0m
[ 33%] [32mBuilding CXX object CMakeFiles/dls2_msgs__rosidl_typesupport_introspection_cpp.dir/rosidl_typesupport_introspection_cpp/dls2_msgs/msg/detail/trajectory_generator_msg__type_support.cpp.o[0m
[ 33%] [32mBuilding CXX object CMakeFiles/dls2_msgs__rosidl_typesupport_introspection_cpp.dir/rosidl_typesupport_introspection_cpp/dls2_msgs/msg/detail/blind_state_msg__type_support.cpp.o[0m
[ 36%] [32mBuilding CXX object CMakeFiles/dls2_msgs__rosidl_typesupport_introspection_cpp.dir/rosidl_typesupport_introspection_cpp/dls2_msgs/msg/detail/control_signal_msg__type_support.cpp.o[0m
[ 36%] [32mBuilding CXX object CMakeFiles/dls2_msgs__rosidl_typesupport_introspection_cpp.dir/rosidl_typesupport_introspection_cpp/dls2_msgs/msg/detail/imu_msg__type_support.cpp.o[0m
[ 38%] [32mBuilding CXX object CMakeFiles/dls2_msgs__rosidl_typesupport_introspection_cpp.dir/rosidl_typesupport_introspection_cpp/dls2_msgs/msg/detail/base_state_msg__type_support.cpp.o[0m
[ 39%] [32mBuilding CXX object CMakeFiles/dls2_msgs__rosidl_typesupport_fastrtps_cpp.dir/rosidl_typesupport_fastrtps_cpp/dls2_msgs/msg/detail/dds_fastrtps/blind_state_msg__type_support.cpp.o[0m
[ 41%] [32mBuilding CXX object CMakeFiles/dls2_msgs__rosidl_typesupport_fastrtps_cpp.dir/rosidl_typesupport_fastrtps_cpp/dls2_msgs/msg/detail/dds_fastrtps/base_state_msg__type_support.cpp.o[0m
[ 42%] [32mBuilding CXX object CMakeFiles/dls2_msgs__rosidl_typesupport_fastrtps_cpp.dir/rosidl_typesupport_fastrtps_cpp/dls2_msgs/msg/detail/dds_fastrtps/trajectory_generator_msg__type_support.cpp.o[0m
[ 44%] [32mBuilding CXX object CMakeFiles/dls2_msgs__rosidl_typesupport_fastrtps_cpp.dir/rosidl_typesupport_fastrtps_cpp/dls2_msgs/msg/detail/dds_fastrtps/control_signal_msg__type_support.cpp.o[0m
[ 46%] [32mBuilding CXX object CMakeFiles/dls2_msgs__rosidl_typesupport_fastrtps_cpp.dir/rosidl_typesupport_fastrtps_cpp/dls2_msgs/msg/detail/dds_fastrtps/imu_msg__type_support.cpp.o[0m
[ 50%] [32mBuilding C object CMakeFiles/dls2_msgs__rosidl_typesupport_introspection_c.dir/rosidl_typesupport_introspection_c/dls2_msgs/msg/detail/trajectory_generator_msg__type_support.c.o[0m
[ 50%] [32mBuilding C object CMakeFiles/dls2_msgs__rosidl_typesupport_introspection_c.dir/rosidl_typesupport_introspection_c/dls2_msgs/msg/detail/base_state_msg__type_support.c.o[0m
[ 50%] [32mBuilding C object CMakeFiles/dls2_msgs__rosidl_typesupport_introspection_c.dir/rosidl_typesupport_introspection_c/dls2_msgs/msg/detail/control_signal_msg__type_support.c.o[0m
[ 52%] [32mBuilding C object CMakeFiles/dls2_msgs__rosidl_typesupport_introspection_c.dir/rosidl_typesupport_introspection_c/dls2_msgs/msg/detail/blind_state_msg__type_support.c.o[0m
[ 53%] [32mBuilding CXX object CMakeFiles/dls2_msgs__rosidl_typesupport_c.dir/rosidl_typesupport_c/dls2_msgs/msg/blind_state_msg__type_support.cpp.o[0m
[ 55%] [32mBuilding CXX object CMakeFiles/dls2_msgs__rosidl_typesupport_fastrtps_c.dir/rosidl_typesupport_fastrtps_c/dls2_msgs/msg/detail/blind_state_msg__type_support_c.cpp.o[0m
[ 57%] [32mBuilding CXX object CMakeFiles/dls2_msgs__rosidl_typesupport_fastrtps_c.dir/rosidl_typesupport_fastrtps_c/dls2_msgs/msg/detail/base_state_msg__type_support_c.cpp.o[0m
[ 58%] [32mBuilding C object CMakeFiles/dls2_msgs__rosidl_typesupport_introspection_c.dir/rosidl_typesupport_introspection_c/dls2_msgs/msg/detail/imu_msg__type_support.c.o[0m
[ 60%] [32mBuilding CXX object CMakeFiles/dls2_msgs__rosidl_typesupport_c.dir/rosidl_typesupport_c/dls2_msgs/msg/base_state_msg__type_support.cpp.o[0m
[ 63%] [32mBuilding CXX object CMakeFiles/dls2_msgs__rosidl_typesupport_c.dir/rosidl_typesupport_c/dls2_msgs/msg/control_signal_msg__type_support.cpp.o[0m
[ 63%] [32mBuilding CXX object CMakeFiles/dls2_msgs__rosidl_typesupport_fastrtps_c.dir/rosidl_typesupport_fastrtps_c/dls2_msgs/msg/detail/control_signal_msg__type_support_c.cpp.o[0m
[ 65%] [32mBuilding CXX object CMakeFiles/dls2_msgs__rosidl_typesupport_c.dir/rosidl_typesupport_c/dls2_msgs/msg/trajectory_generator_msg__type_support.cpp.o[0m
[ 66%] [32mBuilding CXX object CMakeFiles/dls2_msgs__rosidl_typesupport_fastrtps_c.dir/rosidl_typesupport_fastrtps_c/dls2_msgs/msg/detail/trajectory_generator_msg__type_support_c.cpp.o[0m
[ 68%] [32mBuilding CXX object CMakeFiles/dls2_msgs__rosidl_typesupport_c.dir/rosidl_typesupport_c/dls2_msgs/msg/imu_msg__type_support.cpp.o[0m
[ 69%] [32mBuilding CXX object CMakeFiles/dls2_msgs__rosidl_typesupport_fastrtps_c.dir/rosidl_typesupport_fastrtps_c/dls2_msgs/msg/detail/imu_msg__type_support_c.cpp.o[0m
[ 71%] [1m[32mLinking CXX shared library libdls2_msgs__rosidl_typesupport_cpp.so[0m
[ 73%] [1m[32mLinking CXX shared library libdls2_msgs__rosidl_typesupport_c.so[0m
[ 73%] Built target dls2_msgs__rosidl_typesupport_cpp
[ 73%] Built target dls2_msgs__rosidl_typesupport_c
[ 74%] [1m[32mLinking C shared library libdls2_msgs__rosidl_typesupport_introspection_c.so[0m
[ 74%] Built target dls2_msgs__rosidl_typesupport_introspection_c
[ 76%] [1m[32mLinking CXX shared library libdls2_msgs__rosidl_typesupport_introspection_cpp.so[0m
[ 76%] Built target dls2_msgs__rosidl_typesupport_introspection_cpp
[ 77%] [1m[32mLinking CXX shared library libdls2_msgs__rosidl_typesupport_fastrtps_cpp.so[0m
[ 77%] Built target dls2_msgs__rosidl_typesupport_fastrtps_cpp
[ 79%] [1m[32mLinking CXX shared library libdls2_msgs__rosidl_typesupport_fastrtps_c.so[0m
[ 79%] Built target dls2_msgs__rosidl_typesupport_fastrtps_c
[ 79%] Built target dls2_msgs
[ 80%] [1m[34mGenerating Python code for ROS interfaces[0m
[ 80%] Built target dls2_msgs__py
[ 82%] [32mBuilding C object CMakeFiles/dls2_msgs__rosidl_generator_py.dir/rosidl_generator_py/dls2_msgs/msg/_base_state_msg_s.c.o[0m
[ 84%] [32mBuilding C object CMakeFiles/dls2_msgs__rosidl_generator_py.dir/rosidl_generator_py/dls2_msgs/msg/_control_signal_msg_s.c.o[0m
[ 85%] [32mBuilding C object CMakeFiles/dls2_msgs__rosidl_generator_py.dir/rosidl_generator_py/dls2_msgs/msg/_imu_msg_s.c.o[0m
[ 87%] [32mBuilding C object CMakeFiles/dls2_msgs__rosidl_generator_py.dir/rosidl_generator_py/dls2_msgs/msg/_blind_state_msg_s.c.o[0m
[ 88%] [32mBuilding C object CMakeFiles/dls2_msgs__rosidl_generator_py.dir/rosidl_generator_py/dls2_msgs/msg/_trajectory_generator_msg_s.c.o[0m
[ 90%] [1m[32mLinking C shared library rosidl_generator_py/dls2_msgs/libdls2_msgs__rosidl_generator_py.so[0m
[ 90%] Built target dls2_msgs__rosidl_generator_py
[ 92%] [32mBuilding C object CMakeFiles/dls2_msgs__rosidl_typesupport_introspection_c__pyext.dir/rosidl_generator_py/dls2_msgs/_dls2_msgs_s.ep.rosidl_typesupport_introspection_c.c.o[0m
[ 93%] [32mBuilding C object CMakeFiles/dls2_msgs__rosidl_typesupport_fastrtps_c__pyext.dir/rosidl_generator_py/dls2_msgs/_dls2_msgs_s.ep.rosidl_typesupport_fastrtps_c.c.o[0m
[ 95%] [32mBuilding C object CMakeFiles/dls2_msgs__rosidl_typesupport_c__pyext.dir/rosidl_generator_py/dls2_msgs/_dls2_msgs_s.ep.rosidl_typesupport_c.c.o[0m
[ 98%] [1m[32mLinking C shared library rosidl_generator_py/dls2_msgs/dls2_msgs_s__rosidl_typesupport_c.cpython-311-x86_64-linux-gnu.so[0m
[ 98%] [1m[32mLinking C shared library rosidl_generator_py/dls2_msgs/dls2_msgs_s__rosidl_typesupport_introspection_c.cpython-311-x86_64-linux-gnu.so[0m
[100%] [1m[32mLinking C shared library rosidl_generator_py/dls2_msgs/dls2_msgs_s__rosidl_typesupport_fastrtps_c.cpython-311-x86_64-linux-gnu.so[0m
[100%] Built target dls2_msgs__rosidl_typesupport_c__pyext
[100%] Built target dls2_msgs__rosidl_typesupport_fastrtps_c__pyext
[100%] Built target dls2_msgs__rosidl_typesupport_introspection_c__pyext
-- Install configuration: ""
-- Installing: /home/iit.local/gturrisi/isaaclab_ws_home/basic-locomotion-dls-isaaclab/deploy/ros2_ws/install/dls2_msgs/share/ament_index/resource_index/rosidl_interfaces/dls2_msgs
-- Installing: /home/iit.local/gturrisi/isaaclab_ws_home/basic-locomotion-dls-isaaclab/deploy/ros2_ws/install/dls2_msgs/include/dls2_msgs/dls2_msgs
-- Installing: /home/iit.local/gturrisi/isaaclab_ws_home/basic-locomotion-dls-isaaclab/deploy/ros2_ws/install/dls2_msgs/include/dls2_msgs/dls2_msgs/msg
-- Installing: /home/iit.local/gturrisi/isaaclab_ws_home/basic-locomotion-dls-isaaclab/deploy/ros2_ws/install/dls2_msgs/include/dls2_msgs/dls2_msgs/msg/control_signal_msg.h
-- Installing: /home/iit.local/gturrisi/isaaclab_ws_home/basic-locomotion-dls-isaaclab/deploy/ros2_ws/install/dls2_msgs/include/dls2_msgs/dls2_msgs/msg/rosidl_generator_c__visibility_control.h
-- Installing: /home/iit.local/gturrisi/isaaclab_ws_home/basic-locomotion-dls-isaaclab/deploy/ros2_ws/install/dls2_msgs/include/dls2_msgs/dls2_msgs/msg/blind_state_msg.h
-- Installing: /home/iit.local/gturrisi/isaaclab_ws_home/basic-locomotion-dls-isaaclab/deploy/ros2_ws/install/dls2_msgs/include/dls2_msgs/dls2_msgs/msg/trajectory_generator_msg.h
-- Installing: /home/iit.local/gturrisi/isaaclab_ws_home/basic-locomotion-dls-isaaclab/deploy/ros2_ws/install/dls2_msgs/include/dls2_msgs/dls2_msgs/msg/detail
-- Installing: /home/iit.local/gturrisi/isaaclab_ws_home/basic-locomotion-dls-isaaclab/deploy/ros2_ws/install/dls2_msgs/include/dls2_msgs/dls2_msgs/msg/detail/imu_msg__struct.h
-- Installing: /home/iit.local/gturrisi/isaaclab_ws_home/basic-locomotion-dls-isaaclab/deploy/ros2_ws/install/dls2_msgs/include/dls2_msgs/dls2_msgs/msg/detail/control_signal_msg__functions.h
-- Installing: /home/iit.local/gturrisi/isaaclab_ws_home/basic-locomotion-dls-isaaclab/deploy/ros2_ws/install/dls2_msgs/include/dls2_msgs/dls2_msgs/msg/detail/base_state_msg__functions.c
-- Installing: /home/iit.local/gturrisi/isaaclab_ws_home/basic-locomotion-dls-isaaclab/deploy/ros2_ws/install/dls2_msgs/include/dls2_msgs/dls2_msgs/msg/detail/trajectory_generator_msg__functions.h
-- Installing: /home/iit.local/gturrisi/isaaclab_ws_home/basic-locomotion-dls-isaaclab/deploy/ros2_ws/install/dls2_msgs/include/dls2_msgs/dls2_msgs/msg/detail/blind_state_msg__functions.c
-- Installing: /home/iit.local/gturrisi/isaaclab_ws_home/basic-locomotion-dls-isaaclab/deploy/ros2_ws/install/dls2_msgs/include/dls2_msgs/dls2_msgs/msg/detail/base_state_msg__functions.h
-- Installing: /home/iit.local/gturrisi/isaaclab_ws_home/basic-locomotion-dls-isaaclab/deploy/ros2_ws/install/dls2_msgs/include/dls2_msgs/dls2_msgs/msg/detail/blind_state_msg__functions.h
-- Installing: /home/iit.local/gturrisi/isaaclab_ws_home/basic-locomotion-dls-isaaclab/deploy/ros2_ws/install/dls2_msgs/include/dls2_msgs/dls2_msgs/msg/detail/control_signal_msg__type_support.h
-- Installing: /home/iit.local/gturrisi/isaaclab_ws_home/basic-locomotion-dls-isaaclab/deploy/ros2_ws/install/dls2_msgs/include/dls2_msgs/dls2_msgs/msg/detail/trajectory_generator_msg__type_support.h
-- Installing: /home/iit.local/gturrisi/isaaclab_ws_home/basic-locomotion-dls-isaaclab/deploy/ros2_ws/install/dls2_msgs/include/dls2_msgs/dls2_msgs/msg/detail/blind_state_msg__struct.h
-- Installing: /home/iit.local/gturrisi/isaaclab_ws_home/basic-locomotion-dls-isaaclab/deploy/ros2_ws/install/dls2_msgs/include/dls2_msgs/dls2_msgs/msg/detail/trajectory_generator_msg__struct.h
-- Installing: /home/iit.local/gturrisi/isaaclab_ws_home/basic-locomotion-dls-isaaclab/deploy/ros2_ws/install/dls2_msgs/include/dls2_msgs/dls2_msgs/msg/detail/base_state_msg__type_support.h
-- Installing: /home/iit.local/gturrisi/isaaclab_ws_home/basic-locomotion-dls-isaaclab/deploy/ros2_ws/install/dls2_msgs/include/dls2_msgs/dls2_msgs/msg/detail/imu_msg__functions.h
-- Installing: /home/iit.local/gturrisi/isaaclab_ws_home/basic-locomotion-dls-isaaclab/deploy/ros2_ws/install/dls2_msgs/include/dls2_msgs/dls2_msgs/msg/detail/control_signal_msg__struct.h
-- Installing: /home/iit.local/gturrisi/isaaclab_ws_home/basic-locomotion-dls-isaaclab/deploy/ros2_ws/install/dls2_msgs/include/dls2_msgs/dls2_msgs/msg/detail/base_state_msg__struct.h
-- Installing: /home/iit.local/gturrisi/isaaclab_ws_home/basic-locomotion-dls-isaaclab/deploy/ros2_ws/install/dls2_msgs/include/dls2_msgs/dls2_msgs/msg/detail/imu_msg__type_support.h
-- Installing: /home/iit.local/gturrisi/isaaclab_ws_home/basic-locomotion-dls-isaaclab/deploy/ros2_ws/install/dls2_msgs/include/dls2_msgs/dls2_msgs/msg/detail/trajectory_generator_msg__functions.c
-- Installing: /home/iit.local/gturrisi/isaaclab_ws_home/basic-locomotion-dls-isaaclab/deploy/ros2_ws/install/dls2_msgs/include/dls2_msgs/dls2_msgs/msg/detail/control_signal_msg__functions.c
-- Installing: /home/iit.local/gturrisi/isaaclab_ws_home/basic-locomotion-dls-isaaclab/deploy/ros2_ws/install/dls2_msgs/include/dls2_msgs/dls2_msgs/msg/detail/blind_state_msg__type_support.h
-- Installing: /home/iit.local/gturrisi/isaaclab_ws_home/basic-locomotion-dls-isaaclab/deploy/ros2_ws/install/dls2_msgs/include/dls2_msgs/dls2_msgs/msg/detail/imu_msg__functions.c
-- Installing: /home/iit.local/gturrisi/isaaclab_ws_home/basic-locomotion-dls-isaaclab/deploy/ros2_ws/install/dls2_msgs/include/dls2_msgs/dls2_msgs/msg/imu_msg.h
-- Installing: /home/iit.local/gturrisi/isaaclab_ws_home/basic-locomotion-dls-isaaclab/deploy/ros2_ws/install/dls2_msgs/include/dls2_msgs/dls2_msgs/msg/base_state_msg.h
-- Installing: /home/iit.local/gturrisi/isaaclab_ws_home/basic-locomotion-dls-isaaclab/deploy/ros2_ws/install/dls2_msgs/lib/libdls2_msgs__rosidl_generator_c.so
-- Up-to-date: /home/iit.local/gturrisi/isaaclab_ws_home/basic-locomotion-dls-isaaclab/deploy/ros2_ws/install/dls2_msgs/include/dls2_msgs/dls2_msgs
-- Up-to-date: /home/iit.local/gturrisi/isaaclab_ws_home/basic-locomotion-dls-isaaclab/deploy/ros2_ws/install/dls2_msgs/include/dls2_msgs/dls2_msgs/msg
-- Installing: /home/iit.local/gturrisi/isaaclab_ws_home/basic-locomotion-dls-isaaclab/deploy/ros2_ws/install/dls2_msgs/include/dls2_msgs/dls2_msgs/msg/rosidl_typesupport_fastrtps_c__visibility_control.h
-- Up-to-date: /home/iit.local/gturrisi/isaaclab_ws_home/basic-locomotion-dls-isaaclab/deploy/ros2_ws/install/dls2_msgs/include/dls2_msgs/dls2_msgs/msg/detail
-- Installing: /home/iit.local/gturrisi/isaaclab_ws_home/basic-locomotion-dls-isaaclab/deploy/ros2_ws/install/dls2_msgs/include/dls2_msgs/dls2_msgs/msg/detail/control_signal_msg__rosidl_typesupport_fastrtps_c.h
-- Installing: /home/iit.local/gturrisi/isaaclab_ws_home/basic-locomotion-dls-isaaclab/deploy/ros2_ws/install/dls2_msgs/include/dls2_msgs/dls2_msgs/msg/detail/trajectory_generator_msg__rosidl_typesupport_fastrtps_c.h
-- Installing: /home/iit.local/gturrisi/isaaclab_ws_home/basic-locomotion-dls-isaaclab/deploy/ros2_ws/install/dls2_msgs/include/dls2_msgs/dls2_msgs/msg/detail/blind_state_msg__rosidl_typesupport_fastrtps_c.h
-- Installing: /home/iit.local/gturrisi/isaaclab_ws_home/basic-locomotion-dls-isaaclab/deploy/ros2_ws/install/dls2_msgs/include/dls2_msgs/dls2_msgs/msg/detail/base_state_msg__rosidl_typesupport_fastrtps_c.h
-- Installing: /home/iit.local/gturrisi/isaaclab_ws_home/basic-locomotion-dls-isaaclab/deploy/ros2_ws/install/dls2_msgs/include/dls2_msgs/dls2_msgs/msg/detail/imu_msg__rosidl_typesupport_fastrtps_c.h
-- Installing: /home/iit.local/gturrisi/isaaclab_ws_home/basic-locomotion-dls-isaaclab/deploy/ros2_ws/install/dls2_msgs/lib/libdls2_msgs__rosidl_typesupport_fastrtps_c.so
-- Set non-toolchain portion of runtime path of "/home/iit.local/gturrisi/isaaclab_ws_home/basic-locomotion-dls-isaaclab/deploy/ros2_ws/install/dls2_msgs/lib/libdls2_msgs__rosidl_typesupport_fastrtps_c.so" to ""
-- Up-to-date: /home/iit.local/gturrisi/isaaclab_ws_home/basic-locomotion-dls-isaaclab/deploy/ros2_ws/install/dls2_msgs/include/dls2_msgs/dls2_msgs
-- Up-to-date: /home/iit.local/gturrisi/isaaclab_ws_home/basic-locomotion-dls-isaaclab/deploy/ros2_ws/install/dls2_msgs/include/dls2_msgs/dls2_msgs/msg
-- Up-to-date: /home/iit.local/gturrisi/isaaclab_ws_home/basic-locomotion-dls-isaaclab/deploy/ros2_ws/install/dls2_msgs/include/dls2_msgs/dls2_msgs/msg/detail
-- Installing: /home/iit.local/gturrisi/isaaclab_ws_home/basic-locomotion-dls-isaaclab/deploy/ros2_ws/install/dls2_msgs/include/dls2_msgs/dls2_msgs/msg/detail/blind_state_msg__rosidl_typesupport_introspection_c.h
-- Installing: /home/iit.local/gturrisi/isaaclab_ws_home/basic-locomotion-dls-isaaclab/deploy/ros2_ws/install/dls2_msgs/include/dls2_msgs/dls2_msgs/msg/detail/control_signal_msg__rosidl_typesupport_introspection_c.h
-- Installing: /home/iit.local/gturrisi/isaaclab_ws_home/basic-locomotion-dls-isaaclab/deploy/ros2_ws/install/dls2_msgs/include/dls2_msgs/dls2_msgs/msg/detail/imu_msg__type_support.c
-- Installing: /home/iit.local/gturrisi/isaaclab_ws_home/basic-locomotion-dls-isaaclab/deploy/ros2_ws/install/dls2_msgs/include/dls2_msgs/dls2_msgs/msg/detail/base_state_msg__type_support.c
-- Installing: /home/iit.local/gturrisi/isaaclab_ws_home/basic-locomotion-dls-isaaclab/deploy/ros2_ws/install/dls2_msgs/include/dls2_msgs/dls2_msgs/msg/detail/imu_msg__rosidl_typesupport_introspection_c.h
-- Installing: /home/iit.local/gturrisi/isaaclab_ws_home/basic-locomotion-dls-isaaclab/deploy/ros2_ws/install/dls2_msgs/include/dls2_msgs/dls2_msgs/msg/detail/control_signal_msg__type_support.c
-- Installing: /home/iit.local/gturrisi/isaaclab_ws_home/basic-locomotion-dls-isaaclab/deploy/ros2_ws/install/dls2_msgs/include/dls2_msgs/dls2_msgs/msg/detail/base_state_msg__rosidl_typesupport_introspection_c.h
-- Installing: /home/iit.local/gturrisi/isaaclab_ws_home/basic-locomotion-dls-isaaclab/deploy/ros2_ws/install/dls2_msgs/include/dls2_msgs/dls2_msgs/msg/detail/blind_state_msg__type_support.c
-- Installing: /home/iit.local/gturrisi/isaaclab_ws_home/basic-locomotion-dls-isaaclab/deploy/ros2_ws/install/dls2_msgs/include/dls2_msgs/dls2_msgs/msg/detail/trajectory_generator_msg__rosidl_typesupport_introspection_c.h
-- Installing: /home/iit.local/gturrisi/isaaclab_ws_home/basic-locomotion-dls-isaaclab/deploy/ros2_ws/install/dls2_msgs/include/dls2_msgs/dls2_msgs/msg/detail/trajectory_generator_msg__type_support.c
-- Installing: /home/iit.local/gturrisi/isaaclab_ws_home/basic-locomotion-dls-isaaclab/deploy/ros2_ws/install/dls2_msgs/include/dls2_msgs/dls2_msgs/msg/rosidl_typesupport_introspection_c__visibility_control.h
-- Installing: /home/iit.local/gturrisi/isaaclab_ws_home/basic-locomotion-dls-isaaclab/deploy/ros2_ws/install/dls2_msgs/lib/libdls2_msgs__rosidl_typesupport_introspection_c.so
-- Set non-toolchain portion of runtime path of "/home/iit.local/gturrisi/isaaclab_ws_home/basic-locomotion-dls-isaaclab/deploy/ros2_ws/install/dls2_msgs/lib/libdls2_msgs__rosidl_typesupport_introspection_c.so" to ""
-- Installing: /home/iit.local/gturrisi/isaaclab_ws_home/basic-locomotion-dls-isaaclab/deploy/ros2_ws/install/dls2_msgs/lib/libdls2_msgs__rosidl_typesupport_c.so
-- Set non-toolchain portion of runtime path of "/home/iit.local/gturrisi/isaaclab_ws_home/basic-locomotion-dls-isaaclab/deploy/ros2_ws/install/dls2_msgs/lib/libdls2_msgs__rosidl_typesupport_c.so" to ""
-- Up-to-date: /home/iit.local/gturrisi/isaaclab_ws_home/basic-locomotion-dls-isaaclab/deploy/ros2_ws/install/dls2_msgs/include/dls2_msgs/dls2_msgs
-- Up-to-date: /home/iit.local/gturrisi/isaaclab_ws_home/basic-locomotion-dls-isaaclab/deploy/ros2_ws/install/dls2_msgs/include/dls2_msgs/dls2_msgs/msg
-- Installing: /home/iit.local/gturrisi/isaaclab_ws_home/basic-locomotion-dls-isaaclab/deploy/ros2_ws/install/dls2_msgs/include/dls2_msgs/dls2_msgs/msg/blind_state_msg.hpp
-- Installing: /home/iit.local/gturrisi/isaaclab_ws_home/basic-locomotion-dls-isaaclab/deploy/ros2_ws/install/dls2_msgs/include/dls2_msgs/dls2_msgs/msg/base_state_msg.hpp
-- Installing: /home/iit.local/gturrisi/isaaclab_ws_home/basic-locomotion-dls-isaaclab/deploy/ros2_ws/install/dls2_msgs/include/dls2_msgs/dls2_msgs/msg/trajectory_generator_msg.hpp
-- Up-to-date: /home/iit.local/gturrisi/isaaclab_ws_home/basic-locomotion-dls-isaaclab/deploy/ros2_ws/install/dls2_msgs/include/dls2_msgs/dls2_msgs/msg/detail
-- Installing: /home/iit.local/gturrisi/isaaclab_ws_home/basic-locomotion-dls-isaaclab/deploy/ros2_ws/install/dls2_msgs/include/dls2_msgs/dls2_msgs/msg/detail/control_signal_msg__type_support.hpp
-- Installing: /home/iit.local/gturrisi/isaaclab_ws_home/basic-locomotion-dls-isaaclab/deploy/ros2_ws/install/dls2_msgs/include/dls2_msgs/dls2_msgs/msg/detail/blind_state_msg__struct.hpp
-- Installing: /home/iit.local/gturrisi/isaaclab_ws_home/basic-locomotion-dls-isaaclab/deploy/ros2_ws/install/dls2_msgs/include/dls2_msgs/dls2_msgs/msg/detail/blind_state_msg__traits.hpp
-- Installing: /home/iit.local/gturrisi/isaaclab_ws_home/basic-locomotion-dls-isaaclab/deploy/ros2_ws/install/dls2_msgs/include/dls2_msgs/dls2_msgs/msg/detail/imu_msg__type_support.hpp
-- Installing: /home/iit.local/gturrisi/isaaclab_ws_home/basic-locomotion-dls-isaaclab/deploy/ros2_ws/install/dls2_msgs/include/dls2_msgs/dls2_msgs/msg/detail/base_state_msg__builder.hpp
-- Installing: /home/iit.local/gturrisi/isaaclab_ws_home/basic-locomotion-dls-isaaclab/deploy/ros2_ws/install/dls2_msgs/include/dls2_msgs/dls2_msgs/msg/detail/blind_state_msg__builder.hpp
-- Installing: /home/iit.local/gturrisi/isaaclab_ws_home/basic-locomotion-dls-isaaclab/deploy/ros2_ws/install/dls2_msgs/include/dls2_msgs/dls2_msgs/msg/detail/imu_msg__struct.hpp
-- Installing: /home/iit.local/gturrisi/isaaclab_ws_home/basic-locomotion-dls-isaaclab/deploy/ros2_ws/install/dls2_msgs/include/dls2_msgs/dls2_msgs/msg/detail/base_state_msg__struct.hpp
-- Installing: /home/iit.local/gturrisi/isaaclab_ws_home/basic-locomotion-dls-isaaclab/deploy/ros2_ws/install/dls2_msgs/include/dls2_msgs/dls2_msgs/msg/detail/trajectory_generator_msg__type_support.hpp
-- Installing: /home/iit.local/gturrisi/isaaclab_ws_home/basic-locomotion-dls-isaaclab/deploy/ros2_ws/install/dls2_msgs/include/dls2_msgs/dls2_msgs/msg/detail/trajectory_generator_msg__builder.hpp
-- Installing: /home/iit.local/gturrisi/isaaclab_ws_home/basic-locomotion-dls-isaaclab/deploy/ros2_ws/install/dls2_msgs/include/dls2_msgs/dls2_msgs/msg/detail/trajectory_generator_msg__struct.hpp
-- Installing: /home/iit.local/gturrisi/isaaclab_ws_home/basic-locomotion-dls-isaaclab/deploy/ros2_ws/install/dls2_msgs/include/dls2_msgs/dls2_msgs/msg/detail/trajectory_generator_msg__traits.hpp
-- Installing: /home/iit.local/gturrisi/isaaclab_ws_home/basic-locomotion-dls-isaaclab/deploy/ros2_ws/install/dls2_msgs/include/dls2_msgs/dls2_msgs/msg/detail/base_state_msg__traits.hpp
-- Installing: /home/iit.local/gturrisi/isaaclab_ws_home/basic-locomotion-dls-isaaclab/deploy/ros2_ws/install/dls2_msgs/include/dls2_msgs/dls2_msgs/msg/detail/control_signal_msg__builder.hpp
-- Installing: /home/iit.local/gturrisi/isaaclab_ws_home/basic-locomotion-dls-isaaclab/deploy/ros2_ws/install/dls2_msgs/include/dls2_msgs/dls2_msgs/msg/detail/base_state_msg__type_support.hpp
-- Installing: /home/iit.local/gturrisi/isaaclab_ws_home/basic-locomotion-dls-isaaclab/deploy/ros2_ws/install/dls2_msgs/include/dls2_msgs/dls2_msgs/msg/detail/imu_msg__builder.hpp
-- Installing: /home/iit.local/gturrisi/isaaclab_ws_home/basic-locomotion-dls-isaaclab/deploy/ros2_ws/install/dls2_msgs/include/dls2_msgs/dls2_msgs/msg/detail/control_signal_msg__traits.hpp
-- Installing: /home/iit.local/gturrisi/isaaclab_ws_home/basic-locomotion-dls-isaaclab/deploy/ros2_ws/install/dls2_msgs/include/dls2_msgs/dls2_msgs/msg/detail/control_signal_msg__struct.hpp
-- Installing: /home/iit.local/gturrisi/isaaclab_ws_home/basic-locomotion-dls-isaaclab/deploy/ros2_ws/install/dls2_msgs/include/dls2_msgs/dls2_msgs/msg/detail/blind_state_msg__type_support.hpp
-- Installing: /home/iit.local/gturrisi/isaaclab_ws_home/basic-locomotion-dls-isaaclab/deploy/ros2_ws/install/dls2_msgs/include/dls2_msgs/dls2_msgs/msg/detail/imu_msg__traits.hpp
-- Installing: /home/iit.local/gturrisi/isaaclab_ws_home/basic-locomotion-dls-isaaclab/deploy/ros2_ws/install/dls2_msgs/include/dls2_msgs/dls2_msgs/msg/control_signal_msg.hpp
-- Installing: /home/iit.local/gturrisi/isaaclab_ws_home/basic-locomotion-dls-isaaclab/deploy/ros2_ws/install/dls2_msgs/include/dls2_msgs/dls2_msgs/msg/imu_msg.hpp
-- Installing: /home/iit.local/gturrisi/isaaclab_ws_home/basic-locomotion-dls-isaaclab/deploy/ros2_ws/install/dls2_msgs/include/dls2_msgs/dls2_msgs/msg/rosidl_generator_cpp__visibility_control.hpp
-- Up-to-date: /home/iit.local/gturrisi/isaaclab_ws_home/basic-locomotion-dls-isaaclab/deploy/ros2_ws/install/dls2_msgs/include/dls2_msgs/dls2_msgs
-- Up-to-date: /home/iit.local/gturrisi/isaaclab_ws_home/basic-locomotion-dls-isaaclab/deploy/ros2_ws/install/dls2_msgs/include/dls2_msgs/dls2_msgs/msg
-- Installing: /home/iit.local/gturrisi/isaaclab_ws_home/basic-locomotion-dls-isaaclab/deploy/ros2_ws/install/dls2_msgs/include/dls2_msgs/dls2_msgs/msg/rosidl_typesupport_fastrtps_cpp__visibility_control.h
-- Up-to-date: /home/iit.local/gturrisi/isaaclab_ws_home/basic-locomotion-dls-isaaclab/deploy/ros2_ws/install/dls2_msgs/include/dls2_msgs/dls2_msgs/msg/detail
-- Installing: /home/iit.local/gturrisi/isaaclab_ws_home/basic-locomotion-dls-isaaclab/deploy/ros2_ws/install/dls2_msgs/include/dls2_msgs/dls2_msgs/msg/detail/blind_state_msg__rosidl_typesupport_fastrtps_cpp.hpp
-- Installing: /home/iit.local/gturrisi/isaaclab_ws_home/basic-locomotion-dls-isaaclab/deploy/ros2_ws/install/dls2_msgs/include/dls2_msgs/dls2_msgs/msg/detail/dds_fastrtps
-- Installing: /home/iit.local/gturrisi/isaaclab_ws_home/basic-locomotion-dls-isaaclab/deploy/ros2_ws/install/dls2_msgs/include/dls2_msgs/dls2_msgs/msg/detail/trajectory_generator_msg__rosidl_typesupport_fastrtps_cpp.hpp
-- Installing: /home/iit.local/gturrisi/isaaclab_ws_home/basic-locomotion-dls-isaaclab/deploy/ros2_ws/install/dls2_msgs/include/dls2_msgs/dls2_msgs/msg/detail/imu_msg__rosidl_typesupport_fastrtps_cpp.hpp
-- Installing: /home/iit.local/gturrisi/isaaclab_ws_home/basic-locomotion-dls-isaaclab/deploy/ros2_ws/install/dls2_msgs/include/dls2_msgs/dls2_msgs/msg/detail/control_signal_msg__rosidl_typesupport_fastrtps_cpp.hpp
-- Installing: /home/iit.local/gturrisi/isaaclab_ws_home/basic-locomotion-dls-isaaclab/deploy/ros2_ws/install/dls2_msgs/include/dls2_msgs/dls2_msgs/msg/detail/base_state_msg__rosidl_typesupport_fastrtps_cpp.hpp
-- Installing: /home/iit.local/gturrisi/isaaclab_ws_home/basic-locomotion-dls-isaaclab/deploy/ros2_ws/install/dls2_msgs/lib/libdls2_msgs__rosidl_typesupport_fastrtps_cpp.so
-- Up-to-date: /home/iit.local/gturrisi/isaaclab_ws_home/basic-locomotion-dls-isaaclab/deploy/ros2_ws/install/dls2_msgs/include/dls2_msgs/dls2_msgs
-- Up-to-date: /home/iit.local/gturrisi/isaaclab_ws_home/basic-locomotion-dls-isaaclab/deploy/ros2_ws/install/dls2_msgs/include/dls2_msgs/dls2_msgs/msg
-- Up-to-date: /home/iit.local/gturrisi/isaaclab_ws_home/basic-locomotion-dls-isaaclab/deploy/ros2_ws/install/dls2_msgs/include/dls2_msgs/dls2_msgs/msg/detail
-- Installing: /home/iit.local/gturrisi/isaaclab_ws_home/basic-locomotion-dls-isaaclab/deploy/ros2_ws/install/dls2_msgs/include/dls2_msgs/dls2_msgs/msg/detail/control_signal_msg__type_support.cpp
-- Installing: /home/iit.local/gturrisi/isaaclab_ws_home/basic-locomotion-dls-isaaclab/deploy/ros2_ws/install/dls2_msgs/include/dls2_msgs/dls2_msgs/msg/detail/base_state_msg__rosidl_typesupport_introspection_cpp.hpp
-- Installing: /home/iit.local/gturrisi/isaaclab_ws_home/basic-locomotion-dls-isaaclab/deploy/ros2_ws/install/dls2_msgs/include/dls2_msgs/dls2_msgs/msg/detail/blind_state_msg__type_support.cpp
-- Installing: /home/iit.local/gturrisi/isaaclab_ws_home/basic-locomotion-dls-isaaclab/deploy/ros2_ws/install/dls2_msgs/include/dls2_msgs/dls2_msgs/msg/detail/trajectory_generator_msg__type_support.cpp
-- Installing: /home/iit.local/gturrisi/isaaclab_ws_home/basic-locomotion-dls-isaaclab/deploy/ros2_ws/install/dls2_msgs/include/dls2_msgs/dls2_msgs/msg/detail/base_state_msg__type_support.cpp
-- Installing: /home/iit.local/gturrisi/isaaclab_ws_home/basic-locomotion-dls-isaaclab/deploy/ros2_ws/install/dls2_msgs/include/dls2_msgs/dls2_msgs/msg/detail/trajectory_generator_msg__rosidl_typesupport_introspection_cpp.hpp
-- Installing: /home/iit.local/gturrisi/isaaclab_ws_home/basic-locomotion-dls-isaaclab/deploy/ros2_ws/install/dls2_msgs/include/dls2_msgs/dls2_msgs/msg/detail/imu_msg__type_support.cpp
-- Installing: /home/iit.local/gturrisi/isaaclab_ws_home/basic-locomotion-dls-isaaclab/deploy/ros2_ws/install/dls2_msgs/include/dls2_msgs/dls2_msgs/msg/detail/control_signal_msg__rosidl_typesupport_introspection_cpp.hpp
-- Installing: /home/iit.local/gturrisi/isaaclab_ws_home/basic-locomotion-dls-isaaclab/deploy/ros2_ws/install/dls2_msgs/include/dls2_msgs/dls2_msgs/msg/detail/imu_msg__rosidl_typesupport_introspection_cpp.hpp
-- Installing: /home/iit.local/gturrisi/isaaclab_ws_home/basic-locomotion-dls-isaaclab/deploy/ros2_ws/install/dls2_msgs/include/dls2_msgs/dls2_msgs/msg/detail/blind_state_msg__rosidl_typesupport_introspection_cpp.hpp
-- Installing: /home/iit.local/gturrisi/isaaclab_ws_home/basic-locomotion-dls-isaaclab/deploy/ros2_ws/install/dls2_msgs/lib/libdls2_msgs__rosidl_typesupport_introspection_cpp.so
-- Installing: /home/iit.local/gturrisi/isaaclab_ws_home/basic-locomotion-dls-isaaclab/deploy/ros2_ws/install/dls2_msgs/lib/libdls2_msgs__rosidl_typesupport_cpp.so
-- Installing: /home/iit.local/gturrisi/isaaclab_ws_home/basic-locomotion-dls-isaaclab/deploy/ros2_ws/install/dls2_msgs/share/dls2_msgs/environment/pythonpath.sh
-- Installing: /home/iit.local/gturrisi/isaaclab_ws_home/basic-locomotion-dls-isaaclab/deploy/ros2_ws/install/dls2_msgs/share/dls2_msgs/environment/pythonpath.dsv
-- Installing: /home/iit.local/gturrisi/isaaclab_ws_home/basic-locomotion-dls-isaaclab/deploy/ros2_ws/install/dls2_msgs/lib/python3.11/site-packages/dls2_msgs-0.0.0-py3.11.egg-info
-- Installing: /home/iit.local/gturrisi/isaaclab_ws_home/basic-locomotion-dls-isaaclab/deploy/ros2_ws/install/dls2_msgs/lib/python3.11/site-packages/dls2_msgs-0.0.0-py3.11.egg-info/SOURCES.txt
-- Installing: /home/iit.local/gturrisi/isaaclab_ws_home/basic-locomotion-dls-isaaclab/deploy/ros2_ws/install/dls2_msgs/lib/python3.11/site-packages/dls2_msgs-0.0.0-py3.11.egg-info/top_level.txt
-- Installing: /home/iit.local/gturrisi/isaaclab_ws_home/basic-locomotion-dls-isaaclab/deploy/ros2_ws/install/dls2_msgs/lib/python3.11/site-packages/dls2_msgs-0.0.0-py3.11.egg-info/dependency_links.txt
-- Installing: /home/iit.local/gturrisi/isaaclab_ws_home/basic-locomotion-dls-isaaclab/deploy/ros2_ws/install/dls2_msgs/lib/python3.11/site-packages/dls2_msgs-0.0.0-py3.11.egg-info/PKG-INFO
-- Installing: /home/iit.local/gturrisi/isaaclab_ws_home/basic-locomotion-dls-isaaclab/deploy/ros2_ws/install/dls2_msgs/lib/python3.11/site-packages/dls2_msgs
-- Installing: /home/iit.local/gturrisi/isaaclab_ws_home/basic-locomotion-dls-isaaclab/deploy/ros2_ws/install/dls2_msgs/lib/python3.11/site-packages/dls2_msgs/dls2_msgs_s__rosidl_typesupport_c.cpython-311-x86_64-linux-gnu.so
-- Installing: /home/iit.local/gturrisi/isaaclab_ws_home/basic-locomotion-dls-isaaclab/deploy/ros2_ws/install/dls2_msgs/lib/python3.11/site-packages/dls2_msgs/_dls2_msgs_s.ep.rosidl_typesupport_fastrtps_c.c
-- Installing: /home/iit.local/gturrisi/isaaclab_ws_home/basic-locomotion-dls-isaaclab/deploy/ros2_ws/install/dls2_msgs/lib/python3.11/site-packages/dls2_msgs/msg
-- Installing: /home/iit.local/gturrisi/isaaclab_ws_home/basic-locomotion-dls-isaaclab/deploy/ros2_ws/install/dls2_msgs/lib/python3.11/site-packages/dls2_msgs/msg/_trajectory_generator_msg_s.c
-- Installing: /home/iit.local/gturrisi/isaaclab_ws_home/basic-locomotion-dls-isaaclab/deploy/ros2_ws/install/dls2_msgs/lib/python3.11/site-packages/dls2_msgs/msg/_control_signal_msg.py
-- Installing: /home/iit.local/gturrisi/isaaclab_ws_home/basic-locomotion-dls-isaaclab/deploy/ros2_ws/install/dls2_msgs/lib/python3.11/site-packages/dls2_msgs/msg/_base_state_msg_s.c
-- Installing: /home/iit.local/gturrisi/isaaclab_ws_home/basic-locomotion-dls-isaaclab/deploy/ros2_ws/install/dls2_msgs/lib/python3.11/site-packages/dls2_msgs/msg/_trajectory_generator_msg.py
-- Installing: /home/iit.local/gturrisi/isaaclab_ws_home/basic-locomotion-dls-isaaclab/deploy/ros2_ws/install/dls2_msgs/lib/python3.11/site-packages/dls2_msgs/msg/_base_state_msg.py
-- Installing: /home/iit.local/gturrisi/isaaclab_ws_home/basic-locomotion-dls-isaaclab/deploy/ros2_ws/install/dls2_msgs/lib/python3.11/site-packages/dls2_msgs/msg/_imu_msg.py
-- Installing: /home/iit.local/gturrisi/isaaclab_ws_home/basic-locomotion-dls-isaaclab/deploy/ros2_ws/install/dls2_msgs/lib/python3.11/site-packages/dls2_msgs/msg/_control_signal_msg_s.c
-- Installing: /home/iit.local/gturrisi/isaaclab_ws_home/basic-locomotion-dls-isaaclab/deploy/ros2_ws/install/dls2_msgs/lib/python3.11/site-packages/dls2_msgs/msg/_blind_state_msg_s.c
-- Installing: /home/iit.local/gturrisi/isaaclab_ws_home/basic-locomotion-dls-isaaclab/deploy/ros2_ws/install/dls2_msgs/lib/python3.11/site-packages/dls2_msgs/msg/__init__.py
-- Installing: /home/iit.local/gturrisi/isaaclab_ws_home/basic-locomotion-dls-isaaclab/deploy/ros2_ws/install/dls2_msgs/lib/python3.11/site-packages/dls2_msgs/msg/_imu_msg_s.c
-- Installing: /home/iit.local/gturrisi/isaaclab_ws_home/basic-locomotion-dls-isaaclab/deploy/ros2_ws/install/dls2_msgs/lib/python3.11/site-packages/dls2_msgs/msg/_blind_state_msg.py
-- Installing: /home/iit.local/gturrisi/isaaclab_ws_home/basic-locomotion-dls-isaaclab/deploy/ros2_ws/install/dls2_msgs/lib/python3.11/site-packages/dls2_msgs/dls2_msgs_s__rosidl_typesupport_fastrtps_c.cpython-311-x86_64-linux-gnu.so
-- Installing: /home/iit.local/gturrisi/isaaclab_ws_home/basic-locomotion-dls-isaaclab/deploy/ros2_ws/install/dls2_msgs/lib/python3.11/site-packages/dls2_msgs/dls2_msgs_s__rosidl_typesupport_introspection_c.cpython-311-x86_64-linux-gnu.so
-- Installing: /home/iit.local/gturrisi/isaaclab_ws_home/basic-locomotion-dls-isaaclab/deploy/ros2_ws/install/dls2_msgs/lib/python3.11/site-packages/dls2_msgs/libdls2_msgs__rosidl_generator_py.so
-- Installing: /home/iit.local/gturrisi/isaaclab_ws_home/basic-locomotion-dls-isaaclab/deploy/ros2_ws/install/dls2_msgs/lib/python3.11/site-packages/dls2_msgs/__init__.py
-- Installing: /home/iit.local/gturrisi/isaaclab_ws_home/basic-locomotion-dls-isaaclab/deploy/ros2_ws/install/dls2_msgs/lib/python3.11/site-packages/dls2_msgs/_dls2_msgs_s.ep.rosidl_typesupport_introspection_c.c
-- Installing: /home/iit.local/gturrisi/isaaclab_ws_home/basic-locomotion-dls-isaaclab/deploy/ros2_ws/install/dls2_msgs/lib/python3.11/site-packages/dls2_msgs/_dls2_msgs_s.ep.rosidl_typesupport_c.c
Listing 'lib/python3.11/site-packages/dls2_msgs'...
Can't list 'lib/python3.11/site-packages/dls2_msgs'
-- Installing: /home/iit.local/gturrisi/isaaclab_ws_home/basic-locomotion-dls-isaaclab/deploy/ros2_ws/install/dls2_msgs/lib/python3.11/site-packages/dls2_msgs/dls2_msgs_s__rosidl_typesupport_fastrtps_c.cpython-311-x86_64-linux-gnu.so
-- Set non-toolchain portion of runtime path of "/home/iit.local/gturrisi/isaaclab_ws_home/basic-locomotion-dls-isaaclab/deploy/ros2_ws/install/dls2_msgs/lib/python3.11/site-packages/dls2_msgs/dls2_msgs_s__rosidl_typesupport_fastrtps_c.cpython-311-x86_64-linux-gnu.so" to ""
-- Installing: /home/iit.local/gturrisi/isaaclab_ws_home/basic-locomotion-dls-isaaclab/deploy/ros2_ws/install/dls2_msgs/lib/python3.11/site-packages/dls2_msgs/dls2_msgs_s__rosidl_typesupport_introspection_c.cpython-311-x86_64-linux-gnu.so
-- Set non-toolchain portion of runtime path of "/home/iit.local/gturrisi/isaaclab_ws_home/basic-locomotion-dls-isaaclab/deploy/ros2_ws/install/dls2_msgs/lib/python3.11/site-packages/dls2_msgs/dls2_msgs_s__rosidl_typesupport_introspection_c.cpython-311-x86_64-linux-gnu.so" to ""
-- Installing: /home/iit.local/gturrisi/isaaclab_ws_home/basic-locomotion-dls-isaaclab/deploy/ros2_ws/install/dls2_msgs/lib/python3.11/site-packages/dls2_msgs/dls2_msgs_s__rosidl_typesupport_c.cpython-311-x86_64-linux-gnu.so
-- Set non-toolchain portion of runtime path of "/home/iit.local/gturrisi/isaaclab_ws_home/basic-locomotion-dls-isaaclab/deploy/ros2_ws/install/dls2_msgs/lib/python3.11/site-packages/dls2_msgs/dls2_msgs_s__rosidl_typesupport_c.cpython-311-x86_64-linux-gnu.so" to ""
-- Installing: /home/iit.local/gturrisi/isaaclab_ws_home/basic-locomotion-dls-isaaclab/deploy/ros2_ws/install/dls2_msgs/lib/libdls2_msgs__rosidl_generator_py.so
-- Set non-toolchain portion of runtime path of "/home/iit.local/gturrisi/isaaclab_ws_home/basic-locomotion-dls-isaaclab/deploy/ros2_ws/install/dls2_msgs/lib/libdls2_msgs__rosidl_generator_py.so" to ""
-- Installing: /home/iit.local/gturrisi/isaaclab_ws_home/basic-locomotion-dls-isaaclab/deploy/ros2_ws/install/dls2_msgs/share/dls2_msgs/msg/BlindStateMsg.idl
-- Installing: /home/iit.local/gturrisi/isaaclab_ws_home/basic-locomotion-dls-isaaclab/deploy/ros2_ws/install/dls2_msgs/share/dls2_msgs/msg/BaseStateMsg.idl
-- Installing: /home/iit.local/gturrisi/isaaclab_ws_home/basic-locomotion-dls-isaaclab/deploy/ros2_ws/install/dls2_msgs/share/dls2_msgs/msg/ControlSignalMsg.idl
-- Installing: /home/iit.local/gturrisi/isaaclab_ws_home/basic-locomotion-dls-isaaclab/deploy/ros2_ws/install/dls2_msgs/share/dls2_msgs/msg/TrajectoryGeneratorMsg.idl
-- Installing: /home/iit.local/gturrisi/isaaclab_ws_home/basic-locomotion-dls-isaaclab/deploy/ros2_ws/install/dls2_msgs/share/dls2_msgs/msg/ImuMsg.idl
-- Installing: /home/iit.local/gturrisi/isaaclab_ws_home/basic-locomotion-dls-isaaclab/deploy/ros2_ws/install/dls2_msgs/share/dls2_msgs/msg/BlindStateMsg.msg
-- Installing: /home/iit.local/gturrisi/isaaclab_ws_home/basic-locomotion-dls-isaaclab/deploy/ros2_ws/install/dls2_msgs/share/dls2_msgs/msg/BaseStateMsg.msg
-- Installing: /home/iit.local/gturrisi/isaaclab_ws_home/basic-locomotion-dls-isaaclab/deploy/ros2_ws/install/dls2_msgs/share/dls2_msgs/msg/ControlSignalMsg.msg
-- Installing: /home/iit.local/gturrisi/isaaclab_ws_home/basic-locomotion-dls-isaaclab/deploy/ros2_ws/install/dls2_msgs/share/dls2_msgs/msg/TrajectoryGeneratorMsg.msg
-- Installing: /home/iit.local/gturrisi/isaaclab_ws_home/basic-locomotion-dls-isaaclab/deploy/ros2_ws/install/dls2_msgs/share/dls2_msgs/msg/ImuMsg.msg
-- Installing: /home/iit.local/gturrisi/isaaclab_ws_home/basic-locomotion-dls-isaaclab/deploy/ros2_ws/install/dls2_msgs/share/ament_index/resource_index/package_run_dependencies/dls2_msgs
-- Installing: /home/iit.local/gturrisi/isaaclab_ws_home/basic-locomotion-dls-isaaclab/deploy/ros2_ws/install/dls2_msgs/share/ament_index/resource_index/parent_prefix_path/dls2_msgs
-- Installing: /home/iit.local/gturrisi/isaaclab_ws_home/basic-locomotion-dls-isaaclab/deploy/ros2_ws/install/dls2_msgs/share/dls2_msgs/environment/ament_prefix_path.sh
-- Installing: /home/iit.local/gturrisi/isaaclab_ws_home/basic-locomotion-dls-isaaclab/deploy/ros2_ws/install/dls2_msgs/share/dls2_msgs/environment/ament_prefix_path.dsv
-- Installing: /home/iit.local/gturrisi/isaaclab_ws_home/basic-locomotion-dls-isaaclab/deploy/ros2_ws/install/dls2_msgs/share/dls2_msgs/environment/path.sh
-- Installing: /home/iit.local/gturrisi/isaaclab_ws_home/basic-locomotion-dls-isaaclab/deploy/ros2_ws/install/dls2_msgs/share/dls2_msgs/environment/path.dsv
-- Installing: /home/iit.local/gturrisi/isaaclab_ws_home/basic-locomotion-dls-isaaclab/deploy/ros2_ws/install/dls2_msgs/share/dls2_msgs/local_setup.bash
-- Installing: /home/iit.local/gturrisi/isaaclab_ws_home/basic-locomotion-dls-isaaclab/deploy/ros2_ws/install/dls2_msgs/share/dls2_msgs/local_setup.sh
-- Installing: /home/iit.local/gturrisi/isaaclab_ws_home/basic-locomotion-dls-isaaclab/deploy/ros2_ws/install/dls2_msgs/share/dls2_msgs/local_setup.zsh
-- Installing: /home/iit.local/gturrisi/isaaclab_ws_home/basic-locomotion-dls-isaaclab/deploy/ros2_ws/install/dls2_msgs/share/dls2_msgs/local_setup.dsv
-- Installing: /home/iit.local/gturrisi/isaaclab_ws_home/basic-locomotion-dls-isaaclab/deploy/ros2_ws/install/dls2_msgs/share/dls2_msgs/package.dsv
-- Installing: /home/iit.local/gturrisi/isaaclab_ws_home/basic-locomotion-dls-isaaclab/deploy/ros2_ws/install/dls2_msgs/share/ament_index/resource_index/packages/dls2_msgs
-- Installing: /home/iit.local/gturrisi/isaaclab_ws_home/basic-locomotion-dls-isaaclab/deploy/ros2_ws/install/dls2_msgs/share/dls2_msgs/cmake/export_dls2_msgs__rosidl_generator_cExport.cmake
-- Installing: /home/iit.local/gturrisi/isaaclab_ws_home/basic-locomotion-dls-isaaclab/deploy/ros2_ws/install/dls2_msgs/share/dls2_msgs/cmake/export_dls2_msgs__rosidl_generator_cExport-noconfig.cmake
-- Installing: /home/iit.local/gturrisi/isaaclab_ws_home/basic-locomotion-dls-isaaclab/deploy/ros2_ws/install/dls2_msgs/share/dls2_msgs/cmake/export_dls2_msgs__rosidl_typesupport_fastrtps_cExport.cmake
-- Installing: /home/iit.local/gturrisi/isaaclab_ws_home/basic-locomotion-dls-isaaclab/deploy/ros2_ws/install/dls2_msgs/share/dls2_msgs/cmake/export_dls2_msgs__rosidl_typesupport_fastrtps_cExport-noconfig.cmake
-- Installing: /home/iit.local/gturrisi/isaaclab_ws_home/basic-locomotion-dls-isaaclab/deploy/ros2_ws/install/dls2_msgs/share/dls2_msgs/cmake/dls2_msgs__rosidl_typesupport_introspection_cExport.cmake
-- Installing: /home/iit.local/gturrisi/isaaclab_ws_home/basic-locomotion-dls-isaaclab/deploy/ros2_ws/install/dls2_msgs/share/dls2_msgs/cmake/dls2_msgs__rosidl_typesupport_introspection_cExport-noconfig.cmake
-- Installing: /home/iit.local/gturrisi/isaaclab_ws_home/basic-locomotion-dls-isaaclab/deploy/ros2_ws/install/dls2_msgs/share/dls2_msgs/cmake/dls2_msgs__rosidl_typesupport_cExport.cmake
-- Installing: /home/iit.local/gturrisi/isaaclab_ws_home/basic-locomotion-dls-isaaclab/deploy/ros2_ws/install/dls2_msgs/share/dls2_msgs/cmake/dls2_msgs__rosidl_typesupport_cExport-noconfig.cmake
-- Installing: /home/iit.local/gturrisi/isaaclab_ws_home/basic-locomotion-dls-isaaclab/deploy/ros2_ws/install/dls2_msgs/share/dls2_msgs/cmake/export_dls2_msgs__rosidl_generator_cppExport.cmake
-- Installing: /home/iit.local/gturrisi/isaaclab_ws_home/basic-locomotion-dls-isaaclab/deploy/ros2_ws/install/dls2_msgs/share/dls2_msgs/cmake/export_dls2_msgs__rosidl_typesupport_fastrtps_cppExport.cmake
-- Installing: /home/iit.local/gturrisi/isaaclab_ws_home/basic-locomotion-dls-isaaclab/deploy/ros2_ws/install/dls2_msgs/share/dls2_msgs/cmake/export_dls2_msgs__rosidl_typesupport_fastrtps_cppExport-noconfig.cmake
-- Installing: /home/iit.local/gturrisi/isaaclab_ws_home/basic-locomotion-dls-isaaclab/deploy/ros2_ws/install/dls2_msgs/share/dls2_msgs/cmake/dls2_msgs__rosidl_typesupport_introspection_cppExport.cmake
-- Installing: /home/iit.local/gturrisi/isaaclab_ws_home/basic-locomotion-dls-isaaclab/deploy/ros2_ws/install/dls2_msgs/share/dls2_msgs/cmake/dls2_msgs__rosidl_typesupport_introspection_cppExport-noconfig.cmake
-- Installing: /home/iit.local/gturrisi/isaaclab_ws_home/basic-locomotion-dls-isaaclab/deploy/ros2_ws/install/dls2_msgs/share/dls2_msgs/cmake/dls2_msgs__rosidl_typesupport_cppExport.cmake
-- Installing: /home/iit.local/gturrisi/isaaclab_ws_home/basic-locomotion-dls-isaaclab/deploy/ros2_ws/install/dls2_msgs/share/dls2_msgs/cmake/dls2_msgs__rosidl_typesupport_cppExport-noconfig.cmake
-- Installing: /home/iit.local/gturrisi/isaaclab_ws_home/basic-locomotion-dls-isaaclab/deploy/ros2_ws/install/dls2_msgs/share/dls2_msgs/cmake/export_dls2_msgs__rosidl_generator_pyExport.cmake
-- Installing: /home/iit.local/gturrisi/isaaclab_ws_home/basic-locomotion-dls-isaaclab/deploy/ros2_ws/install/dls2_msgs/share/dls2_msgs/cmake/export_dls2_msgs__rosidl_generator_pyExport-noconfig.cmake
-- Installing: /home/iit.local/gturrisi/isaaclab_ws_home/basic-locomotion-dls-isaaclab/deploy/ros2_ws/install/dls2_msgs/share/dls2_msgs/cmake/rosidl_cmake-extras.cmake
-- Installing: /home/iit.local/gturrisi/isaaclab_ws_home/basic-locomotion-dls-isaaclab/deploy/ros2_ws/install/dls2_msgs/share/dls2_msgs/cmake/ament_cmake_export_include_directories-extras.cmake
-- Installing: /home/iit.local/gturrisi/isaaclab_ws_home/basic-locomotion-dls-isaaclab/deploy/ros2_ws/install/dls2_msgs/share/dls2_msgs/cmake/ament_cmake_export_libraries-extras.cmake
-- Installing: /home/iit.local/gturrisi/isaaclab_ws_home/basic-locomotion-dls-isaaclab/deploy/ros2_ws/install/dls2_msgs/share/dls2_msgs/cmake/ament_cmake_export_targets-extras.cmake
-- Installing: /home/iit.local/gturrisi/isaaclab_ws_home/basic-locomotion-dls-isaaclab/deploy/ros2_ws/install/dls2_msgs/share/dls2_msgs/cmake/rosidl_cmake_export_typesupport_targets-extras.cmake
-- Installing: /home/iit.local/gturrisi/isaaclab_ws_home/basic-locomotion-dls-isaaclab/deploy/ros2_ws/install/dls2_msgs/share/dls2_msgs/cmake/ament_cmake_export_dependencies-extras.cmake
-- Installing: /home/iit.local/gturrisi/isaaclab_ws_home/basic-locomotion-dls-isaaclab/deploy/ros2_ws/install/dls2_msgs/share/dls2_msgs/cmake/rosidl_cmake_export_typesupport_libraries-extras.cmake
-- Installing: /home/iit.local/gturrisi/isaaclab_ws_home/basic-locomotion-dls-isaaclab/deploy/ros2_ws/install/dls2_msgs/share/dls2_msgs/cmake/dls2_msgsConfig.cmake
-- Installing: /home/iit.local/gturrisi/isaaclab_ws_home/basic-locomotion-dls-isaaclab/deploy/ros2_ws/install/dls2_msgs/share/dls2_msgs/cmake/dls2_msgsConfig-version.cmake
-- Installing: /home/iit.local/gturrisi/isaaclab_ws_home/basic-locomotion-dls-isaaclab/deploy/ros2_ws/install/dls2_msgs/share/dls2_msgs/package.xml
