[0.011s] Invoking command in '/home/iit.local/gturrisi/isaaclab_ws_home/basic-locomotion-dls-isaaclab/deploy/ros2_ws/build/dls2_msgs': CONDA_PROMPT_MODIFIER=(basic_locomotion_dls_isaaclab_ros2_env) /home/iit.local/gturrisi/miniforge3/envs/basic_locomotion_dls_isaaclab_ros2_env/bin/cmake --build /home/iit.local/gturrisi/isaaclab_ws_home/basic-locomotion-dls-isaaclab/deploy/ros2_ws/build/dls2_msgs -- -j20 -l20
[0.052s] [0mCMake Deprecation Warning at CMakeLists.txt:1 (cmake_minimum_required):
[0.052s]   Compatibility with CMake < 3.10 will be removed from a future version of
[0.052s]   CMake.
[0.052s] 
[0.052s]   Update the VERSION argument <min> value.  Or, use the <min>...<max> syntax
[0.052s]   to tell CMake that the project requires at least <min> but has been updated
[0.052s]   to work with policies introduced by <max> or earlier.
[0.052s] 
[0.052s] [0m
[0.060s] -- Found ament_cmake: 1.3.12 (/home/iit.local/gturrisi/miniforge3/envs/basic_locomotion_dls_isaaclab_ros2_env/share/ament_cmake/cmake)
[0.252s] -- Found ament_lint_auto: 0.12.12 (/home/iit.local/gturrisi/miniforge3/envs/basic_locomotion_dls_isaaclab_ros2_env/share/ament_lint_auto/cmake)
[0.315s] -- Found rosidl_default_generators: 1.2.0 (/home/iit.local/gturrisi/miniforge3/envs/basic_locomotion_dls_isaaclab_ros2_env/share/rosidl_default_generators/cmake)
[0.317s] -- Using all available rosidl_typesupport_c: rosidl_typesupport_fastrtps_c;rosidl_typesupport_introspection_c
[0.320s] -- Found rosidl_adapter: 3.1.6 (/home/iit.local/gturrisi/miniforge3/envs/basic_locomotion_dls_isaaclab_ros2_env/share/rosidl_adapter/cmake)
[0.351s] -- Using all available rosidl_typesupport_cpp: rosidl_typesupport_fastrtps_cpp;rosidl_typesupport_introspection_cpp
[0.675s] -- Found ament_cmake_ros: 0.10.0 (/home/iit.local/gturrisi/miniforge3/envs/basic_locomotion_dls_isaaclab_ros2_env/share/ament_cmake_ros/cmake)
[1.008s] -- Using all available rosidl_typesupport_c: rosidl_typesupport_fastrtps_c;rosidl_typesupport_introspection_c
[1.426s] -- Using all available rosidl_typesupport_cpp: rosidl_typesupport_fastrtps_cpp;rosidl_typesupport_introspection_cpp
[1.430s] -- Found python_cmake_module: 0.10.0 (/home/iit.local/gturrisi/miniforge3/envs/basic_locomotion_dls_isaaclab_ros2_env/share/python_cmake_module/cmake)
[1.431s] [33mCMake Warning (dev) at /home/iit.local/gturrisi/miniforge3/envs/basic_locomotion_dls_isaaclab_ros2_env/share/python_cmake_module/cmake/Modules/FindPythonExtra.cmake:52 (find_package):
[1.431s]   Policy CMP0148 is not set: The FindPythonInterp and FindPythonLibs modules
[1.431s]   are removed.  Run "cmake --help-policy CMP0148" for policy details.  Use
[1.431s]   the cmake_policy command to set the policy and suppress this warning.
[1.431s] 
[1.431s] Call Stack (most recent call first):
[1.431s]   /home/iit.local/gturrisi/miniforge3/envs/basic_locomotion_dls_isaaclab_ros2_env/share/rosidl_generator_py/cmake/rosidl_generator_py_generate_interfaces.cmake:33 (find_package)
[1.431s]   /home/iit.local/gturrisi/miniforge3/envs/basic_locomotion_dls_isaaclab_ros2_env/share/ament_cmake_core/cmake/core/ament_execute_extensions.cmake:48 (include)
[1.431s]   /home/iit.local/gturrisi/miniforge3/envs/basic_locomotion_dls_isaaclab_ros2_env/share/rosidl_cmake/cmake/rosidl_generate_interfaces.cmake:286 (ament_execute_extensions)
[1.431s]   CMakeLists.txt:28 (rosidl_generate_interfaces)
[1.431s] This warning is for project developers.  Use -Wno-dev to suppress it.
[1.431s] [0m
[1.444s] [33mCMake Warning (dev) at /home/iit.local/gturrisi/miniforge3/envs/basic_locomotion_dls_isaaclab_ros2_env/share/python_cmake_module/cmake/Modules/FindPythonExtra.cmake:140 (find_package):
[1.444s]   Policy CMP0148 is not set: The FindPythonInterp and FindPythonLibs modules
[1.444s]   are removed.  Run "cmake --help-policy CMP0148" for policy details.  Use
[1.444s]   the cmake_policy command to set the policy and suppress this warning.
[1.444s] 
[1.444s] Call Stack (most recent call first):
[1.444s]   /home/iit.local/gturrisi/miniforge3/envs/basic_locomotion_dls_isaaclab_ros2_env/share/rosidl_generator_py/cmake/rosidl_generator_py_generate_interfaces.cmake:33 (find_package)
[1.444s]   /home/iit.local/gturrisi/miniforge3/envs/basic_locomotion_dls_isaaclab_ros2_env/share/ament_cmake_core/cmake/core/ament_execute_extensions.cmake:48 (include)
[1.444s]   /home/iit.local/gturrisi/miniforge3/envs/basic_locomotion_dls_isaaclab_ros2_env/share/rosidl_cmake/cmake/rosidl_generate_interfaces.cmake:286 (ament_execute_extensions)
[1.445s]   CMakeLists.txt:28 (rosidl_generate_interfaces)
[1.445s] This warning is for project developers.  Use -Wno-dev to suppress it.
[1.445s] [0m
[1.447s] -- Using PYTHON_EXECUTABLE: /home/iit.local/gturrisi/miniforge3/envs/basic_locomotion_dls_isaaclab_ros2_env/bin/python3
[1.447s] -- Using PYTHON_INCLUDE_DIRS: /home/iit.local/gturrisi/miniforge3/envs/basic_locomotion_dls_isaaclab_ros2_env/include/python3.11
[1.447s] -- Using PYTHON_LIBRARIES: /home/iit.local/gturrisi/miniforge3/envs/basic_locomotion_dls_isaaclab_ros2_env/lib/libpython3.11.so
[1.750s] -- Added test 'lint_cmake' to check CMake code style
[1.751s] -- Added test 'xmllint' to check XML markup files
[1.755s] -- Configuring done (1.7s)
[1.791s] -- Generating done (0.0s)
[1.797s] -- Build files have been written to: /home/iit.local/gturrisi/isaaclab_ws_home/basic-locomotion-dls-isaaclab/deploy/ros2_ws/build/dls2_msgs
[1.815s] [  1%] [1m[34mGenerating C code for ROS interfaces[0m
[1.822s] [  3%] [1m[34mGenerating C++ code for ROS interfaces[0m
[1.840s] [  3%] Built target ament_cmake_python_copy_dls2_msgs
[1.967s] running egg_info
[1.975s] writing dls2_msgs.egg-info/PKG-INFO
[1.975s] writing dependency_links to dls2_msgs.egg-info/dependency_links.txt
[1.975s] writing top-level names to dls2_msgs.egg-info/top_level.txt
[2.002s] reading manifest file 'dls2_msgs.egg-info/SOURCES.txt'
[2.003s] writing manifest file 'dls2_msgs.egg-info/SOURCES.txt'
[2.023s] [  3%] Built target ament_cmake_python_build_dls2_msgs_egg
[2.160s] [  3%] Built target dls2_msgs__cpp
[2.167s] [  4%] [1m[34mGenerating C++ type support dispatch for ROS interfaces[0m
[2.168s] [  7%] [1m[34mGenerating C++ introspection for ROS interfaces[0m
[2.169s] [  7%] [1m[34mGenerating C++ type support for eProsima Fast-RTPS[0m
[2.171s] [ 11%] [32mBuilding C object CMakeFiles/dls2_msgs__rosidl_generator_c.dir/rosidl_generator_c/dls2_msgs/msg/detail/base_state_msg__functions.c.o[0m
[2.171s] [ 11%] [32mBuilding C object CMakeFiles/dls2_msgs__rosidl_generator_c.dir/rosidl_generator_c/dls2_msgs/msg/detail/blind_state_msg__functions.c.o[0m
[2.172s] [ 12%] [32mBuilding C object CMakeFiles/dls2_msgs__rosidl_generator_c.dir/rosidl_generator_c/dls2_msgs/msg/detail/control_signal_msg__functions.c.o[0m
[2.174s] [ 14%] [32mBuilding C object CMakeFiles/dls2_msgs__rosidl_generator_c.dir/rosidl_generator_c/dls2_msgs/msg/detail/trajectory_generator_msg__functions.c.o[0m
[2.175s] [ 15%] [32mBuilding C object CMakeFiles/dls2_msgs__rosidl_generator_c.dir/rosidl_generator_c/dls2_msgs/msg/detail/imu_msg__functions.c.o[0m
[2.369s] [ 17%] [1m[32mLinking C shared library libdls2_msgs__rosidl_generator_c.so[0m
[2.409s] [ 17%] Built target dls2_msgs__rosidl_generator_c
[2.414s] [ 19%] [1m[34mGenerating C type support for eProsima Fast-RTPS[0m
[2.417s] [ 20%] [1m[34mGenerating C introspection for ROS interfaces[0m
[2.417s] [ 22%] [1m[34mGenerating C type support dispatch for ROS interfaces[0m
[2.437s] [ 23%] [32mBuilding CXX object CMakeFiles/dls2_msgs__rosidl_typesupport_cpp.dir/rosidl_typesupport_cpp/dls2_msgs/msg/base_state_msg__type_support.cpp.o[0m
[2.437s] [ 25%] [32mBuilding CXX object CMakeFiles/dls2_msgs__rosidl_typesupport_cpp.dir/rosidl_typesupport_cpp/dls2_msgs/msg/control_signal_msg__type_support.cpp.o[0m
[2.439s] [ 26%] [32mBuilding CXX object CMakeFiles/dls2_msgs__rosidl_typesupport_cpp.dir/rosidl_typesupport_cpp/dls2_msgs/msg/blind_state_msg__type_support.cpp.o[0m
[2.439s] [ 28%] [32mBuilding CXX object CMakeFiles/dls2_msgs__rosidl_typesupport_cpp.dir/rosidl_typesupport_cpp/dls2_msgs/msg/imu_msg__type_support.cpp.o[0m
[2.440s] [ 30%] [32mBuilding CXX object CMakeFiles/dls2_msgs__rosidl_typesupport_cpp.dir/rosidl_typesupport_cpp/dls2_msgs/msg/trajectory_generator_msg__type_support.cpp.o[0m
[2.479s] [ 31%] [32mBuilding CXX object CMakeFiles/dls2_msgs__rosidl_typesupport_introspection_cpp.dir/rosidl_typesupport_introspection_cpp/dls2_msgs/msg/detail/base_state_msg__type_support.cpp.o[0m
[2.479s] [ 33%] [32mBuilding CXX object CMakeFiles/dls2_msgs__rosidl_typesupport_introspection_cpp.dir/rosidl_typesupport_introspection_cpp/dls2_msgs/msg/detail/blind_state_msg__type_support.cpp.o[0m
[2.479s] [ 34%] [32mBuilding CXX object CMakeFiles/dls2_msgs__rosidl_typesupport_introspection_cpp.dir/rosidl_typesupport_introspection_cpp/dls2_msgs/msg/detail/control_signal_msg__type_support.cpp.o[0m
[2.481s] [ 36%] [32mBuilding CXX object CMakeFiles/dls2_msgs__rosidl_typesupport_introspection_cpp.dir/rosidl_typesupport_introspection_cpp/dls2_msgs/msg/detail/trajectory_generator_msg__type_support.cpp.o[0m
[2.481s] [ 38%] [32mBuilding CXX object CMakeFiles/dls2_msgs__rosidl_typesupport_introspection_cpp.dir/rosidl_typesupport_introspection_cpp/dls2_msgs/msg/detail/imu_msg__type_support.cpp.o[0m
[2.496s] [ 41%] [32mBuilding CXX object CMakeFiles/dls2_msgs__rosidl_typesupport_fastrtps_cpp.dir/rosidl_typesupport_fastrtps_cpp/dls2_msgs/msg/detail/dds_fastrtps/blind_state_msg__type_support.cpp.o[0m
[2.496s] [ 41%] [32mBuilding CXX object CMakeFiles/dls2_msgs__rosidl_typesupport_fastrtps_cpp.dir/rosidl_typesupport_fastrtps_cpp/dls2_msgs/msg/detail/dds_fastrtps/base_state_msg__type_support.cpp.o[0m
[2.497s] [ 42%] [32mBuilding CXX object CMakeFiles/dls2_msgs__rosidl_typesupport_fastrtps_cpp.dir/rosidl_typesupport_fastrtps_cpp/dls2_msgs/msg/detail/dds_fastrtps/control_signal_msg__type_support.cpp.o[0m
[2.497s] [ 44%] [32mBuilding CXX object CMakeFiles/dls2_msgs__rosidl_typesupport_fastrtps_cpp.dir/rosidl_typesupport_fastrtps_cpp/dls2_msgs/msg/detail/dds_fastrtps/imu_msg__type_support.cpp.o[0m
[2.498s] [ 46%] [32mBuilding CXX object CMakeFiles/dls2_msgs__rosidl_typesupport_fastrtps_cpp.dir/rosidl_typesupport_fastrtps_cpp/dls2_msgs/msg/detail/dds_fastrtps/trajectory_generator_msg__type_support.cpp.o[0m
[2.763s] [ 49%] [32mBuilding CXX object CMakeFiles/dls2_msgs__rosidl_typesupport_c.dir/rosidl_typesupport_c/dls2_msgs/msg/blind_state_msg__type_support.cpp.o[0m
[2.763s] [ 49%] [32mBuilding CXX object CMakeFiles/dls2_msgs__rosidl_typesupport_c.dir/rosidl_typesupport_c/dls2_msgs/msg/base_state_msg__type_support.cpp.o[0m
[2.769s] [ 50%] [32mBuilding CXX object CMakeFiles/dls2_msgs__rosidl_typesupport_c.dir/rosidl_typesupport_c/dls2_msgs/msg/control_signal_msg__type_support.cpp.o[0m
[2.816s] [ 52%] [32mBuilding CXX object CMakeFiles/dls2_msgs__rosidl_typesupport_c.dir/rosidl_typesupport_c/dls2_msgs/msg/imu_msg__type_support.cpp.o[0m
[2.816s] [ 53%] [32mBuilding CXX object CMakeFiles/dls2_msgs__rosidl_typesupport_c.dir/rosidl_typesupport_c/dls2_msgs/msg/trajectory_generator_msg__type_support.cpp.o[0m
[2.870s] [ 55%] [1m[32mLinking CXX shared library libdls2_msgs__rosidl_typesupport_c.so[0m
[2.933s] [ 57%] [32mBuilding C object CMakeFiles/dls2_msgs__rosidl_typesupport_introspection_c.dir/rosidl_typesupport_introspection_c/dls2_msgs/msg/detail/base_state_msg__type_support.c.o[0m
[2.935s] [ 57%] Built target dls2_msgs__rosidl_typesupport_c
[2.935s] [ 58%] [32mBuilding C object CMakeFiles/dls2_msgs__rosidl_typesupport_introspection_c.dir/rosidl_typesupport_introspection_c/dls2_msgs/msg/detail/control_signal_msg__type_support.c.o[0m
[2.935s] [ 60%] [32mBuilding C object CMakeFiles/dls2_msgs__rosidl_typesupport_introspection_c.dir/rosidl_typesupport_introspection_c/dls2_msgs/msg/detail/imu_msg__type_support.c.o[0m
[2.936s] [ 61%] [32mBuilding C object CMakeFiles/dls2_msgs__rosidl_typesupport_introspection_c.dir/rosidl_typesupport_introspection_c/dls2_msgs/msg/detail/blind_state_msg__type_support.c.o[0m
[2.940s] [ 63%] [32mBuilding C object CMakeFiles/dls2_msgs__rosidl_typesupport_introspection_c.dir/rosidl_typesupport_introspection_c/dls2_msgs/msg/detail/trajectory_generator_msg__type_support.c.o[0m
[2.956s] [ 66%] [32mBuilding CXX object CMakeFiles/dls2_msgs__rosidl_typesupport_fastrtps_c.dir/rosidl_typesupport_fastrtps_c/dls2_msgs/msg/detail/base_state_msg__type_support_c.cpp.o[0m
[2.956s] [ 66%] [32mBuilding CXX object CMakeFiles/dls2_msgs__rosidl_typesupport_fastrtps_c.dir/rosidl_typesupport_fastrtps_c/dls2_msgs/msg/detail/blind_state_msg__type_support_c.cpp.o[0m
[2.957s] [ 68%] [32mBuilding CXX object CMakeFiles/dls2_msgs__rosidl_typesupport_fastrtps_c.dir/rosidl_typesupport_fastrtps_c/dls2_msgs/msg/detail/control_signal_msg__type_support_c.cpp.o[0m
[2.959s] [ 71%] [32mBuilding CXX object CMakeFiles/dls2_msgs__rosidl_typesupport_fastrtps_c.dir/rosidl_typesupport_fastrtps_c/dls2_msgs/msg/detail/trajectory_generator_msg__type_support_c.cpp.o[0m
[2.959s] [ 69%] [32mBuilding CXX object CMakeFiles/dls2_msgs__rosidl_typesupport_fastrtps_c.dir/rosidl_typesupport_fastrtps_c/dls2_msgs/msg/detail/imu_msg__type_support_c.cpp.o[0m
[2.963s] [ 73%] [1m[32mLinking CXX shared library libdls2_msgs__rosidl_typesupport_cpp.so[0m
[3.018s] [ 73%] Built target dls2_msgs__rosidl_typesupport_cpp
[3.054s] [ 74%] [1m[32mLinking CXX shared library libdls2_msgs__rosidl_typesupport_introspection_cpp.so[0m
[3.069s] [ 76%] [1m[32mLinking C shared library libdls2_msgs__rosidl_typesupport_introspection_c.so[0m
[3.096s] [ 76%] Built target dls2_msgs__rosidl_typesupport_introspection_c
[3.135s] [ 76%] Built target dls2_msgs__rosidl_typesupport_introspection_cpp
[3.224s] [ 77%] [1m[32mLinking CXX shared library libdls2_msgs__rosidl_typesupport_fastrtps_cpp.so[0m
[3.315s] [ 77%] Built target dls2_msgs__rosidl_typesupport_fastrtps_cpp
[3.390s] [ 79%] [1m[32mLinking CXX shared library libdls2_msgs__rosidl_typesupport_fastrtps_c.so[0m
[3.462s] [ 79%] Built target dls2_msgs__rosidl_typesupport_fastrtps_c
[3.478s] [ 79%] Built target dls2_msgs
[3.496s] [ 80%] [1m[34mGenerating Python code for ROS interfaces[0m
[3.995s] [ 80%] Built target dls2_msgs__py
[4.015s] [ 85%] [32mBuilding C object CMakeFiles/dls2_msgs__rosidl_generator_py.dir/rosidl_generator_py/dls2_msgs/msg/_blind_state_msg_s.c.o[0m
[4.015s] [ 85%] [32mBuilding C object CMakeFiles/dls2_msgs__rosidl_generator_py.dir/rosidl_generator_py/dls2_msgs/msg/_control_signal_msg_s.c.o[0m
[4.015s] [ 85%] [32mBuilding C object CMakeFiles/dls2_msgs__rosidl_generator_py.dir/rosidl_generator_py/dls2_msgs/msg/_base_state_msg_s.c.o[0m
[4.016s] [ 87%] [32mBuilding C object CMakeFiles/dls2_msgs__rosidl_generator_py.dir/rosidl_generator_py/dls2_msgs/msg/_imu_msg_s.c.o[0m
[4.021s] [ 88%] [32mBuilding C object CMakeFiles/dls2_msgs__rosidl_generator_py.dir/rosidl_generator_py/dls2_msgs/msg/_trajectory_generator_msg_s.c.o[0m
[4.272s] [ 90%] [1m[32mLinking C shared library rosidl_generator_py/dls2_msgs/libdls2_msgs__rosidl_generator_py.so[0m
[4.306s] [ 90%] Built target dls2_msgs__rosidl_generator_py
[4.323s] [ 92%] [32mBuilding C object CMakeFiles/dls2_msgs__rosidl_typesupport_introspection_c__pyext.dir/rosidl_generator_py/dls2_msgs/_dls2_msgs_s.ep.rosidl_typesupport_introspection_c.c.o[0m
[4.323s] [ 93%] [32mBuilding C object CMakeFiles/dls2_msgs__rosidl_typesupport_fastrtps_c__pyext.dir/rosidl_generator_py/dls2_msgs/_dls2_msgs_s.ep.rosidl_typesupport_fastrtps_c.c.o[0m
[4.323s] [ 95%] [32mBuilding C object CMakeFiles/dls2_msgs__rosidl_typesupport_c__pyext.dir/rosidl_generator_py/dls2_msgs/_dls2_msgs_s.ep.rosidl_typesupport_c.c.o[0m
[4.440s] [ 96%] [1m[32mLinking C shared library rosidl_generator_py/dls2_msgs/dls2_msgs_s__rosidl_typesupport_c.cpython-311-x86_64-linux-gnu.so[0m
[4.447s] [ 98%] [1m[32mLinking C shared library rosidl_generator_py/dls2_msgs/dls2_msgs_s__rosidl_typesupport_introspection_c.cpython-311-x86_64-linux-gnu.so[0m
[4.449s] [100%] [1m[32mLinking C shared library rosidl_generator_py/dls2_msgs/dls2_msgs_s__rosidl_typesupport_fastrtps_c.cpython-311-x86_64-linux-gnu.so[0m
[4.462s] [100%] Built target dls2_msgs__rosidl_typesupport_c__pyext
[4.469s] [100%] Built target dls2_msgs__rosidl_typesupport_introspection_c__pyext
[4.472s] [100%] Built target dls2_msgs__rosidl_typesupport_fastrtps_c__pyext
[4.479s] Invoked command in '/home/iit.local/gturrisi/isaaclab_ws_home/basic-locomotion-dls-isaaclab/deploy/ros2_ws/build/dls2_msgs' returned '0': CONDA_PROMPT_MODIFIER=(basic_locomotion_dls_isaaclab_ros2_env) /home/iit.local/gturrisi/miniforge3/envs/basic_locomotion_dls_isaaclab_ros2_env/bin/cmake --build /home/iit.local/gturrisi/isaaclab_ws_home/basic-locomotion-dls-isaaclab/deploy/ros2_ws/build/dls2_msgs -- -j20 -l20
[4.484s] Invoking command in '/home/iit.local/gturrisi/isaaclab_ws_home/basic-locomotion-dls-isaaclab/deploy/ros2_ws/build/dls2_msgs': CONDA_PROMPT_MODIFIER=(basic_locomotion_dls_isaaclab_ros2_env) /home/iit.local/gturrisi/miniforge3/envs/basic_locomotion_dls_isaaclab_ros2_env/bin/cmake --install /home/iit.local/gturrisi/isaaclab_ws_home/basic-locomotion-dls-isaaclab/deploy/ros2_ws/build/dls2_msgs
[4.489s] -- Install configuration: ""
[4.489s] -- Up-to-date: /home/iit.local/gturrisi/isaaclab_ws_home/basic-locomotion-dls-isaaclab/deploy/ros2_ws/install/dls2_msgs/share/ament_index/resource_index/rosidl_interfaces/dls2_msgs
[4.489s] -- Up-to-date: /home/iit.local/gturrisi/isaaclab_ws_home/basic-locomotion-dls-isaaclab/deploy/ros2_ws/install/dls2_msgs/include/dls2_msgs/dls2_msgs
[4.489s] -- Up-to-date: /home/iit.local/gturrisi/isaaclab_ws_home/basic-locomotion-dls-isaaclab/deploy/ros2_ws/install/dls2_msgs/include/dls2_msgs/dls2_msgs/msg
[4.489s] -- Installing: /home/iit.local/gturrisi/isaaclab_ws_home/basic-locomotion-dls-isaaclab/deploy/ros2_ws/install/dls2_msgs/include/dls2_msgs/dls2_msgs/msg/control_signal_msg.h
[4.489s] -- Up-to-date: /home/iit.local/gturrisi/isaaclab_ws_home/basic-locomotion-dls-isaaclab/deploy/ros2_ws/install/dls2_msgs/include/dls2_msgs/dls2_msgs/msg/rosidl_generator_c__visibility_control.h
[4.489s] -- Installing: /home/iit.local/gturrisi/isaaclab_ws_home/basic-locomotion-dls-isaaclab/deploy/ros2_ws/install/dls2_msgs/include/dls2_msgs/dls2_msgs/msg/blind_state_msg.h
[4.489s] -- Installing: /home/iit.local/gturrisi/isaaclab_ws_home/basic-locomotion-dls-isaaclab/deploy/ros2_ws/install/dls2_msgs/include/dls2_msgs/dls2_msgs/msg/trajectory_generator_msg.h
[4.489s] -- Up-to-date: /home/iit.local/gturrisi/isaaclab_ws_home/basic-locomotion-dls-isaaclab/deploy/ros2_ws/install/dls2_msgs/include/dls2_msgs/dls2_msgs/msg/detail
[4.489s] -- Installing: /home/iit.local/gturrisi/isaaclab_ws_home/basic-locomotion-dls-isaaclab/deploy/ros2_ws/install/dls2_msgs/include/dls2_msgs/dls2_msgs/msg/detail/imu_msg__struct.h
[4.489s] -- Installing: /home/iit.local/gturrisi/isaaclab_ws_home/basic-locomotion-dls-isaaclab/deploy/ros2_ws/install/dls2_msgs/include/dls2_msgs/dls2_msgs/msg/detail/control_signal_msg__functions.h
[4.489s] -- Installing: /home/iit.local/gturrisi/isaaclab_ws_home/basic-locomotion-dls-isaaclab/deploy/ros2_ws/install/dls2_msgs/include/dls2_msgs/dls2_msgs/msg/detail/base_state_msg__functions.c
[4.489s] -- Installing: /home/iit.local/gturrisi/isaaclab_ws_home/basic-locomotion-dls-isaaclab/deploy/ros2_ws/install/dls2_msgs/include/dls2_msgs/dls2_msgs/msg/detail/trajectory_generator_msg__functions.h
[4.489s] -- Installing: /home/iit.local/gturrisi/isaaclab_ws_home/basic-locomotion-dls-isaaclab/deploy/ros2_ws/install/dls2_msgs/include/dls2_msgs/dls2_msgs/msg/detail/blind_state_msg__functions.c
[4.489s] -- Installing: /home/iit.local/gturrisi/isaaclab_ws_home/basic-locomotion-dls-isaaclab/deploy/ros2_ws/install/dls2_msgs/include/dls2_msgs/dls2_msgs/msg/detail/base_state_msg__functions.h
[4.489s] -- Installing: /home/iit.local/gturrisi/isaaclab_ws_home/basic-locomotion-dls-isaaclab/deploy/ros2_ws/install/dls2_msgs/include/dls2_msgs/dls2_msgs/msg/detail/blind_state_msg__functions.h
[4.489s] -- Installing: /home/iit.local/gturrisi/isaaclab_ws_home/basic-locomotion-dls-isaaclab/deploy/ros2_ws/install/dls2_msgs/include/dls2_msgs/dls2_msgs/msg/detail/control_signal_msg__type_support.h
[4.490s] -- Installing: /home/iit.local/gturrisi/isaaclab_ws_home/basic-locomotion-dls-isaaclab/deploy/ros2_ws/install/dls2_msgs/include/dls2_msgs/dls2_msgs/msg/detail/trajectory_generator_msg__type_support.h
[4.490s] -- Installing: /home/iit.local/gturrisi/isaaclab_ws_home/basic-locomotion-dls-isaaclab/deploy/ros2_ws/install/dls2_msgs/include/dls2_msgs/dls2_msgs/msg/detail/blind_state_msg__struct.h
[4.490s] -- Installing: /home/iit.local/gturrisi/isaaclab_ws_home/basic-locomotion-dls-isaaclab/deploy/ros2_ws/install/dls2_msgs/include/dls2_msgs/dls2_msgs/msg/detail/trajectory_generator_msg__struct.h
[4.490s] -- Installing: /home/iit.local/gturrisi/isaaclab_ws_home/basic-locomotion-dls-isaaclab/deploy/ros2_ws/install/dls2_msgs/include/dls2_msgs/dls2_msgs/msg/detail/base_state_msg__type_support.h
[4.490s] -- Installing: /home/iit.local/gturrisi/isaaclab_ws_home/basic-locomotion-dls-isaaclab/deploy/ros2_ws/install/dls2_msgs/include/dls2_msgs/dls2_msgs/msg/detail/imu_msg__functions.h
[4.490s] -- Installing: /home/iit.local/gturrisi/isaaclab_ws_home/basic-locomotion-dls-isaaclab/deploy/ros2_ws/install/dls2_msgs/include/dls2_msgs/dls2_msgs/msg/detail/control_signal_msg__struct.h
[4.490s] -- Installing: /home/iit.local/gturrisi/isaaclab_ws_home/basic-locomotion-dls-isaaclab/deploy/ros2_ws/install/dls2_msgs/include/dls2_msgs/dls2_msgs/msg/detail/base_state_msg__struct.h
[4.490s] -- Installing: /home/iit.local/gturrisi/isaaclab_ws_home/basic-locomotion-dls-isaaclab/deploy/ros2_ws/install/dls2_msgs/include/dls2_msgs/dls2_msgs/msg/detail/imu_msg__type_support.h
[4.490s] -- Installing: /home/iit.local/gturrisi/isaaclab_ws_home/basic-locomotion-dls-isaaclab/deploy/ros2_ws/install/dls2_msgs/include/dls2_msgs/dls2_msgs/msg/detail/trajectory_generator_msg__functions.c
[4.490s] -- Installing: /home/iit.local/gturrisi/isaaclab_ws_home/basic-locomotion-dls-isaaclab/deploy/ros2_ws/install/dls2_msgs/include/dls2_msgs/dls2_msgs/msg/detail/control_signal_msg__functions.c
[4.490s] -- Installing: /home/iit.local/gturrisi/isaaclab_ws_home/basic-locomotion-dls-isaaclab/deploy/ros2_ws/install/dls2_msgs/include/dls2_msgs/dls2_msgs/msg/detail/blind_state_msg__type_support.h
[4.490s] -- Installing: /home/iit.local/gturrisi/isaaclab_ws_home/basic-locomotion-dls-isaaclab/deploy/ros2_ws/install/dls2_msgs/include/dls2_msgs/dls2_msgs/msg/detail/imu_msg__functions.c
[4.491s] -- Installing: /home/iit.local/gturrisi/isaaclab_ws_home/basic-locomotion-dls-isaaclab/deploy/ros2_ws/install/dls2_msgs/include/dls2_msgs/dls2_msgs/msg/imu_msg.h
[4.491s] -- Installing: /home/iit.local/gturrisi/isaaclab_ws_home/basic-locomotion-dls-isaaclab/deploy/ros2_ws/install/dls2_msgs/include/dls2_msgs/dls2_msgs/msg/base_state_msg.h
[4.491s] -- Installing: /home/iit.local/gturrisi/isaaclab_ws_home/basic-locomotion-dls-isaaclab/deploy/ros2_ws/install/dls2_msgs/lib/libdls2_msgs__rosidl_generator_c.so
[4.491s] -- Up-to-date: /home/iit.local/gturrisi/isaaclab_ws_home/basic-locomotion-dls-isaaclab/deploy/ros2_ws/install/dls2_msgs/include/dls2_msgs/dls2_msgs
[4.491s] -- Up-to-date: /home/iit.local/gturrisi/isaaclab_ws_home/basic-locomotion-dls-isaaclab/deploy/ros2_ws/install/dls2_msgs/include/dls2_msgs/dls2_msgs/msg
[4.491s] -- Up-to-date: /home/iit.local/gturrisi/isaaclab_ws_home/basic-locomotion-dls-isaaclab/deploy/ros2_ws/install/dls2_msgs/include/dls2_msgs/dls2_msgs/msg/rosidl_typesupport_fastrtps_c__visibility_control.h
[4.491s] -- Up-to-date: /home/iit.local/gturrisi/isaaclab_ws_home/basic-locomotion-dls-isaaclab/deploy/ros2_ws/install/dls2_msgs/include/dls2_msgs/dls2_msgs/msg/detail
[4.491s] -- Installing: /home/iit.local/gturrisi/isaaclab_ws_home/basic-locomotion-dls-isaaclab/deploy/ros2_ws/install/dls2_msgs/include/dls2_msgs/dls2_msgs/msg/detail/control_signal_msg__rosidl_typesupport_fastrtps_c.h
[4.492s] -- Installing: /home/iit.local/gturrisi/isaaclab_ws_home/basic-locomotion-dls-isaaclab/deploy/ros2_ws/install/dls2_msgs/include/dls2_msgs/dls2_msgs/msg/detail/trajectory_generator_msg__rosidl_typesupport_fastrtps_c.h
[4.492s] -- Installing: /home/iit.local/gturrisi/isaaclab_ws_home/basic-locomotion-dls-isaaclab/deploy/ros2_ws/install/dls2_msgs/include/dls2_msgs/dls2_msgs/msg/detail/blind_state_msg__rosidl_typesupport_fastrtps_c.h
[4.492s] -- Installing: /home/iit.local/gturrisi/isaaclab_ws_home/basic-locomotion-dls-isaaclab/deploy/ros2_ws/install/dls2_msgs/include/dls2_msgs/dls2_msgs/msg/detail/base_state_msg__rosidl_typesupport_fastrtps_c.h
[4.492s] -- Installing: /home/iit.local/gturrisi/isaaclab_ws_home/basic-locomotion-dls-isaaclab/deploy/ros2_ws/install/dls2_msgs/include/dls2_msgs/dls2_msgs/msg/detail/imu_msg__rosidl_typesupport_fastrtps_c.h
[4.492s] -- Installing: /home/iit.local/gturrisi/isaaclab_ws_home/basic-locomotion-dls-isaaclab/deploy/ros2_ws/install/dls2_msgs/lib/libdls2_msgs__rosidl_typesupport_fastrtps_c.so
[4.492s] -- Set non-toolchain portion of runtime path of "/home/iit.local/gturrisi/isaaclab_ws_home/basic-locomotion-dls-isaaclab/deploy/ros2_ws/install/dls2_msgs/lib/libdls2_msgs__rosidl_typesupport_fastrtps_c.so" to ""
[4.492s] -- Up-to-date: /home/iit.local/gturrisi/isaaclab_ws_home/basic-locomotion-dls-isaaclab/deploy/ros2_ws/install/dls2_msgs/include/dls2_msgs/dls2_msgs
[4.492s] -- Up-to-date: /home/iit.local/gturrisi/isaaclab_ws_home/basic-locomotion-dls-isaaclab/deploy/ros2_ws/install/dls2_msgs/include/dls2_msgs/dls2_msgs/msg
[4.492s] -- Up-to-date: /home/iit.local/gturrisi/isaaclab_ws_home/basic-locomotion-dls-isaaclab/deploy/ros2_ws/install/dls2_msgs/include/dls2_msgs/dls2_msgs/msg/detail
[4.492s] -- Installing: /home/iit.local/gturrisi/isaaclab_ws_home/basic-locomotion-dls-isaaclab/deploy/ros2_ws/install/dls2_msgs/include/dls2_msgs/dls2_msgs/msg/detail/blind_state_msg__rosidl_typesupport_introspection_c.h
[4.493s] -- Installing: /home/iit.local/gturrisi/isaaclab_ws_home/basic-locomotion-dls-isaaclab/deploy/ros2_ws/install/dls2_msgs/include/dls2_msgs/dls2_msgs/msg/detail/control_signal_msg__rosidl_typesupport_introspection_c.h
[4.493s] -- Installing: /home/iit.local/gturrisi/isaaclab_ws_home/basic-locomotion-dls-isaaclab/deploy/ros2_ws/install/dls2_msgs/include/dls2_msgs/dls2_msgs/msg/detail/imu_msg__type_support.c
[4.493s] -- Installing: /home/iit.local/gturrisi/isaaclab_ws_home/basic-locomotion-dls-isaaclab/deploy/ros2_ws/install/dls2_msgs/include/dls2_msgs/dls2_msgs/msg/detail/base_state_msg__type_support.c
[4.493s] -- Installing: /home/iit.local/gturrisi/isaaclab_ws_home/basic-locomotion-dls-isaaclab/deploy/ros2_ws/install/dls2_msgs/include/dls2_msgs/dls2_msgs/msg/detail/imu_msg__rosidl_typesupport_introspection_c.h
[4.493s] -- Installing: /home/iit.local/gturrisi/isaaclab_ws_home/basic-locomotion-dls-isaaclab/deploy/ros2_ws/install/dls2_msgs/include/dls2_msgs/dls2_msgs/msg/detail/control_signal_msg__type_support.c
[4.493s] -- Installing: /home/iit.local/gturrisi/isaaclab_ws_home/basic-locomotion-dls-isaaclab/deploy/ros2_ws/install/dls2_msgs/include/dls2_msgs/dls2_msgs/msg/detail/base_state_msg__rosidl_typesupport_introspection_c.h
[4.493s] -- Installing: /home/iit.local/gturrisi/isaaclab_ws_home/basic-locomotion-dls-isaaclab/deploy/ros2_ws/install/dls2_msgs/include/dls2_msgs/dls2_msgs/msg/detail/blind_state_msg__type_support.c
[4.493s] -- Installing: /home/iit.local/gturrisi/isaaclab_ws_home/basic-locomotion-dls-isaaclab/deploy/ros2_ws/install/dls2_msgs/include/dls2_msgs/dls2_msgs/msg/detail/trajectory_generator_msg__rosidl_typesupport_introspection_c.h
[4.493s] -- Installing: /home/iit.local/gturrisi/isaaclab_ws_home/basic-locomotion-dls-isaaclab/deploy/ros2_ws/install/dls2_msgs/include/dls2_msgs/dls2_msgs/msg/detail/trajectory_generator_msg__type_support.c
[4.493s] -- Up-to-date: /home/iit.local/gturrisi/isaaclab_ws_home/basic-locomotion-dls-isaaclab/deploy/ros2_ws/install/dls2_msgs/include/dls2_msgs/dls2_msgs/msg/rosidl_typesupport_introspection_c__visibility_control.h
[4.493s] -- Installing: /home/iit.local/gturrisi/isaaclab_ws_home/basic-locomotion-dls-isaaclab/deploy/ros2_ws/install/dls2_msgs/lib/libdls2_msgs__rosidl_typesupport_introspection_c.so
[4.493s] -- Set non-toolchain portion of runtime path of "/home/iit.local/gturrisi/isaaclab_ws_home/basic-locomotion-dls-isaaclab/deploy/ros2_ws/install/dls2_msgs/lib/libdls2_msgs__rosidl_typesupport_introspection_c.so" to ""
[4.494s] -- Installing: /home/iit.local/gturrisi/isaaclab_ws_home/basic-locomotion-dls-isaaclab/deploy/ros2_ws/install/dls2_msgs/lib/libdls2_msgs__rosidl_typesupport_c.so
[4.494s] -- Set non-toolchain portion of runtime path of "/home/iit.local/gturrisi/isaaclab_ws_home/basic-locomotion-dls-isaaclab/deploy/ros2_ws/install/dls2_msgs/lib/libdls2_msgs__rosidl_typesupport_c.so" to ""
[4.494s] -- Up-to-date: /home/iit.local/gturrisi/isaaclab_ws_home/basic-locomotion-dls-isaaclab/deploy/ros2_ws/install/dls2_msgs/include/dls2_msgs/dls2_msgs
[4.494s] -- Up-to-date: /home/iit.local/gturrisi/isaaclab_ws_home/basic-locomotion-dls-isaaclab/deploy/ros2_ws/install/dls2_msgs/include/dls2_msgs/dls2_msgs/msg
[4.494s] -- Installing: /home/iit.local/gturrisi/isaaclab_ws_home/basic-locomotion-dls-isaaclab/deploy/ros2_ws/install/dls2_msgs/include/dls2_msgs/dls2_msgs/msg/blind_state_msg.hpp
[4.494s] -- Installing: /home/iit.local/gturrisi/isaaclab_ws_home/basic-locomotion-dls-isaaclab/deploy/ros2_ws/install/dls2_msgs/include/dls2_msgs/dls2_msgs/msg/base_state_msg.hpp
[4.494s] -- Installing: /home/iit.local/gturrisi/isaaclab_ws_home/basic-locomotion-dls-isaaclab/deploy/ros2_ws/install/dls2_msgs/include/dls2_msgs/dls2_msgs/msg/trajectory_generator_msg.hpp
[4.494s] -- Up-to-date: /home/iit.local/gturrisi/isaaclab_ws_home/basic-locomotion-dls-isaaclab/deploy/ros2_ws/install/dls2_msgs/include/dls2_msgs/dls2_msgs/msg/detail
[4.494s] -- Installing: /home/iit.local/gturrisi/isaaclab_ws_home/basic-locomotion-dls-isaaclab/deploy/ros2_ws/install/dls2_msgs/include/dls2_msgs/dls2_msgs/msg/detail/control_signal_msg__type_support.hpp
[4.494s] -- Installing: /home/iit.local/gturrisi/isaaclab_ws_home/basic-locomotion-dls-isaaclab/deploy/ros2_ws/install/dls2_msgs/include/dls2_msgs/dls2_msgs/msg/detail/blind_state_msg__struct.hpp
[4.494s] -- Installing: /home/iit.local/gturrisi/isaaclab_ws_home/basic-locomotion-dls-isaaclab/deploy/ros2_ws/install/dls2_msgs/include/dls2_msgs/dls2_msgs/msg/detail/blind_state_msg__traits.hpp
[4.495s] -- Installing: /home/iit.local/gturrisi/isaaclab_ws_home/basic-locomotion-dls-isaaclab/deploy/ros2_ws/install/dls2_msgs/include/dls2_msgs/dls2_msgs/msg/detail/imu_msg__type_support.hpp
[4.495s] -- Installing: /home/iit.local/gturrisi/isaaclab_ws_home/basic-locomotion-dls-isaaclab/deploy/ros2_ws/install/dls2_msgs/include/dls2_msgs/dls2_msgs/msg/detail/base_state_msg__builder.hpp
[4.495s] -- Installing: /home/iit.local/gturrisi/isaaclab_ws_home/basic-locomotion-dls-isaaclab/deploy/ros2_ws/install/dls2_msgs/include/dls2_msgs/dls2_msgs/msg/detail/blind_state_msg__builder.hpp
[4.495s] -- Installing: /home/iit.local/gturrisi/isaaclab_ws_home/basic-locomotion-dls-isaaclab/deploy/ros2_ws/install/dls2_msgs/include/dls2_msgs/dls2_msgs/msg/detail/imu_msg__struct.hpp
[4.495s] -- Installing: /home/iit.local/gturrisi/isaaclab_ws_home/basic-locomotion-dls-isaaclab/deploy/ros2_ws/install/dls2_msgs/include/dls2_msgs/dls2_msgs/msg/detail/base_state_msg__struct.hpp
[4.495s] -- Installing: /home/iit.local/gturrisi/isaaclab_ws_home/basic-locomotion-dls-isaaclab/deploy/ros2_ws/install/dls2_msgs/include/dls2_msgs/dls2_msgs/msg/detail/trajectory_generator_msg__type_support.hpp
[4.495s] -- Installing: /home/iit.local/gturrisi/isaaclab_ws_home/basic-locomotion-dls-isaaclab/deploy/ros2_ws/install/dls2_msgs/include/dls2_msgs/dls2_msgs/msg/detail/trajectory_generator_msg__builder.hpp
[4.495s] -- Installing: /home/iit.local/gturrisi/isaaclab_ws_home/basic-locomotion-dls-isaaclab/deploy/ros2_ws/install/dls2_msgs/include/dls2_msgs/dls2_msgs/msg/detail/trajectory_generator_msg__struct.hpp
[4.495s] -- Installing: /home/iit.local/gturrisi/isaaclab_ws_home/basic-locomotion-dls-isaaclab/deploy/ros2_ws/install/dls2_msgs/include/dls2_msgs/dls2_msgs/msg/detail/trajectory_generator_msg__traits.hpp
[4.495s] -- Installing: /home/iit.local/gturrisi/isaaclab_ws_home/basic-locomotion-dls-isaaclab/deploy/ros2_ws/install/dls2_msgs/include/dls2_msgs/dls2_msgs/msg/detail/base_state_msg__traits.hpp
[4.495s] -- Installing: /home/iit.local/gturrisi/isaaclab_ws_home/basic-locomotion-dls-isaaclab/deploy/ros2_ws/install/dls2_msgs/include/dls2_msgs/dls2_msgs/msg/detail/control_signal_msg__builder.hpp
[4.495s] -- Installing: /home/iit.local/gturrisi/isaaclab_ws_home/basic-locomotion-dls-isaaclab/deploy/ros2_ws/install/dls2_msgs/include/dls2_msgs/dls2_msgs/msg/detail/base_state_msg__type_support.hpp
[4.495s] -- Installing: /home/iit.local/gturrisi/isaaclab_ws_home/basic-locomotion-dls-isaaclab/deploy/ros2_ws/install/dls2_msgs/include/dls2_msgs/dls2_msgs/msg/detail/imu_msg__builder.hpp
[4.495s] -- Installing: /home/iit.local/gturrisi/isaaclab_ws_home/basic-locomotion-dls-isaaclab/deploy/ros2_ws/install/dls2_msgs/include/dls2_msgs/dls2_msgs/msg/detail/control_signal_msg__traits.hpp
[4.495s] -- Installing: /home/iit.local/gturrisi/isaaclab_ws_home/basic-locomotion-dls-isaaclab/deploy/ros2_ws/install/dls2_msgs/include/dls2_msgs/dls2_msgs/msg/detail/control_signal_msg__struct.hpp
[4.496s] -- Installing: /home/iit.local/gturrisi/isaaclab_ws_home/basic-locomotion-dls-isaaclab/deploy/ros2_ws/install/dls2_msgs/include/dls2_msgs/dls2_msgs/msg/detail/blind_state_msg__type_support.hpp
[4.496s] -- Installing: /home/iit.local/gturrisi/isaaclab_ws_home/basic-locomotion-dls-isaaclab/deploy/ros2_ws/install/dls2_msgs/include/dls2_msgs/dls2_msgs/msg/detail/imu_msg__traits.hpp
[4.496s] -- Installing: /home/iit.local/gturrisi/isaaclab_ws_home/basic-locomotion-dls-isaaclab/deploy/ros2_ws/install/dls2_msgs/include/dls2_msgs/dls2_msgs/msg/control_signal_msg.hpp
[4.496s] -- Installing: /home/iit.local/gturrisi/isaaclab_ws_home/basic-locomotion-dls-isaaclab/deploy/ros2_ws/install/dls2_msgs/include/dls2_msgs/dls2_msgs/msg/imu_msg.hpp
[4.496s] -- Up-to-date: /home/iit.local/gturrisi/isaaclab_ws_home/basic-locomotion-dls-isaaclab/deploy/ros2_ws/install/dls2_msgs/include/dls2_msgs/dls2_msgs/msg/rosidl_generator_cpp__visibility_control.hpp
[4.496s] -- Up-to-date: /home/iit.local/gturrisi/isaaclab_ws_home/basic-locomotion-dls-isaaclab/deploy/ros2_ws/install/dls2_msgs/include/dls2_msgs/dls2_msgs
[4.496s] -- Up-to-date: /home/iit.local/gturrisi/isaaclab_ws_home/basic-locomotion-dls-isaaclab/deploy/ros2_ws/install/dls2_msgs/include/dls2_msgs/dls2_msgs/msg
[4.496s] -- Up-to-date: /home/iit.local/gturrisi/isaaclab_ws_home/basic-locomotion-dls-isaaclab/deploy/ros2_ws/install/dls2_msgs/include/dls2_msgs/dls2_msgs/msg/rosidl_typesupport_fastrtps_cpp__visibility_control.h
[4.496s] -- Up-to-date: /home/iit.local/gturrisi/isaaclab_ws_home/basic-locomotion-dls-isaaclab/deploy/ros2_ws/install/dls2_msgs/include/dls2_msgs/dls2_msgs/msg/detail
[4.496s] -- Installing: /home/iit.local/gturrisi/isaaclab_ws_home/basic-locomotion-dls-isaaclab/deploy/ros2_ws/install/dls2_msgs/include/dls2_msgs/dls2_msgs/msg/detail/blind_state_msg__rosidl_typesupport_fastrtps_cpp.hpp
[4.496s] -- Up-to-date: /home/iit.local/gturrisi/isaaclab_ws_home/basic-locomotion-dls-isaaclab/deploy/ros2_ws/install/dls2_msgs/include/dls2_msgs/dls2_msgs/msg/detail/dds_fastrtps
[4.496s] -- Installing: /home/iit.local/gturrisi/isaaclab_ws_home/basic-locomotion-dls-isaaclab/deploy/ros2_ws/install/dls2_msgs/include/dls2_msgs/dls2_msgs/msg/detail/trajectory_generator_msg__rosidl_typesupport_fastrtps_cpp.hpp
[4.496s] -- Installing: /home/iit.local/gturrisi/isaaclab_ws_home/basic-locomotion-dls-isaaclab/deploy/ros2_ws/install/dls2_msgs/include/dls2_msgs/dls2_msgs/msg/detail/imu_msg__rosidl_typesupport_fastrtps_cpp.hpp
[4.496s] -- Installing: /home/iit.local/gturrisi/isaaclab_ws_home/basic-locomotion-dls-isaaclab/deploy/ros2_ws/install/dls2_msgs/include/dls2_msgs/dls2_msgs/msg/detail/control_signal_msg__rosidl_typesupport_fastrtps_cpp.hpp
[4.496s] -- Installing: /home/iit.local/gturrisi/isaaclab_ws_home/basic-locomotion-dls-isaaclab/deploy/ros2_ws/install/dls2_msgs/include/dls2_msgs/dls2_msgs/msg/detail/base_state_msg__rosidl_typesupport_fastrtps_cpp.hpp
[4.497s] -- Installing: /home/iit.local/gturrisi/isaaclab_ws_home/basic-locomotion-dls-isaaclab/deploy/ros2_ws/install/dls2_msgs/lib/libdls2_msgs__rosidl_typesupport_fastrtps_cpp.so
[4.497s] -- Up-to-date: /home/iit.local/gturrisi/isaaclab_ws_home/basic-locomotion-dls-isaaclab/deploy/ros2_ws/install/dls2_msgs/include/dls2_msgs/dls2_msgs
[4.497s] -- Up-to-date: /home/iit.local/gturrisi/isaaclab_ws_home/basic-locomotion-dls-isaaclab/deploy/ros2_ws/install/dls2_msgs/include/dls2_msgs/dls2_msgs/msg
[4.497s] -- Up-to-date: /home/iit.local/gturrisi/isaaclab_ws_home/basic-locomotion-dls-isaaclab/deploy/ros2_ws/install/dls2_msgs/include/dls2_msgs/dls2_msgs/msg/detail
[4.497s] -- Installing: /home/iit.local/gturrisi/isaaclab_ws_home/basic-locomotion-dls-isaaclab/deploy/ros2_ws/install/dls2_msgs/include/dls2_msgs/dls2_msgs/msg/detail/control_signal_msg__type_support.cpp
[4.497s] -- Installing: /home/iit.local/gturrisi/isaaclab_ws_home/basic-locomotion-dls-isaaclab/deploy/ros2_ws/install/dls2_msgs/include/dls2_msgs/dls2_msgs/msg/detail/base_state_msg__rosidl_typesupport_introspection_cpp.hpp
[4.497s] -- Installing: /home/iit.local/gturrisi/isaaclab_ws_home/basic-locomotion-dls-isaaclab/deploy/ros2_ws/install/dls2_msgs/include/dls2_msgs/dls2_msgs/msg/detail/blind_state_msg__type_support.cpp
[4.497s] -- Installing: /home/iit.local/gturrisi/isaaclab_ws_home/basic-locomotion-dls-isaaclab/deploy/ros2_ws/install/dls2_msgs/include/dls2_msgs/dls2_msgs/msg/detail/trajectory_generator_msg__type_support.cpp
[4.497s] -- Installing: /home/iit.local/gturrisi/isaaclab_ws_home/basic-locomotion-dls-isaaclab/deploy/ros2_ws/install/dls2_msgs/include/dls2_msgs/dls2_msgs/msg/detail/base_state_msg__type_support.cpp
[4.497s] -- Installing: /home/iit.local/gturrisi/isaaclab_ws_home/basic-locomotion-dls-isaaclab/deploy/ros2_ws/install/dls2_msgs/include/dls2_msgs/dls2_msgs/msg/detail/trajectory_generator_msg__rosidl_typesupport_introspection_cpp.hpp
[4.497s] -- Installing: /home/iit.local/gturrisi/isaaclab_ws_home/basic-locomotion-dls-isaaclab/deploy/ros2_ws/install/dls2_msgs/include/dls2_msgs/dls2_msgs/msg/detail/imu_msg__type_support.cpp
[4.498s] -- Installing: /home/iit.local/gturrisi/isaaclab_ws_home/basic-locomotion-dls-isaaclab/deploy/ros2_ws/install/dls2_msgs/include/dls2_msgs/dls2_msgs/msg/detail/control_signal_msg__rosidl_typesupport_introspection_cpp.hpp
[4.498s] -- Installing: /home/iit.local/gturrisi/isaaclab_ws_home/basic-locomotion-dls-isaaclab/deploy/ros2_ws/install/dls2_msgs/include/dls2_msgs/dls2_msgs/msg/detail/imu_msg__rosidl_typesupport_introspection_cpp.hpp
[4.498s] -- Installing: /home/iit.local/gturrisi/isaaclab_ws_home/basic-locomotion-dls-isaaclab/deploy/ros2_ws/install/dls2_msgs/include/dls2_msgs/dls2_msgs/msg/detail/blind_state_msg__rosidl_typesupport_introspection_cpp.hpp
[4.498s] -- Installing: /home/iit.local/gturrisi/isaaclab_ws_home/basic-locomotion-dls-isaaclab/deploy/ros2_ws/install/dls2_msgs/lib/libdls2_msgs__rosidl_typesupport_introspection_cpp.so
[4.499s] -- Installing: /home/iit.local/gturrisi/isaaclab_ws_home/basic-locomotion-dls-isaaclab/deploy/ros2_ws/install/dls2_msgs/lib/libdls2_msgs__rosidl_typesupport_cpp.so
[4.499s] -- Up-to-date: /home/iit.local/gturrisi/isaaclab_ws_home/basic-locomotion-dls-isaaclab/deploy/ros2_ws/install/dls2_msgs/share/dls2_msgs/environment/pythonpath.sh
[4.499s] -- Installing: /home/iit.local/gturrisi/isaaclab_ws_home/basic-locomotion-dls-isaaclab/deploy/ros2_ws/install/dls2_msgs/share/dls2_msgs/environment/pythonpath.dsv
[4.499s] -- Up-to-date: /home/iit.local/gturrisi/isaaclab_ws_home/basic-locomotion-dls-isaaclab/deploy/ros2_ws/install/dls2_msgs/lib/python3.11/site-packages/dls2_msgs-0.0.0-py3.11.egg-info
[4.499s] -- Installing: /home/iit.local/gturrisi/isaaclab_ws_home/basic-locomotion-dls-isaaclab/deploy/ros2_ws/install/dls2_msgs/lib/python3.11/site-packages/dls2_msgs-0.0.0-py3.11.egg-info/SOURCES.txt
[4.499s] -- Installing: /home/iit.local/gturrisi/isaaclab_ws_home/basic-locomotion-dls-isaaclab/deploy/ros2_ws/install/dls2_msgs/lib/python3.11/site-packages/dls2_msgs-0.0.0-py3.11.egg-info/top_level.txt
[4.499s] -- Installing: /home/iit.local/gturrisi/isaaclab_ws_home/basic-locomotion-dls-isaaclab/deploy/ros2_ws/install/dls2_msgs/lib/python3.11/site-packages/dls2_msgs-0.0.0-py3.11.egg-info/dependency_links.txt
[4.500s] -- Installing: /home/iit.local/gturrisi/isaaclab_ws_home/basic-locomotion-dls-isaaclab/deploy/ros2_ws/install/dls2_msgs/lib/python3.11/site-packages/dls2_msgs-0.0.0-py3.11.egg-info/PKG-INFO
[4.500s] -- Up-to-date: /home/iit.local/gturrisi/isaaclab_ws_home/basic-locomotion-dls-isaaclab/deploy/ros2_ws/install/dls2_msgs/lib/python3.11/site-packages/dls2_msgs
[4.500s] -- Installing: /home/iit.local/gturrisi/isaaclab_ws_home/basic-locomotion-dls-isaaclab/deploy/ros2_ws/install/dls2_msgs/lib/python3.11/site-packages/dls2_msgs/dls2_msgs_s__rosidl_typesupport_c.cpython-311-x86_64-linux-gnu.so
[4.500s] -- Installing: /home/iit.local/gturrisi/isaaclab_ws_home/basic-locomotion-dls-isaaclab/deploy/ros2_ws/install/dls2_msgs/lib/python3.11/site-packages/dls2_msgs/_dls2_msgs_s.ep.rosidl_typesupport_fastrtps_c.c
[4.500s] -- Up-to-date: /home/iit.local/gturrisi/isaaclab_ws_home/basic-locomotion-dls-isaaclab/deploy/ros2_ws/install/dls2_msgs/lib/python3.11/site-packages/dls2_msgs/msg
[4.500s] -- Installing: /home/iit.local/gturrisi/isaaclab_ws_home/basic-locomotion-dls-isaaclab/deploy/ros2_ws/install/dls2_msgs/lib/python3.11/site-packages/dls2_msgs/msg/_trajectory_generator_msg_s.c
[4.500s] -- Installing: /home/iit.local/gturrisi/isaaclab_ws_home/basic-locomotion-dls-isaaclab/deploy/ros2_ws/install/dls2_msgs/lib/python3.11/site-packages/dls2_msgs/msg/_control_signal_msg.py
[4.500s] -- Installing: /home/iit.local/gturrisi/isaaclab_ws_home/basic-locomotion-dls-isaaclab/deploy/ros2_ws/install/dls2_msgs/lib/python3.11/site-packages/dls2_msgs/msg/_base_state_msg_s.c
[4.500s] -- Installing: /home/iit.local/gturrisi/isaaclab_ws_home/basic-locomotion-dls-isaaclab/deploy/ros2_ws/install/dls2_msgs/lib/python3.11/site-packages/dls2_msgs/msg/_trajectory_generator_msg.py
[4.500s] -- Installing: /home/iit.local/gturrisi/isaaclab_ws_home/basic-locomotion-dls-isaaclab/deploy/ros2_ws/install/dls2_msgs/lib/python3.11/site-packages/dls2_msgs/msg/_base_state_msg.py
[4.500s] -- Installing: /home/iit.local/gturrisi/isaaclab_ws_home/basic-locomotion-dls-isaaclab/deploy/ros2_ws/install/dls2_msgs/lib/python3.11/site-packages/dls2_msgs/msg/_imu_msg.py
[4.500s] -- Installing: /home/iit.local/gturrisi/isaaclab_ws_home/basic-locomotion-dls-isaaclab/deploy/ros2_ws/install/dls2_msgs/lib/python3.11/site-packages/dls2_msgs/msg/_control_signal_msg_s.c
[4.500s] -- Installing: /home/iit.local/gturrisi/isaaclab_ws_home/basic-locomotion-dls-isaaclab/deploy/ros2_ws/install/dls2_msgs/lib/python3.11/site-packages/dls2_msgs/msg/_blind_state_msg_s.c
[4.500s] -- Installing: /home/iit.local/gturrisi/isaaclab_ws_home/basic-locomotion-dls-isaaclab/deploy/ros2_ws/install/dls2_msgs/lib/python3.11/site-packages/dls2_msgs/msg/__init__.py
[4.501s] -- Installing: /home/iit.local/gturrisi/isaaclab_ws_home/basic-locomotion-dls-isaaclab/deploy/ros2_ws/install/dls2_msgs/lib/python3.11/site-packages/dls2_msgs/msg/_imu_msg_s.c
[4.501s] -- Installing: /home/iit.local/gturrisi/isaaclab_ws_home/basic-locomotion-dls-isaaclab/deploy/ros2_ws/install/dls2_msgs/lib/python3.11/site-packages/dls2_msgs/msg/_blind_state_msg.py
[4.501s] -- Installing: /home/iit.local/gturrisi/isaaclab_ws_home/basic-locomotion-dls-isaaclab/deploy/ros2_ws/install/dls2_msgs/lib/python3.11/site-packages/dls2_msgs/dls2_msgs_s__rosidl_typesupport_fastrtps_c.cpython-311-x86_64-linux-gnu.so
[4.501s] -- Installing: /home/iit.local/gturrisi/isaaclab_ws_home/basic-locomotion-dls-isaaclab/deploy/ros2_ws/install/dls2_msgs/lib/python3.11/site-packages/dls2_msgs/dls2_msgs_s__rosidl_typesupport_introspection_c.cpython-311-x86_64-linux-gnu.so
[4.501s] -- Installing: /home/iit.local/gturrisi/isaaclab_ws_home/basic-locomotion-dls-isaaclab/deploy/ros2_ws/install/dls2_msgs/lib/python3.11/site-packages/dls2_msgs/libdls2_msgs__rosidl_generator_py.so
[4.502s] -- Installing: /home/iit.local/gturrisi/isaaclab_ws_home/basic-locomotion-dls-isaaclab/deploy/ros2_ws/install/dls2_msgs/lib/python3.11/site-packages/dls2_msgs/__init__.py
[4.502s] -- Installing: /home/iit.local/gturrisi/isaaclab_ws_home/basic-locomotion-dls-isaaclab/deploy/ros2_ws/install/dls2_msgs/lib/python3.11/site-packages/dls2_msgs/_dls2_msgs_s.ep.rosidl_typesupport_introspection_c.c
[4.502s] -- Installing: /home/iit.local/gturrisi/isaaclab_ws_home/basic-locomotion-dls-isaaclab/deploy/ros2_ws/install/dls2_msgs/lib/python3.11/site-packages/dls2_msgs/_dls2_msgs_s.ep.rosidl_typesupport_c.c
[4.525s] Listing 'lib/python3.11/site-packages/dls2_msgs'...
[4.525s] Can't list 'lib/python3.11/site-packages/dls2_msgs'
[4.529s] -- Installing: /home/iit.local/gturrisi/isaaclab_ws_home/basic-locomotion-dls-isaaclab/deploy/ros2_ws/install/dls2_msgs/lib/python3.11/site-packages/dls2_msgs/dls2_msgs_s__rosidl_typesupport_fastrtps_c.cpython-311-x86_64-linux-gnu.so
[4.529s] -- Set non-toolchain portion of runtime path of "/home/iit.local/gturrisi/isaaclab_ws_home/basic-locomotion-dls-isaaclab/deploy/ros2_ws/install/dls2_msgs/lib/python3.11/site-packages/dls2_msgs/dls2_msgs_s__rosidl_typesupport_fastrtps_c.cpython-311-x86_64-linux-gnu.so" to ""
[4.529s] -- Installing: /home/iit.local/gturrisi/isaaclab_ws_home/basic-locomotion-dls-isaaclab/deploy/ros2_ws/install/dls2_msgs/lib/python3.11/site-packages/dls2_msgs/dls2_msgs_s__rosidl_typesupport_introspection_c.cpython-311-x86_64-linux-gnu.so
[4.529s] -- Set non-toolchain portion of runtime path of "/home/iit.local/gturrisi/isaaclab_ws_home/basic-locomotion-dls-isaaclab/deploy/ros2_ws/install/dls2_msgs/lib/python3.11/site-packages/dls2_msgs/dls2_msgs_s__rosidl_typesupport_introspection_c.cpython-311-x86_64-linux-gnu.so" to ""
[4.529s] -- Installing: /home/iit.local/gturrisi/isaaclab_ws_home/basic-locomotion-dls-isaaclab/deploy/ros2_ws/install/dls2_msgs/lib/python3.11/site-packages/dls2_msgs/dls2_msgs_s__rosidl_typesupport_c.cpython-311-x86_64-linux-gnu.so
[4.530s] -- Set non-toolchain portion of runtime path of "/home/iit.local/gturrisi/isaaclab_ws_home/basic-locomotion-dls-isaaclab/deploy/ros2_ws/install/dls2_msgs/lib/python3.11/site-packages/dls2_msgs/dls2_msgs_s__rosidl_typesupport_c.cpython-311-x86_64-linux-gnu.so" to ""
[4.530s] -- Installing: /home/iit.local/gturrisi/isaaclab_ws_home/basic-locomotion-dls-isaaclab/deploy/ros2_ws/install/dls2_msgs/lib/libdls2_msgs__rosidl_generator_py.so
[4.530s] -- Set non-toolchain portion of runtime path of "/home/iit.local/gturrisi/isaaclab_ws_home/basic-locomotion-dls-isaaclab/deploy/ros2_ws/install/dls2_msgs/lib/libdls2_msgs__rosidl_generator_py.so" to ""
[4.530s] -- Up-to-date: /home/iit.local/gturrisi/isaaclab_ws_home/basic-locomotion-dls-isaaclab/deploy/ros2_ws/install/dls2_msgs/share/dls2_msgs/msg/BlindStateMsg.idl
[4.530s] -- Up-to-date: /home/iit.local/gturrisi/isaaclab_ws_home/basic-locomotion-dls-isaaclab/deploy/ros2_ws/install/dls2_msgs/share/dls2_msgs/msg/BaseStateMsg.idl
[4.531s] -- Up-to-date: /home/iit.local/gturrisi/isaaclab_ws_home/basic-locomotion-dls-isaaclab/deploy/ros2_ws/install/dls2_msgs/share/dls2_msgs/msg/ControlSignalMsg.idl
[4.531s] -- Installing: /home/iit.local/gturrisi/isaaclab_ws_home/basic-locomotion-dls-isaaclab/deploy/ros2_ws/install/dls2_msgs/share/dls2_msgs/msg/TrajectoryGeneratorMsg.idl
[4.531s] -- Up-to-date: /home/iit.local/gturrisi/isaaclab_ws_home/basic-locomotion-dls-isaaclab/deploy/ros2_ws/install/dls2_msgs/share/dls2_msgs/msg/ImuMsg.idl
[4.531s] -- Up-to-date: /home/iit.local/gturrisi/isaaclab_ws_home/basic-locomotion-dls-isaaclab/deploy/ros2_ws/install/dls2_msgs/share/dls2_msgs/msg/BlindStateMsg.msg
[4.531s] -- Up-to-date: /home/iit.local/gturrisi/isaaclab_ws_home/basic-locomotion-dls-isaaclab/deploy/ros2_ws/install/dls2_msgs/share/dls2_msgs/msg/BaseStateMsg.msg
[4.531s] -- Up-to-date: /home/iit.local/gturrisi/isaaclab_ws_home/basic-locomotion-dls-isaaclab/deploy/ros2_ws/install/dls2_msgs/share/dls2_msgs/msg/ControlSignalMsg.msg
[4.531s] -- Installing: /home/iit.local/gturrisi/isaaclab_ws_home/basic-locomotion-dls-isaaclab/deploy/ros2_ws/install/dls2_msgs/share/dls2_msgs/msg/TrajectoryGeneratorMsg.msg
[4.531s] -- Up-to-date: /home/iit.local/gturrisi/isaaclab_ws_home/basic-locomotion-dls-isaaclab/deploy/ros2_ws/install/dls2_msgs/share/dls2_msgs/msg/ImuMsg.msg
[4.531s] -- Up-to-date: /home/iit.local/gturrisi/isaaclab_ws_home/basic-locomotion-dls-isaaclab/deploy/ros2_ws/install/dls2_msgs/share/ament_index/resource_index/package_run_dependencies/dls2_msgs
[4.531s] -- Installing: /home/iit.local/gturrisi/isaaclab_ws_home/basic-locomotion-dls-isaaclab/deploy/ros2_ws/install/dls2_msgs/share/ament_index/resource_index/parent_prefix_path/dls2_msgs
[4.531s] -- Up-to-date: /home/iit.local/gturrisi/isaaclab_ws_home/basic-locomotion-dls-isaaclab/deploy/ros2_ws/install/dls2_msgs/share/dls2_msgs/environment/ament_prefix_path.sh
[4.531s] -- Installing: /home/iit.local/gturrisi/isaaclab_ws_home/basic-locomotion-dls-isaaclab/deploy/ros2_ws/install/dls2_msgs/share/dls2_msgs/environment/ament_prefix_path.dsv
[4.531s] -- Up-to-date: /home/iit.local/gturrisi/isaaclab_ws_home/basic-locomotion-dls-isaaclab/deploy/ros2_ws/install/dls2_msgs/share/dls2_msgs/environment/path.sh
[4.531s] -- Installing: /home/iit.local/gturrisi/isaaclab_ws_home/basic-locomotion-dls-isaaclab/deploy/ros2_ws/install/dls2_msgs/share/dls2_msgs/environment/path.dsv
[4.532s] -- Up-to-date: /home/iit.local/gturrisi/isaaclab_ws_home/basic-locomotion-dls-isaaclab/deploy/ros2_ws/install/dls2_msgs/share/dls2_msgs/local_setup.bash
[4.532s] -- Up-to-date: /home/iit.local/gturrisi/isaaclab_ws_home/basic-locomotion-dls-isaaclab/deploy/ros2_ws/install/dls2_msgs/share/dls2_msgs/local_setup.sh
[4.532s] -- Up-to-date: /home/iit.local/gturrisi/isaaclab_ws_home/basic-locomotion-dls-isaaclab/deploy/ros2_ws/install/dls2_msgs/share/dls2_msgs/local_setup.zsh
[4.532s] -- Installing: /home/iit.local/gturrisi/isaaclab_ws_home/basic-locomotion-dls-isaaclab/deploy/ros2_ws/install/dls2_msgs/share/dls2_msgs/local_setup.dsv
[4.532s] -- Installing: /home/iit.local/gturrisi/isaaclab_ws_home/basic-locomotion-dls-isaaclab/deploy/ros2_ws/install/dls2_msgs/share/dls2_msgs/package.dsv
[4.532s] -- Up-to-date: /home/iit.local/gturrisi/isaaclab_ws_home/basic-locomotion-dls-isaaclab/deploy/ros2_ws/install/dls2_msgs/share/ament_index/resource_index/packages/dls2_msgs
[4.532s] -- Up-to-date: /home/iit.local/gturrisi/isaaclab_ws_home/basic-locomotion-dls-isaaclab/deploy/ros2_ws/install/dls2_msgs/share/dls2_msgs/cmake/export_dls2_msgs__rosidl_generator_cExport.cmake
[4.532s] -- Up-to-date: /home/iit.local/gturrisi/isaaclab_ws_home/basic-locomotion-dls-isaaclab/deploy/ros2_ws/install/dls2_msgs/share/dls2_msgs/cmake/export_dls2_msgs__rosidl_generator_cExport-noconfig.cmake
[4.532s] -- Up-to-date: /home/iit.local/gturrisi/isaaclab_ws_home/basic-locomotion-dls-isaaclab/deploy/ros2_ws/install/dls2_msgs/share/dls2_msgs/cmake/export_dls2_msgs__rosidl_typesupport_fastrtps_cExport.cmake
[4.532s] -- Up-to-date: /home/iit.local/gturrisi/isaaclab_ws_home/basic-locomotion-dls-isaaclab/deploy/ros2_ws/install/dls2_msgs/share/dls2_msgs/cmake/export_dls2_msgs__rosidl_typesupport_fastrtps_cExport-noconfig.cmake
[4.532s] -- Up-to-date: /home/iit.local/gturrisi/isaaclab_ws_home/basic-locomotion-dls-isaaclab/deploy/ros2_ws/install/dls2_msgs/share/dls2_msgs/cmake/dls2_msgs__rosidl_typesupport_introspection_cExport.cmake
[4.532s] -- Up-to-date: /home/iit.local/gturrisi/isaaclab_ws_home/basic-locomotion-dls-isaaclab/deploy/ros2_ws/install/dls2_msgs/share/dls2_msgs/cmake/dls2_msgs__rosidl_typesupport_introspection_cExport-noconfig.cmake
[4.532s] -- Up-to-date: /home/iit.local/gturrisi/isaaclab_ws_home/basic-locomotion-dls-isaaclab/deploy/ros2_ws/install/dls2_msgs/share/dls2_msgs/cmake/dls2_msgs__rosidl_typesupport_cExport.cmake
[4.532s] -- Up-to-date: /home/iit.local/gturrisi/isaaclab_ws_home/basic-locomotion-dls-isaaclab/deploy/ros2_ws/install/dls2_msgs/share/dls2_msgs/cmake/dls2_msgs__rosidl_typesupport_cExport-noconfig.cmake
[4.532s] -- Up-to-date: /home/iit.local/gturrisi/isaaclab_ws_home/basic-locomotion-dls-isaaclab/deploy/ros2_ws/install/dls2_msgs/share/dls2_msgs/cmake/export_dls2_msgs__rosidl_generator_cppExport.cmake
[4.532s] -- Up-to-date: /home/iit.local/gturrisi/isaaclab_ws_home/basic-locomotion-dls-isaaclab/deploy/ros2_ws/install/dls2_msgs/share/dls2_msgs/cmake/export_dls2_msgs__rosidl_typesupport_fastrtps_cppExport.cmake
[4.532s] -- Up-to-date: /home/iit.local/gturrisi/isaaclab_ws_home/basic-locomotion-dls-isaaclab/deploy/ros2_ws/install/dls2_msgs/share/dls2_msgs/cmake/export_dls2_msgs__rosidl_typesupport_fastrtps_cppExport-noconfig.cmake
[4.532s] -- Up-to-date: /home/iit.local/gturrisi/isaaclab_ws_home/basic-locomotion-dls-isaaclab/deploy/ros2_ws/install/dls2_msgs/share/dls2_msgs/cmake/dls2_msgs__rosidl_typesupport_introspection_cppExport.cmake
[4.532s] -- Up-to-date: /home/iit.local/gturrisi/isaaclab_ws_home/basic-locomotion-dls-isaaclab/deploy/ros2_ws/install/dls2_msgs/share/dls2_msgs/cmake/dls2_msgs__rosidl_typesupport_introspection_cppExport-noconfig.cmake
[4.532s] -- Up-to-date: /home/iit.local/gturrisi/isaaclab_ws_home/basic-locomotion-dls-isaaclab/deploy/ros2_ws/install/dls2_msgs/share/dls2_msgs/cmake/dls2_msgs__rosidl_typesupport_cppExport.cmake
[4.532s] -- Up-to-date: /home/iit.local/gturrisi/isaaclab_ws_home/basic-locomotion-dls-isaaclab/deploy/ros2_ws/install/dls2_msgs/share/dls2_msgs/cmake/dls2_msgs__rosidl_typesupport_cppExport-noconfig.cmake
[4.532s] -- Up-to-date: /home/iit.local/gturrisi/isaaclab_ws_home/basic-locomotion-dls-isaaclab/deploy/ros2_ws/install/dls2_msgs/share/dls2_msgs/cmake/export_dls2_msgs__rosidl_generator_pyExport.cmake
[4.532s] -- Up-to-date: /home/iit.local/gturrisi/isaaclab_ws_home/basic-locomotion-dls-isaaclab/deploy/ros2_ws/install/dls2_msgs/share/dls2_msgs/cmake/export_dls2_msgs__rosidl_generator_pyExport-noconfig.cmake
[4.532s] -- Up-to-date: /home/iit.local/gturrisi/isaaclab_ws_home/basic-locomotion-dls-isaaclab/deploy/ros2_ws/install/dls2_msgs/share/dls2_msgs/cmake/rosidl_cmake-extras.cmake
[4.532s] -- Up-to-date: /home/iit.local/gturrisi/isaaclab_ws_home/basic-locomotion-dls-isaaclab/deploy/ros2_ws/install/dls2_msgs/share/dls2_msgs/cmake/ament_cmake_export_include_directories-extras.cmake
[4.533s] -- Up-to-date: /home/iit.local/gturrisi/isaaclab_ws_home/basic-locomotion-dls-isaaclab/deploy/ros2_ws/install/dls2_msgs/share/dls2_msgs/cmake/ament_cmake_export_libraries-extras.cmake
[4.533s] -- Up-to-date: /home/iit.local/gturrisi/isaaclab_ws_home/basic-locomotion-dls-isaaclab/deploy/ros2_ws/install/dls2_msgs/share/dls2_msgs/cmake/ament_cmake_export_targets-extras.cmake
[4.533s] -- Up-to-date: /home/iit.local/gturrisi/isaaclab_ws_home/basic-locomotion-dls-isaaclab/deploy/ros2_ws/install/dls2_msgs/share/dls2_msgs/cmake/rosidl_cmake_export_typesupport_targets-extras.cmake
[4.533s] -- Up-to-date: /home/iit.local/gturrisi/isaaclab_ws_home/basic-locomotion-dls-isaaclab/deploy/ros2_ws/install/dls2_msgs/share/dls2_msgs/cmake/ament_cmake_export_dependencies-extras.cmake
[4.533s] -- Up-to-date: /home/iit.local/gturrisi/isaaclab_ws_home/basic-locomotion-dls-isaaclab/deploy/ros2_ws/install/dls2_msgs/share/dls2_msgs/cmake/rosidl_cmake_export_typesupport_libraries-extras.cmake
[4.533s] -- Up-to-date: /home/iit.local/gturrisi/isaaclab_ws_home/basic-locomotion-dls-isaaclab/deploy/ros2_ws/install/dls2_msgs/share/dls2_msgs/cmake/dls2_msgsConfig.cmake
[4.533s] -- Up-to-date: /home/iit.local/gturrisi/isaaclab_ws_home/basic-locomotion-dls-isaaclab/deploy/ros2_ws/install/dls2_msgs/share/dls2_msgs/cmake/dls2_msgsConfig-version.cmake
[4.533s] -- Up-to-date: /home/iit.local/gturrisi/isaaclab_ws_home/basic-locomotion-dls-isaaclab/deploy/ros2_ws/install/dls2_msgs/share/dls2_msgs/package.xml
[4.534s] Invoked command in '/home/iit.local/gturrisi/isaaclab_ws_home/basic-locomotion-dls-isaaclab/deploy/ros2_ws/build/dls2_msgs' returned '0': CONDA_PROMPT_MODIFIER=(basic_locomotion_dls_isaaclab_ros2_env) /home/iit.local/gturrisi/miniforge3/envs/basic_locomotion_dls_isaaclab_ros2_env/bin/cmake --install /home/iit.local/gturrisi/isaaclab_ws_home/basic-locomotion-dls-isaaclab/deploy/ros2_ws/build/dls2_msgs
