[0.126s] [34mcolcon[0m [1;30mDEBUG[0m [32mCommand line arguments: ['/home/iit.local/gturrisi/miniforge3/envs/basic_locomotion_dls_isaaclab_ros2_env/bin/colcon', 'build'][0m
[0.126s] [34mcolcon[0m [1;30mDEBUG[0m [32mParsed command line arguments: Namespace(log_base=None, log_level=None, verb_name='build', build_base='build', install_base='install', merge_install=False, symlink_install=False, test_result_base=None, continue_on_error=False, executor='parallel', parallel_workers=20, event_handlers=None, ignore_user_meta=False, metas=['./colcon.meta'], base_paths=['.'], packages_ignore=None, packages_ignore_regex=None, paths=None, packages_up_to=None, packages_up_to_regex=None, packages_above=None, packages_above_and_dependencies=None, packages_above_depth=None, packages_select_by_dep=None, packages_skip_by_dep=None, packages_skip_up_to=None, packages_select_build_failed=False, packages_skip_build_finished=False, packages_select_test_failures=False, packages_skip_test_passed=False, packages_select=None, packages_skip=None, packages_select_regex=None, packages_skip_regex=None, packages_start=None, packages_end=None, cmake_args=None, cmake_target=None, cmake_target_skip_unavailable=False, cmake_clean_cache=False, cmake_clean_first=False, cmake_force_configure=False, ament_cmake_args=None, catkin_cmake_args=None, catkin_skip_building_tests=False, verb_parser=<colcon_defaults.argument_parser.defaults.DefaultArgumentsDecorator object at 0x7f6fc9e4cc50>, verb_extension=<colcon_core.verb.build.BuildVerb object at 0x7f6fc9fdd210>, main=<bound method BuildVerb.main of <colcon_core.verb.build.BuildVerb object at 0x7f6fc9fdd210>>)[0m
[0.172s] [34mcolcon.colcon_core.package_discovery[0m [1;30mLevel 1[0m discover_packages(colcon_meta) check parameters
[0.172s] [34mcolcon.colcon_core.package_discovery[0m [1;30mLevel 1[0m discover_packages(recursive) check parameters
[0.172s] [34mcolcon.colcon_core.package_discovery[0m [1;30mLevel 1[0m discover_packages(ignore) check parameters
[0.172s] [34mcolcon.colcon_core.package_discovery[0m [1;30mLevel 1[0m discover_packages(path) check parameters
[0.172s] [34mcolcon.colcon_core.package_discovery[0m [1;30mLevel 1[0m discover_packages(colcon_meta) discover
[0.172s] [34mcolcon.colcon_core.package_discovery[0m [1;30mLevel 1[0m discover_packages(recursive) discover
[0.172s] [34mcolcon.colcon_core.package_discovery[0m [1;30mINFO[0m Crawling recursively for packages in '/home/iit.local/gturrisi/isaaclab_ws_home/basic-locomotion-dls-isaaclab/deploy/ros2_ws'
[0.172s] [34mcolcon.colcon_core.package_identification[0m [1;30mLevel 1[0m _identify(.) by extensions ['ignore', 'ignore_ament_install']
[0.172s] [34mcolcon.colcon_core.package_identification[0m [1;30mLevel 1[0m _identify(.) by extension 'ignore'
[0.172s] [34mcolcon.colcon_core.package_identification[0m [1;30mLevel 1[0m _identify(.) by extension 'ignore_ament_install'
[0.172s] [34mcolcon.colcon_core.package_identification[0m [1;30mLevel 1[0m _identify(.) by extensions ['colcon_pkg']
[0.172s] [34mcolcon.colcon_core.package_identification[0m [1;30mLevel 1[0m _identify(.) by extension 'colcon_pkg'
[0.172s] [34mcolcon.colcon_core.package_identification[0m [1;30mLevel 1[0m _identify(.) by extensions ['colcon_meta']
[0.172s] [34mcolcon.colcon_core.package_identification[0m [1;30mLevel 1[0m _identify(.) by extension 'colcon_meta'
[0.172s] [34mcolcon.colcon_core.package_identification[0m [1;30mLevel 1[0m _identify(.) by extensions ['ros']
[0.172s] [34mcolcon.colcon_core.package_identification[0m [1;30mLevel 1[0m _identify(.) by extension 'ros'
[0.194s] [34mcolcon.colcon_core.package_identification[0m [1;30mLevel 1[0m _identify(.) by extensions ['cmake', 'python']
[0.195s] [34mcolcon.colcon_core.package_identification[0m [1;30mLevel 1[0m _identify(.) by extension 'cmake'
[0.195s] [34mcolcon.colcon_core.package_identification[0m [1;30mLevel 1[0m _identify(.) by extension 'python'
[0.195s] [34mcolcon.colcon_core.package_identification[0m [1;30mLevel 1[0m _identify(.) by extensions ['python_setup_py']
[0.195s] [34mcolcon.colcon_core.package_identification[0m [1;30mLevel 1[0m _identify(.) by extension 'python_setup_py'
[0.195s] [34mcolcon.colcon_core.package_identification[0m [1;30mLevel 1[0m _identify(build) by extensions ['ignore', 'ignore_ament_install']
[0.195s] [34mcolcon.colcon_core.package_identification[0m [1;30mLevel 1[0m _identify(build) by extension 'ignore'
[0.195s] [34mcolcon.colcon_core.package_identification[0m [1;30mLevel 1[0m _identify(build) ignored
[0.195s] [34mcolcon.colcon_core.package_identification[0m [1;30mLevel 1[0m _identify(install) by extensions ['ignore', 'ignore_ament_install']
[0.195s] [34mcolcon.colcon_core.package_identification[0m [1;30mLevel 1[0m _identify(install) by extension 'ignore'
[0.195s] [34mcolcon.colcon_core.package_identification[0m [1;30mLevel 1[0m _identify(install) ignored
[0.195s] [34mcolcon.colcon_core.package_identification[0m [1;30mLevel 1[0m _identify(log) by extensions ['ignore', 'ignore_ament_install']
[0.195s] [34mcolcon.colcon_core.package_identification[0m [1;30mLevel 1[0m _identify(log) by extension 'ignore'
[0.195s] [34mcolcon.colcon_core.package_identification[0m [1;30mLevel 1[0m _identify(log) ignored
[0.195s] [34mcolcon.colcon_core.package_identification[0m [1;30mLevel 1[0m _identify(src) by extensions ['ignore', 'ignore_ament_install']
[0.195s] [34mcolcon.colcon_core.package_identification[0m [1;30mLevel 1[0m _identify(src) by extension 'ignore'
[0.195s] [34mcolcon.colcon_core.package_identification[0m [1;30mLevel 1[0m _identify(src) by extension 'ignore_ament_install'
[0.195s] [34mcolcon.colcon_core.package_identification[0m [1;30mLevel 1[0m _identify(src) by extensions ['colcon_pkg']
[0.195s] [34mcolcon.colcon_core.package_identification[0m [1;30mLevel 1[0m _identify(src) by extension 'colcon_pkg'
[0.195s] [34mcolcon.colcon_core.package_identification[0m [1;30mLevel 1[0m _identify(src) by extensions ['colcon_meta']
[0.196s] [34mcolcon.colcon_core.package_identification[0m [1;30mLevel 1[0m _identify(src) by extension 'colcon_meta'
[0.196s] [34mcolcon.colcon_core.package_identification[0m [1;30mLevel 1[0m _identify(src) by extensions ['ros']
[0.196s] [34mcolcon.colcon_core.package_identification[0m [1;30mLevel 1[0m _identify(src) by extension 'ros'
[0.196s] [34mcolcon.colcon_core.package_identification[0m [1;30mLevel 1[0m _identify(src) by extensions ['cmake', 'python']
[0.196s] [34mcolcon.colcon_core.package_identification[0m [1;30mLevel 1[0m _identify(src) by extension 'cmake'
[0.196s] [34mcolcon.colcon_core.package_identification[0m [1;30mLevel 1[0m _identify(src) by extension 'python'
[0.196s] [34mcolcon.colcon_core.package_identification[0m [1;30mLevel 1[0m _identify(src) by extensions ['python_setup_py']
[0.196s] [34mcolcon.colcon_core.package_identification[0m [1;30mLevel 1[0m _identify(src) by extension 'python_setup_py'
[0.196s] [34mcolcon.colcon_core.package_identification[0m [1;30mLevel 1[0m _identify(src/dls2_msgs) by extensions ['ignore', 'ignore_ament_install']
[0.196s] [34mcolcon.colcon_core.package_identification[0m [1;30mLevel 1[0m _identify(src/dls2_msgs) by extension 'ignore'
[0.196s] [34mcolcon.colcon_core.package_identification[0m [1;30mLevel 1[0m _identify(src/dls2_msgs) by extension 'ignore_ament_install'
[0.196s] [34mcolcon.colcon_core.package_identification[0m [1;30mLevel 1[0m _identify(src/dls2_msgs) by extensions ['colcon_pkg']
[0.196s] [34mcolcon.colcon_core.package_identification[0m [1;30mLevel 1[0m _identify(src/dls2_msgs) by extension 'colcon_pkg'
[0.196s] [34mcolcon.colcon_core.package_identification[0m [1;30mLevel 1[0m _identify(src/dls2_msgs) by extensions ['colcon_meta']
[0.196s] [34mcolcon.colcon_core.package_identification[0m [1;30mLevel 1[0m _identify(src/dls2_msgs) by extension 'colcon_meta'
[0.196s] [34mcolcon.colcon_core.package_identification[0m [1;30mLevel 1[0m _identify(src/dls2_msgs) by extensions ['ros']
[0.196s] [34mcolcon.colcon_core.package_identification[0m [1;30mLevel 1[0m _identify(src/dls2_msgs) by extension 'ros'
[0.199s] [34mcolcon.colcon_core.package_identification[0m [1;30mDEBUG[0m [32mPackage 'src/dls2_msgs' with type 'ros.ament_cmake' and name 'dls2_msgs'[0m
[0.199s] [34mcolcon.colcon_core.package_discovery[0m [1;30mLevel 1[0m discover_packages(recursive) using defaults
[0.200s] [34mcolcon.colcon_core.package_discovery[0m [1;30mLevel 1[0m discover_packages(ignore) discover
[0.200s] [34mcolcon.colcon_core.package_discovery[0m [1;30mLevel 1[0m discover_packages(ignore) using defaults
[0.200s] [34mcolcon.colcon_core.package_discovery[0m [1;30mLevel 1[0m discover_packages(path) discover
[0.200s] [34mcolcon.colcon_core.package_discovery[0m [1;30mLevel 1[0m discover_packages(path) using defaults
[0.214s] [34mcolcon.colcon_core.verb[0m [1;30mLevel 5[0m set package 'dls2_msgs' build argument 'cmake_args' from command line to 'None'
[0.214s] [34mcolcon.colcon_core.verb[0m [1;30mLevel 5[0m set package 'dls2_msgs' build argument 'cmake_target' from command line to 'None'
[0.214s] [34mcolcon.colcon_core.verb[0m [1;30mLevel 5[0m set package 'dls2_msgs' build argument 'cmake_target_skip_unavailable' from command line to 'False'
[0.214s] [34mcolcon.colcon_core.verb[0m [1;30mLevel 5[0m set package 'dls2_msgs' build argument 'cmake_clean_cache' from command line to 'False'
[0.214s] [34mcolcon.colcon_core.verb[0m [1;30mLevel 5[0m set package 'dls2_msgs' build argument 'cmake_clean_first' from command line to 'False'
[0.214s] [34mcolcon.colcon_core.verb[0m [1;30mLevel 5[0m set package 'dls2_msgs' build argument 'cmake_force_configure' from command line to 'False'
[0.214s] [34mcolcon.colcon_core.verb[0m [1;30mLevel 5[0m set package 'dls2_msgs' build argument 'ament_cmake_args' from command line to 'None'
[0.214s] [34mcolcon.colcon_core.verb[0m [1;30mLevel 5[0m set package 'dls2_msgs' build argument 'catkin_cmake_args' from command line to 'None'
[0.214s] [34mcolcon.colcon_core.verb[0m [1;30mLevel 5[0m set package 'dls2_msgs' build argument 'catkin_skip_building_tests' from command line to 'False'
[0.214s] [34mcolcon.colcon_core.verb[0m [1;30mDEBUG[0m [32mBuilding package 'dls2_msgs' with the following arguments: {'ament_cmake_args': None, 'build_base': '/home/iit.local/gturrisi/isaaclab_ws_home/basic-locomotion-dls-isaaclab/deploy/ros2_ws/build/dls2_msgs', 'catkin_cmake_args': None, 'catkin_skip_building_tests': False, 'cmake_args': None, 'cmake_clean_cache': False, 'cmake_clean_first': False, 'cmake_force_configure': False, 'cmake_target': None, 'cmake_target_skip_unavailable': False, 'install_base': '/home/iit.local/gturrisi/isaaclab_ws_home/basic-locomotion-dls-isaaclab/deploy/ros2_ws/install/dls2_msgs', 'merge_install': False, 'path': '/home/iit.local/gturrisi/isaaclab_ws_home/basic-locomotion-dls-isaaclab/deploy/ros2_ws/src/dls2_msgs', 'symlink_install': False, 'test_result_base': None}[0m
[0.215s] [34mcolcon.colcon_core.executor[0m [1;30mINFO[0m Executing jobs using 'parallel' executor
[0.215s] [34mcolcon.colcon_parallel_executor.executor.parallel[0m [1;30mDEBUG[0m [32mrun_until_complete[0m
[0.215s] [34mcolcon.colcon_ros.task.ament_cmake.build[0m [1;30mINFO[0m Building ROS package in '/home/iit.local/gturrisi/isaaclab_ws_home/basic-locomotion-dls-isaaclab/deploy/ros2_ws/src/dls2_msgs' with build type 'ament_cmake'
[0.215s] [34mcolcon.colcon_cmake.task.cmake.build[0m [1;30mINFO[0m Building CMake package in '/home/iit.local/gturrisi/isaaclab_ws_home/basic-locomotion-dls-isaaclab/deploy/ros2_ws/src/dls2_msgs'
[0.218s] [34mcolcon.colcon_core.plugin_system[0m [1;30mINFO[0m Skipping extension 'colcon_core.shell.bat': Not used on non-Windows systems
[0.218s] [34mcolcon.colcon_core.shell[0m [1;30mINFO[0m Skip shell extension 'powershell' for command environment: Not usable outside of PowerShell
[0.218s] [34mcolcon.colcon_core.shell[0m [1;30mDEBUG[0m [32mSkip shell extension 'dsv' for command environment[0m
[0.226s] [34mcolcon.colcon_core.event_handler.log_command[0m [1;30mDEBUG[0m [32mInvoking command in '/home/iit.local/gturrisi/isaaclab_ws_home/basic-locomotion-dls-isaaclab/deploy/ros2_ws/build/dls2_msgs': CONDA_PROMPT_MODIFIER=(basic_locomotion_dls_isaaclab_ros2_env) /home/iit.local/gturrisi/miniforge3/envs/basic_locomotion_dls_isaaclab_ros2_env/bin/cmake --build /home/iit.local/gturrisi/isaaclab_ws_home/basic-locomotion-dls-isaaclab/deploy/ros2_ws/build/dls2_msgs -- -j20 -l20[0m
[5.375s] [34mcolcon.colcon_core.event_handler.log_command[0m [1;30mDEBUG[0m [32mInvoked command in '/home/iit.local/gturrisi/isaaclab_ws_home/basic-locomotion-dls-isaaclab/deploy/ros2_ws/build/dls2_msgs' returned '0': CONDA_PROMPT_MODIFIER=(basic_locomotion_dls_isaaclab_ros2_env) /home/iit.local/gturrisi/miniforge3/envs/basic_locomotion_dls_isaaclab_ros2_env/bin/cmake --build /home/iit.local/gturrisi/isaaclab_ws_home/basic-locomotion-dls-isaaclab/deploy/ros2_ws/build/dls2_msgs -- -j20 -l20[0m
[5.382s] [34mcolcon.colcon_core.event_handler.log_command[0m [1;30mDEBUG[0m [32mInvoking command in '/home/iit.local/gturrisi/isaaclab_ws_home/basic-locomotion-dls-isaaclab/deploy/ros2_ws/build/dls2_msgs': CONDA_PROMPT_MODIFIER=(basic_locomotion_dls_isaaclab_ros2_env) /home/iit.local/gturrisi/miniforge3/envs/basic_locomotion_dls_isaaclab_ros2_env/bin/cmake --install /home/iit.local/gturrisi/isaaclab_ws_home/basic-locomotion-dls-isaaclab/deploy/ros2_ws/build/dls2_msgs[0m
[5.441s] [34mcolcon.colcon_core.environment[0m [1;30mLevel 1[0m create_environment_scripts_only(dls2_msgs)
[5.442s] [34mcolcon.colcon_core.event_handler.log_command[0m [1;30mDEBUG[0m [32mInvoked command in '/home/iit.local/gturrisi/isaaclab_ws_home/basic-locomotion-dls-isaaclab/deploy/ros2_ws/build/dls2_msgs' returned '0': CONDA_PROMPT_MODIFIER=(basic_locomotion_dls_isaaclab_ros2_env) /home/iit.local/gturrisi/miniforge3/envs/basic_locomotion_dls_isaaclab_ros2_env/bin/cmake --install /home/iit.local/gturrisi/isaaclab_ws_home/basic-locomotion-dls-isaaclab/deploy/ros2_ws/build/dls2_msgs[0m
[5.445s] [34mcolcon.colcon_core.environment[0m [1;30mLevel 1[0m checking '/home/iit.local/gturrisi/isaaclab_ws_home/basic-locomotion-dls-isaaclab/deploy/ros2_ws/install/dls2_msgs' for CMake module files
[5.445s] [34mcolcon.colcon_core.environment[0m [1;30mLevel 1[0m checking '/home/iit.local/gturrisi/isaaclab_ws_home/basic-locomotion-dls-isaaclab/deploy/ros2_ws/install/dls2_msgs' for CMake config files
[5.447s] [34mcolcon.colcon_core.shell[0m [1;30mLevel 1[0m create_environment_hook('dls2_msgs', 'cmake_prefix_path')
[5.447s] [34mcolcon.colcon_core.shell[0m [1;30mINFO[0m Creating environment hook '/home/iit.local/gturrisi/isaaclab_ws_home/basic-locomotion-dls-isaaclab/deploy/ros2_ws/install/dls2_msgs/share/dls2_msgs/hook/cmake_prefix_path.ps1'
[5.449s] [34mcolcon.colcon_core.shell[0m [1;30mINFO[0m Creating environment descriptor '/home/iit.local/gturrisi/isaaclab_ws_home/basic-locomotion-dls-isaaclab/deploy/ros2_ws/install/dls2_msgs/share/dls2_msgs/hook/cmake_prefix_path.dsv'
[5.449s] [34mcolcon.colcon_core.shell[0m [1;30mINFO[0m Creating environment hook '/home/iit.local/gturrisi/isaaclab_ws_home/basic-locomotion-dls-isaaclab/deploy/ros2_ws/install/dls2_msgs/share/dls2_msgs/hook/cmake_prefix_path.sh'
[5.451s] [34mcolcon.colcon_core.environment[0m [1;30mLevel 1[0m checking '/home/iit.local/gturrisi/isaaclab_ws_home/basic-locomotion-dls-isaaclab/deploy/ros2_ws/install/dls2_msgs/lib'
[5.451s] [34mcolcon.colcon_core.shell[0m [1;30mLevel 1[0m create_environment_hook('dls2_msgs', 'ld_library_path_lib')
[5.451s] [34mcolcon.colcon_core.shell[0m [1;30mINFO[0m Creating environment hook '/home/iit.local/gturrisi/isaaclab_ws_home/basic-locomotion-dls-isaaclab/deploy/ros2_ws/install/dls2_msgs/share/dls2_msgs/hook/ld_library_path_lib.ps1'
[5.452s] [34mcolcon.colcon_core.shell[0m [1;30mINFO[0m Creating environment descriptor '/home/iit.local/gturrisi/isaaclab_ws_home/basic-locomotion-dls-isaaclab/deploy/ros2_ws/install/dls2_msgs/share/dls2_msgs/hook/ld_library_path_lib.dsv'
[5.452s] [34mcolcon.colcon_core.shell[0m [1;30mINFO[0m Creating environment hook '/home/iit.local/gturrisi/isaaclab_ws_home/basic-locomotion-dls-isaaclab/deploy/ros2_ws/install/dls2_msgs/share/dls2_msgs/hook/ld_library_path_lib.sh'
[5.453s] [34mcolcon.colcon_core.environment[0m [1;30mLevel 1[0m checking '/home/iit.local/gturrisi/isaaclab_ws_home/basic-locomotion-dls-isaaclab/deploy/ros2_ws/install/dls2_msgs/bin'
[5.453s] [34mcolcon.colcon_core.environment[0m [1;30mLevel 1[0m checking '/home/iit.local/gturrisi/isaaclab_ws_home/basic-locomotion-dls-isaaclab/deploy/ros2_ws/install/dls2_msgs/lib/pkgconfig/dls2_msgs.pc'
[5.455s] [34mcolcon.colcon_core.environment[0m [1;30mLevel 1[0m checking '/home/iit.local/gturrisi/isaaclab_ws_home/basic-locomotion-dls-isaaclab/deploy/ros2_ws/install/dls2_msgs/lib/python3.11/site-packages'
[5.455s] [34mcolcon.colcon_core.shell[0m [1;30mLevel 1[0m create_environment_hook('dls2_msgs', 'pythonpath')
[5.455s] [34mcolcon.colcon_core.shell[0m [1;30mINFO[0m Creating environment hook '/home/iit.local/gturrisi/isaaclab_ws_home/basic-locomotion-dls-isaaclab/deploy/ros2_ws/install/dls2_msgs/share/dls2_msgs/hook/pythonpath.ps1'
[5.456s] [34mcolcon.colcon_core.shell[0m [1;30mINFO[0m Creating environment descriptor '/home/iit.local/gturrisi/isaaclab_ws_home/basic-locomotion-dls-isaaclab/deploy/ros2_ws/install/dls2_msgs/share/dls2_msgs/hook/pythonpath.dsv'
[5.457s] [34mcolcon.colcon_core.shell[0m [1;30mINFO[0m Creating environment hook '/home/iit.local/gturrisi/isaaclab_ws_home/basic-locomotion-dls-isaaclab/deploy/ros2_ws/install/dls2_msgs/share/dls2_msgs/hook/pythonpath.sh'
[5.457s] [34mcolcon.colcon_core.environment[0m [1;30mLevel 1[0m checking '/home/iit.local/gturrisi/isaaclab_ws_home/basic-locomotion-dls-isaaclab/deploy/ros2_ws/install/dls2_msgs/bin'
[5.458s] [34mcolcon.colcon_core.shell[0m [1;30mINFO[0m Creating package script '/home/iit.local/gturrisi/isaaclab_ws_home/basic-locomotion-dls-isaaclab/deploy/ros2_ws/install/dls2_msgs/share/dls2_msgs/package.ps1'
[5.458s] [34mcolcon.colcon_core.shell[0m [1;30mINFO[0m Creating package descriptor '/home/iit.local/gturrisi/isaaclab_ws_home/basic-locomotion-dls-isaaclab/deploy/ros2_ws/install/dls2_msgs/share/dls2_msgs/package.dsv'
[5.459s] [34mcolcon.colcon_core.shell[0m [1;30mINFO[0m Creating package script '/home/iit.local/gturrisi/isaaclab_ws_home/basic-locomotion-dls-isaaclab/deploy/ros2_ws/install/dls2_msgs/share/dls2_msgs/package.sh'
[5.460s] [34mcolcon.colcon_core.shell[0m [1;30mINFO[0m Creating package script '/home/iit.local/gturrisi/isaaclab_ws_home/basic-locomotion-dls-isaaclab/deploy/ros2_ws/install/dls2_msgs/share/dls2_msgs/package.bash'
[5.462s] [34mcolcon.colcon_core.shell[0m [1;30mINFO[0m Creating package script '/home/iit.local/gturrisi/isaaclab_ws_home/basic-locomotion-dls-isaaclab/deploy/ros2_ws/install/dls2_msgs/share/dls2_msgs/package.zsh'
[5.462s] [34mcolcon.colcon_core.environment[0m [1;30mLevel 1[0m create_file_with_runtime_dependencies(/home/iit.local/gturrisi/isaaclab_ws_home/basic-locomotion-dls-isaaclab/deploy/ros2_ws/install/dls2_msgs/share/colcon-core/packages/dls2_msgs)
[5.463s] [34mcolcon.colcon_core.environment[0m [1;30mLevel 1[0m create_environment_scripts_only(dls2_msgs)
[5.463s] [34mcolcon.colcon_core.environment[0m [1;30mLevel 1[0m checking '/home/iit.local/gturrisi/isaaclab_ws_home/basic-locomotion-dls-isaaclab/deploy/ros2_ws/install/dls2_msgs' for CMake module files
[5.464s] [34mcolcon.colcon_core.environment[0m [1;30mLevel 1[0m checking '/home/iit.local/gturrisi/isaaclab_ws_home/basic-locomotion-dls-isaaclab/deploy/ros2_ws/install/dls2_msgs' for CMake config files
[5.465s] [34mcolcon.colcon_core.shell[0m [1;30mLevel 1[0m create_environment_hook('dls2_msgs', 'cmake_prefix_path')
[5.465s] [34mcolcon.colcon_core.shell[0m [1;30mINFO[0m Creating environment hook '/home/iit.local/gturrisi/isaaclab_ws_home/basic-locomotion-dls-isaaclab/deploy/ros2_ws/install/dls2_msgs/share/dls2_msgs/hook/cmake_prefix_path.ps1'
[5.466s] [34mcolcon.colcon_core.shell[0m [1;30mINFO[0m Creating environment descriptor '/home/iit.local/gturrisi/isaaclab_ws_home/basic-locomotion-dls-isaaclab/deploy/ros2_ws/install/dls2_msgs/share/dls2_msgs/hook/cmake_prefix_path.dsv'
[5.466s] [34mcolcon.colcon_core.shell[0m [1;30mINFO[0m Creating environment hook '/home/iit.local/gturrisi/isaaclab_ws_home/basic-locomotion-dls-isaaclab/deploy/ros2_ws/install/dls2_msgs/share/dls2_msgs/hook/cmake_prefix_path.sh'
[5.467s] [34mcolcon.colcon_core.environment[0m [1;30mLevel 1[0m checking '/home/iit.local/gturrisi/isaaclab_ws_home/basic-locomotion-dls-isaaclab/deploy/ros2_ws/install/dls2_msgs/lib'
[5.467s] [34mcolcon.colcon_core.shell[0m [1;30mLevel 1[0m create_environment_hook('dls2_msgs', 'ld_library_path_lib')
[5.467s] [34mcolcon.colcon_core.shell[0m [1;30mINFO[0m Creating environment hook '/home/iit.local/gturrisi/isaaclab_ws_home/basic-locomotion-dls-isaaclab/deploy/ros2_ws/install/dls2_msgs/share/dls2_msgs/hook/ld_library_path_lib.ps1'
[5.468s] [34mcolcon.colcon_core.shell[0m [1;30mINFO[0m Creating environment descriptor '/home/iit.local/gturrisi/isaaclab_ws_home/basic-locomotion-dls-isaaclab/deploy/ros2_ws/install/dls2_msgs/share/dls2_msgs/hook/ld_library_path_lib.dsv'
[5.468s] [34mcolcon.colcon_core.shell[0m [1;30mINFO[0m Creating environment hook '/home/iit.local/gturrisi/isaaclab_ws_home/basic-locomotion-dls-isaaclab/deploy/ros2_ws/install/dls2_msgs/share/dls2_msgs/hook/ld_library_path_lib.sh'
[5.469s] [34mcolcon.colcon_core.environment[0m [1;30mLevel 1[0m checking '/home/iit.local/gturrisi/isaaclab_ws_home/basic-locomotion-dls-isaaclab/deploy/ros2_ws/install/dls2_msgs/bin'
[5.469s] [34mcolcon.colcon_core.environment[0m [1;30mLevel 1[0m checking '/home/iit.local/gturrisi/isaaclab_ws_home/basic-locomotion-dls-isaaclab/deploy/ros2_ws/install/dls2_msgs/lib/pkgconfig/dls2_msgs.pc'
[5.469s] [34mcolcon.colcon_core.environment[0m [1;30mLevel 1[0m checking '/home/iit.local/gturrisi/isaaclab_ws_home/basic-locomotion-dls-isaaclab/deploy/ros2_ws/install/dls2_msgs/lib/python3.11/site-packages'
[5.469s] [34mcolcon.colcon_core.shell[0m [1;30mLevel 1[0m create_environment_hook('dls2_msgs', 'pythonpath')
[5.469s] [34mcolcon.colcon_core.shell[0m [1;30mINFO[0m Creating environment hook '/home/iit.local/gturrisi/isaaclab_ws_home/basic-locomotion-dls-isaaclab/deploy/ros2_ws/install/dls2_msgs/share/dls2_msgs/hook/pythonpath.ps1'
[5.469s] [34mcolcon.colcon_core.shell[0m [1;30mINFO[0m Creating environment descriptor '/home/iit.local/gturrisi/isaaclab_ws_home/basic-locomotion-dls-isaaclab/deploy/ros2_ws/install/dls2_msgs/share/dls2_msgs/hook/pythonpath.dsv'
[5.470s] [34mcolcon.colcon_core.shell[0m [1;30mINFO[0m Creating environment hook '/home/iit.local/gturrisi/isaaclab_ws_home/basic-locomotion-dls-isaaclab/deploy/ros2_ws/install/dls2_msgs/share/dls2_msgs/hook/pythonpath.sh'
[5.470s] [34mcolcon.colcon_core.environment[0m [1;30mLevel 1[0m checking '/home/iit.local/gturrisi/isaaclab_ws_home/basic-locomotion-dls-isaaclab/deploy/ros2_ws/install/dls2_msgs/bin'
[5.471s] [34mcolcon.colcon_core.shell[0m [1;30mINFO[0m Creating package script '/home/iit.local/gturrisi/isaaclab_ws_home/basic-locomotion-dls-isaaclab/deploy/ros2_ws/install/dls2_msgs/share/dls2_msgs/package.ps1'
[5.471s] [34mcolcon.colcon_core.shell[0m [1;30mINFO[0m Creating package descriptor '/home/iit.local/gturrisi/isaaclab_ws_home/basic-locomotion-dls-isaaclab/deploy/ros2_ws/install/dls2_msgs/share/dls2_msgs/package.dsv'
[5.471s] [34mcolcon.colcon_core.shell[0m [1;30mINFO[0m Creating package script '/home/iit.local/gturrisi/isaaclab_ws_home/basic-locomotion-dls-isaaclab/deploy/ros2_ws/install/dls2_msgs/share/dls2_msgs/package.sh'
[5.472s] [34mcolcon.colcon_core.shell[0m [1;30mINFO[0m Creating package script '/home/iit.local/gturrisi/isaaclab_ws_home/basic-locomotion-dls-isaaclab/deploy/ros2_ws/install/dls2_msgs/share/dls2_msgs/package.bash'
[5.472s] [34mcolcon.colcon_core.shell[0m [1;30mINFO[0m Creating package script '/home/iit.local/gturrisi/isaaclab_ws_home/basic-locomotion-dls-isaaclab/deploy/ros2_ws/install/dls2_msgs/share/dls2_msgs/package.zsh'
[5.473s] [34mcolcon.colcon_core.environment[0m [1;30mLevel 1[0m create_file_with_runtime_dependencies(/home/iit.local/gturrisi/isaaclab_ws_home/basic-locomotion-dls-isaaclab/deploy/ros2_ws/install/dls2_msgs/share/colcon-core/packages/dls2_msgs)
[5.473s] [34mcolcon.colcon_parallel_executor.executor.parallel[0m [1;30mDEBUG[0m [32mclosing loop[0m
[5.473s] [34mcolcon.colcon_parallel_executor.executor.parallel[0m [1;30mDEBUG[0m [32mloop closed[0m
[5.473s] [34mcolcon.colcon_parallel_executor.executor.parallel[0m [1;30mDEBUG[0m [32mrun_until_complete finished with '0'[0m
[5.473s] [34mcolcon.colcon_core.event_reactor[0m [1;30mDEBUG[0m [32mjoining thread[0m
[5.474s] [34mcolcon.colcon_core.event_reactor[0m [1;30mDEBUG[0m [32mjoined thread[0m
[5.474s] [34mcolcon.colcon_core.shell[0m [1;30mINFO[0m Creating prefix script '/home/iit.local/gturrisi/isaaclab_ws_home/basic-locomotion-dls-isaaclab/deploy/ros2_ws/install/local_setup.ps1'
[5.475s] [34mcolcon.colcon_core.shell[0m [1;30mINFO[0m Creating prefix util module '/home/iit.local/gturrisi/isaaclab_ws_home/basic-locomotion-dls-isaaclab/deploy/ros2_ws/install/_local_setup_util_ps1.py'
[5.476s] [34mcolcon.colcon_core.shell[0m [1;30mINFO[0m Creating prefix chain script '/home/iit.local/gturrisi/isaaclab_ws_home/basic-locomotion-dls-isaaclab/deploy/ros2_ws/install/setup.ps1'
[5.477s] [34mcolcon.colcon_core.shell[0m [1;30mINFO[0m Creating prefix script '/home/iit.local/gturrisi/isaaclab_ws_home/basic-locomotion-dls-isaaclab/deploy/ros2_ws/install/local_setup.sh'
[5.477s] [34mcolcon.colcon_core.shell[0m [1;30mINFO[0m Creating prefix util module '/home/iit.local/gturrisi/isaaclab_ws_home/basic-locomotion-dls-isaaclab/deploy/ros2_ws/install/_local_setup_util_sh.py'
[5.478s] [34mcolcon.colcon_core.shell[0m [1;30mINFO[0m Creating prefix chain script '/home/iit.local/gturrisi/isaaclab_ws_home/basic-locomotion-dls-isaaclab/deploy/ros2_ws/install/setup.sh'
[5.478s] [34mcolcon.colcon_core.shell[0m [1;30mINFO[0m Creating prefix script '/home/iit.local/gturrisi/isaaclab_ws_home/basic-locomotion-dls-isaaclab/deploy/ros2_ws/install/local_setup.bash'
[5.479s] [34mcolcon.colcon_core.shell[0m [1;30mINFO[0m Creating prefix chain script '/home/iit.local/gturrisi/isaaclab_ws_home/basic-locomotion-dls-isaaclab/deploy/ros2_ws/install/setup.bash'
[5.480s] [34mcolcon.colcon_core.shell[0m [1;30mINFO[0m Creating prefix script '/home/iit.local/gturrisi/isaaclab_ws_home/basic-locomotion-dls-isaaclab/deploy/ros2_ws/install/local_setup.zsh'
[5.481s] [34mcolcon.colcon_core.shell[0m [1;30mINFO[0m Creating prefix chain script '/home/iit.local/gturrisi/isaaclab_ws_home/basic-locomotion-dls-isaaclab/deploy/ros2_ws/install/setup.zsh'
