[0.012s] Invoking command in '/home/iit.local/gturrisi/isaaclab_ws_home/basic-locomotion-dls-isaaclab/deploy/ros2_ws/build/dls2_msgs': CONDA_PROMPT_MODIFIER=(basic_locomotion_dls_isaaclab_ros2_env) /home/iit.local/gturrisi/miniforge3/envs/basic_locomotion_dls_isaaclab_ros2_env/bin/cmake --build /home/iit.local/gturrisi/isaaclab_ws_home/basic-locomotion-dls-isaaclab/deploy/ros2_ws/build/dls2_msgs -- -j20 -l20
[0.043s] [0mCMake Deprecation Warning at CMakeLists.txt:1 (cmake_minimum_required):
[0.043s]   Compatibility with CMake < 3.10 will be removed from a future version of
[0.044s]   CMake.
[0.044s] 
[0.044s]   Update the VERSION argument <min> value.  Or, use the <min>...<max> syntax
[0.044s]   to tell CMake that the project requires at least <min> but has been updated
[0.044s]   to work with policies introduced by <max> or earlier.
[0.044s] 
[0.044s] [0m
[0.050s] -- Found ament_cmake: 1.3.12 (/home/iit.local/gturrisi/miniforge3/envs/basic_locomotion_dls_isaaclab_ros2_env/share/ament_cmake/cmake)
[0.194s] -- Found ament_lint_auto: 0.12.12 (/home/iit.local/gturrisi/miniforge3/envs/basic_locomotion_dls_isaaclab_ros2_env/share/ament_lint_auto/cmake)
[0.254s] -- Found rosidl_default_generators: 1.2.0 (/home/iit.local/gturrisi/miniforge3/envs/basic_locomotion_dls_isaaclab_ros2_env/share/rosidl_default_generators/cmake)
[0.257s] -- Using all available rosidl_typesupport_c: rosidl_typesupport_fastrtps_c;rosidl_typesupport_introspection_c
[0.260s] -- Found rosidl_adapter: 3.1.6 (/home/iit.local/gturrisi/miniforge3/envs/basic_locomotion_dls_isaaclab_ros2_env/share/rosidl_adapter/cmake)
[0.290s] -- Using all available rosidl_typesupport_cpp: rosidl_typesupport_fastrtps_cpp;rosidl_typesupport_introspection_cpp
[0.536s] -- Found ament_cmake_ros: 0.10.0 (/home/iit.local/gturrisi/miniforge3/envs/basic_locomotion_dls_isaaclab_ros2_env/share/ament_cmake_ros/cmake)
[0.779s] -- Using all available rosidl_typesupport_c: rosidl_typesupport_fastrtps_c;rosidl_typesupport_introspection_c
[1.127s] -- Using all available rosidl_typesupport_cpp: rosidl_typesupport_fastrtps_cpp;rosidl_typesupport_introspection_cpp
[1.129s] -- Found python_cmake_module: 0.10.0 (/home/iit.local/gturrisi/miniforge3/envs/basic_locomotion_dls_isaaclab_ros2_env/share/python_cmake_module/cmake)
[1.129s] [33mCMake Warning (dev) at /home/iit.local/gturrisi/miniforge3/envs/basic_locomotion_dls_isaaclab_ros2_env/share/python_cmake_module/cmake/Modules/FindPythonExtra.cmake:52 (find_package):
[1.129s]   Policy CMP0148 is not set: The FindPythonInterp and FindPythonLibs modules
[1.129s]   are removed.  Run "cmake --help-policy CMP0148" for policy details.  Use
[1.129s]   the cmake_policy command to set the policy and suppress this warning.
[1.129s] 
[1.129s] Call Stack (most recent call first):
[1.129s]   /home/iit.local/gturrisi/miniforge3/envs/basic_locomotion_dls_isaaclab_ros2_env/share/rosidl_generator_py/cmake/rosidl_generator_py_generate_interfaces.cmake:33 (find_package)
[1.129s]   /home/iit.local/gturrisi/miniforge3/envs/basic_locomotion_dls_isaaclab_ros2_env/share/ament_cmake_core/cmake/core/ament_execute_extensions.cmake:48 (include)
[1.130s]   /home/iit.local/gturrisi/miniforge3/envs/basic_locomotion_dls_isaaclab_ros2_env/share/rosidl_cmake/cmake/rosidl_generate_interfaces.cmake:286 (ament_execute_extensions)
[1.130s]   CMakeLists.txt:28 (rosidl_generate_interfaces)
[1.130s] This warning is for project developers.  Use -Wno-dev to suppress it.
[1.130s] [0m
[1.140s] [33mCMake Warning (dev) at /home/iit.local/gturrisi/miniforge3/envs/basic_locomotion_dls_isaaclab_ros2_env/share/python_cmake_module/cmake/Modules/FindPythonExtra.cmake:140 (find_package):
[1.140s]   Policy CMP0148 is not set: The FindPythonInterp and FindPythonLibs modules
[1.140s]   are removed.  Run "cmake --help-policy CMP0148" for policy details.  Use
[1.140s]   the cmake_policy command to set the policy and suppress this warning.
[1.140s] 
[1.140s] Call Stack (most recent call first):
[1.140s]   /home/iit.local/gturrisi/miniforge3/envs/basic_locomotion_dls_isaaclab_ros2_env/share/rosidl_generator_py/cmake/rosidl_generator_py_generate_interfaces.cmake:33 (find_package)
[1.140s]   /home/iit.local/gturrisi/miniforge3/envs/basic_locomotion_dls_isaaclab_ros2_env/share/ament_cmake_core/cmake/core/ament_execute_extensions.cmake:48 (include)
[1.140s]   /home/iit.local/gturrisi/miniforge3/envs/basic_locomotion_dls_isaaclab_ros2_env/share/rosidl_cmake/cmake/rosidl_generate_interfaces.cmake:286 (ament_execute_extensions)
[1.140s]   CMakeLists.txt:28 (rosidl_generate_interfaces)
[1.140s] This warning is for project developers.  Use -Wno-dev to suppress it.
[1.140s] [0m
[1.142s] -- Using PYTHON_EXECUTABLE: /home/iit.local/gturrisi/miniforge3/envs/basic_locomotion_dls_isaaclab_ros2_env/bin/python3
[1.142s] -- Using PYTHON_INCLUDE_DIRS: /home/iit.local/gturrisi/miniforge3/envs/basic_locomotion_dls_isaaclab_ros2_env/include/python3.11
[1.142s] -- Using PYTHON_LIBRARIES: /home/iit.local/gturrisi/miniforge3/envs/basic_locomotion_dls_isaaclab_ros2_env/lib/libpython3.11.so
[1.486s] -- Added test 'lint_cmake' to check CMake code style
[1.487s] -- Added test 'xmllint' to check XML markup files
[1.491s] -- Configuring done (1.5s)
[1.531s] -- Generating done (0.0s)
[1.538s] -- Build files have been written to: /home/iit.local/gturrisi/isaaclab_ws_home/basic-locomotion-dls-isaaclab/deploy/ros2_ws/build/dls2_msgs
[1.555s] [  1%] [1m[34mGenerating C code for ROS interfaces[0m
[1.563s] [  3%] [1m[34mGenerating C++ code for ROS interfaces[0m
[1.572s] [  3%] Built target ament_cmake_python_copy_dls2_msgs
[1.704s] running egg_info
[1.714s] writing dls2_msgs.egg-info/PKG-INFO
[1.714s] writing dependency_links to dls2_msgs.egg-info/dependency_links.txt
[1.714s] writing top-level names to dls2_msgs.egg-info/top_level.txt
[1.737s] reading manifest file 'dls2_msgs.egg-info/SOURCES.txt'
[1.738s] writing manifest file 'dls2_msgs.egg-info/SOURCES.txt'
[1.758s] [  3%] Built target ament_cmake_python_build_dls2_msgs_egg
[1.882s] [  4%] [32mBuilding C object CMakeFiles/dls2_msgs__rosidl_generator_c.dir/rosidl_generator_c/dls2_msgs/msg/detail/base_state_msg__functions.c.o[0m
[1.882s] [  7%] [32mBuilding C object CMakeFiles/dls2_msgs__rosidl_generator_c.dir/rosidl_generator_c/dls2_msgs/msg/detail/trajectory_generator_msg__functions.c.o[0m
[1.882s] [  7%] [32mBuilding C object CMakeFiles/dls2_msgs__rosidl_generator_c.dir/rosidl_generator_c/dls2_msgs/msg/detail/blind_state_msg__functions.c.o[0m
[1.883s] [  9%] [32mBuilding C object CMakeFiles/dls2_msgs__rosidl_generator_c.dir/rosidl_generator_c/dls2_msgs/msg/detail/imu_msg__functions.c.o[0m
[1.883s] [ 11%] [32mBuilding C object CMakeFiles/dls2_msgs__rosidl_generator_c.dir/rosidl_generator_c/dls2_msgs/msg/detail/control_signal_msg__functions.c.o[0m
[1.897s] [ 11%] Built target dls2_msgs__cpp
[1.905s] [ 12%] [1m[34mGenerating C++ type support dispatch for ROS interfaces[0m
[1.906s] [ 15%] [1m[34mGenerating C++ type support for eProsima Fast-RTPS[0m
[1.906s] [ 15%] [1m[34mGenerating C++ introspection for ROS interfaces[0m
[2.079s] [ 17%] [1m[32mLinking C shared library libdls2_msgs__rosidl_generator_c.so[0m
[2.128s] [ 17%] Built target dls2_msgs__rosidl_generator_c
[2.137s] [ 22%] [1m[34mGenerating C type support for eProsima Fast-RTPS[0m
[2.137s] [ 22%] [1m[34mGenerating C introspection for ROS interfaces[0m
[2.137s] [ 22%] [1m[34mGenerating C type support dispatch for ROS interfaces[0m
[2.210s] [ 23%] [32mBuilding CXX object CMakeFiles/dls2_msgs__rosidl_typesupport_cpp.dir/rosidl_typesupport_cpp/dls2_msgs/msg/control_signal_msg__type_support.cpp.o[0m
[2.210s] [ 25%] [32mBuilding CXX object CMakeFiles/dls2_msgs__rosidl_typesupport_cpp.dir/rosidl_typesupport_cpp/dls2_msgs/msg/imu_msg__type_support.cpp.o[0m
[2.210s] [ 26%] [32mBuilding CXX object CMakeFiles/dls2_msgs__rosidl_typesupport_cpp.dir/rosidl_typesupport_cpp/dls2_msgs/msg/base_state_msg__type_support.cpp.o[0m
[2.211s] [ 28%] [32mBuilding CXX object CMakeFiles/dls2_msgs__rosidl_typesupport_cpp.dir/rosidl_typesupport_cpp/dls2_msgs/msg/trajectory_generator_msg__type_support.cpp.o[0m
[2.211s] [ 30%] [32mBuilding CXX object CMakeFiles/dls2_msgs__rosidl_typesupport_cpp.dir/rosidl_typesupport_cpp/dls2_msgs/msg/blind_state_msg__type_support.cpp.o[0m
[2.275s] [ 31%] [32mBuilding CXX object CMakeFiles/dls2_msgs__rosidl_typesupport_introspection_cpp.dir/rosidl_typesupport_introspection_cpp/dls2_msgs/msg/detail/trajectory_generator_msg__type_support.cpp.o[0m
[2.275s] [ 33%] [32mBuilding CXX object CMakeFiles/dls2_msgs__rosidl_typesupport_introspection_cpp.dir/rosidl_typesupport_introspection_cpp/dls2_msgs/msg/detail/base_state_msg__type_support.cpp.o[0m
[2.275s] [ 34%] [32mBuilding CXX object CMakeFiles/dls2_msgs__rosidl_typesupport_introspection_cpp.dir/rosidl_typesupport_introspection_cpp/dls2_msgs/msg/detail/blind_state_msg__type_support.cpp.o[0m
[2.276s] [ 36%] [32mBuilding CXX object CMakeFiles/dls2_msgs__rosidl_typesupport_introspection_cpp.dir/rosidl_typesupport_introspection_cpp/dls2_msgs/msg/detail/imu_msg__type_support.cpp.o[0m
[2.276s] [ 38%] [32mBuilding CXX object CMakeFiles/dls2_msgs__rosidl_typesupport_introspection_cpp.dir/rosidl_typesupport_introspection_cpp/dls2_msgs/msg/detail/control_signal_msg__type_support.cpp.o[0m
[2.296s] [ 39%] [32mBuilding CXX object CMakeFiles/dls2_msgs__rosidl_typesupport_fastrtps_cpp.dir/rosidl_typesupport_fastrtps_cpp/dls2_msgs/msg/detail/dds_fastrtps/blind_state_msg__type_support.cpp.o[0m
[2.296s] [ 41%] [32mBuilding CXX object CMakeFiles/dls2_msgs__rosidl_typesupport_fastrtps_cpp.dir/rosidl_typesupport_fastrtps_cpp/dls2_msgs/msg/detail/dds_fastrtps/base_state_msg__type_support.cpp.o[0m
[2.299s] [ 42%] [32mBuilding CXX object CMakeFiles/dls2_msgs__rosidl_typesupport_fastrtps_cpp.dir/rosidl_typesupport_fastrtps_cpp/dls2_msgs/msg/detail/dds_fastrtps/control_signal_msg__type_support.cpp.o[0m
[2.302s] [ 44%] [32mBuilding CXX object CMakeFiles/dls2_msgs__rosidl_typesupport_fastrtps_cpp.dir/rosidl_typesupport_fastrtps_cpp/dls2_msgs/msg/detail/dds_fastrtps/trajectory_generator_msg__type_support.cpp.o[0m
[2.302s] [ 46%] [32mBuilding CXX object CMakeFiles/dls2_msgs__rosidl_typesupport_fastrtps_cpp.dir/rosidl_typesupport_fastrtps_cpp/dls2_msgs/msg/detail/dds_fastrtps/imu_msg__type_support.cpp.o[0m
[2.671s] [ 47%] [32mBuilding CXX object CMakeFiles/dls2_msgs__rosidl_typesupport_c.dir/rosidl_typesupport_c/dls2_msgs/msg/base_state_msg__type_support.cpp.o[0m
[2.673s] [ 49%] [32mBuilding CXX object CMakeFiles/dls2_msgs__rosidl_typesupport_c.dir/rosidl_typesupport_c/dls2_msgs/msg/blind_state_msg__type_support.cpp.o[0m
[2.679s] [ 50%] [32mBuilding CXX object CMakeFiles/dls2_msgs__rosidl_typesupport_c.dir/rosidl_typesupport_c/dls2_msgs/msg/control_signal_msg__type_support.cpp.o[0m
[2.748s] [ 52%] [32mBuilding CXX object CMakeFiles/dls2_msgs__rosidl_typesupport_c.dir/rosidl_typesupport_c/dls2_msgs/msg/imu_msg__type_support.cpp.o[0m
[2.752s] [ 53%] [32mBuilding CXX object CMakeFiles/dls2_msgs__rosidl_typesupport_c.dir/rosidl_typesupport_c/dls2_msgs/msg/trajectory_generator_msg__type_support.cpp.o[0m
[2.799s] [ 55%] [1m[32mLinking CXX shared library libdls2_msgs__rosidl_typesupport_c.so[0m
[2.815s] [ 57%] [32mBuilding C object CMakeFiles/dls2_msgs__rosidl_typesupport_introspection_c.dir/rosidl_typesupport_introspection_c/dls2_msgs/msg/detail/base_state_msg__type_support.c.o[0m
[2.820s] [ 60%] [32mBuilding C object CMakeFiles/dls2_msgs__rosidl_typesupport_introspection_c.dir/rosidl_typesupport_introspection_c/dls2_msgs/msg/detail/control_signal_msg__type_support.c.o[0m
[2.823s] [ 60%] [32mBuilding C object CMakeFiles/dls2_msgs__rosidl_typesupport_introspection_c.dir/rosidl_typesupport_introspection_c/dls2_msgs/msg/detail/blind_state_msg__type_support.c.o[0m
[2.825s] [ 61%] [32mBuilding C object CMakeFiles/dls2_msgs__rosidl_typesupport_introspection_c.dir/rosidl_typesupport_introspection_c/dls2_msgs/msg/detail/imu_msg__type_support.c.o[0m
[2.825s] [ 63%] [32mBuilding CXX object CMakeFiles/dls2_msgs__rosidl_typesupport_fastrtps_c.dir/rosidl_typesupport_fastrtps_c/dls2_msgs/msg/detail/base_state_msg__type_support_c.cpp.o[0m
[2.826s] [ 65%] [32mBuilding C object CMakeFiles/dls2_msgs__rosidl_typesupport_introspection_c.dir/rosidl_typesupport_introspection_c/dls2_msgs/msg/detail/trajectory_generator_msg__type_support.c.o[0m
[2.827s] [ 66%] [32mBuilding CXX object CMakeFiles/dls2_msgs__rosidl_typesupport_fastrtps_c.dir/rosidl_typesupport_fastrtps_c/dls2_msgs/msg/detail/blind_state_msg__type_support_c.cpp.o[0m
[2.829s] [ 68%] [32mBuilding CXX object CMakeFiles/dls2_msgs__rosidl_typesupport_fastrtps_c.dir/rosidl_typesupport_fastrtps_c/dls2_msgs/msg/detail/imu_msg__type_support_c.cpp.o[0m
[2.831s] [ 69%] [32mBuilding CXX object CMakeFiles/dls2_msgs__rosidl_typesupport_fastrtps_c.dir/rosidl_typesupport_fastrtps_c/dls2_msgs/msg/detail/control_signal_msg__type_support_c.cpp.o[0m
[2.855s] [ 71%] [1m[32mLinking CXX shared library libdls2_msgs__rosidl_typesupport_cpp.so[0m
[2.873s] [ 73%] [32mBuilding CXX object CMakeFiles/dls2_msgs__rosidl_typesupport_fastrtps_c.dir/rosidl_typesupport_fastrtps_c/dls2_msgs/msg/detail/trajectory_generator_msg__type_support_c.cpp.o[0m
[2.888s] [ 73%] Built target dls2_msgs__rosidl_typesupport_c
[2.943s] [ 73%] Built target dls2_msgs__rosidl_typesupport_cpp
[3.071s] [ 74%] [1m[32mLinking C shared library libdls2_msgs__rosidl_typesupport_introspection_c.so[0m
[3.071s] [ 76%] [1m[32mLinking CXX shared library libdls2_msgs__rosidl_typesupport_introspection_cpp.so[0m
[3.107s] [ 76%] Built target dls2_msgs__rosidl_typesupport_introspection_c
[3.152s] [ 77%] [1m[32mLinking CXX shared library libdls2_msgs__rosidl_typesupport_fastrtps_cpp.so[0m
[3.162s] [ 77%] Built target dls2_msgs__rosidl_typesupport_introspection_cpp
[3.241s] [ 77%] Built target dls2_msgs__rosidl_typesupport_fastrtps_cpp
[3.388s] [ 79%] [1m[32mLinking CXX shared library libdls2_msgs__rosidl_typesupport_fastrtps_c.so[0m
[3.461s] [ 79%] Built target dls2_msgs__rosidl_typesupport_fastrtps_c
[3.476s] [ 79%] Built target dls2_msgs
[3.501s] [ 80%] [1m[34mGenerating Python code for ROS interfaces[0m
[4.017s] [ 80%] Built target dls2_msgs__py
[4.046s] [ 84%] [32mBuilding C object CMakeFiles/dls2_msgs__rosidl_generator_py.dir/rosidl_generator_py/dls2_msgs/msg/_base_state_msg_s.c.o[0m
[4.046s] [ 84%] [32mBuilding C object CMakeFiles/dls2_msgs__rosidl_generator_py.dir/rosidl_generator_py/dls2_msgs/msg/_blind_state_msg_s.c.o[0m
[4.049s] [ 85%] [32mBuilding C object CMakeFiles/dls2_msgs__rosidl_generator_py.dir/rosidl_generator_py/dls2_msgs/msg/_control_signal_msg_s.c.o[0m
[4.051s] [ 87%] [32mBuilding C object CMakeFiles/dls2_msgs__rosidl_generator_py.dir/rosidl_generator_py/dls2_msgs/msg/_imu_msg_s.c.o[0m
[4.051s] [ 88%] [32mBuilding C object CMakeFiles/dls2_msgs__rosidl_generator_py.dir/rosidl_generator_py/dls2_msgs/msg/_trajectory_generator_msg_s.c.o[0m
[4.359s] [ 90%] [1m[32mLinking C shared library rosidl_generator_py/dls2_msgs/libdls2_msgs__rosidl_generator_py.so[0m
[4.404s] [ 90%] Built target dls2_msgs__rosidl_generator_py
[4.429s] [ 92%] [32mBuilding C object CMakeFiles/dls2_msgs__rosidl_typesupport_c__pyext.dir/rosidl_generator_py/dls2_msgs/_dls2_msgs_s.ep.rosidl_typesupport_c.c.o[0m
[4.432s] [ 93%] [32mBuilding C object CMakeFiles/dls2_msgs__rosidl_typesupport_introspection_c__pyext.dir/rosidl_generator_py/dls2_msgs/_dls2_msgs_s.ep.rosidl_typesupport_introspection_c.c.o[0m
[4.434s] [ 95%] [32mBuilding C object CMakeFiles/dls2_msgs__rosidl_typesupport_fastrtps_c__pyext.dir/rosidl_generator_py/dls2_msgs/_dls2_msgs_s.ep.rosidl_typesupport_fastrtps_c.c.o[0m
[4.550s] [ 96%] [1m[32mLinking C shared library rosidl_generator_py/dls2_msgs/dls2_msgs_s__rosidl_typesupport_c.cpython-311-x86_64-linux-gnu.so[0m
[4.551s] [ 98%] [1m[32mLinking C shared library rosidl_generator_py/dls2_msgs/dls2_msgs_s__rosidl_typesupport_introspection_c.cpython-311-x86_64-linux-gnu.so[0m
[4.551s] [100%] [1m[32mLinking C shared library rosidl_generator_py/dls2_msgs/dls2_msgs_s__rosidl_typesupport_fastrtps_c.cpython-311-x86_64-linux-gnu.so[0m
[4.576s] [100%] Built target dls2_msgs__rosidl_typesupport_introspection_c__pyext
[4.578s] [100%] Built target dls2_msgs__rosidl_typesupport_c__pyext
[4.581s] [100%] Built target dls2_msgs__rosidl_typesupport_fastrtps_c__pyext
[4.590s] Invoked command in '/home/iit.local/gturrisi/isaaclab_ws_home/basic-locomotion-dls-isaaclab/deploy/ros2_ws/build/dls2_msgs' returned '0': CONDA_PROMPT_MODIFIER=(basic_locomotion_dls_isaaclab_ros2_env) /home/iit.local/gturrisi/miniforge3/envs/basic_locomotion_dls_isaaclab_ros2_env/bin/cmake --build /home/iit.local/gturrisi/isaaclab_ws_home/basic-locomotion-dls-isaaclab/deploy/ros2_ws/build/dls2_msgs -- -j20 -l20
[4.596s] Invoking command in '/home/iit.local/gturrisi/isaaclab_ws_home/basic-locomotion-dls-isaaclab/deploy/ros2_ws/build/dls2_msgs': CONDA_PROMPT_MODIFIER=(basic_locomotion_dls_isaaclab_ros2_env) /home/iit.local/gturrisi/miniforge3/envs/basic_locomotion_dls_isaaclab_ros2_env/bin/cmake --install /home/iit.local/gturrisi/isaaclab_ws_home/basic-locomotion-dls-isaaclab/deploy/ros2_ws/build/dls2_msgs
[4.602s] -- Install configuration: ""
[4.602s] -- Up-to-date: /home/iit.local/gturrisi/isaaclab_ws_home/basic-locomotion-dls-isaaclab/deploy/ros2_ws/install/dls2_msgs/share/ament_index/resource_index/rosidl_interfaces/dls2_msgs
[4.603s] -- Up-to-date: /home/iit.local/gturrisi/isaaclab_ws_home/basic-locomotion-dls-isaaclab/deploy/ros2_ws/install/dls2_msgs/include/dls2_msgs/dls2_msgs
[4.603s] -- Up-to-date: /home/iit.local/gturrisi/isaaclab_ws_home/basic-locomotion-dls-isaaclab/deploy/ros2_ws/install/dls2_msgs/include/dls2_msgs/dls2_msgs/msg
[4.603s] -- Installing: /home/iit.local/gturrisi/isaaclab_ws_home/basic-locomotion-dls-isaaclab/deploy/ros2_ws/install/dls2_msgs/include/dls2_msgs/dls2_msgs/msg/control_signal_msg.h
[4.603s] -- Up-to-date: /home/iit.local/gturrisi/isaaclab_ws_home/basic-locomotion-dls-isaaclab/deploy/ros2_ws/install/dls2_msgs/include/dls2_msgs/dls2_msgs/msg/rosidl_generator_c__visibility_control.h
[4.603s] -- Installing: /home/iit.local/gturrisi/isaaclab_ws_home/basic-locomotion-dls-isaaclab/deploy/ros2_ws/install/dls2_msgs/include/dls2_msgs/dls2_msgs/msg/blind_state_msg.h
[4.603s] -- Installing: /home/iit.local/gturrisi/isaaclab_ws_home/basic-locomotion-dls-isaaclab/deploy/ros2_ws/install/dls2_msgs/include/dls2_msgs/dls2_msgs/msg/trajectory_generator_msg.h
[4.603s] -- Up-to-date: /home/iit.local/gturrisi/isaaclab_ws_home/basic-locomotion-dls-isaaclab/deploy/ros2_ws/install/dls2_msgs/include/dls2_msgs/dls2_msgs/msg/detail
[4.603s] -- Installing: /home/iit.local/gturrisi/isaaclab_ws_home/basic-locomotion-dls-isaaclab/deploy/ros2_ws/install/dls2_msgs/include/dls2_msgs/dls2_msgs/msg/detail/imu_msg__struct.h
[4.603s] -- Installing: /home/iit.local/gturrisi/isaaclab_ws_home/basic-locomotion-dls-isaaclab/deploy/ros2_ws/install/dls2_msgs/include/dls2_msgs/dls2_msgs/msg/detail/control_signal_msg__functions.h
[4.603s] -- Installing: /home/iit.local/gturrisi/isaaclab_ws_home/basic-locomotion-dls-isaaclab/deploy/ros2_ws/install/dls2_msgs/include/dls2_msgs/dls2_msgs/msg/detail/base_state_msg__functions.c
[4.603s] -- Installing: /home/iit.local/gturrisi/isaaclab_ws_home/basic-locomotion-dls-isaaclab/deploy/ros2_ws/install/dls2_msgs/include/dls2_msgs/dls2_msgs/msg/detail/trajectory_generator_msg__functions.h
[4.603s] -- Installing: /home/iit.local/gturrisi/isaaclab_ws_home/basic-locomotion-dls-isaaclab/deploy/ros2_ws/install/dls2_msgs/include/dls2_msgs/dls2_msgs/msg/detail/blind_state_msg__functions.c
[4.604s] -- Installing: /home/iit.local/gturrisi/isaaclab_ws_home/basic-locomotion-dls-isaaclab/deploy/ros2_ws/install/dls2_msgs/include/dls2_msgs/dls2_msgs/msg/detail/base_state_msg__functions.h
[4.604s] -- Installing: /home/iit.local/gturrisi/isaaclab_ws_home/basic-locomotion-dls-isaaclab/deploy/ros2_ws/install/dls2_msgs/include/dls2_msgs/dls2_msgs/msg/detail/blind_state_msg__functions.h
[4.604s] -- Installing: /home/iit.local/gturrisi/isaaclab_ws_home/basic-locomotion-dls-isaaclab/deploy/ros2_ws/install/dls2_msgs/include/dls2_msgs/dls2_msgs/msg/detail/control_signal_msg__type_support.h
[4.604s] -- Installing: /home/iit.local/gturrisi/isaaclab_ws_home/basic-locomotion-dls-isaaclab/deploy/ros2_ws/install/dls2_msgs/include/dls2_msgs/dls2_msgs/msg/detail/trajectory_generator_msg__type_support.h
[4.604s] -- Installing: /home/iit.local/gturrisi/isaaclab_ws_home/basic-locomotion-dls-isaaclab/deploy/ros2_ws/install/dls2_msgs/include/dls2_msgs/dls2_msgs/msg/detail/blind_state_msg__struct.h
[4.604s] -- Installing: /home/iit.local/gturrisi/isaaclab_ws_home/basic-locomotion-dls-isaaclab/deploy/ros2_ws/install/dls2_msgs/include/dls2_msgs/dls2_msgs/msg/detail/trajectory_generator_msg__struct.h
[4.604s] -- Installing: /home/iit.local/gturrisi/isaaclab_ws_home/basic-locomotion-dls-isaaclab/deploy/ros2_ws/install/dls2_msgs/include/dls2_msgs/dls2_msgs/msg/detail/base_state_msg__type_support.h
[4.605s] -- Installing: /home/iit.local/gturrisi/isaaclab_ws_home/basic-locomotion-dls-isaaclab/deploy/ros2_ws/install/dls2_msgs/include/dls2_msgs/dls2_msgs/msg/detail/imu_msg__functions.h
[4.605s] -- Installing: /home/iit.local/gturrisi/isaaclab_ws_home/basic-locomotion-dls-isaaclab/deploy/ros2_ws/install/dls2_msgs/include/dls2_msgs/dls2_msgs/msg/detail/control_signal_msg__struct.h
[4.605s] -- Installing: /home/iit.local/gturrisi/isaaclab_ws_home/basic-locomotion-dls-isaaclab/deploy/ros2_ws/install/dls2_msgs/include/dls2_msgs/dls2_msgs/msg/detail/base_state_msg__struct.h
[4.605s] -- Installing: /home/iit.local/gturrisi/isaaclab_ws_home/basic-locomotion-dls-isaaclab/deploy/ros2_ws/install/dls2_msgs/include/dls2_msgs/dls2_msgs/msg/detail/imu_msg__type_support.h
[4.605s] -- Installing: /home/iit.local/gturrisi/isaaclab_ws_home/basic-locomotion-dls-isaaclab/deploy/ros2_ws/install/dls2_msgs/include/dls2_msgs/dls2_msgs/msg/detail/trajectory_generator_msg__functions.c
[4.605s] -- Installing: /home/iit.local/gturrisi/isaaclab_ws_home/basic-locomotion-dls-isaaclab/deploy/ros2_ws/install/dls2_msgs/include/dls2_msgs/dls2_msgs/msg/detail/control_signal_msg__functions.c
[4.605s] -- Installing: /home/iit.local/gturrisi/isaaclab_ws_home/basic-locomotion-dls-isaaclab/deploy/ros2_ws/install/dls2_msgs/include/dls2_msgs/dls2_msgs/msg/detail/blind_state_msg__type_support.h
[4.605s] -- Installing: /home/iit.local/gturrisi/isaaclab_ws_home/basic-locomotion-dls-isaaclab/deploy/ros2_ws/install/dls2_msgs/include/dls2_msgs/dls2_msgs/msg/detail/imu_msg__functions.c
[4.605s] -- Installing: /home/iit.local/gturrisi/isaaclab_ws_home/basic-locomotion-dls-isaaclab/deploy/ros2_ws/install/dls2_msgs/include/dls2_msgs/dls2_msgs/msg/imu_msg.h
[4.605s] -- Installing: /home/iit.local/gturrisi/isaaclab_ws_home/basic-locomotion-dls-isaaclab/deploy/ros2_ws/install/dls2_msgs/include/dls2_msgs/dls2_msgs/msg/base_state_msg.h
[4.605s] -- Installing: /home/iit.local/gturrisi/isaaclab_ws_home/basic-locomotion-dls-isaaclab/deploy/ros2_ws/install/dls2_msgs/lib/libdls2_msgs__rosidl_generator_c.so
[4.605s] -- Up-to-date: /home/iit.local/gturrisi/isaaclab_ws_home/basic-locomotion-dls-isaaclab/deploy/ros2_ws/install/dls2_msgs/include/dls2_msgs/dls2_msgs
[4.605s] -- Up-to-date: /home/iit.local/gturrisi/isaaclab_ws_home/basic-locomotion-dls-isaaclab/deploy/ros2_ws/install/dls2_msgs/include/dls2_msgs/dls2_msgs/msg
[4.605s] -- Up-to-date: /home/iit.local/gturrisi/isaaclab_ws_home/basic-locomotion-dls-isaaclab/deploy/ros2_ws/install/dls2_msgs/include/dls2_msgs/dls2_msgs/msg/rosidl_typesupport_fastrtps_c__visibility_control.h
[4.605s] -- Up-to-date: /home/iit.local/gturrisi/isaaclab_ws_home/basic-locomotion-dls-isaaclab/deploy/ros2_ws/install/dls2_msgs/include/dls2_msgs/dls2_msgs/msg/detail
[4.606s] -- Installing: /home/iit.local/gturrisi/isaaclab_ws_home/basic-locomotion-dls-isaaclab/deploy/ros2_ws/install/dls2_msgs/include/dls2_msgs/dls2_msgs/msg/detail/control_signal_msg__rosidl_typesupport_fastrtps_c.h
[4.606s] -- Installing: /home/iit.local/gturrisi/isaaclab_ws_home/basic-locomotion-dls-isaaclab/deploy/ros2_ws/install/dls2_msgs/include/dls2_msgs/dls2_msgs/msg/detail/trajectory_generator_msg__rosidl_typesupport_fastrtps_c.h
[4.606s] -- Installing: /home/iit.local/gturrisi/isaaclab_ws_home/basic-locomotion-dls-isaaclab/deploy/ros2_ws/install/dls2_msgs/include/dls2_msgs/dls2_msgs/msg/detail/blind_state_msg__rosidl_typesupport_fastrtps_c.h
[4.606s] -- Installing: /home/iit.local/gturrisi/isaaclab_ws_home/basic-locomotion-dls-isaaclab/deploy/ros2_ws/install/dls2_msgs/include/dls2_msgs/dls2_msgs/msg/detail/base_state_msg__rosidl_typesupport_fastrtps_c.h
[4.606s] -- Installing: /home/iit.local/gturrisi/isaaclab_ws_home/basic-locomotion-dls-isaaclab/deploy/ros2_ws/install/dls2_msgs/include/dls2_msgs/dls2_msgs/msg/detail/imu_msg__rosidl_typesupport_fastrtps_c.h
[4.606s] -- Installing: /home/iit.local/gturrisi/isaaclab_ws_home/basic-locomotion-dls-isaaclab/deploy/ros2_ws/install/dls2_msgs/lib/libdls2_msgs__rosidl_typesupport_fastrtps_c.so
[4.606s] -- Set non-toolchain portion of runtime path of "/home/iit.local/gturrisi/isaaclab_ws_home/basic-locomotion-dls-isaaclab/deploy/ros2_ws/install/dls2_msgs/lib/libdls2_msgs__rosidl_typesupport_fastrtps_c.so" to ""
[4.606s] -- Up-to-date: /home/iit.local/gturrisi/isaaclab_ws_home/basic-locomotion-dls-isaaclab/deploy/ros2_ws/install/dls2_msgs/include/dls2_msgs/dls2_msgs
[4.606s] -- Up-to-date: /home/iit.local/gturrisi/isaaclab_ws_home/basic-locomotion-dls-isaaclab/deploy/ros2_ws/install/dls2_msgs/include/dls2_msgs/dls2_msgs/msg
[4.607s] -- Up-to-date: /home/iit.local/gturrisi/isaaclab_ws_home/basic-locomotion-dls-isaaclab/deploy/ros2_ws/install/dls2_msgs/include/dls2_msgs/dls2_msgs/msg/detail
[4.607s] -- Installing: /home/iit.local/gturrisi/isaaclab_ws_home/basic-locomotion-dls-isaaclab/deploy/ros2_ws/install/dls2_msgs/include/dls2_msgs/dls2_msgs/msg/detail/blind_state_msg__rosidl_typesupport_introspection_c.h
[4.607s] -- Installing: /home/iit.local/gturrisi/isaaclab_ws_home/basic-locomotion-dls-isaaclab/deploy/ros2_ws/install/dls2_msgs/include/dls2_msgs/dls2_msgs/msg/detail/control_signal_msg__rosidl_typesupport_introspection_c.h
[4.607s] -- Installing: /home/iit.local/gturrisi/isaaclab_ws_home/basic-locomotion-dls-isaaclab/deploy/ros2_ws/install/dls2_msgs/include/dls2_msgs/dls2_msgs/msg/detail/imu_msg__type_support.c
[4.607s] -- Installing: /home/iit.local/gturrisi/isaaclab_ws_home/basic-locomotion-dls-isaaclab/deploy/ros2_ws/install/dls2_msgs/include/dls2_msgs/dls2_msgs/msg/detail/base_state_msg__type_support.c
[4.607s] -- Installing: /home/iit.local/gturrisi/isaaclab_ws_home/basic-locomotion-dls-isaaclab/deploy/ros2_ws/install/dls2_msgs/include/dls2_msgs/dls2_msgs/msg/detail/imu_msg__rosidl_typesupport_introspection_c.h
[4.607s] -- Installing: /home/iit.local/gturrisi/isaaclab_ws_home/basic-locomotion-dls-isaaclab/deploy/ros2_ws/install/dls2_msgs/include/dls2_msgs/dls2_msgs/msg/detail/control_signal_msg__type_support.c
[4.607s] -- Installing: /home/iit.local/gturrisi/isaaclab_ws_home/basic-locomotion-dls-isaaclab/deploy/ros2_ws/install/dls2_msgs/include/dls2_msgs/dls2_msgs/msg/detail/base_state_msg__rosidl_typesupport_introspection_c.h
[4.607s] -- Installing: /home/iit.local/gturrisi/isaaclab_ws_home/basic-locomotion-dls-isaaclab/deploy/ros2_ws/install/dls2_msgs/include/dls2_msgs/dls2_msgs/msg/detail/blind_state_msg__type_support.c
[4.607s] -- Installing: /home/iit.local/gturrisi/isaaclab_ws_home/basic-locomotion-dls-isaaclab/deploy/ros2_ws/install/dls2_msgs/include/dls2_msgs/dls2_msgs/msg/detail/trajectory_generator_msg__rosidl_typesupport_introspection_c.h
[4.607s] -- Installing: /home/iit.local/gturrisi/isaaclab_ws_home/basic-locomotion-dls-isaaclab/deploy/ros2_ws/install/dls2_msgs/include/dls2_msgs/dls2_msgs/msg/detail/trajectory_generator_msg__type_support.c
[4.607s] -- Up-to-date: /home/iit.local/gturrisi/isaaclab_ws_home/basic-locomotion-dls-isaaclab/deploy/ros2_ws/install/dls2_msgs/include/dls2_msgs/dls2_msgs/msg/rosidl_typesupport_introspection_c__visibility_control.h
[4.607s] -- Installing: /home/iit.local/gturrisi/isaaclab_ws_home/basic-locomotion-dls-isaaclab/deploy/ros2_ws/install/dls2_msgs/lib/libdls2_msgs__rosidl_typesupport_introspection_c.so
[4.608s] -- Set non-toolchain portion of runtime path of "/home/iit.local/gturrisi/isaaclab_ws_home/basic-locomotion-dls-isaaclab/deploy/ros2_ws/install/dls2_msgs/lib/libdls2_msgs__rosidl_typesupport_introspection_c.so" to ""
[4.608s] -- Installing: /home/iit.local/gturrisi/isaaclab_ws_home/basic-locomotion-dls-isaaclab/deploy/ros2_ws/install/dls2_msgs/lib/libdls2_msgs__rosidl_typesupport_c.so
[4.608s] -- Set non-toolchain portion of runtime path of "/home/iit.local/gturrisi/isaaclab_ws_home/basic-locomotion-dls-isaaclab/deploy/ros2_ws/install/dls2_msgs/lib/libdls2_msgs__rosidl_typesupport_c.so" to ""
[4.608s] -- Up-to-date: /home/iit.local/gturrisi/isaaclab_ws_home/basic-locomotion-dls-isaaclab/deploy/ros2_ws/install/dls2_msgs/include/dls2_msgs/dls2_msgs
[4.608s] -- Up-to-date: /home/iit.local/gturrisi/isaaclab_ws_home/basic-locomotion-dls-isaaclab/deploy/ros2_ws/install/dls2_msgs/include/dls2_msgs/dls2_msgs/msg
[4.608s] -- Installing: /home/iit.local/gturrisi/isaaclab_ws_home/basic-locomotion-dls-isaaclab/deploy/ros2_ws/install/dls2_msgs/include/dls2_msgs/dls2_msgs/msg/blind_state_msg.hpp
[4.608s] -- Installing: /home/iit.local/gturrisi/isaaclab_ws_home/basic-locomotion-dls-isaaclab/deploy/ros2_ws/install/dls2_msgs/include/dls2_msgs/dls2_msgs/msg/base_state_msg.hpp
[4.608s] -- Installing: /home/iit.local/gturrisi/isaaclab_ws_home/basic-locomotion-dls-isaaclab/deploy/ros2_ws/install/dls2_msgs/include/dls2_msgs/dls2_msgs/msg/trajectory_generator_msg.hpp
[4.608s] -- Up-to-date: /home/iit.local/gturrisi/isaaclab_ws_home/basic-locomotion-dls-isaaclab/deploy/ros2_ws/install/dls2_msgs/include/dls2_msgs/dls2_msgs/msg/detail
[4.608s] -- Installing: /home/iit.local/gturrisi/isaaclab_ws_home/basic-locomotion-dls-isaaclab/deploy/ros2_ws/install/dls2_msgs/include/dls2_msgs/dls2_msgs/msg/detail/control_signal_msg__type_support.hpp
[4.608s] -- Installing: /home/iit.local/gturrisi/isaaclab_ws_home/basic-locomotion-dls-isaaclab/deploy/ros2_ws/install/dls2_msgs/include/dls2_msgs/dls2_msgs/msg/detail/blind_state_msg__struct.hpp
[4.608s] -- Installing: /home/iit.local/gturrisi/isaaclab_ws_home/basic-locomotion-dls-isaaclab/deploy/ros2_ws/install/dls2_msgs/include/dls2_msgs/dls2_msgs/msg/detail/blind_state_msg__traits.hpp
[4.608s] -- Installing: /home/iit.local/gturrisi/isaaclab_ws_home/basic-locomotion-dls-isaaclab/deploy/ros2_ws/install/dls2_msgs/include/dls2_msgs/dls2_msgs/msg/detail/imu_msg__type_support.hpp
[4.609s] -- Installing: /home/iit.local/gturrisi/isaaclab_ws_home/basic-locomotion-dls-isaaclab/deploy/ros2_ws/install/dls2_msgs/include/dls2_msgs/dls2_msgs/msg/detail/base_state_msg__builder.hpp
[4.609s] -- Installing: /home/iit.local/gturrisi/isaaclab_ws_home/basic-locomotion-dls-isaaclab/deploy/ros2_ws/install/dls2_msgs/include/dls2_msgs/dls2_msgs/msg/detail/blind_state_msg__builder.hpp
[4.609s] -- Installing: /home/iit.local/gturrisi/isaaclab_ws_home/basic-locomotion-dls-isaaclab/deploy/ros2_ws/install/dls2_msgs/include/dls2_msgs/dls2_msgs/msg/detail/imu_msg__struct.hpp
[4.609s] -- Installing: /home/iit.local/gturrisi/isaaclab_ws_home/basic-locomotion-dls-isaaclab/deploy/ros2_ws/install/dls2_msgs/include/dls2_msgs/dls2_msgs/msg/detail/base_state_msg__struct.hpp
[4.609s] -- Installing: /home/iit.local/gturrisi/isaaclab_ws_home/basic-locomotion-dls-isaaclab/deploy/ros2_ws/install/dls2_msgs/include/dls2_msgs/dls2_msgs/msg/detail/trajectory_generator_msg__type_support.hpp
[4.609s] -- Installing: /home/iit.local/gturrisi/isaaclab_ws_home/basic-locomotion-dls-isaaclab/deploy/ros2_ws/install/dls2_msgs/include/dls2_msgs/dls2_msgs/msg/detail/trajectory_generator_msg__builder.hpp
[4.609s] -- Installing: /home/iit.local/gturrisi/isaaclab_ws_home/basic-locomotion-dls-isaaclab/deploy/ros2_ws/install/dls2_msgs/include/dls2_msgs/dls2_msgs/msg/detail/trajectory_generator_msg__struct.hpp
[4.609s] -- Installing: /home/iit.local/gturrisi/isaaclab_ws_home/basic-locomotion-dls-isaaclab/deploy/ros2_ws/install/dls2_msgs/include/dls2_msgs/dls2_msgs/msg/detail/trajectory_generator_msg__traits.hpp
[4.609s] -- Installing: /home/iit.local/gturrisi/isaaclab_ws_home/basic-locomotion-dls-isaaclab/deploy/ros2_ws/install/dls2_msgs/include/dls2_msgs/dls2_msgs/msg/detail/base_state_msg__traits.hpp
[4.609s] -- Installing: /home/iit.local/gturrisi/isaaclab_ws_home/basic-locomotion-dls-isaaclab/deploy/ros2_ws/install/dls2_msgs/include/dls2_msgs/dls2_msgs/msg/detail/control_signal_msg__builder.hpp
[4.609s] -- Installing: /home/iit.local/gturrisi/isaaclab_ws_home/basic-locomotion-dls-isaaclab/deploy/ros2_ws/install/dls2_msgs/include/dls2_msgs/dls2_msgs/msg/detail/base_state_msg__type_support.hpp
[4.609s] -- Installing: /home/iit.local/gturrisi/isaaclab_ws_home/basic-locomotion-dls-isaaclab/deploy/ros2_ws/install/dls2_msgs/include/dls2_msgs/dls2_msgs/msg/detail/imu_msg__builder.hpp
[4.610s] -- Installing: /home/iit.local/gturrisi/isaaclab_ws_home/basic-locomotion-dls-isaaclab/deploy/ros2_ws/install/dls2_msgs/include/dls2_msgs/dls2_msgs/msg/detail/control_signal_msg__traits.hpp
[4.610s] -- Installing: /home/iit.local/gturrisi/isaaclab_ws_home/basic-locomotion-dls-isaaclab/deploy/ros2_ws/install/dls2_msgs/include/dls2_msgs/dls2_msgs/msg/detail/control_signal_msg__struct.hpp
[4.610s] -- Installing: /home/iit.local/gturrisi/isaaclab_ws_home/basic-locomotion-dls-isaaclab/deploy/ros2_ws/install/dls2_msgs/include/dls2_msgs/dls2_msgs/msg/detail/blind_state_msg__type_support.hpp
[4.610s] -- Installing: /home/iit.local/gturrisi/isaaclab_ws_home/basic-locomotion-dls-isaaclab/deploy/ros2_ws/install/dls2_msgs/include/dls2_msgs/dls2_msgs/msg/detail/imu_msg__traits.hpp
[4.610s] -- Installing: /home/iit.local/gturrisi/isaaclab_ws_home/basic-locomotion-dls-isaaclab/deploy/ros2_ws/install/dls2_msgs/include/dls2_msgs/dls2_msgs/msg/control_signal_msg.hpp
[4.610s] -- Installing: /home/iit.local/gturrisi/isaaclab_ws_home/basic-locomotion-dls-isaaclab/deploy/ros2_ws/install/dls2_msgs/include/dls2_msgs/dls2_msgs/msg/imu_msg.hpp
[4.610s] -- Up-to-date: /home/iit.local/gturrisi/isaaclab_ws_home/basic-locomotion-dls-isaaclab/deploy/ros2_ws/install/dls2_msgs/include/dls2_msgs/dls2_msgs/msg/rosidl_generator_cpp__visibility_control.hpp
[4.610s] -- Up-to-date: /home/iit.local/gturrisi/isaaclab_ws_home/basic-locomotion-dls-isaaclab/deploy/ros2_ws/install/dls2_msgs/include/dls2_msgs/dls2_msgs
[4.610s] -- Up-to-date: /home/iit.local/gturrisi/isaaclab_ws_home/basic-locomotion-dls-isaaclab/deploy/ros2_ws/install/dls2_msgs/include/dls2_msgs/dls2_msgs/msg
[4.610s] -- Up-to-date: /home/iit.local/gturrisi/isaaclab_ws_home/basic-locomotion-dls-isaaclab/deploy/ros2_ws/install/dls2_msgs/include/dls2_msgs/dls2_msgs/msg/rosidl_typesupport_fastrtps_cpp__visibility_control.h
[4.610s] -- Up-to-date: /home/iit.local/gturrisi/isaaclab_ws_home/basic-locomotion-dls-isaaclab/deploy/ros2_ws/install/dls2_msgs/include/dls2_msgs/dls2_msgs/msg/detail
[4.610s] -- Installing: /home/iit.local/gturrisi/isaaclab_ws_home/basic-locomotion-dls-isaaclab/deploy/ros2_ws/install/dls2_msgs/include/dls2_msgs/dls2_msgs/msg/detail/blind_state_msg__rosidl_typesupport_fastrtps_cpp.hpp
[4.610s] -- Up-to-date: /home/iit.local/gturrisi/isaaclab_ws_home/basic-locomotion-dls-isaaclab/deploy/ros2_ws/install/dls2_msgs/include/dls2_msgs/dls2_msgs/msg/detail/dds_fastrtps
[4.610s] -- Installing: /home/iit.local/gturrisi/isaaclab_ws_home/basic-locomotion-dls-isaaclab/deploy/ros2_ws/install/dls2_msgs/include/dls2_msgs/dls2_msgs/msg/detail/trajectory_generator_msg__rosidl_typesupport_fastrtps_cpp.hpp
[4.610s] -- Installing: /home/iit.local/gturrisi/isaaclab_ws_home/basic-locomotion-dls-isaaclab/deploy/ros2_ws/install/dls2_msgs/include/dls2_msgs/dls2_msgs/msg/detail/imu_msg__rosidl_typesupport_fastrtps_cpp.hpp
[4.610s] -- Installing: /home/iit.local/gturrisi/isaaclab_ws_home/basic-locomotion-dls-isaaclab/deploy/ros2_ws/install/dls2_msgs/include/dls2_msgs/dls2_msgs/msg/detail/control_signal_msg__rosidl_typesupport_fastrtps_cpp.hpp
[4.611s] -- Installing: /home/iit.local/gturrisi/isaaclab_ws_home/basic-locomotion-dls-isaaclab/deploy/ros2_ws/install/dls2_msgs/include/dls2_msgs/dls2_msgs/msg/detail/base_state_msg__rosidl_typesupport_fastrtps_cpp.hpp
[4.611s] -- Installing: /home/iit.local/gturrisi/isaaclab_ws_home/basic-locomotion-dls-isaaclab/deploy/ros2_ws/install/dls2_msgs/lib/libdls2_msgs__rosidl_typesupport_fastrtps_cpp.so
[4.611s] -- Up-to-date: /home/iit.local/gturrisi/isaaclab_ws_home/basic-locomotion-dls-isaaclab/deploy/ros2_ws/install/dls2_msgs/include/dls2_msgs/dls2_msgs
[4.611s] -- Up-to-date: /home/iit.local/gturrisi/isaaclab_ws_home/basic-locomotion-dls-isaaclab/deploy/ros2_ws/install/dls2_msgs/include/dls2_msgs/dls2_msgs/msg
[4.611s] -- Up-to-date: /home/iit.local/gturrisi/isaaclab_ws_home/basic-locomotion-dls-isaaclab/deploy/ros2_ws/install/dls2_msgs/include/dls2_msgs/dls2_msgs/msg/detail
[4.611s] -- Installing: /home/iit.local/gturrisi/isaaclab_ws_home/basic-locomotion-dls-isaaclab/deploy/ros2_ws/install/dls2_msgs/include/dls2_msgs/dls2_msgs/msg/detail/control_signal_msg__type_support.cpp
[4.611s] -- Installing: /home/iit.local/gturrisi/isaaclab_ws_home/basic-locomotion-dls-isaaclab/deploy/ros2_ws/install/dls2_msgs/include/dls2_msgs/dls2_msgs/msg/detail/base_state_msg__rosidl_typesupport_introspection_cpp.hpp
[4.611s] -- Installing: /home/iit.local/gturrisi/isaaclab_ws_home/basic-locomotion-dls-isaaclab/deploy/ros2_ws/install/dls2_msgs/include/dls2_msgs/dls2_msgs/msg/detail/blind_state_msg__type_support.cpp
[4.611s] -- Installing: /home/iit.local/gturrisi/isaaclab_ws_home/basic-locomotion-dls-isaaclab/deploy/ros2_ws/install/dls2_msgs/include/dls2_msgs/dls2_msgs/msg/detail/trajectory_generator_msg__type_support.cpp
[4.611s] -- Installing: /home/iit.local/gturrisi/isaaclab_ws_home/basic-locomotion-dls-isaaclab/deploy/ros2_ws/install/dls2_msgs/include/dls2_msgs/dls2_msgs/msg/detail/base_state_msg__type_support.cpp
[4.612s] -- Installing: /home/iit.local/gturrisi/isaaclab_ws_home/basic-locomotion-dls-isaaclab/deploy/ros2_ws/install/dls2_msgs/include/dls2_msgs/dls2_msgs/msg/detail/trajectory_generator_msg__rosidl_typesupport_introspection_cpp.hpp
[4.612s] -- Installing: /home/iit.local/gturrisi/isaaclab_ws_home/basic-locomotion-dls-isaaclab/deploy/ros2_ws/install/dls2_msgs/include/dls2_msgs/dls2_msgs/msg/detail/imu_msg__type_support.cpp
[4.612s] -- Installing: /home/iit.local/gturrisi/isaaclab_ws_home/basic-locomotion-dls-isaaclab/deploy/ros2_ws/install/dls2_msgs/include/dls2_msgs/dls2_msgs/msg/detail/control_signal_msg__rosidl_typesupport_introspection_cpp.hpp
[4.612s] -- Installing: /home/iit.local/gturrisi/isaaclab_ws_home/basic-locomotion-dls-isaaclab/deploy/ros2_ws/install/dls2_msgs/include/dls2_msgs/dls2_msgs/msg/detail/imu_msg__rosidl_typesupport_introspection_cpp.hpp
[4.612s] -- Installing: /home/iit.local/gturrisi/isaaclab_ws_home/basic-locomotion-dls-isaaclab/deploy/ros2_ws/install/dls2_msgs/include/dls2_msgs/dls2_msgs/msg/detail/blind_state_msg__rosidl_typesupport_introspection_cpp.hpp
[4.612s] -- Installing: /home/iit.local/gturrisi/isaaclab_ws_home/basic-locomotion-dls-isaaclab/deploy/ros2_ws/install/dls2_msgs/lib/libdls2_msgs__rosidl_typesupport_introspection_cpp.so
[4.613s] -- Installing: /home/iit.local/gturrisi/isaaclab_ws_home/basic-locomotion-dls-isaaclab/deploy/ros2_ws/install/dls2_msgs/lib/libdls2_msgs__rosidl_typesupport_cpp.so
[4.613s] -- Up-to-date: /home/iit.local/gturrisi/isaaclab_ws_home/basic-locomotion-dls-isaaclab/deploy/ros2_ws/install/dls2_msgs/share/dls2_msgs/environment/pythonpath.sh
[4.613s] -- Installing: /home/iit.local/gturrisi/isaaclab_ws_home/basic-locomotion-dls-isaaclab/deploy/ros2_ws/install/dls2_msgs/share/dls2_msgs/environment/pythonpath.dsv
[4.613s] -- Up-to-date: /home/iit.local/gturrisi/isaaclab_ws_home/basic-locomotion-dls-isaaclab/deploy/ros2_ws/install/dls2_msgs/lib/python3.11/site-packages/dls2_msgs-0.0.0-py3.11.egg-info
[4.613s] -- Installing: /home/iit.local/gturrisi/isaaclab_ws_home/basic-locomotion-dls-isaaclab/deploy/ros2_ws/install/dls2_msgs/lib/python3.11/site-packages/dls2_msgs-0.0.0-py3.11.egg-info/SOURCES.txt
[4.613s] -- Installing: /home/iit.local/gturrisi/isaaclab_ws_home/basic-locomotion-dls-isaaclab/deploy/ros2_ws/install/dls2_msgs/lib/python3.11/site-packages/dls2_msgs-0.0.0-py3.11.egg-info/top_level.txt
[4.614s] -- Installing: /home/iit.local/gturrisi/isaaclab_ws_home/basic-locomotion-dls-isaaclab/deploy/ros2_ws/install/dls2_msgs/lib/python3.11/site-packages/dls2_msgs-0.0.0-py3.11.egg-info/dependency_links.txt
[4.614s] -- Installing: /home/iit.local/gturrisi/isaaclab_ws_home/basic-locomotion-dls-isaaclab/deploy/ros2_ws/install/dls2_msgs/lib/python3.11/site-packages/dls2_msgs-0.0.0-py3.11.egg-info/PKG-INFO
[4.614s] -- Up-to-date: /home/iit.local/gturrisi/isaaclab_ws_home/basic-locomotion-dls-isaaclab/deploy/ros2_ws/install/dls2_msgs/lib/python3.11/site-packages/dls2_msgs
[4.614s] -- Installing: /home/iit.local/gturrisi/isaaclab_ws_home/basic-locomotion-dls-isaaclab/deploy/ros2_ws/install/dls2_msgs/lib/python3.11/site-packages/dls2_msgs/dls2_msgs_s__rosidl_typesupport_c.cpython-311-x86_64-linux-gnu.so
[4.614s] -- Installing: /home/iit.local/gturrisi/isaaclab_ws_home/basic-locomotion-dls-isaaclab/deploy/ros2_ws/install/dls2_msgs/lib/python3.11/site-packages/dls2_msgs/_dls2_msgs_s.ep.rosidl_typesupport_fastrtps_c.c
[4.614s] -- Up-to-date: /home/iit.local/gturrisi/isaaclab_ws_home/basic-locomotion-dls-isaaclab/deploy/ros2_ws/install/dls2_msgs/lib/python3.11/site-packages/dls2_msgs/msg
[4.614s] -- Installing: /home/iit.local/gturrisi/isaaclab_ws_home/basic-locomotion-dls-isaaclab/deploy/ros2_ws/install/dls2_msgs/lib/python3.11/site-packages/dls2_msgs/msg/_trajectory_generator_msg_s.c
[4.615s] -- Installing: /home/iit.local/gturrisi/isaaclab_ws_home/basic-locomotion-dls-isaaclab/deploy/ros2_ws/install/dls2_msgs/lib/python3.11/site-packages/dls2_msgs/msg/_control_signal_msg.py
[4.615s] -- Installing: /home/iit.local/gturrisi/isaaclab_ws_home/basic-locomotion-dls-isaaclab/deploy/ros2_ws/install/dls2_msgs/lib/python3.11/site-packages/dls2_msgs/msg/_base_state_msg_s.c
[4.615s] -- Installing: /home/iit.local/gturrisi/isaaclab_ws_home/basic-locomotion-dls-isaaclab/deploy/ros2_ws/install/dls2_msgs/lib/python3.11/site-packages/dls2_msgs/msg/_trajectory_generator_msg.py
[4.615s] -- Installing: /home/iit.local/gturrisi/isaaclab_ws_home/basic-locomotion-dls-isaaclab/deploy/ros2_ws/install/dls2_msgs/lib/python3.11/site-packages/dls2_msgs/msg/_base_state_msg.py
[4.615s] -- Installing: /home/iit.local/gturrisi/isaaclab_ws_home/basic-locomotion-dls-isaaclab/deploy/ros2_ws/install/dls2_msgs/lib/python3.11/site-packages/dls2_msgs/msg/_imu_msg.py
[4.616s] -- Installing: /home/iit.local/gturrisi/isaaclab_ws_home/basic-locomotion-dls-isaaclab/deploy/ros2_ws/install/dls2_msgs/lib/python3.11/site-packages/dls2_msgs/msg/_control_signal_msg_s.c
[4.616s] -- Installing: /home/iit.local/gturrisi/isaaclab_ws_home/basic-locomotion-dls-isaaclab/deploy/ros2_ws/install/dls2_msgs/lib/python3.11/site-packages/dls2_msgs/msg/_blind_state_msg_s.c
[4.616s] -- Installing: /home/iit.local/gturrisi/isaaclab_ws_home/basic-locomotion-dls-isaaclab/deploy/ros2_ws/install/dls2_msgs/lib/python3.11/site-packages/dls2_msgs/msg/__init__.py
[4.616s] -- Installing: /home/iit.local/gturrisi/isaaclab_ws_home/basic-locomotion-dls-isaaclab/deploy/ros2_ws/install/dls2_msgs/lib/python3.11/site-packages/dls2_msgs/msg/_imu_msg_s.c
[4.616s] -- Installing: /home/iit.local/gturrisi/isaaclab_ws_home/basic-locomotion-dls-isaaclab/deploy/ros2_ws/install/dls2_msgs/lib/python3.11/site-packages/dls2_msgs/msg/_blind_state_msg.py
[4.616s] -- Installing: /home/iit.local/gturrisi/isaaclab_ws_home/basic-locomotion-dls-isaaclab/deploy/ros2_ws/install/dls2_msgs/lib/python3.11/site-packages/dls2_msgs/dls2_msgs_s__rosidl_typesupport_fastrtps_c.cpython-311-x86_64-linux-gnu.so
[4.617s] -- Installing: /home/iit.local/gturrisi/isaaclab_ws_home/basic-locomotion-dls-isaaclab/deploy/ros2_ws/install/dls2_msgs/lib/python3.11/site-packages/dls2_msgs/dls2_msgs_s__rosidl_typesupport_introspection_c.cpython-311-x86_64-linux-gnu.so
[4.617s] -- Installing: /home/iit.local/gturrisi/isaaclab_ws_home/basic-locomotion-dls-isaaclab/deploy/ros2_ws/install/dls2_msgs/lib/python3.11/site-packages/dls2_msgs/libdls2_msgs__rosidl_generator_py.so
[4.617s] -- Installing: /home/iit.local/gturrisi/isaaclab_ws_home/basic-locomotion-dls-isaaclab/deploy/ros2_ws/install/dls2_msgs/lib/python3.11/site-packages/dls2_msgs/__init__.py
[4.618s] -- Installing: /home/iit.local/gturrisi/isaaclab_ws_home/basic-locomotion-dls-isaaclab/deploy/ros2_ws/install/dls2_msgs/lib/python3.11/site-packages/dls2_msgs/_dls2_msgs_s.ep.rosidl_typesupport_introspection_c.c
[4.618s] -- Installing: /home/iit.local/gturrisi/isaaclab_ws_home/basic-locomotion-dls-isaaclab/deploy/ros2_ws/install/dls2_msgs/lib/python3.11/site-packages/dls2_msgs/_dls2_msgs_s.ep.rosidl_typesupport_c.c
[4.647s] Listing 'lib/python3.11/site-packages/dls2_msgs'...
[4.647s] Can't list 'lib/python3.11/site-packages/dls2_msgs'
[4.650s] -- Installing: /home/iit.local/gturrisi/isaaclab_ws_home/basic-locomotion-dls-isaaclab/deploy/ros2_ws/install/dls2_msgs/lib/python3.11/site-packages/dls2_msgs/dls2_msgs_s__rosidl_typesupport_fastrtps_c.cpython-311-x86_64-linux-gnu.so
[4.651s] -- Set non-toolchain portion of runtime path of "/home/iit.local/gturrisi/isaaclab_ws_home/basic-locomotion-dls-isaaclab/deploy/ros2_ws/install/dls2_msgs/lib/python3.11/site-packages/dls2_msgs/dls2_msgs_s__rosidl_typesupport_fastrtps_c.cpython-311-x86_64-linux-gnu.so" to ""
[4.651s] -- Installing: /home/iit.local/gturrisi/isaaclab_ws_home/basic-locomotion-dls-isaaclab/deploy/ros2_ws/install/dls2_msgs/lib/python3.11/site-packages/dls2_msgs/dls2_msgs_s__rosidl_typesupport_introspection_c.cpython-311-x86_64-linux-gnu.so
[4.651s] -- Set non-toolchain portion of runtime path of "/home/iit.local/gturrisi/isaaclab_ws_home/basic-locomotion-dls-isaaclab/deploy/ros2_ws/install/dls2_msgs/lib/python3.11/site-packages/dls2_msgs/dls2_msgs_s__rosidl_typesupport_introspection_c.cpython-311-x86_64-linux-gnu.so" to ""
[4.651s] -- Installing: /home/iit.local/gturrisi/isaaclab_ws_home/basic-locomotion-dls-isaaclab/deploy/ros2_ws/install/dls2_msgs/lib/python3.11/site-packages/dls2_msgs/dls2_msgs_s__rosidl_typesupport_c.cpython-311-x86_64-linux-gnu.so
[4.651s] -- Set non-toolchain portion of runtime path of "/home/iit.local/gturrisi/isaaclab_ws_home/basic-locomotion-dls-isaaclab/deploy/ros2_ws/install/dls2_msgs/lib/python3.11/site-packages/dls2_msgs/dls2_msgs_s__rosidl_typesupport_c.cpython-311-x86_64-linux-gnu.so" to ""
[4.652s] -- Installing: /home/iit.local/gturrisi/isaaclab_ws_home/basic-locomotion-dls-isaaclab/deploy/ros2_ws/install/dls2_msgs/lib/libdls2_msgs__rosidl_generator_py.so
[4.652s] -- Set non-toolchain portion of runtime path of "/home/iit.local/gturrisi/isaaclab_ws_home/basic-locomotion-dls-isaaclab/deploy/ros2_ws/install/dls2_msgs/lib/libdls2_msgs__rosidl_generator_py.so" to ""
[4.652s] -- Up-to-date: /home/iit.local/gturrisi/isaaclab_ws_home/basic-locomotion-dls-isaaclab/deploy/ros2_ws/install/dls2_msgs/share/dls2_msgs/msg/BlindStateMsg.idl
[4.652s] -- Up-to-date: /home/iit.local/gturrisi/isaaclab_ws_home/basic-locomotion-dls-isaaclab/deploy/ros2_ws/install/dls2_msgs/share/dls2_msgs/msg/BaseStateMsg.idl
[4.653s] -- Up-to-date: /home/iit.local/gturrisi/isaaclab_ws_home/basic-locomotion-dls-isaaclab/deploy/ros2_ws/install/dls2_msgs/share/dls2_msgs/msg/ControlSignalMsg.idl
[4.653s] -- Installing: /home/iit.local/gturrisi/isaaclab_ws_home/basic-locomotion-dls-isaaclab/deploy/ros2_ws/install/dls2_msgs/share/dls2_msgs/msg/TrajectoryGeneratorMsg.idl
[4.653s] -- Up-to-date: /home/iit.local/gturrisi/isaaclab_ws_home/basic-locomotion-dls-isaaclab/deploy/ros2_ws/install/dls2_msgs/share/dls2_msgs/msg/ImuMsg.idl
[4.653s] -- Up-to-date: /home/iit.local/gturrisi/isaaclab_ws_home/basic-locomotion-dls-isaaclab/deploy/ros2_ws/install/dls2_msgs/share/dls2_msgs/msg/BlindStateMsg.msg
[4.653s] -- Up-to-date: /home/iit.local/gturrisi/isaaclab_ws_home/basic-locomotion-dls-isaaclab/deploy/ros2_ws/install/dls2_msgs/share/dls2_msgs/msg/BaseStateMsg.msg
[4.654s] -- Up-to-date: /home/iit.local/gturrisi/isaaclab_ws_home/basic-locomotion-dls-isaaclab/deploy/ros2_ws/install/dls2_msgs/share/dls2_msgs/msg/ControlSignalMsg.msg
[4.654s] -- Installing: /home/iit.local/gturrisi/isaaclab_ws_home/basic-locomotion-dls-isaaclab/deploy/ros2_ws/install/dls2_msgs/share/dls2_msgs/msg/TrajectoryGeneratorMsg.msg
[4.654s] -- Up-to-date: /home/iit.local/gturrisi/isaaclab_ws_home/basic-locomotion-dls-isaaclab/deploy/ros2_ws/install/dls2_msgs/share/dls2_msgs/msg/ImuMsg.msg
[4.654s] -- Up-to-date: /home/iit.local/gturrisi/isaaclab_ws_home/basic-locomotion-dls-isaaclab/deploy/ros2_ws/install/dls2_msgs/share/ament_index/resource_index/package_run_dependencies/dls2_msgs
[4.654s] -- Installing: /home/iit.local/gturrisi/isaaclab_ws_home/basic-locomotion-dls-isaaclab/deploy/ros2_ws/install/dls2_msgs/share/ament_index/resource_index/parent_prefix_path/dls2_msgs
[4.654s] -- Up-to-date: /home/iit.local/gturrisi/isaaclab_ws_home/basic-locomotion-dls-isaaclab/deploy/ros2_ws/install/dls2_msgs/share/dls2_msgs/environment/ament_prefix_path.sh
[4.654s] -- Installing: /home/iit.local/gturrisi/isaaclab_ws_home/basic-locomotion-dls-isaaclab/deploy/ros2_ws/install/dls2_msgs/share/dls2_msgs/environment/ament_prefix_path.dsv
[4.654s] -- Up-to-date: /home/iit.local/gturrisi/isaaclab_ws_home/basic-locomotion-dls-isaaclab/deploy/ros2_ws/install/dls2_msgs/share/dls2_msgs/environment/path.sh
[4.654s] -- Installing: /home/iit.local/gturrisi/isaaclab_ws_home/basic-locomotion-dls-isaaclab/deploy/ros2_ws/install/dls2_msgs/share/dls2_msgs/environment/path.dsv
[4.654s] -- Up-to-date: /home/iit.local/gturrisi/isaaclab_ws_home/basic-locomotion-dls-isaaclab/deploy/ros2_ws/install/dls2_msgs/share/dls2_msgs/local_setup.bash
[4.654s] -- Up-to-date: /home/iit.local/gturrisi/isaaclab_ws_home/basic-locomotion-dls-isaaclab/deploy/ros2_ws/install/dls2_msgs/share/dls2_msgs/local_setup.sh
[4.654s] -- Up-to-date: /home/iit.local/gturrisi/isaaclab_ws_home/basic-locomotion-dls-isaaclab/deploy/ros2_ws/install/dls2_msgs/share/dls2_msgs/local_setup.zsh
[4.654s] -- Installing: /home/iit.local/gturrisi/isaaclab_ws_home/basic-locomotion-dls-isaaclab/deploy/ros2_ws/install/dls2_msgs/share/dls2_msgs/local_setup.dsv
[4.654s] -- Installing: /home/iit.local/gturrisi/isaaclab_ws_home/basic-locomotion-dls-isaaclab/deploy/ros2_ws/install/dls2_msgs/share/dls2_msgs/package.dsv
[4.654s] -- Up-to-date: /home/iit.local/gturrisi/isaaclab_ws_home/basic-locomotion-dls-isaaclab/deploy/ros2_ws/install/dls2_msgs/share/ament_index/resource_index/packages/dls2_msgs
[4.654s] -- Up-to-date: /home/iit.local/gturrisi/isaaclab_ws_home/basic-locomotion-dls-isaaclab/deploy/ros2_ws/install/dls2_msgs/share/dls2_msgs/cmake/export_dls2_msgs__rosidl_generator_cExport.cmake
[4.654s] -- Up-to-date: /home/iit.local/gturrisi/isaaclab_ws_home/basic-locomotion-dls-isaaclab/deploy/ros2_ws/install/dls2_msgs/share/dls2_msgs/cmake/export_dls2_msgs__rosidl_generator_cExport-noconfig.cmake
[4.654s] -- Up-to-date: /home/iit.local/gturrisi/isaaclab_ws_home/basic-locomotion-dls-isaaclab/deploy/ros2_ws/install/dls2_msgs/share/dls2_msgs/cmake/export_dls2_msgs__rosidl_typesupport_fastrtps_cExport.cmake
[4.654s] -- Up-to-date: /home/iit.local/gturrisi/isaaclab_ws_home/basic-locomotion-dls-isaaclab/deploy/ros2_ws/install/dls2_msgs/share/dls2_msgs/cmake/export_dls2_msgs__rosidl_typesupport_fastrtps_cExport-noconfig.cmake
[4.654s] -- Up-to-date: /home/iit.local/gturrisi/isaaclab_ws_home/basic-locomotion-dls-isaaclab/deploy/ros2_ws/install/dls2_msgs/share/dls2_msgs/cmake/dls2_msgs__rosidl_typesupport_introspection_cExport.cmake
[4.654s] -- Up-to-date: /home/iit.local/gturrisi/isaaclab_ws_home/basic-locomotion-dls-isaaclab/deploy/ros2_ws/install/dls2_msgs/share/dls2_msgs/cmake/dls2_msgs__rosidl_typesupport_introspection_cExport-noconfig.cmake
[4.654s] -- Up-to-date: /home/iit.local/gturrisi/isaaclab_ws_home/basic-locomotion-dls-isaaclab/deploy/ros2_ws/install/dls2_msgs/share/dls2_msgs/cmake/dls2_msgs__rosidl_typesupport_cExport.cmake
[4.655s] -- Up-to-date: /home/iit.local/gturrisi/isaaclab_ws_home/basic-locomotion-dls-isaaclab/deploy/ros2_ws/install/dls2_msgs/share/dls2_msgs/cmake/dls2_msgs__rosidl_typesupport_cExport-noconfig.cmake
[4.655s] -- Up-to-date: /home/iit.local/gturrisi/isaaclab_ws_home/basic-locomotion-dls-isaaclab/deploy/ros2_ws/install/dls2_msgs/share/dls2_msgs/cmake/export_dls2_msgs__rosidl_generator_cppExport.cmake
[4.655s] -- Up-to-date: /home/iit.local/gturrisi/isaaclab_ws_home/basic-locomotion-dls-isaaclab/deploy/ros2_ws/install/dls2_msgs/share/dls2_msgs/cmake/export_dls2_msgs__rosidl_typesupport_fastrtps_cppExport.cmake
[4.655s] -- Up-to-date: /home/iit.local/gturrisi/isaaclab_ws_home/basic-locomotion-dls-isaaclab/deploy/ros2_ws/install/dls2_msgs/share/dls2_msgs/cmake/export_dls2_msgs__rosidl_typesupport_fastrtps_cppExport-noconfig.cmake
[4.655s] -- Up-to-date: /home/iit.local/gturrisi/isaaclab_ws_home/basic-locomotion-dls-isaaclab/deploy/ros2_ws/install/dls2_msgs/share/dls2_msgs/cmake/dls2_msgs__rosidl_typesupport_introspection_cppExport.cmake
[4.655s] -- Up-to-date: /home/iit.local/gturrisi/isaaclab_ws_home/basic-locomotion-dls-isaaclab/deploy/ros2_ws/install/dls2_msgs/share/dls2_msgs/cmake/dls2_msgs__rosidl_typesupport_introspection_cppExport-noconfig.cmake
[4.655s] -- Up-to-date: /home/iit.local/gturrisi/isaaclab_ws_home/basic-locomotion-dls-isaaclab/deploy/ros2_ws/install/dls2_msgs/share/dls2_msgs/cmake/dls2_msgs__rosidl_typesupport_cppExport.cmake
[4.655s] -- Up-to-date: /home/iit.local/gturrisi/isaaclab_ws_home/basic-locomotion-dls-isaaclab/deploy/ros2_ws/install/dls2_msgs/share/dls2_msgs/cmake/dls2_msgs__rosidl_typesupport_cppExport-noconfig.cmake
[4.655s] -- Up-to-date: /home/iit.local/gturrisi/isaaclab_ws_home/basic-locomotion-dls-isaaclab/deploy/ros2_ws/install/dls2_msgs/share/dls2_msgs/cmake/export_dls2_msgs__rosidl_generator_pyExport.cmake
[4.655s] -- Up-to-date: /home/iit.local/gturrisi/isaaclab_ws_home/basic-locomotion-dls-isaaclab/deploy/ros2_ws/install/dls2_msgs/share/dls2_msgs/cmake/export_dls2_msgs__rosidl_generator_pyExport-noconfig.cmake
[4.655s] -- Up-to-date: /home/iit.local/gturrisi/isaaclab_ws_home/basic-locomotion-dls-isaaclab/deploy/ros2_ws/install/dls2_msgs/share/dls2_msgs/cmake/rosidl_cmake-extras.cmake
[4.655s] -- Up-to-date: /home/iit.local/gturrisi/isaaclab_ws_home/basic-locomotion-dls-isaaclab/deploy/ros2_ws/install/dls2_msgs/share/dls2_msgs/cmake/ament_cmake_export_include_directories-extras.cmake
[4.655s] -- Up-to-date: /home/iit.local/gturrisi/isaaclab_ws_home/basic-locomotion-dls-isaaclab/deploy/ros2_ws/install/dls2_msgs/share/dls2_msgs/cmake/ament_cmake_export_libraries-extras.cmake
[4.655s] -- Up-to-date: /home/iit.local/gturrisi/isaaclab_ws_home/basic-locomotion-dls-isaaclab/deploy/ros2_ws/install/dls2_msgs/share/dls2_msgs/cmake/ament_cmake_export_targets-extras.cmake
[4.655s] -- Up-to-date: /home/iit.local/gturrisi/isaaclab_ws_home/basic-locomotion-dls-isaaclab/deploy/ros2_ws/install/dls2_msgs/share/dls2_msgs/cmake/rosidl_cmake_export_typesupport_targets-extras.cmake
[4.655s] -- Up-to-date: /home/iit.local/gturrisi/isaaclab_ws_home/basic-locomotion-dls-isaaclab/deploy/ros2_ws/install/dls2_msgs/share/dls2_msgs/cmake/ament_cmake_export_dependencies-extras.cmake
[4.655s] -- Up-to-date: /home/iit.local/gturrisi/isaaclab_ws_home/basic-locomotion-dls-isaaclab/deploy/ros2_ws/install/dls2_msgs/share/dls2_msgs/cmake/rosidl_cmake_export_typesupport_libraries-extras.cmake
[4.655s] -- Up-to-date: /home/iit.local/gturrisi/isaaclab_ws_home/basic-locomotion-dls-isaaclab/deploy/ros2_ws/install/dls2_msgs/share/dls2_msgs/cmake/dls2_msgsConfig.cmake
[4.655s] -- Up-to-date: /home/iit.local/gturrisi/isaaclab_ws_home/basic-locomotion-dls-isaaclab/deploy/ros2_ws/install/dls2_msgs/share/dls2_msgs/cmake/dls2_msgsConfig-version.cmake
[4.655s] -- Up-to-date: /home/iit.local/gturrisi/isaaclab_ws_home/basic-locomotion-dls-isaaclab/deploy/ros2_ws/install/dls2_msgs/share/dls2_msgs/package.xml
[4.657s] Invoked command in '/home/iit.local/gturrisi/isaaclab_ws_home/basic-locomotion-dls-isaaclab/deploy/ros2_ws/build/dls2_msgs' returned '0': CONDA_PROMPT_MODIFIER=(basic_locomotion_dls_isaaclab_ros2_env) /home/iit.local/gturrisi/miniforge3/envs/basic_locomotion_dls_isaaclab_ros2_env/bin/cmake --install /home/iit.local/gturrisi/isaaclab_ws_home/basic-locomotion-dls-isaaclab/deploy/ros2_ws/build/dls2_msgs
