[0.011s] Invoking command in '/home/alienware/isaaclab_ws_home/basic-locomotion-dls-isaaclab/deploy/ros2_ws/build/dls2_msgs': CONDA_PROMPT_MODIFIER=(isaaclab_env) /home/alienware/miniforge3/envs/isaaclab_env/bin/cmake /home/alienware/isaaclab_ws_home/basic-locomotion-dls-isaaclab/deploy/ros2_ws/src/dls2_msgs -DCMAKE_INSTALL_PREFIX=/home/alienware/isaaclab_ws_home/basic-locomotion-dls-isaaclab/deploy/ros2_ws/install/dls2_msgs
[0.157s] -- The C compiler identification is GNU 13.3.0
[0.294s] -- The CXX compiler identification is GNU 13.3.0
[0.303s] -- Detecting C compiler ABI info
[0.356s] -- Detecting C compiler ABI info - done
[0.366s] -- Check for working C compiler: /home/alienware/miniforge3/envs/isaaclab_env/bin/x86_64-conda-linux-gnu-cc - skipped
[0.366s] -- Detecting C compile features
[0.367s] -- Detecting C compile features - done
[0.369s] -- Detecting CXX compiler ABI info
[0.433s] -- Detecting CXX compiler ABI info - done
[0.443s] -- Check for working CXX compiler: /home/alienware/miniforge3/envs/isaaclab_env/bin/x86_64-conda-linux-gnu-c++ - skipped
[0.444s] -- Detecting CXX compile features
[0.444s] -- Detecting CXX compile features - done
[0.449s] -- Found ament_cmake: 1.3.3 (/home/alienware/miniforge3/envs/isaaclab_env/share/ament_cmake/cmake)
[1.607s] -- Found Python3: /home/alienware/miniforge3/envs/isaaclab_env/bin/python3.10 (found version "3.10.13") found components: Interpreter 
[1.709s] -- Found ament_lint_auto: 0.12.5 (/home/alienware/miniforge3/envs/isaaclab_env/share/ament_lint_auto/cmake)
[1.797s] -- Found rosidl_default_generators: 1.2.0 (/home/alienware/miniforge3/envs/isaaclab_env/share/rosidl_default_generators/cmake)
[1.801s] -- Using all available rosidl_typesupport_c: rosidl_typesupport_fastrtps_c;rosidl_typesupport_introspection_c
[1.811s] -- Found rosidl_adapter: 3.1.4 (/home/alienware/miniforge3/envs/isaaclab_env/share/rosidl_adapter/cmake)
[1.857s] -- Using all available rosidl_typesupport_cpp: rosidl_typesupport_fastrtps_cpp;rosidl_typesupport_introspection_cpp
[2.014s] -- Found ament_cmake_ros: 0.10.0 (/home/alienware/miniforge3/envs/isaaclab_env/share/ament_cmake_ros/cmake)
[2.107s] -- Using all available rosidl_typesupport_c: rosidl_typesupport_fastrtps_c;rosidl_typesupport_introspection_c
[2.212s] -- Using all available rosidl_typesupport_cpp: rosidl_typesupport_fastrtps_cpp;rosidl_typesupport_introspection_cpp
[2.234s] -- Found PythonInterp: /home/alienware/miniforge3/envs/isaaclab_env/bin/python3 (found suitable version "3.10.13", minimum required is "3.6") 
[2.236s] -- Found python_cmake_module: 0.10.0 (/home/alienware/miniforge3/envs/isaaclab_env/share/python_cmake_module/cmake)
[2.261s] -- Found PythonLibs: /home/alienware/miniforge3/envs/isaaclab_env/lib/libpython3.10.so (found suitable version "3.10.13", minimum required is "3.5") 
[2.261s] -- Using PYTHON_EXECUTABLE: /home/alienware/miniforge3/envs/isaaclab_env/bin/python3
[2.261s] -- Using PYTHON_INCLUDE_DIRS: /home/alienware/miniforge3/envs/isaaclab_env/include/python3.10
[2.261s] -- Using PYTHON_LIBRARIES: /home/alienware/miniforge3/envs/isaaclab_env/lib/libpython3.10.so
[2.281s] -- Found PythonExtra: .so  
[3.339s] -- Found Python3: /home/alienware/miniforge3/envs/isaaclab_env/include/python3.10 (found version "3.10.13") found components: Development NumPy Interpreter Development.Module Development.Embed 
[3.376s] -- Added test 'lint_cmake' to check CMake code style
[3.377s] -- Added test 'xmllint' to check XML markup files
[3.382s] -- Configuring done (3.3s)
[3.408s] -- Generating done (0.0s)
[3.410s] -- Build files have been written to: /home/alienware/isaaclab_ws_home/basic-locomotion-dls-isaaclab/deploy/ros2_ws/build/dls2_msgs
[3.414s] Invoked command in '/home/alienware/isaaclab_ws_home/basic-locomotion-dls-isaaclab/deploy/ros2_ws/build/dls2_msgs' returned '0': CONDA_PROMPT_MODIFIER=(isaaclab_env) /home/alienware/miniforge3/envs/isaaclab_env/bin/cmake /home/alienware/isaaclab_ws_home/basic-locomotion-dls-isaaclab/deploy/ros2_ws/src/dls2_msgs -DCMAKE_INSTALL_PREFIX=/home/alienware/isaaclab_ws_home/basic-locomotion-dls-isaaclab/deploy/ros2_ws/install/dls2_msgs
[3.416s] Invoking command in '/home/alienware/isaaclab_ws_home/basic-locomotion-dls-isaaclab/deploy/ros2_ws/build/dls2_msgs': CONDA_PROMPT_MODIFIER=(isaaclab_env) /home/alienware/miniforge3/envs/isaaclab_env/bin/cmake --build /home/alienware/isaaclab_ws_home/basic-locomotion-dls-isaaclab/deploy/ros2_ws/build/dls2_msgs -- -j16 -l16
[3.435s] [  1%] [34m[1mGenerating C code for ROS interfaces[0m
[3.439s] [  3%] [34m[1mGenerating C++ code for ROS interfaces[0m
[3.442s] [  3%] Built target ament_cmake_python_copy_dls2_msgs
[3.822s] [  3%] Built target dls2_msgs__cpp
[3.826s] [  7%] [34m[1mGenerating C++ type support dispatch for ROS interfaces[0m
[3.826s] [  7%] [34m[1mGenerating C++ type support for eProsima Fast-RTPS[0m
[3.826s] [  9%] [34m[1mGenerating C++ introspection for ROS interfaces[0m
[3.831s] [ 10%] [32mBuilding C object CMakeFiles/dls2_msgs__rosidl_generator_c.dir/rosidl_generator_c/dls2_msgs/msg/detail/blind_state_msg__functions.c.o[0m
[3.831s] [ 14%] [32mBuilding C object CMakeFiles/dls2_msgs__rosidl_generator_c.dir/rosidl_generator_c/dls2_msgs/msg/detail/control_signal_msg__functions.c.o[0m
[3.831s] [ 14%] [32mBuilding C object CMakeFiles/dls2_msgs__rosidl_generator_c.dir/rosidl_generator_c/dls2_msgs/msg/detail/base_state_msg__functions.c.o[0m
[3.833s] [ 16%] [32mBuilding C object CMakeFiles/dls2_msgs__rosidl_generator_c.dir/rosidl_generator_c/dls2_msgs/msg/detail/trajectory_generator_msg__functions.c.o[0m
[3.944s] [ 18%] [32m[1mLinking C shared library libdls2_msgs__rosidl_generator_c.so[0m
[3.951s] running egg_info
[3.951s] creating dls2_msgs.egg-info
[3.969s] [ 18%] Built target dls2_msgs__rosidl_generator_c
[3.974s] [ 23%] [34m[1mGenerating C type support for eProsima Fast-RTPS[0m
[3.974s] [ 23%] [34m[1mGenerating C type support dispatch for ROS interfaces[0m
[3.974s] [ 23%] [34m[1mGenerating C introspection for ROS interfaces[0m
[4.010s] writing dls2_msgs.egg-info/PKG-INFO
[4.050s] writing dependency_links to dls2_msgs.egg-info/dependency_links.txt
[4.131s] [ 25%] [32mBuilding CXX object CMakeFiles/dls2_msgs__rosidl_typesupport_cpp.dir/rosidl_typesupport_cpp/dls2_msgs/msg/base_state_msg__type_support.cpp.o[0m
[4.131s] [ 27%] [32mBuilding CXX object CMakeFiles/dls2_msgs__rosidl_typesupport_cpp.dir/rosidl_typesupport_cpp/dls2_msgs/msg/blind_state_msg__type_support.cpp.o[0m
[4.132s] [ 29%] [32mBuilding CXX object CMakeFiles/dls2_msgs__rosidl_typesupport_cpp.dir/rosidl_typesupport_cpp/dls2_msgs/msg/control_signal_msg__type_support.cpp.o[0m
[4.132s] [ 30%] [32mBuilding CXX object CMakeFiles/dls2_msgs__rosidl_typesupport_cpp.dir/rosidl_typesupport_cpp/dls2_msgs/msg/trajectory_generator_msg__type_support.cpp.o[0m
[4.196s] [ 32%] [32mBuilding CXX object CMakeFiles/dls2_msgs__rosidl_typesupport_fastrtps_cpp.dir/rosidl_typesupport_fastrtps_cpp/dls2_msgs/msg/detail/dds_fastrtps/blind_state_msg__type_support.cpp.o[0m
[4.196s] [ 34%] [32mBuilding CXX object CMakeFiles/dls2_msgs__rosidl_typesupport_fastrtps_cpp.dir/rosidl_typesupport_fastrtps_cpp/dls2_msgs/msg/detail/dds_fastrtps/base_state_msg__type_support.cpp.o[0m
[4.196s] [ 36%] [32mBuilding CXX object CMakeFiles/dls2_msgs__rosidl_typesupport_fastrtps_cpp.dir/rosidl_typesupport_fastrtps_cpp/dls2_msgs/msg/detail/dds_fastrtps/trajectory_generator_msg__type_support.cpp.o[0m
[4.197s] [ 38%] [32mBuilding CXX object CMakeFiles/dls2_msgs__rosidl_typesupport_fastrtps_cpp.dir/rosidl_typesupport_fastrtps_cpp/dls2_msgs/msg/detail/dds_fastrtps/control_signal_msg__type_support.cpp.o[0m
[4.203s] [ 40%] [32mBuilding CXX object CMakeFiles/dls2_msgs__rosidl_typesupport_introspection_cpp.dir/rosidl_typesupport_introspection_cpp/dls2_msgs/msg/detail/control_signal_msg__type_support.cpp.o[0m
[4.203s] [ 41%] [32mBuilding CXX object CMakeFiles/dls2_msgs__rosidl_typesupport_introspection_cpp.dir/rosidl_typesupport_introspection_cpp/dls2_msgs/msg/detail/trajectory_generator_msg__type_support.cpp.o[0m
[4.203s] [ 43%] [32mBuilding CXX object CMakeFiles/dls2_msgs__rosidl_typesupport_introspection_cpp.dir/rosidl_typesupport_introspection_cpp/dls2_msgs/msg/detail/base_state_msg__type_support.cpp.o[0m
[4.203s] [ 45%] [32mBuilding CXX object CMakeFiles/dls2_msgs__rosidl_typesupport_introspection_cpp.dir/rosidl_typesupport_introspection_cpp/dls2_msgs/msg/detail/blind_state_msg__type_support.cpp.o[0m
[4.369s] [ 47%] [32mBuilding CXX object CMakeFiles/dls2_msgs__rosidl_typesupport_c.dir/rosidl_typesupport_c/dls2_msgs/msg/blind_state_msg__type_support.cpp.o[0m
[4.410s] [ 49%] [32mBuilding CXX object CMakeFiles/dls2_msgs__rosidl_typesupport_c.dir/rosidl_typesupport_c/dls2_msgs/msg/base_state_msg__type_support.cpp.o[0m
[4.412s] writing top-level names to dls2_msgs.egg-info/top_level.txt
[4.412s] writing manifest file 'dls2_msgs.egg-info/SOURCES.txt'
[4.441s] [ 50%] [32mBuilding CXX object CMakeFiles/dls2_msgs__rosidl_typesupport_c.dir/rosidl_typesupport_c/dls2_msgs/msg/control_signal_msg__type_support.cpp.o[0m
[4.478s] [ 52%] [32mBuilding CXX object CMakeFiles/dls2_msgs__rosidl_typesupport_c.dir/rosidl_typesupport_c/dls2_msgs/msg/trajectory_generator_msg__type_support.cpp.o[0m
[4.491s] [ 54%] [32mBuilding C object CMakeFiles/dls2_msgs__rosidl_typesupport_introspection_c.dir/rosidl_typesupport_introspection_c/dls2_msgs/msg/detail/blind_state_msg__type_support.c.o[0m
[4.512s] [ 56%] [32m[1mLinking CXX shared library libdls2_msgs__rosidl_typesupport_c.so[0m
[4.519s] [ 58%] [32mBuilding C object CMakeFiles/dls2_msgs__rosidl_typesupport_introspection_c.dir/rosidl_typesupport_introspection_c/dls2_msgs/msg/detail/base_state_msg__type_support.c.o[0m
[4.522s] [ 60%] [32mBuilding C object CMakeFiles/dls2_msgs__rosidl_typesupport_introspection_c.dir/rosidl_typesupport_introspection_c/dls2_msgs/msg/detail/control_signal_msg__type_support.c.o[0m
[4.526s] [ 61%] [32mBuilding C object CMakeFiles/dls2_msgs__rosidl_typesupport_introspection_c.dir/rosidl_typesupport_introspection_c/dls2_msgs/msg/detail/trajectory_generator_msg__type_support.c.o[0m
[4.538s] [ 63%] [32m[1mLinking CXX shared library libdls2_msgs__rosidl_typesupport_cpp.so[0m
[4.547s] [ 65%] [32mBuilding CXX object CMakeFiles/dls2_msgs__rosidl_typesupport_fastrtps_c.dir/rosidl_typesupport_fastrtps_c/dls2_msgs/msg/detail/blind_state_msg__type_support_c.cpp.o[0m
[4.563s] [ 65%] Built target dls2_msgs__rosidl_typesupport_c
[4.570s] [ 69%] [32mBuilding CXX object CMakeFiles/dls2_msgs__rosidl_typesupport_fastrtps_c.dir/rosidl_typesupport_fastrtps_c/dls2_msgs/msg/detail/base_state_msg__type_support_c.cpp.o[0m
[4.570s] [ 69%] [32mBuilding CXX object CMakeFiles/dls2_msgs__rosidl_typesupport_fastrtps_c.dir/rosidl_typesupport_fastrtps_c/dls2_msgs/msg/detail/control_signal_msg__type_support_c.cpp.o[0m
[4.590s] [ 69%] Built target dls2_msgs__rosidl_typesupport_cpp
[4.594s] [ 70%] [32mBuilding CXX object CMakeFiles/dls2_msgs__rosidl_typesupport_fastrtps_c.dir/rosidl_typesupport_fastrtps_c/dls2_msgs/msg/detail/trajectory_generator_msg__type_support_c.cpp.o[0m
[4.594s] reading manifest file 'dls2_msgs.egg-info/SOURCES.txt'
[4.596s] writing manifest file 'dls2_msgs.egg-info/SOURCES.txt'
[4.649s] [ 70%] Built target ament_cmake_python_build_dls2_msgs_egg
[4.662s] [ 72%] [32m[1mLinking C shared library libdls2_msgs__rosidl_typesupport_introspection_c.so[0m
[4.685s] [ 72%] Built target dls2_msgs__rosidl_typesupport_introspection_c
[4.815s] [ 74%] [32m[1mLinking CXX shared library libdls2_msgs__rosidl_typesupport_introspection_cpp.so[0m
[4.879s] [ 76%] [32m[1mLinking CXX shared library libdls2_msgs__rosidl_typesupport_fastrtps_cpp.so[0m
[4.896s] [ 76%] Built target dls2_msgs__rosidl_typesupport_introspection_cpp
[4.956s] [ 76%] Built target dls2_msgs__rosidl_typesupport_fastrtps_cpp
[5.030s] [ 78%] [32m[1mLinking CXX shared library libdls2_msgs__rosidl_typesupport_fastrtps_c.so[0m
[5.091s] [ 78%] Built target dls2_msgs__rosidl_typesupport_fastrtps_c
[5.099s] [ 78%] Built target dls2_msgs
[5.108s] [ 80%] [34m[1mGenerating Python code for ROS interfaces[0m
[5.749s] [ 80%] Built target dls2_msgs__py
[5.758s] [ 81%] [32mBuilding C object CMakeFiles/dls2_msgs__rosidl_generator_py.dir/rosidl_generator_py/dls2_msgs/msg/_blind_state_msg_s.c.o[0m
[5.758s] [ 83%] [32mBuilding C object CMakeFiles/dls2_msgs__rosidl_generator_py.dir/rosidl_generator_py/dls2_msgs/msg/_base_state_msg_s.c.o[0m
[5.758s] [ 85%] [32mBuilding C object CMakeFiles/dls2_msgs__rosidl_generator_py.dir/rosidl_generator_py/dls2_msgs/msg/_control_signal_msg_s.c.o[0m
[5.758s] [ 87%] [32mBuilding C object CMakeFiles/dls2_msgs__rosidl_generator_py.dir/rosidl_generator_py/dls2_msgs/msg/_trajectory_generator_msg_s.c.o[0m
[6.044s] [ 89%] [32m[1mLinking C shared library rosidl_generator_py/dls2_msgs/libdls2_msgs__rosidl_generator_py.so[0m
[6.068s] [ 89%] Built target dls2_msgs__rosidl_generator_py
[6.077s] [ 92%] [32mBuilding C object CMakeFiles/dls2_msgs__rosidl_typesupport_fastrtps_c__pyext.dir/rosidl_generator_py/dls2_msgs/_dls2_msgs_s.ep.rosidl_typesupport_fastrtps_c.c.o[0m
[6.077s] [ 92%] [32mBuilding C object CMakeFiles/dls2_msgs__rosidl_typesupport_c__pyext.dir/rosidl_generator_py/dls2_msgs/_dls2_msgs_s.ep.rosidl_typesupport_c.c.o[0m
[6.077s] [ 94%] [32mBuilding C object CMakeFiles/dls2_msgs__rosidl_typesupport_introspection_c__pyext.dir/rosidl_generator_py/dls2_msgs/_dls2_msgs_s.ep.rosidl_typesupport_introspection_c.c.o[0m
[6.168s] [ 98%] [32m[1mLinking C shared library rosidl_generator_py/dls2_msgs/dls2_msgs_s__rosidl_typesupport_introspection_c.cpython-310-x86_64-linux-gnu.so[0m
[6.168s] [ 98%] [32m[1mLinking C shared library rosidl_generator_py/dls2_msgs/dls2_msgs_s__rosidl_typesupport_c.cpython-310-x86_64-linux-gnu.so[0m
[6.172s] [100%] [32m[1mLinking C shared library rosidl_generator_py/dls2_msgs/dls2_msgs_s__rosidl_typesupport_fastrtps_c.cpython-310-x86_64-linux-gnu.so[0m
[6.186s] [100%] Built target dls2_msgs__rosidl_typesupport_introspection_c__pyext
[6.186s] [100%] Built target dls2_msgs__rosidl_typesupport_c__pyext
[6.190s] [100%] Built target dls2_msgs__rosidl_typesupport_fastrtps_c__pyext
[6.195s] Invoked command in '/home/alienware/isaaclab_ws_home/basic-locomotion-dls-isaaclab/deploy/ros2_ws/build/dls2_msgs' returned '0': CONDA_PROMPT_MODIFIER=(isaaclab_env) /home/alienware/miniforge3/envs/isaaclab_env/bin/cmake --build /home/alienware/isaaclab_ws_home/basic-locomotion-dls-isaaclab/deploy/ros2_ws/build/dls2_msgs -- -j16 -l16
[6.259s] Invoking command in '/home/alienware/isaaclab_ws_home/basic-locomotion-dls-isaaclab/deploy/ros2_ws/build/dls2_msgs': CONDA_PROMPT_MODIFIER=(isaaclab_env) /home/alienware/miniforge3/envs/isaaclab_env/bin/cmake --install /home/alienware/isaaclab_ws_home/basic-locomotion-dls-isaaclab/deploy/ros2_ws/build/dls2_msgs
[6.263s] -- Install configuration: ""
[6.263s] -- Installing: /home/alienware/isaaclab_ws_home/basic-locomotion-dls-isaaclab/deploy/ros2_ws/install/dls2_msgs/share/ament_index/resource_index/rosidl_interfaces/dls2_msgs
[6.263s] -- Installing: /home/alienware/isaaclab_ws_home/basic-locomotion-dls-isaaclab/deploy/ros2_ws/install/dls2_msgs/include/dls2_msgs/dls2_msgs
[6.263s] -- Installing: /home/alienware/isaaclab_ws_home/basic-locomotion-dls-isaaclab/deploy/ros2_ws/install/dls2_msgs/include/dls2_msgs/dls2_msgs/msg
[6.263s] -- Installing: /home/alienware/isaaclab_ws_home/basic-locomotion-dls-isaaclab/deploy/ros2_ws/install/dls2_msgs/include/dls2_msgs/dls2_msgs/msg/control_signal_msg.h
[6.263s] -- Installing: /home/alienware/isaaclab_ws_home/basic-locomotion-dls-isaaclab/deploy/ros2_ws/install/dls2_msgs/include/dls2_msgs/dls2_msgs/msg/detail
[6.263s] -- Installing: /home/alienware/isaaclab_ws_home/basic-locomotion-dls-isaaclab/deploy/ros2_ws/install/dls2_msgs/include/dls2_msgs/dls2_msgs/msg/detail/base_state_msg__functions.c
[6.263s] -- Installing: /home/alienware/isaaclab_ws_home/basic-locomotion-dls-isaaclab/deploy/ros2_ws/install/dls2_msgs/include/dls2_msgs/dls2_msgs/msg/detail/control_signal_msg__struct.h
[6.263s] -- Installing: /home/alienware/isaaclab_ws_home/basic-locomotion-dls-isaaclab/deploy/ros2_ws/install/dls2_msgs/include/dls2_msgs/dls2_msgs/msg/detail/control_signal_msg__type_support.h
[6.263s] -- Installing: /home/alienware/isaaclab_ws_home/basic-locomotion-dls-isaaclab/deploy/ros2_ws/install/dls2_msgs/include/dls2_msgs/dls2_msgs/msg/detail/trajectory_generator_msg__struct.h
[6.264s] -- Installing: /home/alienware/isaaclab_ws_home/basic-locomotion-dls-isaaclab/deploy/ros2_ws/install/dls2_msgs/include/dls2_msgs/dls2_msgs/msg/detail/blind_state_msg__type_support.h
[6.264s] -- Installing: /home/alienware/isaaclab_ws_home/basic-locomotion-dls-isaaclab/deploy/ros2_ws/install/dls2_msgs/include/dls2_msgs/dls2_msgs/msg/detail/trajectory_generator_msg__functions.c
[6.264s] -- Installing: /home/alienware/isaaclab_ws_home/basic-locomotion-dls-isaaclab/deploy/ros2_ws/install/dls2_msgs/include/dls2_msgs/dls2_msgs/msg/detail/blind_state_msg__functions.h
[6.264s] -- Installing: /home/alienware/isaaclab_ws_home/basic-locomotion-dls-isaaclab/deploy/ros2_ws/install/dls2_msgs/include/dls2_msgs/dls2_msgs/msg/detail/base_state_msg__functions.h
[6.264s] -- Installing: /home/alienware/isaaclab_ws_home/basic-locomotion-dls-isaaclab/deploy/ros2_ws/install/dls2_msgs/include/dls2_msgs/dls2_msgs/msg/detail/trajectory_generator_msg__type_support.h
[6.264s] -- Installing: /home/alienware/isaaclab_ws_home/basic-locomotion-dls-isaaclab/deploy/ros2_ws/install/dls2_msgs/include/dls2_msgs/dls2_msgs/msg/detail/blind_state_msg__functions.c
[6.264s] -- Installing: /home/alienware/isaaclab_ws_home/basic-locomotion-dls-isaaclab/deploy/ros2_ws/install/dls2_msgs/include/dls2_msgs/dls2_msgs/msg/detail/base_state_msg__struct.h
[6.264s] -- Installing: /home/alienware/isaaclab_ws_home/basic-locomotion-dls-isaaclab/deploy/ros2_ws/install/dls2_msgs/include/dls2_msgs/dls2_msgs/msg/detail/blind_state_msg__struct.h
[6.264s] -- Installing: /home/alienware/isaaclab_ws_home/basic-locomotion-dls-isaaclab/deploy/ros2_ws/install/dls2_msgs/include/dls2_msgs/dls2_msgs/msg/detail/control_signal_msg__functions.c
[6.264s] -- Installing: /home/alienware/isaaclab_ws_home/basic-locomotion-dls-isaaclab/deploy/ros2_ws/install/dls2_msgs/include/dls2_msgs/dls2_msgs/msg/detail/base_state_msg__type_support.h
[6.264s] -- Installing: /home/alienware/isaaclab_ws_home/basic-locomotion-dls-isaaclab/deploy/ros2_ws/install/dls2_msgs/include/dls2_msgs/dls2_msgs/msg/detail/control_signal_msg__functions.h
[6.264s] -- Installing: /home/alienware/isaaclab_ws_home/basic-locomotion-dls-isaaclab/deploy/ros2_ws/install/dls2_msgs/include/dls2_msgs/dls2_msgs/msg/detail/trajectory_generator_msg__functions.h
[6.264s] -- Installing: /home/alienware/isaaclab_ws_home/basic-locomotion-dls-isaaclab/deploy/ros2_ws/install/dls2_msgs/include/dls2_msgs/dls2_msgs/msg/blind_state_msg.h
[6.265s] -- Installing: /home/alienware/isaaclab_ws_home/basic-locomotion-dls-isaaclab/deploy/ros2_ws/install/dls2_msgs/include/dls2_msgs/dls2_msgs/msg/trajectory_generator_msg.h
[6.265s] -- Installing: /home/alienware/isaaclab_ws_home/basic-locomotion-dls-isaaclab/deploy/ros2_ws/install/dls2_msgs/include/dls2_msgs/dls2_msgs/msg/base_state_msg.h
[6.265s] -- Installing: /home/alienware/isaaclab_ws_home/basic-locomotion-dls-isaaclab/deploy/ros2_ws/install/dls2_msgs/include/dls2_msgs/dls2_msgs/msg/rosidl_generator_c__visibility_control.h
[6.265s] -- Installing: /home/alienware/isaaclab_ws_home/basic-locomotion-dls-isaaclab/deploy/ros2_ws/install/dls2_msgs/lib/libdls2_msgs__rosidl_generator_c.so
[6.265s] -- Up-to-date: /home/alienware/isaaclab_ws_home/basic-locomotion-dls-isaaclab/deploy/ros2_ws/install/dls2_msgs/include/dls2_msgs/dls2_msgs
[6.265s] -- Up-to-date: /home/alienware/isaaclab_ws_home/basic-locomotion-dls-isaaclab/deploy/ros2_ws/install/dls2_msgs/include/dls2_msgs/dls2_msgs/msg
[6.265s] -- Up-to-date: /home/alienware/isaaclab_ws_home/basic-locomotion-dls-isaaclab/deploy/ros2_ws/install/dls2_msgs/include/dls2_msgs/dls2_msgs/msg/detail
[6.265s] -- Installing: /home/alienware/isaaclab_ws_home/basic-locomotion-dls-isaaclab/deploy/ros2_ws/install/dls2_msgs/include/dls2_msgs/dls2_msgs/msg/detail/control_signal_msg__rosidl_typesupport_fastrtps_c.h
[6.265s] -- Installing: /home/alienware/isaaclab_ws_home/basic-locomotion-dls-isaaclab/deploy/ros2_ws/install/dls2_msgs/include/dls2_msgs/dls2_msgs/msg/detail/base_state_msg__rosidl_typesupport_fastrtps_c.h
[6.265s] -- Installing: /home/alienware/isaaclab_ws_home/basic-locomotion-dls-isaaclab/deploy/ros2_ws/install/dls2_msgs/include/dls2_msgs/dls2_msgs/msg/detail/trajectory_generator_msg__rosidl_typesupport_fastrtps_c.h
[6.265s] -- Installing: /home/alienware/isaaclab_ws_home/basic-locomotion-dls-isaaclab/deploy/ros2_ws/install/dls2_msgs/include/dls2_msgs/dls2_msgs/msg/detail/blind_state_msg__rosidl_typesupport_fastrtps_c.h
[6.265s] -- Installing: /home/alienware/isaaclab_ws_home/basic-locomotion-dls-isaaclab/deploy/ros2_ws/install/dls2_msgs/include/dls2_msgs/dls2_msgs/msg/rosidl_typesupport_fastrtps_c__visibility_control.h
[6.266s] -- Installing: /home/alienware/isaaclab_ws_home/basic-locomotion-dls-isaaclab/deploy/ros2_ws/install/dls2_msgs/lib/libdls2_msgs__rosidl_typesupport_fastrtps_c.so
[6.266s] -- Set runtime path of "/home/alienware/isaaclab_ws_home/basic-locomotion-dls-isaaclab/deploy/ros2_ws/install/dls2_msgs/lib/libdls2_msgs__rosidl_typesupport_fastrtps_c.so" to ""
[6.266s] -- Up-to-date: /home/alienware/isaaclab_ws_home/basic-locomotion-dls-isaaclab/deploy/ros2_ws/install/dls2_msgs/include/dls2_msgs/dls2_msgs
[6.266s] -- Up-to-date: /home/alienware/isaaclab_ws_home/basic-locomotion-dls-isaaclab/deploy/ros2_ws/install/dls2_msgs/include/dls2_msgs/dls2_msgs/msg
[6.266s] -- Up-to-date: /home/alienware/isaaclab_ws_home/basic-locomotion-dls-isaaclab/deploy/ros2_ws/install/dls2_msgs/include/dls2_msgs/dls2_msgs/msg/detail
[6.266s] -- Installing: /home/alienware/isaaclab_ws_home/basic-locomotion-dls-isaaclab/deploy/ros2_ws/install/dls2_msgs/include/dls2_msgs/dls2_msgs/msg/detail/base_state_msg__rosidl_typesupport_introspection_c.h
[6.266s] -- Installing: /home/alienware/isaaclab_ws_home/basic-locomotion-dls-isaaclab/deploy/ros2_ws/install/dls2_msgs/include/dls2_msgs/dls2_msgs/msg/detail/trajectory_generator_msg__rosidl_typesupport_introspection_c.h
[6.266s] -- Installing: /home/alienware/isaaclab_ws_home/basic-locomotion-dls-isaaclab/deploy/ros2_ws/install/dls2_msgs/include/dls2_msgs/dls2_msgs/msg/detail/trajectory_generator_msg__type_support.c
[6.266s] -- Installing: /home/alienware/isaaclab_ws_home/basic-locomotion-dls-isaaclab/deploy/ros2_ws/install/dls2_msgs/include/dls2_msgs/dls2_msgs/msg/detail/control_signal_msg__type_support.c
[6.266s] -- Installing: /home/alienware/isaaclab_ws_home/basic-locomotion-dls-isaaclab/deploy/ros2_ws/install/dls2_msgs/include/dls2_msgs/dls2_msgs/msg/detail/control_signal_msg__rosidl_typesupport_introspection_c.h
[6.266s] -- Installing: /home/alienware/isaaclab_ws_home/basic-locomotion-dls-isaaclab/deploy/ros2_ws/install/dls2_msgs/include/dls2_msgs/dls2_msgs/msg/detail/blind_state_msg__type_support.c
[6.266s] -- Installing: /home/alienware/isaaclab_ws_home/basic-locomotion-dls-isaaclab/deploy/ros2_ws/install/dls2_msgs/include/dls2_msgs/dls2_msgs/msg/detail/blind_state_msg__rosidl_typesupport_introspection_c.h
[6.267s] -- Installing: /home/alienware/isaaclab_ws_home/basic-locomotion-dls-isaaclab/deploy/ros2_ws/install/dls2_msgs/include/dls2_msgs/dls2_msgs/msg/detail/base_state_msg__type_support.c
[6.267s] -- Installing: /home/alienware/isaaclab_ws_home/basic-locomotion-dls-isaaclab/deploy/ros2_ws/install/dls2_msgs/include/dls2_msgs/dls2_msgs/msg/rosidl_typesupport_introspection_c__visibility_control.h
[6.267s] -- Installing: /home/alienware/isaaclab_ws_home/basic-locomotion-dls-isaaclab/deploy/ros2_ws/install/dls2_msgs/lib/libdls2_msgs__rosidl_typesupport_introspection_c.so
[6.267s] -- Set runtime path of "/home/alienware/isaaclab_ws_home/basic-locomotion-dls-isaaclab/deploy/ros2_ws/install/dls2_msgs/lib/libdls2_msgs__rosidl_typesupport_introspection_c.so" to ""
[6.267s] -- Installing: /home/alienware/isaaclab_ws_home/basic-locomotion-dls-isaaclab/deploy/ros2_ws/install/dls2_msgs/lib/libdls2_msgs__rosidl_typesupport_c.so
[6.267s] -- Set runtime path of "/home/alienware/isaaclab_ws_home/basic-locomotion-dls-isaaclab/deploy/ros2_ws/install/dls2_msgs/lib/libdls2_msgs__rosidl_typesupport_c.so" to ""
[6.267s] -- Up-to-date: /home/alienware/isaaclab_ws_home/basic-locomotion-dls-isaaclab/deploy/ros2_ws/install/dls2_msgs/include/dls2_msgs/dls2_msgs
[6.267s] -- Up-to-date: /home/alienware/isaaclab_ws_home/basic-locomotion-dls-isaaclab/deploy/ros2_ws/install/dls2_msgs/include/dls2_msgs/dls2_msgs/msg
[6.267s] -- Up-to-date: /home/alienware/isaaclab_ws_home/basic-locomotion-dls-isaaclab/deploy/ros2_ws/install/dls2_msgs/include/dls2_msgs/dls2_msgs/msg/detail
[6.267s] -- Installing: /home/alienware/isaaclab_ws_home/basic-locomotion-dls-isaaclab/deploy/ros2_ws/install/dls2_msgs/include/dls2_msgs/dls2_msgs/msg/detail/control_signal_msg__builder.hpp
[6.267s] -- Installing: /home/alienware/isaaclab_ws_home/basic-locomotion-dls-isaaclab/deploy/ros2_ws/install/dls2_msgs/include/dls2_msgs/dls2_msgs/msg/detail/blind_state_msg__traits.hpp
[6.267s] -- Installing: /home/alienware/isaaclab_ws_home/basic-locomotion-dls-isaaclab/deploy/ros2_ws/install/dls2_msgs/include/dls2_msgs/dls2_msgs/msg/detail/control_signal_msg__traits.hpp
[6.268s] -- Installing: /home/alienware/isaaclab_ws_home/basic-locomotion-dls-isaaclab/deploy/ros2_ws/install/dls2_msgs/include/dls2_msgs/dls2_msgs/msg/detail/trajectory_generator_msg__builder.hpp
[6.268s] -- Installing: /home/alienware/isaaclab_ws_home/basic-locomotion-dls-isaaclab/deploy/ros2_ws/install/dls2_msgs/include/dls2_msgs/dls2_msgs/msg/detail/trajectory_generator_msg__traits.hpp
[6.268s] -- Installing: /home/alienware/isaaclab_ws_home/basic-locomotion-dls-isaaclab/deploy/ros2_ws/install/dls2_msgs/include/dls2_msgs/dls2_msgs/msg/detail/blind_state_msg__builder.hpp
[6.268s] -- Installing: /home/alienware/isaaclab_ws_home/basic-locomotion-dls-isaaclab/deploy/ros2_ws/install/dls2_msgs/include/dls2_msgs/dls2_msgs/msg/detail/control_signal_msg__struct.hpp
[6.268s] -- Installing: /home/alienware/isaaclab_ws_home/basic-locomotion-dls-isaaclab/deploy/ros2_ws/install/dls2_msgs/include/dls2_msgs/dls2_msgs/msg/detail/base_state_msg__builder.hpp
[6.268s] -- Installing: /home/alienware/isaaclab_ws_home/basic-locomotion-dls-isaaclab/deploy/ros2_ws/install/dls2_msgs/include/dls2_msgs/dls2_msgs/msg/detail/trajectory_generator_msg__struct.hpp
[6.268s] -- Installing: /home/alienware/isaaclab_ws_home/basic-locomotion-dls-isaaclab/deploy/ros2_ws/install/dls2_msgs/include/dls2_msgs/dls2_msgs/msg/detail/base_state_msg__struct.hpp
[6.268s] -- Installing: /home/alienware/isaaclab_ws_home/basic-locomotion-dls-isaaclab/deploy/ros2_ws/install/dls2_msgs/include/dls2_msgs/dls2_msgs/msg/detail/base_state_msg__traits.hpp
[6.268s] -- Installing: /home/alienware/isaaclab_ws_home/basic-locomotion-dls-isaaclab/deploy/ros2_ws/install/dls2_msgs/include/dls2_msgs/dls2_msgs/msg/detail/blind_state_msg__struct.hpp
[6.268s] -- Installing: /home/alienware/isaaclab_ws_home/basic-locomotion-dls-isaaclab/deploy/ros2_ws/install/dls2_msgs/include/dls2_msgs/dls2_msgs/msg/control_signal_msg.hpp
[6.268s] -- Installing: /home/alienware/isaaclab_ws_home/basic-locomotion-dls-isaaclab/deploy/ros2_ws/install/dls2_msgs/include/dls2_msgs/dls2_msgs/msg/base_state_msg.hpp
[6.268s] -- Installing: /home/alienware/isaaclab_ws_home/basic-locomotion-dls-isaaclab/deploy/ros2_ws/install/dls2_msgs/include/dls2_msgs/dls2_msgs/msg/blind_state_msg.hpp
[6.268s] -- Installing: /home/alienware/isaaclab_ws_home/basic-locomotion-dls-isaaclab/deploy/ros2_ws/install/dls2_msgs/include/dls2_msgs/dls2_msgs/msg/trajectory_generator_msg.hpp
[6.269s] -- Up-to-date: /home/alienware/isaaclab_ws_home/basic-locomotion-dls-isaaclab/deploy/ros2_ws/install/dls2_msgs/include/dls2_msgs/dls2_msgs
[6.269s] -- Up-to-date: /home/alienware/isaaclab_ws_home/basic-locomotion-dls-isaaclab/deploy/ros2_ws/install/dls2_msgs/include/dls2_msgs/dls2_msgs/msg
[6.269s] -- Up-to-date: /home/alienware/isaaclab_ws_home/basic-locomotion-dls-isaaclab/deploy/ros2_ws/install/dls2_msgs/include/dls2_msgs/dls2_msgs/msg/detail
[6.269s] -- Installing: /home/alienware/isaaclab_ws_home/basic-locomotion-dls-isaaclab/deploy/ros2_ws/install/dls2_msgs/include/dls2_msgs/dls2_msgs/msg/detail/control_signal_msg__rosidl_typesupport_fastrtps_cpp.hpp
[6.269s] -- Installing: /home/alienware/isaaclab_ws_home/basic-locomotion-dls-isaaclab/deploy/ros2_ws/install/dls2_msgs/include/dls2_msgs/dls2_msgs/msg/detail/blind_state_msg__rosidl_typesupport_fastrtps_cpp.hpp
[6.269s] -- Installing: /home/alienware/isaaclab_ws_home/basic-locomotion-dls-isaaclab/deploy/ros2_ws/install/dls2_msgs/include/dls2_msgs/dls2_msgs/msg/detail/dds_fastrtps
[6.269s] -- Installing: /home/alienware/isaaclab_ws_home/basic-locomotion-dls-isaaclab/deploy/ros2_ws/install/dls2_msgs/include/dls2_msgs/dls2_msgs/msg/detail/trajectory_generator_msg__rosidl_typesupport_fastrtps_cpp.hpp
[6.269s] -- Installing: /home/alienware/isaaclab_ws_home/basic-locomotion-dls-isaaclab/deploy/ros2_ws/install/dls2_msgs/include/dls2_msgs/dls2_msgs/msg/detail/base_state_msg__rosidl_typesupport_fastrtps_cpp.hpp
[6.269s] -- Installing: /home/alienware/isaaclab_ws_home/basic-locomotion-dls-isaaclab/deploy/ros2_ws/install/dls2_msgs/include/dls2_msgs/dls2_msgs/msg/rosidl_typesupport_fastrtps_cpp__visibility_control.h
[6.269s] -- Installing: /home/alienware/isaaclab_ws_home/basic-locomotion-dls-isaaclab/deploy/ros2_ws/install/dls2_msgs/lib/libdls2_msgs__rosidl_typesupport_fastrtps_cpp.so
[6.269s] -- Up-to-date: /home/alienware/isaaclab_ws_home/basic-locomotion-dls-isaaclab/deploy/ros2_ws/install/dls2_msgs/include/dls2_msgs/dls2_msgs
[6.269s] -- Up-to-date: /home/alienware/isaaclab_ws_home/basic-locomotion-dls-isaaclab/deploy/ros2_ws/install/dls2_msgs/include/dls2_msgs/dls2_msgs/msg
[6.270s] -- Up-to-date: /home/alienware/isaaclab_ws_home/basic-locomotion-dls-isaaclab/deploy/ros2_ws/install/dls2_msgs/include/dls2_msgs/dls2_msgs/msg/detail
[6.270s] -- Installing: /home/alienware/isaaclab_ws_home/basic-locomotion-dls-isaaclab/deploy/ros2_ws/install/dls2_msgs/include/dls2_msgs/dls2_msgs/msg/detail/trajectory_generator_msg__type_support.cpp
[6.270s] -- Installing: /home/alienware/isaaclab_ws_home/basic-locomotion-dls-isaaclab/deploy/ros2_ws/install/dls2_msgs/include/dls2_msgs/dls2_msgs/msg/detail/control_signal_msg__rosidl_typesupport_introspection_cpp.hpp
[6.270s] -- Installing: /home/alienware/isaaclab_ws_home/basic-locomotion-dls-isaaclab/deploy/ros2_ws/install/dls2_msgs/include/dls2_msgs/dls2_msgs/msg/detail/base_state_msg__rosidl_typesupport_introspection_cpp.hpp
[6.270s] -- Installing: /home/alienware/isaaclab_ws_home/basic-locomotion-dls-isaaclab/deploy/ros2_ws/install/dls2_msgs/include/dls2_msgs/dls2_msgs/msg/detail/blind_state_msg__rosidl_typesupport_introspection_cpp.hpp
[6.270s] -- Installing: /home/alienware/isaaclab_ws_home/basic-locomotion-dls-isaaclab/deploy/ros2_ws/install/dls2_msgs/include/dls2_msgs/dls2_msgs/msg/detail/control_signal_msg__type_support.cpp
[6.270s] -- Installing: /home/alienware/isaaclab_ws_home/basic-locomotion-dls-isaaclab/deploy/ros2_ws/install/dls2_msgs/include/dls2_msgs/dls2_msgs/msg/detail/trajectory_generator_msg__rosidl_typesupport_introspection_cpp.hpp
[6.270s] -- Installing: /home/alienware/isaaclab_ws_home/basic-locomotion-dls-isaaclab/deploy/ros2_ws/install/dls2_msgs/include/dls2_msgs/dls2_msgs/msg/detail/blind_state_msg__type_support.cpp
[6.270s] -- Installing: /home/alienware/isaaclab_ws_home/basic-locomotion-dls-isaaclab/deploy/ros2_ws/install/dls2_msgs/include/dls2_msgs/dls2_msgs/msg/detail/base_state_msg__type_support.cpp
[6.270s] -- Installing: /home/alienware/isaaclab_ws_home/basic-locomotion-dls-isaaclab/deploy/ros2_ws/install/dls2_msgs/lib/libdls2_msgs__rosidl_typesupport_introspection_cpp.so
[6.270s] -- Installing: /home/alienware/isaaclab_ws_home/basic-locomotion-dls-isaaclab/deploy/ros2_ws/install/dls2_msgs/lib/libdls2_msgs__rosidl_typesupport_cpp.so
[6.270s] -- Installing: /home/alienware/isaaclab_ws_home/basic-locomotion-dls-isaaclab/deploy/ros2_ws/install/dls2_msgs/share/dls2_msgs/environment/pythonpath.sh
[6.270s] -- Installing: /home/alienware/isaaclab_ws_home/basic-locomotion-dls-isaaclab/deploy/ros2_ws/install/dls2_msgs/share/dls2_msgs/environment/pythonpath.dsv
[6.270s] -- Installing: /home/alienware/isaaclab_ws_home/basic-locomotion-dls-isaaclab/deploy/ros2_ws/install/dls2_msgs/lib/python3.10/site-packages/dls2_msgs-0.0.0-py3.10.egg-info
[6.270s] -- Installing: /home/alienware/isaaclab_ws_home/basic-locomotion-dls-isaaclab/deploy/ros2_ws/install/dls2_msgs/lib/python3.10/site-packages/dls2_msgs-0.0.0-py3.10.egg-info/SOURCES.txt
[6.271s] -- Installing: /home/alienware/isaaclab_ws_home/basic-locomotion-dls-isaaclab/deploy/ros2_ws/install/dls2_msgs/lib/python3.10/site-packages/dls2_msgs-0.0.0-py3.10.egg-info/top_level.txt
[6.271s] -- Installing: /home/alienware/isaaclab_ws_home/basic-locomotion-dls-isaaclab/deploy/ros2_ws/install/dls2_msgs/lib/python3.10/site-packages/dls2_msgs-0.0.0-py3.10.egg-info/dependency_links.txt
[6.271s] -- Installing: /home/alienware/isaaclab_ws_home/basic-locomotion-dls-isaaclab/deploy/ros2_ws/install/dls2_msgs/lib/python3.10/site-packages/dls2_msgs-0.0.0-py3.10.egg-info/PKG-INFO
[6.271s] -- Installing: /home/alienware/isaaclab_ws_home/basic-locomotion-dls-isaaclab/deploy/ros2_ws/install/dls2_msgs/lib/python3.10/site-packages/dls2_msgs
[6.271s] -- Installing: /home/alienware/isaaclab_ws_home/basic-locomotion-dls-isaaclab/deploy/ros2_ws/install/dls2_msgs/lib/python3.10/site-packages/dls2_msgs/dls2_msgs_s__rosidl_typesupport_c.cpython-310-x86_64-linux-gnu.so
[6.271s] -- Installing: /home/alienware/isaaclab_ws_home/basic-locomotion-dls-isaaclab/deploy/ros2_ws/install/dls2_msgs/lib/python3.10/site-packages/dls2_msgs/dls2_msgs_s__rosidl_typesupport_fastrtps_c.cpython-310-x86_64-linux-gnu.so
[6.271s] -- Installing: /home/alienware/isaaclab_ws_home/basic-locomotion-dls-isaaclab/deploy/ros2_ws/install/dls2_msgs/lib/python3.10/site-packages/dls2_msgs/_dls2_msgs_s.ep.rosidl_typesupport_fastrtps_c.c
[6.271s] -- Installing: /home/alienware/isaaclab_ws_home/basic-locomotion-dls-isaaclab/deploy/ros2_ws/install/dls2_msgs/lib/python3.10/site-packages/dls2_msgs/_dls2_msgs_s.ep.rosidl_typesupport_c.c
[6.271s] -- Installing: /home/alienware/isaaclab_ws_home/basic-locomotion-dls-isaaclab/deploy/ros2_ws/install/dls2_msgs/lib/python3.10/site-packages/dls2_msgs/libdls2_msgs__rosidl_generator_py.so
[6.271s] -- Installing: /home/alienware/isaaclab_ws_home/basic-locomotion-dls-isaaclab/deploy/ros2_ws/install/dls2_msgs/lib/python3.10/site-packages/dls2_msgs/_dls2_msgs_s.ep.rosidl_typesupport_introspection_c.c
[6.271s] -- Installing: /home/alienware/isaaclab_ws_home/basic-locomotion-dls-isaaclab/deploy/ros2_ws/install/dls2_msgs/lib/python3.10/site-packages/dls2_msgs/dls2_msgs_s__rosidl_typesupport_introspection_c.cpython-310-x86_64-linux-gnu.so
[6.271s] -- Installing: /home/alienware/isaaclab_ws_home/basic-locomotion-dls-isaaclab/deploy/ros2_ws/install/dls2_msgs/lib/python3.10/site-packages/dls2_msgs/msg
[6.271s] -- Installing: /home/alienware/isaaclab_ws_home/basic-locomotion-dls-isaaclab/deploy/ros2_ws/install/dls2_msgs/lib/python3.10/site-packages/dls2_msgs/msg/_blind_state_msg.py
[6.271s] -- Installing: /home/alienware/isaaclab_ws_home/basic-locomotion-dls-isaaclab/deploy/ros2_ws/install/dls2_msgs/lib/python3.10/site-packages/dls2_msgs/msg/_control_signal_msg.py
[6.272s] -- Installing: /home/alienware/isaaclab_ws_home/basic-locomotion-dls-isaaclab/deploy/ros2_ws/install/dls2_msgs/lib/python3.10/site-packages/dls2_msgs/msg/_base_state_msg_s.c
[6.272s] -- Installing: /home/alienware/isaaclab_ws_home/basic-locomotion-dls-isaaclab/deploy/ros2_ws/install/dls2_msgs/lib/python3.10/site-packages/dls2_msgs/msg/_base_state_msg.py
[6.272s] -- Installing: /home/alienware/isaaclab_ws_home/basic-locomotion-dls-isaaclab/deploy/ros2_ws/install/dls2_msgs/lib/python3.10/site-packages/dls2_msgs/msg/_blind_state_msg_s.c
[6.272s] -- Installing: /home/alienware/isaaclab_ws_home/basic-locomotion-dls-isaaclab/deploy/ros2_ws/install/dls2_msgs/lib/python3.10/site-packages/dls2_msgs/msg/_trajectory_generator_msg_s.c
[6.272s] -- Installing: /home/alienware/isaaclab_ws_home/basic-locomotion-dls-isaaclab/deploy/ros2_ws/install/dls2_msgs/lib/python3.10/site-packages/dls2_msgs/msg/_control_signal_msg_s.c
[6.272s] -- Installing: /home/alienware/isaaclab_ws_home/basic-locomotion-dls-isaaclab/deploy/ros2_ws/install/dls2_msgs/lib/python3.10/site-packages/dls2_msgs/msg/_trajectory_generator_msg.py
[6.272s] -- Installing: /home/alienware/isaaclab_ws_home/basic-locomotion-dls-isaaclab/deploy/ros2_ws/install/dls2_msgs/lib/python3.10/site-packages/dls2_msgs/msg/__init__.py
[6.272s] -- Installing: /home/alienware/isaaclab_ws_home/basic-locomotion-dls-isaaclab/deploy/ros2_ws/install/dls2_msgs/lib/python3.10/site-packages/dls2_msgs/__init__.py
[6.293s] Listing 'lib/python3.10/site-packages/dls2_msgs'...
[6.293s] Can't list 'lib/python3.10/site-packages/dls2_msgs'
[6.296s] -- Installing: /home/alienware/isaaclab_ws_home/basic-locomotion-dls-isaaclab/deploy/ros2_ws/install/dls2_msgs/lib/python3.10/site-packages/dls2_msgs/dls2_msgs_s__rosidl_typesupport_fastrtps_c.cpython-310-x86_64-linux-gnu.so
[6.297s] -- Set runtime path of "/home/alienware/isaaclab_ws_home/basic-locomotion-dls-isaaclab/deploy/ros2_ws/install/dls2_msgs/lib/python3.10/site-packages/dls2_msgs/dls2_msgs_s__rosidl_typesupport_fastrtps_c.cpython-310-x86_64-linux-gnu.so" to ""
[6.297s] -- Installing: /home/alienware/isaaclab_ws_home/basic-locomotion-dls-isaaclab/deploy/ros2_ws/install/dls2_msgs/lib/python3.10/site-packages/dls2_msgs/dls2_msgs_s__rosidl_typesupport_introspection_c.cpython-310-x86_64-linux-gnu.so
[6.297s] -- Set runtime path of "/home/alienware/isaaclab_ws_home/basic-locomotion-dls-isaaclab/deploy/ros2_ws/install/dls2_msgs/lib/python3.10/site-packages/dls2_msgs/dls2_msgs_s__rosidl_typesupport_introspection_c.cpython-310-x86_64-linux-gnu.so" to ""
[6.297s] -- Installing: /home/alienware/isaaclab_ws_home/basic-locomotion-dls-isaaclab/deploy/ros2_ws/install/dls2_msgs/lib/python3.10/site-packages/dls2_msgs/dls2_msgs_s__rosidl_typesupport_c.cpython-310-x86_64-linux-gnu.so
[6.297s] -- Set runtime path of "/home/alienware/isaaclab_ws_home/basic-locomotion-dls-isaaclab/deploy/ros2_ws/install/dls2_msgs/lib/python3.10/site-packages/dls2_msgs/dls2_msgs_s__rosidl_typesupport_c.cpython-310-x86_64-linux-gnu.so" to ""
[6.297s] -- Installing: /home/alienware/isaaclab_ws_home/basic-locomotion-dls-isaaclab/deploy/ros2_ws/install/dls2_msgs/lib/libdls2_msgs__rosidl_generator_py.so
[6.297s] -- Set runtime path of "/home/alienware/isaaclab_ws_home/basic-locomotion-dls-isaaclab/deploy/ros2_ws/install/dls2_msgs/lib/libdls2_msgs__rosidl_generator_py.so" to ""
[6.297s] -- Installing: /home/alienware/isaaclab_ws_home/basic-locomotion-dls-isaaclab/deploy/ros2_ws/install/dls2_msgs/share/dls2_msgs/msg/BlindStateMsg.idl
[6.297s] -- Installing: /home/alienware/isaaclab_ws_home/basic-locomotion-dls-isaaclab/deploy/ros2_ws/install/dls2_msgs/share/dls2_msgs/msg/BaseStateMsg.idl
[6.297s] -- Installing: /home/alienware/isaaclab_ws_home/basic-locomotion-dls-isaaclab/deploy/ros2_ws/install/dls2_msgs/share/dls2_msgs/msg/ControlSignalMsg.idl
[6.298s] -- Installing: /home/alienware/isaaclab_ws_home/basic-locomotion-dls-isaaclab/deploy/ros2_ws/install/dls2_msgs/share/dls2_msgs/msg/TrajectoryGeneratorMsg.idl
[6.298s] -- Installing: /home/alienware/isaaclab_ws_home/basic-locomotion-dls-isaaclab/deploy/ros2_ws/install/dls2_msgs/share/dls2_msgs/msg/BlindStateMsg.msg
[6.298s] -- Installing: /home/alienware/isaaclab_ws_home/basic-locomotion-dls-isaaclab/deploy/ros2_ws/install/dls2_msgs/share/dls2_msgs/msg/BaseStateMsg.msg
[6.298s] -- Installing: /home/alienware/isaaclab_ws_home/basic-locomotion-dls-isaaclab/deploy/ros2_ws/install/dls2_msgs/share/dls2_msgs/msg/ControlSignalMsg.msg
[6.298s] -- Installing: /home/alienware/isaaclab_ws_home/basic-locomotion-dls-isaaclab/deploy/ros2_ws/install/dls2_msgs/share/dls2_msgs/msg/TrajectoryGeneratorMsg.msg
[6.298s] -- Installing: /home/alienware/isaaclab_ws_home/basic-locomotion-dls-isaaclab/deploy/ros2_ws/install/dls2_msgs/share/ament_index/resource_index/package_run_dependencies/dls2_msgs
[6.298s] -- Installing: /home/alienware/isaaclab_ws_home/basic-locomotion-dls-isaaclab/deploy/ros2_ws/install/dls2_msgs/share/ament_index/resource_index/parent_prefix_path/dls2_msgs
[6.298s] -- Installing: /home/alienware/isaaclab_ws_home/basic-locomotion-dls-isaaclab/deploy/ros2_ws/install/dls2_msgs/share/dls2_msgs/environment/ament_prefix_path.sh
[6.298s] -- Installing: /home/alienware/isaaclab_ws_home/basic-locomotion-dls-isaaclab/deploy/ros2_ws/install/dls2_msgs/share/dls2_msgs/environment/ament_prefix_path.dsv
[6.298s] -- Installing: /home/alienware/isaaclab_ws_home/basic-locomotion-dls-isaaclab/deploy/ros2_ws/install/dls2_msgs/share/dls2_msgs/environment/path.sh
[6.298s] -- Installing: /home/alienware/isaaclab_ws_home/basic-locomotion-dls-isaaclab/deploy/ros2_ws/install/dls2_msgs/share/dls2_msgs/environment/path.dsv
[6.298s] -- Installing: /home/alienware/isaaclab_ws_home/basic-locomotion-dls-isaaclab/deploy/ros2_ws/install/dls2_msgs/share/dls2_msgs/local_setup.bash
[6.298s] -- Installing: /home/alienware/isaaclab_ws_home/basic-locomotion-dls-isaaclab/deploy/ros2_ws/install/dls2_msgs/share/dls2_msgs/local_setup.sh
[6.298s] -- Installing: /home/alienware/isaaclab_ws_home/basic-locomotion-dls-isaaclab/deploy/ros2_ws/install/dls2_msgs/share/dls2_msgs/local_setup.zsh
[6.299s] -- Installing: /home/alienware/isaaclab_ws_home/basic-locomotion-dls-isaaclab/deploy/ros2_ws/install/dls2_msgs/share/dls2_msgs/local_setup.dsv
[6.299s] -- Installing: /home/alienware/isaaclab_ws_home/basic-locomotion-dls-isaaclab/deploy/ros2_ws/install/dls2_msgs/share/dls2_msgs/package.dsv
[6.299s] -- Installing: /home/alienware/isaaclab_ws_home/basic-locomotion-dls-isaaclab/deploy/ros2_ws/install/dls2_msgs/share/ament_index/resource_index/packages/dls2_msgs
[6.299s] -- Installing: /home/alienware/isaaclab_ws_home/basic-locomotion-dls-isaaclab/deploy/ros2_ws/install/dls2_msgs/share/dls2_msgs/cmake/export_dls2_msgs__rosidl_generator_cExport.cmake
[6.299s] -- Installing: /home/alienware/isaaclab_ws_home/basic-locomotion-dls-isaaclab/deploy/ros2_ws/install/dls2_msgs/share/dls2_msgs/cmake/export_dls2_msgs__rosidl_generator_cExport-noconfig.cmake
[6.299s] -- Installing: /home/alienware/isaaclab_ws_home/basic-locomotion-dls-isaaclab/deploy/ros2_ws/install/dls2_msgs/share/dls2_msgs/cmake/export_dls2_msgs__rosidl_typesupport_fastrtps_cExport.cmake
[6.299s] -- Installing: /home/alienware/isaaclab_ws_home/basic-locomotion-dls-isaaclab/deploy/ros2_ws/install/dls2_msgs/share/dls2_msgs/cmake/export_dls2_msgs__rosidl_typesupport_fastrtps_cExport-noconfig.cmake
[6.299s] -- Installing: /home/alienware/isaaclab_ws_home/basic-locomotion-dls-isaaclab/deploy/ros2_ws/install/dls2_msgs/share/dls2_msgs/cmake/dls2_msgs__rosidl_typesupport_introspection_cExport.cmake
[6.299s] -- Installing: /home/alienware/isaaclab_ws_home/basic-locomotion-dls-isaaclab/deploy/ros2_ws/install/dls2_msgs/share/dls2_msgs/cmake/dls2_msgs__rosidl_typesupport_introspection_cExport-noconfig.cmake
[6.299s] -- Installing: /home/alienware/isaaclab_ws_home/basic-locomotion-dls-isaaclab/deploy/ros2_ws/install/dls2_msgs/share/dls2_msgs/cmake/dls2_msgs__rosidl_typesupport_cExport.cmake
[6.299s] -- Installing: /home/alienware/isaaclab_ws_home/basic-locomotion-dls-isaaclab/deploy/ros2_ws/install/dls2_msgs/share/dls2_msgs/cmake/dls2_msgs__rosidl_typesupport_cExport-noconfig.cmake
[6.299s] -- Installing: /home/alienware/isaaclab_ws_home/basic-locomotion-dls-isaaclab/deploy/ros2_ws/install/dls2_msgs/share/dls2_msgs/cmake/export_dls2_msgs__rosidl_generator_cppExport.cmake
[6.300s] -- Installing: /home/alienware/isaaclab_ws_home/basic-locomotion-dls-isaaclab/deploy/ros2_ws/install/dls2_msgs/share/dls2_msgs/cmake/export_dls2_msgs__rosidl_typesupport_fastrtps_cppExport.cmake
[6.300s] -- Installing: /home/alienware/isaaclab_ws_home/basic-locomotion-dls-isaaclab/deploy/ros2_ws/install/dls2_msgs/share/dls2_msgs/cmake/export_dls2_msgs__rosidl_typesupport_fastrtps_cppExport-noconfig.cmake
[6.300s] -- Installing: /home/alienware/isaaclab_ws_home/basic-locomotion-dls-isaaclab/deploy/ros2_ws/install/dls2_msgs/share/dls2_msgs/cmake/dls2_msgs__rosidl_typesupport_introspection_cppExport.cmake
[6.300s] -- Installing: /home/alienware/isaaclab_ws_home/basic-locomotion-dls-isaaclab/deploy/ros2_ws/install/dls2_msgs/share/dls2_msgs/cmake/dls2_msgs__rosidl_typesupport_introspection_cppExport-noconfig.cmake
[6.300s] -- Installing: /home/alienware/isaaclab_ws_home/basic-locomotion-dls-isaaclab/deploy/ros2_ws/install/dls2_msgs/share/dls2_msgs/cmake/dls2_msgs__rosidl_typesupport_cppExport.cmake
[6.300s] -- Installing: /home/alienware/isaaclab_ws_home/basic-locomotion-dls-isaaclab/deploy/ros2_ws/install/dls2_msgs/share/dls2_msgs/cmake/dls2_msgs__rosidl_typesupport_cppExport-noconfig.cmake
[6.300s] -- Installing: /home/alienware/isaaclab_ws_home/basic-locomotion-dls-isaaclab/deploy/ros2_ws/install/dls2_msgs/share/dls2_msgs/cmake/export_dls2_msgs__rosidl_generator_pyExport.cmake
[6.300s] -- Installing: /home/alienware/isaaclab_ws_home/basic-locomotion-dls-isaaclab/deploy/ros2_ws/install/dls2_msgs/share/dls2_msgs/cmake/export_dls2_msgs__rosidl_generator_pyExport-noconfig.cmake
[6.300s] -- Installing: /home/alienware/isaaclab_ws_home/basic-locomotion-dls-isaaclab/deploy/ros2_ws/install/dls2_msgs/share/dls2_msgs/cmake/rosidl_cmake-extras.cmake
[6.300s] -- Installing: /home/alienware/isaaclab_ws_home/basic-locomotion-dls-isaaclab/deploy/ros2_ws/install/dls2_msgs/share/dls2_msgs/cmake/ament_cmake_export_include_directories-extras.cmake
[6.300s] -- Installing: /home/alienware/isaaclab_ws_home/basic-locomotion-dls-isaaclab/deploy/ros2_ws/install/dls2_msgs/share/dls2_msgs/cmake/ament_cmake_export_libraries-extras.cmake
[6.300s] -- Installing: /home/alienware/isaaclab_ws_home/basic-locomotion-dls-isaaclab/deploy/ros2_ws/install/dls2_msgs/share/dls2_msgs/cmake/ament_cmake_export_targets-extras.cmake
[6.300s] -- Installing: /home/alienware/isaaclab_ws_home/basic-locomotion-dls-isaaclab/deploy/ros2_ws/install/dls2_msgs/share/dls2_msgs/cmake/rosidl_cmake_export_typesupport_targets-extras.cmake
[6.300s] -- Installing: /home/alienware/isaaclab_ws_home/basic-locomotion-dls-isaaclab/deploy/ros2_ws/install/dls2_msgs/share/dls2_msgs/cmake/ament_cmake_export_dependencies-extras.cmake
[6.301s] -- Installing: /home/alienware/isaaclab_ws_home/basic-locomotion-dls-isaaclab/deploy/ros2_ws/install/dls2_msgs/share/dls2_msgs/cmake/rosidl_cmake_export_typesupport_libraries-extras.cmake
[6.301s] -- Installing: /home/alienware/isaaclab_ws_home/basic-locomotion-dls-isaaclab/deploy/ros2_ws/install/dls2_msgs/share/dls2_msgs/cmake/dls2_msgsConfig.cmake
[6.301s] -- Installing: /home/alienware/isaaclab_ws_home/basic-locomotion-dls-isaaclab/deploy/ros2_ws/install/dls2_msgs/share/dls2_msgs/cmake/dls2_msgsConfig-version.cmake
[6.301s] -- Installing: /home/alienware/isaaclab_ws_home/basic-locomotion-dls-isaaclab/deploy/ros2_ws/install/dls2_msgs/share/dls2_msgs/package.xml
[6.302s] Invoked command in '/home/alienware/isaaclab_ws_home/basic-locomotion-dls-isaaclab/deploy/ros2_ws/build/dls2_msgs' returned '0': CONDA_PROMPT_MODIFIER=(isaaclab_env) /home/alienware/miniforge3/envs/isaaclab_env/bin/cmake --install /home/alienware/isaaclab_ws_home/basic-locomotion-dls-isaaclab/deploy/ros2_ws/build/dls2_msgs
