[0.010s] Invoking command in '/home/iit.local/gturrisi/isaaclab_ws_home/basic-locomotion-dls-isaaclab/deploy/ros2_ws/build/dls2_msgs': CONDA_PROMPT_MODIFIER=(basic_locomotion_dls_isaaclab_ros2_env) /home/iit.local/gturrisi/miniforge3/envs/basic_locomotion_dls_isaaclab_ros2_env/bin/cmake --build /home/iit.local/gturrisi/isaaclab_ws_home/basic-locomotion-dls-isaaclab/deploy/ros2_ws/build/dls2_msgs -- -j20 -l20
[0.056s] [0mCMake Deprecation Warning at CMakeLists.txt:1 (cmake_minimum_required):
[0.056s]   Compatibility with CMake < 3.10 will be removed from a future version of
[0.056s]   CMake.
[0.056s] 
[0.056s]   Update the VERSION argument <min> value.  Or, use the <min>...<max> syntax
[0.056s]   to tell CMake that the project requires at least <min> but has been updated
[0.056s]   to work with policies introduced by <max> or earlier.
[0.056s] 
[0.056s] [0m
[0.063s] -- Found ament_cmake: 1.3.12 (/home/iit.local/gturrisi/miniforge3/envs/basic_locomotion_dls_isaaclab_ros2_env/share/ament_cmake/cmake)
[0.209s] -- Found ament_lint_auto: 0.12.12 (/home/iit.local/gturrisi/miniforge3/envs/basic_locomotion_dls_isaaclab_ros2_env/share/ament_lint_auto/cmake)
[0.283s] -- Found rosidl_default_generators: 1.2.0 (/home/iit.local/gturrisi/miniforge3/envs/basic_locomotion_dls_isaaclab_ros2_env/share/rosidl_default_generators/cmake)
[0.285s] -- Using all available rosidl_typesupport_c: rosidl_typesupport_fastrtps_c;rosidl_typesupport_introspection_c
[0.289s] -- Found rosidl_adapter: 3.1.6 (/home/iit.local/gturrisi/miniforge3/envs/basic_locomotion_dls_isaaclab_ros2_env/share/rosidl_adapter/cmake)
[0.327s] -- Using all available rosidl_typesupport_cpp: rosidl_typesupport_fastrtps_cpp;rosidl_typesupport_introspection_cpp
[0.641s] -- Found ament_cmake_ros: 0.10.0 (/home/iit.local/gturrisi/miniforge3/envs/basic_locomotion_dls_isaaclab_ros2_env/share/ament_cmake_ros/cmake)
[0.907s] -- Using all available rosidl_typesupport_c: rosidl_typesupport_fastrtps_c;rosidl_typesupport_introspection_c
[1.264s] -- Using all available rosidl_typesupport_cpp: rosidl_typesupport_fastrtps_cpp;rosidl_typesupport_introspection_cpp
[1.267s] -- Found python_cmake_module: 0.10.0 (/home/iit.local/gturrisi/miniforge3/envs/basic_locomotion_dls_isaaclab_ros2_env/share/python_cmake_module/cmake)
[1.267s] [33mCMake Warning (dev) at /home/iit.local/gturrisi/miniforge3/envs/basic_locomotion_dls_isaaclab_ros2_env/share/python_cmake_module/cmake/Modules/FindPythonExtra.cmake:52 (find_package):
[1.267s]   Policy CMP0148 is not set: The FindPythonInterp and FindPythonLibs modules
[1.267s]   are removed.  Run "cmake --help-policy CMP0148" for policy details.  Use
[1.268s]   the cmake_policy command to set the policy and suppress this warning.
[1.268s] 
[1.268s] Call Stack (most recent call first):
[1.268s]   /home/iit.local/gturrisi/miniforge3/envs/basic_locomotion_dls_isaaclab_ros2_env/share/rosidl_generator_py/cmake/rosidl_generator_py_generate_interfaces.cmake:33 (find_package)
[1.268s]   /home/iit.local/gturrisi/miniforge3/envs/basic_locomotion_dls_isaaclab_ros2_env/share/ament_cmake_core/cmake/core/ament_execute_extensions.cmake:48 (include)
[1.268s]   /home/iit.local/gturrisi/miniforge3/envs/basic_locomotion_dls_isaaclab_ros2_env/share/rosidl_cmake/cmake/rosidl_generate_interfaces.cmake:286 (ament_execute_extensions)
[1.268s]   CMakeLists.txt:28 (rosidl_generate_interfaces)
[1.268s] This warning is for project developers.  Use -Wno-dev to suppress it.
[1.268s] [0m
[1.278s] [33mCMake Warning (dev) at /home/iit.local/gturrisi/miniforge3/envs/basic_locomotion_dls_isaaclab_ros2_env/share/python_cmake_module/cmake/Modules/FindPythonExtra.cmake:140 (find_package):
[1.279s]   Policy CMP0148 is not set: The FindPythonInterp and FindPythonLibs modules
[1.279s]   are removed.  Run "cmake --help-policy CMP0148" for policy details.  Use
[1.279s]   the cmake_policy command to set the policy and suppress this warning.
[1.279s] 
[1.279s] Call Stack (most recent call first):
[1.279s]   /home/iit.local/gturrisi/miniforge3/envs/basic_locomotion_dls_isaaclab_ros2_env/share/rosidl_generator_py/cmake/rosidl_generator_py_generate_interfaces.cmake:33 (find_package)
[1.279s]   /home/iit.local/gturrisi/miniforge3/envs/basic_locomotion_dls_isaaclab_ros2_env/share/ament_cmake_core/cmake/core/ament_execute_extensions.cmake:48 (include)
[1.279s]   /home/iit.local/gturrisi/miniforge3/envs/basic_locomotion_dls_isaaclab_ros2_env/share/rosidl_cmake/cmake/rosidl_generate_interfaces.cmake:286 (ament_execute_extensions)
[1.279s]   CMakeLists.txt:28 (rosidl_generate_interfaces)
[1.279s] This warning is for project developers.  Use -Wno-dev to suppress it.
[1.279s] [0m
[1.281s] -- Using PYTHON_EXECUTABLE: /home/iit.local/gturrisi/miniforge3/envs/basic_locomotion_dls_isaaclab_ros2_env/bin/python3
[1.281s] -- Using PYTHON_INCLUDE_DIRS: /home/iit.local/gturrisi/miniforge3/envs/basic_locomotion_dls_isaaclab_ros2_env/include/python3.11
[1.281s] -- Using PYTHON_LIBRARIES: /home/iit.local/gturrisi/miniforge3/envs/basic_locomotion_dls_isaaclab_ros2_env/lib/libpython3.11.so
[1.617s] -- Added test 'lint_cmake' to check CMake code style
[1.617s] -- Added test 'xmllint' to check XML markup files
[1.622s] -- Configuring done (1.6s)
[1.672s] -- Generating done (0.0s)
[1.683s] -- Build files have been written to: /home/iit.local/gturrisi/isaaclab_ws_home/basic-locomotion-dls-isaaclab/deploy/ros2_ws/build/dls2_msgs
[1.704s] [  1%] [1m[34mGenerating C code for ROS interfaces[0m
[1.712s] [  3%] [1m[34mGenerating C++ code for ROS interfaces[0m
[1.725s] [  3%] Built target ament_cmake_python_copy_dls2_msgs
[1.898s] running egg_info
[1.909s] writing dls2_msgs.egg-info/PKG-INFO
[1.910s] writing dependency_links to dls2_msgs.egg-info/dependency_links.txt
[1.910s] writing top-level names to dls2_msgs.egg-info/top_level.txt
[1.939s] reading manifest file 'dls2_msgs.egg-info/SOURCES.txt'
[1.940s] writing manifest file 'dls2_msgs.egg-info/SOURCES.txt'
[1.966s] [  3%] Built target ament_cmake_python_build_dls2_msgs_egg
[2.115s] [  6%] [32mBuilding C object CMakeFiles/dls2_msgs__rosidl_generator_c.dir/rosidl_generator_c/dls2_msgs/msg/detail/control_signal_msg__functions.c.o[0m
[2.115s] [  6%] [32mBuilding C object CMakeFiles/dls2_msgs__rosidl_generator_c.dir/rosidl_generator_c/dls2_msgs/msg/detail/base_state_msg__functions.c.o[0m
[2.115s] [  7%] [32mBuilding C object CMakeFiles/dls2_msgs__rosidl_generator_c.dir/rosidl_generator_c/dls2_msgs/msg/detail/imu_msg__functions.c.o[0m
[2.115s] [  9%] [32mBuilding C object CMakeFiles/dls2_msgs__rosidl_generator_c.dir/rosidl_generator_c/dls2_msgs/msg/detail/trajectory_generator_msg__functions.c.o[0m
[2.116s] [ 11%] [32mBuilding C object CMakeFiles/dls2_msgs__rosidl_generator_c.dir/rosidl_generator_c/dls2_msgs/msg/detail/blind_state_msg__functions.c.o[0m
[2.144s] [ 11%] Built target dls2_msgs__cpp
[2.151s] [ 12%] [1m[34mGenerating C++ type support for eProsima Fast-RTPS[0m
[2.151s] [ 14%] [1m[34mGenerating C++ type support dispatch for ROS interfaces[0m
[2.151s] [ 15%] [1m[34mGenerating C++ introspection for ROS interfaces[0m
[2.326s] [ 17%] [1m[32mLinking C shared library libdls2_msgs__rosidl_generator_c.so[0m
[2.384s] [ 17%] Built target dls2_msgs__rosidl_generator_c
[2.393s] [ 19%] [1m[34mGenerating C type support for eProsima Fast-RTPS[0m
[2.393s] [ 20%] [1m[34mGenerating C type support dispatch for ROS interfaces[0m
[2.393s] [ 22%] [1m[34mGenerating C introspection for ROS interfaces[0m
[2.574s] [ 23%] [32mBuilding CXX object CMakeFiles/dls2_msgs__rosidl_typesupport_fastrtps_cpp.dir/rosidl_typesupport_fastrtps_cpp/dls2_msgs/msg/detail/dds_fastrtps/control_signal_msg__type_support.cpp.o[0m
[2.575s] [ 25%] [32mBuilding CXX object CMakeFiles/dls2_msgs__rosidl_typesupport_fastrtps_cpp.dir/rosidl_typesupport_fastrtps_cpp/dls2_msgs/msg/detail/dds_fastrtps/blind_state_msg__type_support.cpp.o[0m
[2.575s] [ 26%] [32mBuilding CXX object CMakeFiles/dls2_msgs__rosidl_typesupport_cpp.dir/rosidl_typesupport_cpp/dls2_msgs/msg/blind_state_msg__type_support.cpp.o[0m
[2.576s] [ 31%] [32mBuilding CXX object CMakeFiles/dls2_msgs__rosidl_typesupport_fastrtps_cpp.dir/rosidl_typesupport_fastrtps_cpp/dls2_msgs/msg/detail/dds_fastrtps/base_state_msg__type_support.cpp.o[0m
[2.576s] [ 31%] [32mBuilding CXX object CMakeFiles/dls2_msgs__rosidl_typesupport_cpp.dir/rosidl_typesupport_cpp/dls2_msgs/msg/base_state_msg__type_support.cpp.o[0m
[2.576s] [ 31%] [32mBuilding CXX object CMakeFiles/dls2_msgs__rosidl_typesupport_fastrtps_cpp.dir/rosidl_typesupport_fastrtps_cpp/dls2_msgs/msg/detail/dds_fastrtps/imu_msg__type_support.cpp.o[0m
[2.576s] [ 33%] [32mBuilding CXX object CMakeFiles/dls2_msgs__rosidl_typesupport_cpp.dir/rosidl_typesupport_cpp/dls2_msgs/msg/control_signal_msg__type_support.cpp.o[0m
[2.577s] [ 34%] [32mBuilding CXX object CMakeFiles/dls2_msgs__rosidl_typesupport_cpp.dir/rosidl_typesupport_cpp/dls2_msgs/msg/imu_msg__type_support.cpp.o[0m
[2.577s] [ 36%] [32mBuilding CXX object CMakeFiles/dls2_msgs__rosidl_typesupport_cpp.dir/rosidl_typesupport_cpp/dls2_msgs/msg/trajectory_generator_msg__type_support.cpp.o[0m
[2.578s] [ 38%] [32mBuilding CXX object CMakeFiles/dls2_msgs__rosidl_typesupport_fastrtps_cpp.dir/rosidl_typesupport_fastrtps_cpp/dls2_msgs/msg/detail/dds_fastrtps/trajectory_generator_msg__type_support.cpp.o[0m
[2.702s] [ 39%] [32mBuilding CXX object CMakeFiles/dls2_msgs__rosidl_typesupport_introspection_cpp.dir/rosidl_typesupport_introspection_cpp/dls2_msgs/msg/detail/base_state_msg__type_support.cpp.o[0m
[2.703s] [ 42%] [32mBuilding CXX object CMakeFiles/dls2_msgs__rosidl_typesupport_introspection_cpp.dir/rosidl_typesupport_introspection_cpp/dls2_msgs/msg/detail/control_signal_msg__type_support.cpp.o[0m
[2.703s] [ 42%] [32mBuilding CXX object CMakeFiles/dls2_msgs__rosidl_typesupport_introspection_cpp.dir/rosidl_typesupport_introspection_cpp/dls2_msgs/msg/detail/blind_state_msg__type_support.cpp.o[0m
[2.703s] [ 46%] [32mBuilding CXX object CMakeFiles/dls2_msgs__rosidl_typesupport_introspection_cpp.dir/rosidl_typesupport_introspection_cpp/dls2_msgs/msg/detail/imu_msg__type_support.cpp.o[0m
[2.703s] [ 46%] [32mBuilding CXX object CMakeFiles/dls2_msgs__rosidl_typesupport_introspection_cpp.dir/rosidl_typesupport_introspection_cpp/dls2_msgs/msg/detail/trajectory_generator_msg__type_support.cpp.o[0m
[2.774s] [ 49%] [32mBuilding CXX object CMakeFiles/dls2_msgs__rosidl_typesupport_c.dir/rosidl_typesupport_c/dls2_msgs/msg/control_signal_msg__type_support.cpp.o[0m
[2.775s] [ 49%] [32mBuilding CXX object CMakeFiles/dls2_msgs__rosidl_typesupport_c.dir/rosidl_typesupport_c/dls2_msgs/msg/base_state_msg__type_support.cpp.o[0m
[2.778s] [ 50%] [32mBuilding CXX object CMakeFiles/dls2_msgs__rosidl_typesupport_c.dir/rosidl_typesupport_c/dls2_msgs/msg/blind_state_msg__type_support.cpp.o[0m
[2.857s] [ 52%] [32mBuilding CXX object CMakeFiles/dls2_msgs__rosidl_typesupport_c.dir/rosidl_typesupport_c/dls2_msgs/msg/imu_msg__type_support.cpp.o[0m
[2.862s] [ 53%] [32mBuilding CXX object CMakeFiles/dls2_msgs__rosidl_typesupport_c.dir/rosidl_typesupport_c/dls2_msgs/msg/trajectory_generator_msg__type_support.cpp.o[0m
[2.931s] [ 57%] [32mBuilding C object CMakeFiles/dls2_msgs__rosidl_typesupport_introspection_c.dir/rosidl_typesupport_introspection_c/dls2_msgs/msg/detail/base_state_msg__type_support.c.o[0m
[2.931s] [ 57%] [1m[32mLinking CXX shared library libdls2_msgs__rosidl_typesupport_c.so[0m
[2.959s] [ 58%] [32mBuilding C object CMakeFiles/dls2_msgs__rosidl_typesupport_introspection_c.dir/rosidl_typesupport_introspection_c/dls2_msgs/msg/detail/blind_state_msg__type_support.c.o[0m
[2.966s] [ 60%] [32mBuilding C object CMakeFiles/dls2_msgs__rosidl_typesupport_introspection_c.dir/rosidl_typesupport_introspection_c/dls2_msgs/msg/detail/control_signal_msg__type_support.c.o[0m
[3.040s] [ 60%] Built target dls2_msgs__rosidl_typesupport_c
[3.043s] [ 61%] [32mBuilding CXX object CMakeFiles/dls2_msgs__rosidl_typesupport_fastrtps_c.dir/rosidl_typesupport_fastrtps_c/dls2_msgs/msg/detail/base_state_msg__type_support_c.cpp.o[0m
[3.047s] [ 63%] [32mBuilding CXX object CMakeFiles/dls2_msgs__rosidl_typesupport_fastrtps_c.dir/rosidl_typesupport_fastrtps_c/dls2_msgs/msg/detail/blind_state_msg__type_support_c.cpp.o[0m
[3.050s] [ 65%] [32mBuilding C object CMakeFiles/dls2_msgs__rosidl_typesupport_introspection_c.dir/rosidl_typesupport_introspection_c/dls2_msgs/msg/detail/imu_msg__type_support.c.o[0m
[3.094s] [ 66%] [32mBuilding CXX object CMakeFiles/dls2_msgs__rosidl_typesupport_fastrtps_c.dir/rosidl_typesupport_fastrtps_c/dls2_msgs/msg/detail/control_signal_msg__type_support_c.cpp.o[0m
[3.124s] [ 68%] [32mBuilding C object CMakeFiles/dls2_msgs__rosidl_typesupport_introspection_c.dir/rosidl_typesupport_introspection_c/dls2_msgs/msg/detail/trajectory_generator_msg__type_support.c.o[0m
[3.128s] [ 69%] [32mBuilding CXX object CMakeFiles/dls2_msgs__rosidl_typesupport_fastrtps_c.dir/rosidl_typesupport_fastrtps_c/dls2_msgs/msg/detail/trajectory_generator_msg__type_support_c.cpp.o[0m
[3.128s] [ 71%] [32mBuilding CXX object CMakeFiles/dls2_msgs__rosidl_typesupport_fastrtps_c.dir/rosidl_typesupport_fastrtps_c/dls2_msgs/msg/detail/imu_msg__type_support_c.cpp.o[0m
[3.307s] [ 73%] [1m[32mLinking CXX shared library libdls2_msgs__rosidl_typesupport_cpp.so[0m
[3.396s] [ 73%] Built target dls2_msgs__rosidl_typesupport_cpp
[3.397s] [ 74%] [1m[32mLinking C shared library libdls2_msgs__rosidl_typesupport_introspection_c.so[0m
[3.446s] [ 74%] Built target dls2_msgs__rosidl_typesupport_introspection_c
[3.662s] [ 76%] [1m[32mLinking CXX shared library libdls2_msgs__rosidl_typesupport_fastrtps_cpp.so[0m
[3.692s] [ 77%] [1m[32mLinking CXX shared library libdls2_msgs__rosidl_typesupport_introspection_cpp.so[0m
[3.758s] [ 77%] Built target dls2_msgs__rosidl_typesupport_fastrtps_cpp
[3.759s] [ 79%] [1m[32mLinking CXX shared library libdls2_msgs__rosidl_typesupport_fastrtps_c.so[0m
[3.791s] [ 79%] Built target dls2_msgs__rosidl_typesupport_introspection_cpp
[3.846s] [ 79%] Built target dls2_msgs__rosidl_typesupport_fastrtps_c
[3.860s] [ 79%] Built target dls2_msgs
[3.873s] [ 80%] [1m[34mGenerating Python code for ROS interfaces[0m
[4.530s] [ 80%] Built target dls2_msgs__py
[4.556s] [ 82%] [32mBuilding C object CMakeFiles/dls2_msgs__rosidl_generator_py.dir/rosidl_generator_py/dls2_msgs/msg/_blind_state_msg_s.c.o[0m
[4.556s] [ 84%] [32mBuilding C object CMakeFiles/dls2_msgs__rosidl_generator_py.dir/rosidl_generator_py/dls2_msgs/msg/_control_signal_msg_s.c.o[0m
[4.557s] [ 85%] [32mBuilding C object CMakeFiles/dls2_msgs__rosidl_generator_py.dir/rosidl_generator_py/dls2_msgs/msg/_trajectory_generator_msg_s.c.o[0m
[4.557s] [ 87%] [32mBuilding C object CMakeFiles/dls2_msgs__rosidl_generator_py.dir/rosidl_generator_py/dls2_msgs/msg/_base_state_msg_s.c.o[0m
[4.558s] [ 88%] [32mBuilding C object CMakeFiles/dls2_msgs__rosidl_generator_py.dir/rosidl_generator_py/dls2_msgs/msg/_imu_msg_s.c.o[0m
[4.901s] [ 90%] [1m[32mLinking C shared library rosidl_generator_py/dls2_msgs/libdls2_msgs__rosidl_generator_py.so[0m
[4.941s] [ 90%] Built target dls2_msgs__rosidl_generator_py
[4.961s] [ 92%] [32mBuilding C object CMakeFiles/dls2_msgs__rosidl_typesupport_fastrtps_c__pyext.dir/rosidl_generator_py/dls2_msgs/_dls2_msgs_s.ep.rosidl_typesupport_fastrtps_c.c.o[0m
[4.961s] [ 93%] [32mBuilding C object CMakeFiles/dls2_msgs__rosidl_typesupport_introspection_c__pyext.dir/rosidl_generator_py/dls2_msgs/_dls2_msgs_s.ep.rosidl_typesupport_introspection_c.c.o[0m
[4.962s] [ 95%] [32mBuilding C object CMakeFiles/dls2_msgs__rosidl_typesupport_c__pyext.dir/rosidl_generator_py/dls2_msgs/_dls2_msgs_s.ep.rosidl_typesupport_c.c.o[0m
[5.102s] [ 96%] [1m[32mLinking C shared library rosidl_generator_py/dls2_msgs/dls2_msgs_s__rosidl_typesupport_c.cpython-311-x86_64-linux-gnu.so[0m
[5.104s] [ 98%] [1m[32mLinking C shared library rosidl_generator_py/dls2_msgs/dls2_msgs_s__rosidl_typesupport_introspection_c.cpython-311-x86_64-linux-gnu.so[0m
[5.125s] [100%] [1m[32mLinking C shared library rosidl_generator_py/dls2_msgs/dls2_msgs_s__rosidl_typesupport_fastrtps_c.cpython-311-x86_64-linux-gnu.so[0m
[5.130s] [100%] Built target dls2_msgs__rosidl_typesupport_introspection_c__pyext
[5.132s] [100%] Built target dls2_msgs__rosidl_typesupport_c__pyext
[5.152s] [100%] Built target dls2_msgs__rosidl_typesupport_fastrtps_c__pyext
[5.159s] Invoked command in '/home/iit.local/gturrisi/isaaclab_ws_home/basic-locomotion-dls-isaaclab/deploy/ros2_ws/build/dls2_msgs' returned '0': CONDA_PROMPT_MODIFIER=(basic_locomotion_dls_isaaclab_ros2_env) /home/iit.local/gturrisi/miniforge3/envs/basic_locomotion_dls_isaaclab_ros2_env/bin/cmake --build /home/iit.local/gturrisi/isaaclab_ws_home/basic-locomotion-dls-isaaclab/deploy/ros2_ws/build/dls2_msgs -- -j20 -l20
[5.166s] Invoking command in '/home/iit.local/gturrisi/isaaclab_ws_home/basic-locomotion-dls-isaaclab/deploy/ros2_ws/build/dls2_msgs': CONDA_PROMPT_MODIFIER=(basic_locomotion_dls_isaaclab_ros2_env) /home/iit.local/gturrisi/miniforge3/envs/basic_locomotion_dls_isaaclab_ros2_env/bin/cmake --install /home/iit.local/gturrisi/isaaclab_ws_home/basic-locomotion-dls-isaaclab/deploy/ros2_ws/build/dls2_msgs
[5.171s] -- Install configuration: ""
[5.171s] -- Up-to-date: /home/iit.local/gturrisi/isaaclab_ws_home/basic-locomotion-dls-isaaclab/deploy/ros2_ws/install/dls2_msgs/share/ament_index/resource_index/rosidl_interfaces/dls2_msgs
[5.171s] -- Up-to-date: /home/iit.local/gturrisi/isaaclab_ws_home/basic-locomotion-dls-isaaclab/deploy/ros2_ws/install/dls2_msgs/include/dls2_msgs/dls2_msgs
[5.171s] -- Up-to-date: /home/iit.local/gturrisi/isaaclab_ws_home/basic-locomotion-dls-isaaclab/deploy/ros2_ws/install/dls2_msgs/include/dls2_msgs/dls2_msgs/msg
[5.171s] -- Installing: /home/iit.local/gturrisi/isaaclab_ws_home/basic-locomotion-dls-isaaclab/deploy/ros2_ws/install/dls2_msgs/include/dls2_msgs/dls2_msgs/msg/control_signal_msg.h
[5.171s] -- Up-to-date: /home/iit.local/gturrisi/isaaclab_ws_home/basic-locomotion-dls-isaaclab/deploy/ros2_ws/install/dls2_msgs/include/dls2_msgs/dls2_msgs/msg/rosidl_generator_c__visibility_control.h
[5.171s] -- Installing: /home/iit.local/gturrisi/isaaclab_ws_home/basic-locomotion-dls-isaaclab/deploy/ros2_ws/install/dls2_msgs/include/dls2_msgs/dls2_msgs/msg/blind_state_msg.h
[5.171s] -- Installing: /home/iit.local/gturrisi/isaaclab_ws_home/basic-locomotion-dls-isaaclab/deploy/ros2_ws/install/dls2_msgs/include/dls2_msgs/dls2_msgs/msg/trajectory_generator_msg.h
[5.171s] -- Up-to-date: /home/iit.local/gturrisi/isaaclab_ws_home/basic-locomotion-dls-isaaclab/deploy/ros2_ws/install/dls2_msgs/include/dls2_msgs/dls2_msgs/msg/detail
[5.171s] -- Installing: /home/iit.local/gturrisi/isaaclab_ws_home/basic-locomotion-dls-isaaclab/deploy/ros2_ws/install/dls2_msgs/include/dls2_msgs/dls2_msgs/msg/detail/imu_msg__struct.h
[5.172s] -- Installing: /home/iit.local/gturrisi/isaaclab_ws_home/basic-locomotion-dls-isaaclab/deploy/ros2_ws/install/dls2_msgs/include/dls2_msgs/dls2_msgs/msg/detail/control_signal_msg__functions.h
[5.172s] -- Installing: /home/iit.local/gturrisi/isaaclab_ws_home/basic-locomotion-dls-isaaclab/deploy/ros2_ws/install/dls2_msgs/include/dls2_msgs/dls2_msgs/msg/detail/base_state_msg__functions.c
[5.172s] -- Installing: /home/iit.local/gturrisi/isaaclab_ws_home/basic-locomotion-dls-isaaclab/deploy/ros2_ws/install/dls2_msgs/include/dls2_msgs/dls2_msgs/msg/detail/trajectory_generator_msg__functions.h
[5.172s] -- Installing: /home/iit.local/gturrisi/isaaclab_ws_home/basic-locomotion-dls-isaaclab/deploy/ros2_ws/install/dls2_msgs/include/dls2_msgs/dls2_msgs/msg/detail/blind_state_msg__functions.c
[5.172s] -- Installing: /home/iit.local/gturrisi/isaaclab_ws_home/basic-locomotion-dls-isaaclab/deploy/ros2_ws/install/dls2_msgs/include/dls2_msgs/dls2_msgs/msg/detail/base_state_msg__functions.h
[5.172s] -- Installing: /home/iit.local/gturrisi/isaaclab_ws_home/basic-locomotion-dls-isaaclab/deploy/ros2_ws/install/dls2_msgs/include/dls2_msgs/dls2_msgs/msg/detail/blind_state_msg__functions.h
[5.172s] -- Installing: /home/iit.local/gturrisi/isaaclab_ws_home/basic-locomotion-dls-isaaclab/deploy/ros2_ws/install/dls2_msgs/include/dls2_msgs/dls2_msgs/msg/detail/control_signal_msg__type_support.h
[5.172s] -- Installing: /home/iit.local/gturrisi/isaaclab_ws_home/basic-locomotion-dls-isaaclab/deploy/ros2_ws/install/dls2_msgs/include/dls2_msgs/dls2_msgs/msg/detail/trajectory_generator_msg__type_support.h
[5.172s] -- Installing: /home/iit.local/gturrisi/isaaclab_ws_home/basic-locomotion-dls-isaaclab/deploy/ros2_ws/install/dls2_msgs/include/dls2_msgs/dls2_msgs/msg/detail/blind_state_msg__struct.h
[5.172s] -- Installing: /home/iit.local/gturrisi/isaaclab_ws_home/basic-locomotion-dls-isaaclab/deploy/ros2_ws/install/dls2_msgs/include/dls2_msgs/dls2_msgs/msg/detail/trajectory_generator_msg__struct.h
[5.172s] -- Installing: /home/iit.local/gturrisi/isaaclab_ws_home/basic-locomotion-dls-isaaclab/deploy/ros2_ws/install/dls2_msgs/include/dls2_msgs/dls2_msgs/msg/detail/base_state_msg__type_support.h
[5.172s] -- Installing: /home/iit.local/gturrisi/isaaclab_ws_home/basic-locomotion-dls-isaaclab/deploy/ros2_ws/install/dls2_msgs/include/dls2_msgs/dls2_msgs/msg/detail/imu_msg__functions.h
[5.172s] -- Installing: /home/iit.local/gturrisi/isaaclab_ws_home/basic-locomotion-dls-isaaclab/deploy/ros2_ws/install/dls2_msgs/include/dls2_msgs/dls2_msgs/msg/detail/control_signal_msg__struct.h
[5.172s] -- Installing: /home/iit.local/gturrisi/isaaclab_ws_home/basic-locomotion-dls-isaaclab/deploy/ros2_ws/install/dls2_msgs/include/dls2_msgs/dls2_msgs/msg/detail/base_state_msg__struct.h
[5.173s] -- Installing: /home/iit.local/gturrisi/isaaclab_ws_home/basic-locomotion-dls-isaaclab/deploy/ros2_ws/install/dls2_msgs/include/dls2_msgs/dls2_msgs/msg/detail/imu_msg__type_support.h
[5.173s] -- Installing: /home/iit.local/gturrisi/isaaclab_ws_home/basic-locomotion-dls-isaaclab/deploy/ros2_ws/install/dls2_msgs/include/dls2_msgs/dls2_msgs/msg/detail/trajectory_generator_msg__functions.c
[5.173s] -- Installing: /home/iit.local/gturrisi/isaaclab_ws_home/basic-locomotion-dls-isaaclab/deploy/ros2_ws/install/dls2_msgs/include/dls2_msgs/dls2_msgs/msg/detail/control_signal_msg__functions.c
[5.173s] -- Installing: /home/iit.local/gturrisi/isaaclab_ws_home/basic-locomotion-dls-isaaclab/deploy/ros2_ws/install/dls2_msgs/include/dls2_msgs/dls2_msgs/msg/detail/blind_state_msg__type_support.h
[5.173s] -- Installing: /home/iit.local/gturrisi/isaaclab_ws_home/basic-locomotion-dls-isaaclab/deploy/ros2_ws/install/dls2_msgs/include/dls2_msgs/dls2_msgs/msg/detail/imu_msg__functions.c
[5.173s] -- Installing: /home/iit.local/gturrisi/isaaclab_ws_home/basic-locomotion-dls-isaaclab/deploy/ros2_ws/install/dls2_msgs/include/dls2_msgs/dls2_msgs/msg/imu_msg.h
[5.173s] -- Installing: /home/iit.local/gturrisi/isaaclab_ws_home/basic-locomotion-dls-isaaclab/deploy/ros2_ws/install/dls2_msgs/include/dls2_msgs/dls2_msgs/msg/base_state_msg.h
[5.173s] -- Installing: /home/iit.local/gturrisi/isaaclab_ws_home/basic-locomotion-dls-isaaclab/deploy/ros2_ws/install/dls2_msgs/lib/libdls2_msgs__rosidl_generator_c.so
[5.173s] -- Up-to-date: /home/iit.local/gturrisi/isaaclab_ws_home/basic-locomotion-dls-isaaclab/deploy/ros2_ws/install/dls2_msgs/include/dls2_msgs/dls2_msgs
[5.173s] -- Up-to-date: /home/iit.local/gturrisi/isaaclab_ws_home/basic-locomotion-dls-isaaclab/deploy/ros2_ws/install/dls2_msgs/include/dls2_msgs/dls2_msgs/msg
[5.173s] -- Up-to-date: /home/iit.local/gturrisi/isaaclab_ws_home/basic-locomotion-dls-isaaclab/deploy/ros2_ws/install/dls2_msgs/include/dls2_msgs/dls2_msgs/msg/rosidl_typesupport_fastrtps_c__visibility_control.h
[5.173s] -- Up-to-date: /home/iit.local/gturrisi/isaaclab_ws_home/basic-locomotion-dls-isaaclab/deploy/ros2_ws/install/dls2_msgs/include/dls2_msgs/dls2_msgs/msg/detail
[5.173s] -- Installing: /home/iit.local/gturrisi/isaaclab_ws_home/basic-locomotion-dls-isaaclab/deploy/ros2_ws/install/dls2_msgs/include/dls2_msgs/dls2_msgs/msg/detail/control_signal_msg__rosidl_typesupport_fastrtps_c.h
[5.174s] -- Installing: /home/iit.local/gturrisi/isaaclab_ws_home/basic-locomotion-dls-isaaclab/deploy/ros2_ws/install/dls2_msgs/include/dls2_msgs/dls2_msgs/msg/detail/trajectory_generator_msg__rosidl_typesupport_fastrtps_c.h
[5.174s] -- Installing: /home/iit.local/gturrisi/isaaclab_ws_home/basic-locomotion-dls-isaaclab/deploy/ros2_ws/install/dls2_msgs/include/dls2_msgs/dls2_msgs/msg/detail/blind_state_msg__rosidl_typesupport_fastrtps_c.h
[5.174s] -- Installing: /home/iit.local/gturrisi/isaaclab_ws_home/basic-locomotion-dls-isaaclab/deploy/ros2_ws/install/dls2_msgs/include/dls2_msgs/dls2_msgs/msg/detail/base_state_msg__rosidl_typesupport_fastrtps_c.h
[5.174s] -- Installing: /home/iit.local/gturrisi/isaaclab_ws_home/basic-locomotion-dls-isaaclab/deploy/ros2_ws/install/dls2_msgs/include/dls2_msgs/dls2_msgs/msg/detail/imu_msg__rosidl_typesupport_fastrtps_c.h
[5.174s] -- Installing: /home/iit.local/gturrisi/isaaclab_ws_home/basic-locomotion-dls-isaaclab/deploy/ros2_ws/install/dls2_msgs/lib/libdls2_msgs__rosidl_typesupport_fastrtps_c.so
[5.174s] -- Set non-toolchain portion of runtime path of "/home/iit.local/gturrisi/isaaclab_ws_home/basic-locomotion-dls-isaaclab/deploy/ros2_ws/install/dls2_msgs/lib/libdls2_msgs__rosidl_typesupport_fastrtps_c.so" to ""
[5.174s] -- Up-to-date: /home/iit.local/gturrisi/isaaclab_ws_home/basic-locomotion-dls-isaaclab/deploy/ros2_ws/install/dls2_msgs/include/dls2_msgs/dls2_msgs
[5.174s] -- Up-to-date: /home/iit.local/gturrisi/isaaclab_ws_home/basic-locomotion-dls-isaaclab/deploy/ros2_ws/install/dls2_msgs/include/dls2_msgs/dls2_msgs/msg
[5.174s] -- Up-to-date: /home/iit.local/gturrisi/isaaclab_ws_home/basic-locomotion-dls-isaaclab/deploy/ros2_ws/install/dls2_msgs/include/dls2_msgs/dls2_msgs/msg/detail
[5.174s] -- Installing: /home/iit.local/gturrisi/isaaclab_ws_home/basic-locomotion-dls-isaaclab/deploy/ros2_ws/install/dls2_msgs/include/dls2_msgs/dls2_msgs/msg/detail/blind_state_msg__rosidl_typesupport_introspection_c.h
[5.174s] -- Installing: /home/iit.local/gturrisi/isaaclab_ws_home/basic-locomotion-dls-isaaclab/deploy/ros2_ws/install/dls2_msgs/include/dls2_msgs/dls2_msgs/msg/detail/control_signal_msg__rosidl_typesupport_introspection_c.h
[5.174s] -- Installing: /home/iit.local/gturrisi/isaaclab_ws_home/basic-locomotion-dls-isaaclab/deploy/ros2_ws/install/dls2_msgs/include/dls2_msgs/dls2_msgs/msg/detail/imu_msg__type_support.c
[5.174s] -- Installing: /home/iit.local/gturrisi/isaaclab_ws_home/basic-locomotion-dls-isaaclab/deploy/ros2_ws/install/dls2_msgs/include/dls2_msgs/dls2_msgs/msg/detail/base_state_msg__type_support.c
[5.174s] -- Installing: /home/iit.local/gturrisi/isaaclab_ws_home/basic-locomotion-dls-isaaclab/deploy/ros2_ws/install/dls2_msgs/include/dls2_msgs/dls2_msgs/msg/detail/imu_msg__rosidl_typesupport_introspection_c.h
[5.174s] -- Installing: /home/iit.local/gturrisi/isaaclab_ws_home/basic-locomotion-dls-isaaclab/deploy/ros2_ws/install/dls2_msgs/include/dls2_msgs/dls2_msgs/msg/detail/control_signal_msg__type_support.c
[5.174s] -- Installing: /home/iit.local/gturrisi/isaaclab_ws_home/basic-locomotion-dls-isaaclab/deploy/ros2_ws/install/dls2_msgs/include/dls2_msgs/dls2_msgs/msg/detail/base_state_msg__rosidl_typesupport_introspection_c.h
[5.174s] -- Installing: /home/iit.local/gturrisi/isaaclab_ws_home/basic-locomotion-dls-isaaclab/deploy/ros2_ws/install/dls2_msgs/include/dls2_msgs/dls2_msgs/msg/detail/blind_state_msg__type_support.c
[5.175s] -- Installing: /home/iit.local/gturrisi/isaaclab_ws_home/basic-locomotion-dls-isaaclab/deploy/ros2_ws/install/dls2_msgs/include/dls2_msgs/dls2_msgs/msg/detail/trajectory_generator_msg__rosidl_typesupport_introspection_c.h
[5.175s] -- Installing: /home/iit.local/gturrisi/isaaclab_ws_home/basic-locomotion-dls-isaaclab/deploy/ros2_ws/install/dls2_msgs/include/dls2_msgs/dls2_msgs/msg/detail/trajectory_generator_msg__type_support.c
[5.175s] -- Up-to-date: /home/iit.local/gturrisi/isaaclab_ws_home/basic-locomotion-dls-isaaclab/deploy/ros2_ws/install/dls2_msgs/include/dls2_msgs/dls2_msgs/msg/rosidl_typesupport_introspection_c__visibility_control.h
[5.175s] -- Installing: /home/iit.local/gturrisi/isaaclab_ws_home/basic-locomotion-dls-isaaclab/deploy/ros2_ws/install/dls2_msgs/lib/libdls2_msgs__rosidl_typesupport_introspection_c.so
[5.175s] -- Set non-toolchain portion of runtime path of "/home/iit.local/gturrisi/isaaclab_ws_home/basic-locomotion-dls-isaaclab/deploy/ros2_ws/install/dls2_msgs/lib/libdls2_msgs__rosidl_typesupport_introspection_c.so" to ""
[5.175s] -- Installing: /home/iit.local/gturrisi/isaaclab_ws_home/basic-locomotion-dls-isaaclab/deploy/ros2_ws/install/dls2_msgs/lib/libdls2_msgs__rosidl_typesupport_c.so
[5.175s] -- Set non-toolchain portion of runtime path of "/home/iit.local/gturrisi/isaaclab_ws_home/basic-locomotion-dls-isaaclab/deploy/ros2_ws/install/dls2_msgs/lib/libdls2_msgs__rosidl_typesupport_c.so" to ""
[5.176s] -- Up-to-date: /home/iit.local/gturrisi/isaaclab_ws_home/basic-locomotion-dls-isaaclab/deploy/ros2_ws/install/dls2_msgs/include/dls2_msgs/dls2_msgs
[5.176s] -- Up-to-date: /home/iit.local/gturrisi/isaaclab_ws_home/basic-locomotion-dls-isaaclab/deploy/ros2_ws/install/dls2_msgs/include/dls2_msgs/dls2_msgs/msg
[5.176s] -- Installing: /home/iit.local/gturrisi/isaaclab_ws_home/basic-locomotion-dls-isaaclab/deploy/ros2_ws/install/dls2_msgs/include/dls2_msgs/dls2_msgs/msg/blind_state_msg.hpp
[5.176s] -- Installing: /home/iit.local/gturrisi/isaaclab_ws_home/basic-locomotion-dls-isaaclab/deploy/ros2_ws/install/dls2_msgs/include/dls2_msgs/dls2_msgs/msg/base_state_msg.hpp
[5.176s] -- Installing: /home/iit.local/gturrisi/isaaclab_ws_home/basic-locomotion-dls-isaaclab/deploy/ros2_ws/install/dls2_msgs/include/dls2_msgs/dls2_msgs/msg/trajectory_generator_msg.hpp
[5.176s] -- Up-to-date: /home/iit.local/gturrisi/isaaclab_ws_home/basic-locomotion-dls-isaaclab/deploy/ros2_ws/install/dls2_msgs/include/dls2_msgs/dls2_msgs/msg/detail
[5.176s] -- Installing: /home/iit.local/gturrisi/isaaclab_ws_home/basic-locomotion-dls-isaaclab/deploy/ros2_ws/install/dls2_msgs/include/dls2_msgs/dls2_msgs/msg/detail/control_signal_msg__type_support.hpp
[5.176s] -- Installing: /home/iit.local/gturrisi/isaaclab_ws_home/basic-locomotion-dls-isaaclab/deploy/ros2_ws/install/dls2_msgs/include/dls2_msgs/dls2_msgs/msg/detail/blind_state_msg__struct.hpp
[5.176s] -- Installing: /home/iit.local/gturrisi/isaaclab_ws_home/basic-locomotion-dls-isaaclab/deploy/ros2_ws/install/dls2_msgs/include/dls2_msgs/dls2_msgs/msg/detail/blind_state_msg__traits.hpp
[5.176s] -- Installing: /home/iit.local/gturrisi/isaaclab_ws_home/basic-locomotion-dls-isaaclab/deploy/ros2_ws/install/dls2_msgs/include/dls2_msgs/dls2_msgs/msg/detail/imu_msg__type_support.hpp
[5.176s] -- Installing: /home/iit.local/gturrisi/isaaclab_ws_home/basic-locomotion-dls-isaaclab/deploy/ros2_ws/install/dls2_msgs/include/dls2_msgs/dls2_msgs/msg/detail/base_state_msg__builder.hpp
[5.176s] -- Installing: /home/iit.local/gturrisi/isaaclab_ws_home/basic-locomotion-dls-isaaclab/deploy/ros2_ws/install/dls2_msgs/include/dls2_msgs/dls2_msgs/msg/detail/blind_state_msg__builder.hpp
[5.176s] -- Installing: /home/iit.local/gturrisi/isaaclab_ws_home/basic-locomotion-dls-isaaclab/deploy/ros2_ws/install/dls2_msgs/include/dls2_msgs/dls2_msgs/msg/detail/imu_msg__struct.hpp
[5.176s] -- Installing: /home/iit.local/gturrisi/isaaclab_ws_home/basic-locomotion-dls-isaaclab/deploy/ros2_ws/install/dls2_msgs/include/dls2_msgs/dls2_msgs/msg/detail/base_state_msg__struct.hpp
[5.176s] -- Installing: /home/iit.local/gturrisi/isaaclab_ws_home/basic-locomotion-dls-isaaclab/deploy/ros2_ws/install/dls2_msgs/include/dls2_msgs/dls2_msgs/msg/detail/trajectory_generator_msg__type_support.hpp
[5.177s] -- Installing: /home/iit.local/gturrisi/isaaclab_ws_home/basic-locomotion-dls-isaaclab/deploy/ros2_ws/install/dls2_msgs/include/dls2_msgs/dls2_msgs/msg/detail/trajectory_generator_msg__builder.hpp
[5.177s] -- Installing: /home/iit.local/gturrisi/isaaclab_ws_home/basic-locomotion-dls-isaaclab/deploy/ros2_ws/install/dls2_msgs/include/dls2_msgs/dls2_msgs/msg/detail/trajectory_generator_msg__struct.hpp
[5.177s] -- Installing: /home/iit.local/gturrisi/isaaclab_ws_home/basic-locomotion-dls-isaaclab/deploy/ros2_ws/install/dls2_msgs/include/dls2_msgs/dls2_msgs/msg/detail/trajectory_generator_msg__traits.hpp
[5.177s] -- Installing: /home/iit.local/gturrisi/isaaclab_ws_home/basic-locomotion-dls-isaaclab/deploy/ros2_ws/install/dls2_msgs/include/dls2_msgs/dls2_msgs/msg/detail/base_state_msg__traits.hpp
[5.177s] -- Installing: /home/iit.local/gturrisi/isaaclab_ws_home/basic-locomotion-dls-isaaclab/deploy/ros2_ws/install/dls2_msgs/include/dls2_msgs/dls2_msgs/msg/detail/control_signal_msg__builder.hpp
[5.177s] -- Installing: /home/iit.local/gturrisi/isaaclab_ws_home/basic-locomotion-dls-isaaclab/deploy/ros2_ws/install/dls2_msgs/include/dls2_msgs/dls2_msgs/msg/detail/base_state_msg__type_support.hpp
[5.177s] -- Installing: /home/iit.local/gturrisi/isaaclab_ws_home/basic-locomotion-dls-isaaclab/deploy/ros2_ws/install/dls2_msgs/include/dls2_msgs/dls2_msgs/msg/detail/imu_msg__builder.hpp
[5.177s] -- Installing: /home/iit.local/gturrisi/isaaclab_ws_home/basic-locomotion-dls-isaaclab/deploy/ros2_ws/install/dls2_msgs/include/dls2_msgs/dls2_msgs/msg/detail/control_signal_msg__traits.hpp
[5.177s] -- Installing: /home/iit.local/gturrisi/isaaclab_ws_home/basic-locomotion-dls-isaaclab/deploy/ros2_ws/install/dls2_msgs/include/dls2_msgs/dls2_msgs/msg/detail/control_signal_msg__struct.hpp
[5.177s] -- Installing: /home/iit.local/gturrisi/isaaclab_ws_home/basic-locomotion-dls-isaaclab/deploy/ros2_ws/install/dls2_msgs/include/dls2_msgs/dls2_msgs/msg/detail/blind_state_msg__type_support.hpp
[5.177s] -- Installing: /home/iit.local/gturrisi/isaaclab_ws_home/basic-locomotion-dls-isaaclab/deploy/ros2_ws/install/dls2_msgs/include/dls2_msgs/dls2_msgs/msg/detail/imu_msg__traits.hpp
[5.177s] -- Installing: /home/iit.local/gturrisi/isaaclab_ws_home/basic-locomotion-dls-isaaclab/deploy/ros2_ws/install/dls2_msgs/include/dls2_msgs/dls2_msgs/msg/control_signal_msg.hpp
[5.178s] -- Installing: /home/iit.local/gturrisi/isaaclab_ws_home/basic-locomotion-dls-isaaclab/deploy/ros2_ws/install/dls2_msgs/include/dls2_msgs/dls2_msgs/msg/imu_msg.hpp
[5.178s] -- Up-to-date: /home/iit.local/gturrisi/isaaclab_ws_home/basic-locomotion-dls-isaaclab/deploy/ros2_ws/install/dls2_msgs/include/dls2_msgs/dls2_msgs/msg/rosidl_generator_cpp__visibility_control.hpp
[5.178s] -- Up-to-date: /home/iit.local/gturrisi/isaaclab_ws_home/basic-locomotion-dls-isaaclab/deploy/ros2_ws/install/dls2_msgs/include/dls2_msgs/dls2_msgs
[5.178s] -- Up-to-date: /home/iit.local/gturrisi/isaaclab_ws_home/basic-locomotion-dls-isaaclab/deploy/ros2_ws/install/dls2_msgs/include/dls2_msgs/dls2_msgs/msg
[5.178s] -- Up-to-date: /home/iit.local/gturrisi/isaaclab_ws_home/basic-locomotion-dls-isaaclab/deploy/ros2_ws/install/dls2_msgs/include/dls2_msgs/dls2_msgs/msg/rosidl_typesupport_fastrtps_cpp__visibility_control.h
[5.178s] -- Up-to-date: /home/iit.local/gturrisi/isaaclab_ws_home/basic-locomotion-dls-isaaclab/deploy/ros2_ws/install/dls2_msgs/include/dls2_msgs/dls2_msgs/msg/detail
[5.178s] -- Installing: /home/iit.local/gturrisi/isaaclab_ws_home/basic-locomotion-dls-isaaclab/deploy/ros2_ws/install/dls2_msgs/include/dls2_msgs/dls2_msgs/msg/detail/blind_state_msg__rosidl_typesupport_fastrtps_cpp.hpp
[5.178s] -- Up-to-date: /home/iit.local/gturrisi/isaaclab_ws_home/basic-locomotion-dls-isaaclab/deploy/ros2_ws/install/dls2_msgs/include/dls2_msgs/dls2_msgs/msg/detail/dds_fastrtps
[5.178s] -- Installing: /home/iit.local/gturrisi/isaaclab_ws_home/basic-locomotion-dls-isaaclab/deploy/ros2_ws/install/dls2_msgs/include/dls2_msgs/dls2_msgs/msg/detail/trajectory_generator_msg__rosidl_typesupport_fastrtps_cpp.hpp
[5.178s] -- Installing: /home/iit.local/gturrisi/isaaclab_ws_home/basic-locomotion-dls-isaaclab/deploy/ros2_ws/install/dls2_msgs/include/dls2_msgs/dls2_msgs/msg/detail/imu_msg__rosidl_typesupport_fastrtps_cpp.hpp
[5.178s] -- Installing: /home/iit.local/gturrisi/isaaclab_ws_home/basic-locomotion-dls-isaaclab/deploy/ros2_ws/install/dls2_msgs/include/dls2_msgs/dls2_msgs/msg/detail/control_signal_msg__rosidl_typesupport_fastrtps_cpp.hpp
[5.178s] -- Installing: /home/iit.local/gturrisi/isaaclab_ws_home/basic-locomotion-dls-isaaclab/deploy/ros2_ws/install/dls2_msgs/include/dls2_msgs/dls2_msgs/msg/detail/base_state_msg__rosidl_typesupport_fastrtps_cpp.hpp
[5.179s] -- Installing: /home/iit.local/gturrisi/isaaclab_ws_home/basic-locomotion-dls-isaaclab/deploy/ros2_ws/install/dls2_msgs/lib/libdls2_msgs__rosidl_typesupport_fastrtps_cpp.so
[5.179s] -- Up-to-date: /home/iit.local/gturrisi/isaaclab_ws_home/basic-locomotion-dls-isaaclab/deploy/ros2_ws/install/dls2_msgs/include/dls2_msgs/dls2_msgs
[5.179s] -- Up-to-date: /home/iit.local/gturrisi/isaaclab_ws_home/basic-locomotion-dls-isaaclab/deploy/ros2_ws/install/dls2_msgs/include/dls2_msgs/dls2_msgs/msg
[5.179s] -- Up-to-date: /home/iit.local/gturrisi/isaaclab_ws_home/basic-locomotion-dls-isaaclab/deploy/ros2_ws/install/dls2_msgs/include/dls2_msgs/dls2_msgs/msg/detail
[5.179s] -- Installing: /home/iit.local/gturrisi/isaaclab_ws_home/basic-locomotion-dls-isaaclab/deploy/ros2_ws/install/dls2_msgs/include/dls2_msgs/dls2_msgs/msg/detail/control_signal_msg__type_support.cpp
[5.179s] -- Installing: /home/iit.local/gturrisi/isaaclab_ws_home/basic-locomotion-dls-isaaclab/deploy/ros2_ws/install/dls2_msgs/include/dls2_msgs/dls2_msgs/msg/detail/base_state_msg__rosidl_typesupport_introspection_cpp.hpp
[5.179s] -- Installing: /home/iit.local/gturrisi/isaaclab_ws_home/basic-locomotion-dls-isaaclab/deploy/ros2_ws/install/dls2_msgs/include/dls2_msgs/dls2_msgs/msg/detail/blind_state_msg__type_support.cpp
[5.179s] -- Installing: /home/iit.local/gturrisi/isaaclab_ws_home/basic-locomotion-dls-isaaclab/deploy/ros2_ws/install/dls2_msgs/include/dls2_msgs/dls2_msgs/msg/detail/trajectory_generator_msg__type_support.cpp
[5.179s] -- Installing: /home/iit.local/gturrisi/isaaclab_ws_home/basic-locomotion-dls-isaaclab/deploy/ros2_ws/install/dls2_msgs/include/dls2_msgs/dls2_msgs/msg/detail/base_state_msg__type_support.cpp
[5.180s] -- Installing: /home/iit.local/gturrisi/isaaclab_ws_home/basic-locomotion-dls-isaaclab/deploy/ros2_ws/install/dls2_msgs/include/dls2_msgs/dls2_msgs/msg/detail/trajectory_generator_msg__rosidl_typesupport_introspection_cpp.hpp
[5.180s] -- Installing: /home/iit.local/gturrisi/isaaclab_ws_home/basic-locomotion-dls-isaaclab/deploy/ros2_ws/install/dls2_msgs/include/dls2_msgs/dls2_msgs/msg/detail/imu_msg__type_support.cpp
[5.180s] -- Installing: /home/iit.local/gturrisi/isaaclab_ws_home/basic-locomotion-dls-isaaclab/deploy/ros2_ws/install/dls2_msgs/include/dls2_msgs/dls2_msgs/msg/detail/control_signal_msg__rosidl_typesupport_introspection_cpp.hpp
[5.180s] -- Installing: /home/iit.local/gturrisi/isaaclab_ws_home/basic-locomotion-dls-isaaclab/deploy/ros2_ws/install/dls2_msgs/include/dls2_msgs/dls2_msgs/msg/detail/imu_msg__rosidl_typesupport_introspection_cpp.hpp
[5.180s] -- Installing: /home/iit.local/gturrisi/isaaclab_ws_home/basic-locomotion-dls-isaaclab/deploy/ros2_ws/install/dls2_msgs/include/dls2_msgs/dls2_msgs/msg/detail/blind_state_msg__rosidl_typesupport_introspection_cpp.hpp
[5.180s] -- Installing: /home/iit.local/gturrisi/isaaclab_ws_home/basic-locomotion-dls-isaaclab/deploy/ros2_ws/install/dls2_msgs/lib/libdls2_msgs__rosidl_typesupport_introspection_cpp.so
[5.181s] -- Installing: /home/iit.local/gturrisi/isaaclab_ws_home/basic-locomotion-dls-isaaclab/deploy/ros2_ws/install/dls2_msgs/lib/libdls2_msgs__rosidl_typesupport_cpp.so
[5.181s] -- Up-to-date: /home/iit.local/gturrisi/isaaclab_ws_home/basic-locomotion-dls-isaaclab/deploy/ros2_ws/install/dls2_msgs/share/dls2_msgs/environment/pythonpath.sh
[5.181s] -- Installing: /home/iit.local/gturrisi/isaaclab_ws_home/basic-locomotion-dls-isaaclab/deploy/ros2_ws/install/dls2_msgs/share/dls2_msgs/environment/pythonpath.dsv
[5.182s] -- Up-to-date: /home/iit.local/gturrisi/isaaclab_ws_home/basic-locomotion-dls-isaaclab/deploy/ros2_ws/install/dls2_msgs/lib/python3.11/site-packages/dls2_msgs-0.0.0-py3.11.egg-info
[5.182s] -- Installing: /home/iit.local/gturrisi/isaaclab_ws_home/basic-locomotion-dls-isaaclab/deploy/ros2_ws/install/dls2_msgs/lib/python3.11/site-packages/dls2_msgs-0.0.0-py3.11.egg-info/SOURCES.txt
[5.182s] -- Installing: /home/iit.local/gturrisi/isaaclab_ws_home/basic-locomotion-dls-isaaclab/deploy/ros2_ws/install/dls2_msgs/lib/python3.11/site-packages/dls2_msgs-0.0.0-py3.11.egg-info/top_level.txt
[5.182s] -- Installing: /home/iit.local/gturrisi/isaaclab_ws_home/basic-locomotion-dls-isaaclab/deploy/ros2_ws/install/dls2_msgs/lib/python3.11/site-packages/dls2_msgs-0.0.0-py3.11.egg-info/dependency_links.txt
[5.182s] -- Installing: /home/iit.local/gturrisi/isaaclab_ws_home/basic-locomotion-dls-isaaclab/deploy/ros2_ws/install/dls2_msgs/lib/python3.11/site-packages/dls2_msgs-0.0.0-py3.11.egg-info/PKG-INFO
[5.182s] -- Up-to-date: /home/iit.local/gturrisi/isaaclab_ws_home/basic-locomotion-dls-isaaclab/deploy/ros2_ws/install/dls2_msgs/lib/python3.11/site-packages/dls2_msgs
[5.182s] -- Installing: /home/iit.local/gturrisi/isaaclab_ws_home/basic-locomotion-dls-isaaclab/deploy/ros2_ws/install/dls2_msgs/lib/python3.11/site-packages/dls2_msgs/dls2_msgs_s__rosidl_typesupport_c.cpython-311-x86_64-linux-gnu.so
[5.182s] -- Installing: /home/iit.local/gturrisi/isaaclab_ws_home/basic-locomotion-dls-isaaclab/deploy/ros2_ws/install/dls2_msgs/lib/python3.11/site-packages/dls2_msgs/_dls2_msgs_s.ep.rosidl_typesupport_fastrtps_c.c
[5.183s] -- Up-to-date: /home/iit.local/gturrisi/isaaclab_ws_home/basic-locomotion-dls-isaaclab/deploy/ros2_ws/install/dls2_msgs/lib/python3.11/site-packages/dls2_msgs/msg
[5.183s] -- Installing: /home/iit.local/gturrisi/isaaclab_ws_home/basic-locomotion-dls-isaaclab/deploy/ros2_ws/install/dls2_msgs/lib/python3.11/site-packages/dls2_msgs/msg/_trajectory_generator_msg_s.c
[5.183s] -- Installing: /home/iit.local/gturrisi/isaaclab_ws_home/basic-locomotion-dls-isaaclab/deploy/ros2_ws/install/dls2_msgs/lib/python3.11/site-packages/dls2_msgs/msg/_control_signal_msg.py
[5.183s] -- Installing: /home/iit.local/gturrisi/isaaclab_ws_home/basic-locomotion-dls-isaaclab/deploy/ros2_ws/install/dls2_msgs/lib/python3.11/site-packages/dls2_msgs/msg/_base_state_msg_s.c
[5.183s] -- Installing: /home/iit.local/gturrisi/isaaclab_ws_home/basic-locomotion-dls-isaaclab/deploy/ros2_ws/install/dls2_msgs/lib/python3.11/site-packages/dls2_msgs/msg/_trajectory_generator_msg.py
[5.183s] -- Installing: /home/iit.local/gturrisi/isaaclab_ws_home/basic-locomotion-dls-isaaclab/deploy/ros2_ws/install/dls2_msgs/lib/python3.11/site-packages/dls2_msgs/msg/_base_state_msg.py
[5.183s] -- Installing: /home/iit.local/gturrisi/isaaclab_ws_home/basic-locomotion-dls-isaaclab/deploy/ros2_ws/install/dls2_msgs/lib/python3.11/site-packages/dls2_msgs/msg/_imu_msg.py
[5.183s] -- Installing: /home/iit.local/gturrisi/isaaclab_ws_home/basic-locomotion-dls-isaaclab/deploy/ros2_ws/install/dls2_msgs/lib/python3.11/site-packages/dls2_msgs/msg/_control_signal_msg_s.c
[5.184s] -- Installing: /home/iit.local/gturrisi/isaaclab_ws_home/basic-locomotion-dls-isaaclab/deploy/ros2_ws/install/dls2_msgs/lib/python3.11/site-packages/dls2_msgs/msg/_blind_state_msg_s.c
[5.184s] -- Installing: /home/iit.local/gturrisi/isaaclab_ws_home/basic-locomotion-dls-isaaclab/deploy/ros2_ws/install/dls2_msgs/lib/python3.11/site-packages/dls2_msgs/msg/__init__.py
[5.184s] -- Installing: /home/iit.local/gturrisi/isaaclab_ws_home/basic-locomotion-dls-isaaclab/deploy/ros2_ws/install/dls2_msgs/lib/python3.11/site-packages/dls2_msgs/msg/_imu_msg_s.c
[5.184s] -- Installing: /home/iit.local/gturrisi/isaaclab_ws_home/basic-locomotion-dls-isaaclab/deploy/ros2_ws/install/dls2_msgs/lib/python3.11/site-packages/dls2_msgs/msg/_blind_state_msg.py
[5.184s] -- Installing: /home/iit.local/gturrisi/isaaclab_ws_home/basic-locomotion-dls-isaaclab/deploy/ros2_ws/install/dls2_msgs/lib/python3.11/site-packages/dls2_msgs/dls2_msgs_s__rosidl_typesupport_fastrtps_c.cpython-311-x86_64-linux-gnu.so
[5.184s] -- Installing: /home/iit.local/gturrisi/isaaclab_ws_home/basic-locomotion-dls-isaaclab/deploy/ros2_ws/install/dls2_msgs/lib/python3.11/site-packages/dls2_msgs/dls2_msgs_s__rosidl_typesupport_introspection_c.cpython-311-x86_64-linux-gnu.so
[5.184s] -- Installing: /home/iit.local/gturrisi/isaaclab_ws_home/basic-locomotion-dls-isaaclab/deploy/ros2_ws/install/dls2_msgs/lib/python3.11/site-packages/dls2_msgs/libdls2_msgs__rosidl_generator_py.so
[5.184s] -- Installing: /home/iit.local/gturrisi/isaaclab_ws_home/basic-locomotion-dls-isaaclab/deploy/ros2_ws/install/dls2_msgs/lib/python3.11/site-packages/dls2_msgs/__init__.py
[5.184s] -- Installing: /home/iit.local/gturrisi/isaaclab_ws_home/basic-locomotion-dls-isaaclab/deploy/ros2_ws/install/dls2_msgs/lib/python3.11/site-packages/dls2_msgs/_dls2_msgs_s.ep.rosidl_typesupport_introspection_c.c
[5.184s] -- Installing: /home/iit.local/gturrisi/isaaclab_ws_home/basic-locomotion-dls-isaaclab/deploy/ros2_ws/install/dls2_msgs/lib/python3.11/site-packages/dls2_msgs/_dls2_msgs_s.ep.rosidl_typesupport_c.c
[5.216s] Listing 'lib/python3.11/site-packages/dls2_msgs'...
[5.216s] Can't list 'lib/python3.11/site-packages/dls2_msgs'
[5.220s] -- Installing: /home/iit.local/gturrisi/isaaclab_ws_home/basic-locomotion-dls-isaaclab/deploy/ros2_ws/install/dls2_msgs/lib/python3.11/site-packages/dls2_msgs/dls2_msgs_s__rosidl_typesupport_fastrtps_c.cpython-311-x86_64-linux-gnu.so
[5.220s] -- Set non-toolchain portion of runtime path of "/home/iit.local/gturrisi/isaaclab_ws_home/basic-locomotion-dls-isaaclab/deploy/ros2_ws/install/dls2_msgs/lib/python3.11/site-packages/dls2_msgs/dls2_msgs_s__rosidl_typesupport_fastrtps_c.cpython-311-x86_64-linux-gnu.so" to ""
[5.220s] -- Installing: /home/iit.local/gturrisi/isaaclab_ws_home/basic-locomotion-dls-isaaclab/deploy/ros2_ws/install/dls2_msgs/lib/python3.11/site-packages/dls2_msgs/dls2_msgs_s__rosidl_typesupport_introspection_c.cpython-311-x86_64-linux-gnu.so
[5.220s] -- Set non-toolchain portion of runtime path of "/home/iit.local/gturrisi/isaaclab_ws_home/basic-locomotion-dls-isaaclab/deploy/ros2_ws/install/dls2_msgs/lib/python3.11/site-packages/dls2_msgs/dls2_msgs_s__rosidl_typesupport_introspection_c.cpython-311-x86_64-linux-gnu.so" to ""
[5.221s] -- Installing: /home/iit.local/gturrisi/isaaclab_ws_home/basic-locomotion-dls-isaaclab/deploy/ros2_ws/install/dls2_msgs/lib/python3.11/site-packages/dls2_msgs/dls2_msgs_s__rosidl_typesupport_c.cpython-311-x86_64-linux-gnu.so
[5.221s] -- Set non-toolchain portion of runtime path of "/home/iit.local/gturrisi/isaaclab_ws_home/basic-locomotion-dls-isaaclab/deploy/ros2_ws/install/dls2_msgs/lib/python3.11/site-packages/dls2_msgs/dls2_msgs_s__rosidl_typesupport_c.cpython-311-x86_64-linux-gnu.so" to ""
[5.221s] -- Installing: /home/iit.local/gturrisi/isaaclab_ws_home/basic-locomotion-dls-isaaclab/deploy/ros2_ws/install/dls2_msgs/lib/libdls2_msgs__rosidl_generator_py.so
[5.221s] -- Set non-toolchain portion of runtime path of "/home/iit.local/gturrisi/isaaclab_ws_home/basic-locomotion-dls-isaaclab/deploy/ros2_ws/install/dls2_msgs/lib/libdls2_msgs__rosidl_generator_py.so" to ""
[5.221s] -- Up-to-date: /home/iit.local/gturrisi/isaaclab_ws_home/basic-locomotion-dls-isaaclab/deploy/ros2_ws/install/dls2_msgs/share/dls2_msgs/msg/BlindStateMsg.idl
[5.221s] -- Up-to-date: /home/iit.local/gturrisi/isaaclab_ws_home/basic-locomotion-dls-isaaclab/deploy/ros2_ws/install/dls2_msgs/share/dls2_msgs/msg/BaseStateMsg.idl
[5.221s] -- Up-to-date: /home/iit.local/gturrisi/isaaclab_ws_home/basic-locomotion-dls-isaaclab/deploy/ros2_ws/install/dls2_msgs/share/dls2_msgs/msg/ControlSignalMsg.idl
[5.222s] -- Installing: /home/iit.local/gturrisi/isaaclab_ws_home/basic-locomotion-dls-isaaclab/deploy/ros2_ws/install/dls2_msgs/share/dls2_msgs/msg/TrajectoryGeneratorMsg.idl
[5.222s] -- Up-to-date: /home/iit.local/gturrisi/isaaclab_ws_home/basic-locomotion-dls-isaaclab/deploy/ros2_ws/install/dls2_msgs/share/dls2_msgs/msg/ImuMsg.idl
[5.222s] -- Up-to-date: /home/iit.local/gturrisi/isaaclab_ws_home/basic-locomotion-dls-isaaclab/deploy/ros2_ws/install/dls2_msgs/share/dls2_msgs/msg/BlindStateMsg.msg
[5.222s] -- Up-to-date: /home/iit.local/gturrisi/isaaclab_ws_home/basic-locomotion-dls-isaaclab/deploy/ros2_ws/install/dls2_msgs/share/dls2_msgs/msg/BaseStateMsg.msg
[5.222s] -- Up-to-date: /home/iit.local/gturrisi/isaaclab_ws_home/basic-locomotion-dls-isaaclab/deploy/ros2_ws/install/dls2_msgs/share/dls2_msgs/msg/ControlSignalMsg.msg
[5.222s] -- Installing: /home/iit.local/gturrisi/isaaclab_ws_home/basic-locomotion-dls-isaaclab/deploy/ros2_ws/install/dls2_msgs/share/dls2_msgs/msg/TrajectoryGeneratorMsg.msg
[5.222s] -- Up-to-date: /home/iit.local/gturrisi/isaaclab_ws_home/basic-locomotion-dls-isaaclab/deploy/ros2_ws/install/dls2_msgs/share/dls2_msgs/msg/ImuMsg.msg
[5.222s] -- Up-to-date: /home/iit.local/gturrisi/isaaclab_ws_home/basic-locomotion-dls-isaaclab/deploy/ros2_ws/install/dls2_msgs/share/ament_index/resource_index/package_run_dependencies/dls2_msgs
[5.222s] -- Up-to-date: /home/iit.local/gturrisi/isaaclab_ws_home/basic-locomotion-dls-isaaclab/deploy/ros2_ws/install/dls2_msgs/share/ament_index/resource_index/parent_prefix_path/dls2_msgs
[5.222s] -- Up-to-date: /home/iit.local/gturrisi/isaaclab_ws_home/basic-locomotion-dls-isaaclab/deploy/ros2_ws/install/dls2_msgs/share/dls2_msgs/environment/ament_prefix_path.sh
[5.222s] -- Installing: /home/iit.local/gturrisi/isaaclab_ws_home/basic-locomotion-dls-isaaclab/deploy/ros2_ws/install/dls2_msgs/share/dls2_msgs/environment/ament_prefix_path.dsv
[5.222s] -- Up-to-date: /home/iit.local/gturrisi/isaaclab_ws_home/basic-locomotion-dls-isaaclab/deploy/ros2_ws/install/dls2_msgs/share/dls2_msgs/environment/path.sh
[5.222s] -- Installing: /home/iit.local/gturrisi/isaaclab_ws_home/basic-locomotion-dls-isaaclab/deploy/ros2_ws/install/dls2_msgs/share/dls2_msgs/environment/path.dsv
[5.222s] -- Up-to-date: /home/iit.local/gturrisi/isaaclab_ws_home/basic-locomotion-dls-isaaclab/deploy/ros2_ws/install/dls2_msgs/share/dls2_msgs/local_setup.bash
[5.222s] -- Up-to-date: /home/iit.local/gturrisi/isaaclab_ws_home/basic-locomotion-dls-isaaclab/deploy/ros2_ws/install/dls2_msgs/share/dls2_msgs/local_setup.sh
[5.222s] -- Up-to-date: /home/iit.local/gturrisi/isaaclab_ws_home/basic-locomotion-dls-isaaclab/deploy/ros2_ws/install/dls2_msgs/share/dls2_msgs/local_setup.zsh
[5.222s] -- Installing: /home/iit.local/gturrisi/isaaclab_ws_home/basic-locomotion-dls-isaaclab/deploy/ros2_ws/install/dls2_msgs/share/dls2_msgs/local_setup.dsv
[5.222s] -- Installing: /home/iit.local/gturrisi/isaaclab_ws_home/basic-locomotion-dls-isaaclab/deploy/ros2_ws/install/dls2_msgs/share/dls2_msgs/package.dsv
[5.222s] -- Up-to-date: /home/iit.local/gturrisi/isaaclab_ws_home/basic-locomotion-dls-isaaclab/deploy/ros2_ws/install/dls2_msgs/share/ament_index/resource_index/packages/dls2_msgs
[5.222s] -- Up-to-date: /home/iit.local/gturrisi/isaaclab_ws_home/basic-locomotion-dls-isaaclab/deploy/ros2_ws/install/dls2_msgs/share/dls2_msgs/cmake/export_dls2_msgs__rosidl_generator_cExport.cmake
[5.223s] -- Up-to-date: /home/iit.local/gturrisi/isaaclab_ws_home/basic-locomotion-dls-isaaclab/deploy/ros2_ws/install/dls2_msgs/share/dls2_msgs/cmake/export_dls2_msgs__rosidl_generator_cExport-noconfig.cmake
[5.223s] -- Up-to-date: /home/iit.local/gturrisi/isaaclab_ws_home/basic-locomotion-dls-isaaclab/deploy/ros2_ws/install/dls2_msgs/share/dls2_msgs/cmake/export_dls2_msgs__rosidl_typesupport_fastrtps_cExport.cmake
[5.223s] -- Up-to-date: /home/iit.local/gturrisi/isaaclab_ws_home/basic-locomotion-dls-isaaclab/deploy/ros2_ws/install/dls2_msgs/share/dls2_msgs/cmake/export_dls2_msgs__rosidl_typesupport_fastrtps_cExport-noconfig.cmake
[5.223s] -- Up-to-date: /home/iit.local/gturrisi/isaaclab_ws_home/basic-locomotion-dls-isaaclab/deploy/ros2_ws/install/dls2_msgs/share/dls2_msgs/cmake/dls2_msgs__rosidl_typesupport_introspection_cExport.cmake
[5.223s] -- Up-to-date: /home/iit.local/gturrisi/isaaclab_ws_home/basic-locomotion-dls-isaaclab/deploy/ros2_ws/install/dls2_msgs/share/dls2_msgs/cmake/dls2_msgs__rosidl_typesupport_introspection_cExport-noconfig.cmake
[5.223s] -- Up-to-date: /home/iit.local/gturrisi/isaaclab_ws_home/basic-locomotion-dls-isaaclab/deploy/ros2_ws/install/dls2_msgs/share/dls2_msgs/cmake/dls2_msgs__rosidl_typesupport_cExport.cmake
[5.223s] -- Up-to-date: /home/iit.local/gturrisi/isaaclab_ws_home/basic-locomotion-dls-isaaclab/deploy/ros2_ws/install/dls2_msgs/share/dls2_msgs/cmake/dls2_msgs__rosidl_typesupport_cExport-noconfig.cmake
[5.223s] -- Up-to-date: /home/iit.local/gturrisi/isaaclab_ws_home/basic-locomotion-dls-isaaclab/deploy/ros2_ws/install/dls2_msgs/share/dls2_msgs/cmake/export_dls2_msgs__rosidl_generator_cppExport.cmake
[5.223s] -- Up-to-date: /home/iit.local/gturrisi/isaaclab_ws_home/basic-locomotion-dls-isaaclab/deploy/ros2_ws/install/dls2_msgs/share/dls2_msgs/cmake/export_dls2_msgs__rosidl_typesupport_fastrtps_cppExport.cmake
[5.223s] -- Up-to-date: /home/iit.local/gturrisi/isaaclab_ws_home/basic-locomotion-dls-isaaclab/deploy/ros2_ws/install/dls2_msgs/share/dls2_msgs/cmake/export_dls2_msgs__rosidl_typesupport_fastrtps_cppExport-noconfig.cmake
[5.223s] -- Up-to-date: /home/iit.local/gturrisi/isaaclab_ws_home/basic-locomotion-dls-isaaclab/deploy/ros2_ws/install/dls2_msgs/share/dls2_msgs/cmake/dls2_msgs__rosidl_typesupport_introspection_cppExport.cmake
[5.223s] -- Up-to-date: /home/iit.local/gturrisi/isaaclab_ws_home/basic-locomotion-dls-isaaclab/deploy/ros2_ws/install/dls2_msgs/share/dls2_msgs/cmake/dls2_msgs__rosidl_typesupport_introspection_cppExport-noconfig.cmake
[5.224s] -- Up-to-date: /home/iit.local/gturrisi/isaaclab_ws_home/basic-locomotion-dls-isaaclab/deploy/ros2_ws/install/dls2_msgs/share/dls2_msgs/cmake/dls2_msgs__rosidl_typesupport_cppExport.cmake
[5.224s] -- Up-to-date: /home/iit.local/gturrisi/isaaclab_ws_home/basic-locomotion-dls-isaaclab/deploy/ros2_ws/install/dls2_msgs/share/dls2_msgs/cmake/dls2_msgs__rosidl_typesupport_cppExport-noconfig.cmake
[5.224s] -- Up-to-date: /home/iit.local/gturrisi/isaaclab_ws_home/basic-locomotion-dls-isaaclab/deploy/ros2_ws/install/dls2_msgs/share/dls2_msgs/cmake/export_dls2_msgs__rosidl_generator_pyExport.cmake
[5.224s] -- Up-to-date: /home/iit.local/gturrisi/isaaclab_ws_home/basic-locomotion-dls-isaaclab/deploy/ros2_ws/install/dls2_msgs/share/dls2_msgs/cmake/export_dls2_msgs__rosidl_generator_pyExport-noconfig.cmake
[5.224s] -- Up-to-date: /home/iit.local/gturrisi/isaaclab_ws_home/basic-locomotion-dls-isaaclab/deploy/ros2_ws/install/dls2_msgs/share/dls2_msgs/cmake/rosidl_cmake-extras.cmake
[5.224s] -- Up-to-date: /home/iit.local/gturrisi/isaaclab_ws_home/basic-locomotion-dls-isaaclab/deploy/ros2_ws/install/dls2_msgs/share/dls2_msgs/cmake/ament_cmake_export_include_directories-extras.cmake
[5.224s] -- Up-to-date: /home/iit.local/gturrisi/isaaclab_ws_home/basic-locomotion-dls-isaaclab/deploy/ros2_ws/install/dls2_msgs/share/dls2_msgs/cmake/ament_cmake_export_libraries-extras.cmake
[5.224s] -- Up-to-date: /home/iit.local/gturrisi/isaaclab_ws_home/basic-locomotion-dls-isaaclab/deploy/ros2_ws/install/dls2_msgs/share/dls2_msgs/cmake/ament_cmake_export_targets-extras.cmake
[5.224s] -- Up-to-date: /home/iit.local/gturrisi/isaaclab_ws_home/basic-locomotion-dls-isaaclab/deploy/ros2_ws/install/dls2_msgs/share/dls2_msgs/cmake/rosidl_cmake_export_typesupport_targets-extras.cmake
[5.224s] -- Up-to-date: /home/iit.local/gturrisi/isaaclab_ws_home/basic-locomotion-dls-isaaclab/deploy/ros2_ws/install/dls2_msgs/share/dls2_msgs/cmake/ament_cmake_export_dependencies-extras.cmake
[5.224s] -- Up-to-date: /home/iit.local/gturrisi/isaaclab_ws_home/basic-locomotion-dls-isaaclab/deploy/ros2_ws/install/dls2_msgs/share/dls2_msgs/cmake/rosidl_cmake_export_typesupport_libraries-extras.cmake
[5.224s] -- Up-to-date: /home/iit.local/gturrisi/isaaclab_ws_home/basic-locomotion-dls-isaaclab/deploy/ros2_ws/install/dls2_msgs/share/dls2_msgs/cmake/dls2_msgsConfig.cmake
[5.224s] -- Up-to-date: /home/iit.local/gturrisi/isaaclab_ws_home/basic-locomotion-dls-isaaclab/deploy/ros2_ws/install/dls2_msgs/share/dls2_msgs/cmake/dls2_msgsConfig-version.cmake
[5.224s] -- Up-to-date: /home/iit.local/gturrisi/isaaclab_ws_home/basic-locomotion-dls-isaaclab/deploy/ros2_ws/install/dls2_msgs/share/dls2_msgs/package.xml
[5.226s] Invoked command in '/home/iit.local/gturrisi/isaaclab_ws_home/basic-locomotion-dls-isaaclab/deploy/ros2_ws/build/dls2_msgs' returned '0': CONDA_PROMPT_MODIFIER=(basic_locomotion_dls_isaaclab_ros2_env) /home/iit.local/gturrisi/miniforge3/envs/basic_locomotion_dls_isaaclab_ros2_env/bin/cmake --install /home/iit.local/gturrisi/isaaclab_ws_home/basic-locomotion-dls-isaaclab/deploy/ros2_ws/build/dls2_msgs
